{"/Users/mohammadabdullahrihan/Projects/Princeton-crm/PrincetonCRM-Backend/src/app.js": {"path":"/Users/mohammadabdullahrihan/Projects/Princeton-crm/PrincetonCRM-Backend/src/app.js","statementMap":{"0":{"start":{"line":1,"column":0},"end":{"line":1,"column":33}},"1":{"start":{"line":2,"column":16},"end":{"line":2,"column":34}},"2":{"start":{"line":4,"column":13},"end":{"line":4,"column":28}},"3":{"start":{"line":5,"column":20},"end":{"line":5,"column":42}},"4":{"start":{"line":7,"column":21},"end":{"line":7,"column":45}},"5":{"start":{"line":8,"column":21},"end":{"line":8,"column":36}},"6":{"start":{"line":9,"column":13},"end":{"line":9,"column":28}},"7":{"start":{"line":12,"column":20},"end":{"line":12,"column":52}},"8":{"start":{"line":13,"column":0},"end":{"line":15,"column":1}},"9":{"start":{"line":14,"column":2},"end":{"line":14,"column":34}},"10":{"start":{"line":17,"column":23},"end":{"line":17,"column":62}},"11":{"start":{"line":18,"column":22},"end":{"line":18,"column":60}},"12":{"start":{"line":19,"column":27},"end":{"line":19,"column":76}},"13":{"start":{"line":20,"column":25},"end":{"line":20,"column":72}},"14":{"start":{"line":21,"column":28},"end":{"line":21,"column":78}},"15":{"start":{"line":22,"column":27},"end":{"line":22,"column":76}},"16":{"start":{"line":23,"column":17},"end":{"line":23,"column":56}},"17":{"start":{"line":24,"column":23},"end":{"line":24,"column":68}},"18":{"start":{"line":25,"column":18},"end":{"line":25,"column":68}},"19":{"start":{"line":27,"column":22},"end":{"line":27,"column":57}},"20":{"start":{"line":28,"column":21},"end":{"line":28,"column":57}},"21":{"start":{"line":30,"column":19},"end":{"line":30,"column":48}},"22":{"start":{"line":32,"column":12},"end":{"line":32,"column":21}},"23":{"start":{"line":35,"column":23},"end":{"line":44,"column":1}},"24":{"start":{"line":46,"column":0},"end":{"line":62,"column":2}},"25":{"start":{"line":50,"column":6},"end":{"line":50,"column":47}},"26":{"start":{"line":50,"column":19},"end":{"line":50,"column":47}},"27":{"start":{"line":52,"column":6},"end":{"line":56,"column":7}},"28":{"start":{"line":53,"column":8},"end":{"line":53,"column":29}},"29":{"start":{"line":55,"column":8},"end":{"line":55,"column":29}},"30":{"start":{"line":64,"column":0},"end":{"line":64,"column":24}},"31":{"start":{"line":65,"column":0},"end":{"line":65,"column":41}},"32":{"start":{"line":66,"column":0},"end":{"line":66,"column":63}},"33":{"start":{"line":68,"column":0},"end":{"line":68,"column":23}},"34":{"start":{"line":76,"column":0},"end":{"line":134,"column":3}},"35":{"start":{"line":77,"column":2},"end":{"line":133,"column":5}},"36":{"start":{"line":136,"column":0},"end":{"line":136,"column":32}},"37":{"start":{"line":137,"column":0},"end":{"line":137,"column":41}},"38":{"start":{"line":138,"column":0},"end":{"line":138,"column":59}},"39":{"start":{"line":139,"column":0},"end":{"line":139,"column":58}},"40":{"start":{"line":140,"column":0},"end":{"line":140,"column":64}},"41":{"start":{"line":141,"column":0},"end":{"line":141,"column":54}},"42":{"start":{"line":142,"column":0},"end":{"line":142,"column":41}},"43":{"start":{"line":143,"column":0},"end":{"line":143,"column":37}},"44":{"start":{"line":144,"column":0},"end":{"line":144,"column":40}},"45":{"start":{"line":147,"column":0},"end":{"line":147,"column":32}},"46":{"start":{"line":150,"column":0},"end":{"line":152,"column":1}},"47":{"start":{"line":151,"column":2},"end":{"line":151,"column":43}},"48":{"start":{"line":155,"column":0},"end":{"line":155,"column":40}},"49":{"start":{"line":158,"column":0},"end":{"line":158,"column":21}}},"fnMap":{"0":{"name":"(anonymous_0)","decl":{"start":{"line":48,"column":12},"end":{"line":48,"column":13}},"loc":{"start":{"line":48,"column":40},"end":{"line":57,"column":5}},"line":48},"1":{"name":"(anonymous_1)","decl":{"start":{"line":76,"column":13},"end":{"line":76,"column":14}},"loc":{"start":{"line":76,"column":27},"end":{"line":134,"column":1}},"line":76}},"branchMap":{"0":{"loc":{"start":{"line":50,"column":6},"end":{"line":50,"column":47}},"type":"if","locations":[{"start":{"line":50,"column":6},"end":{"line":50,"column":47}},{"start":{},"end":{}}],"line":50},"1":{"loc":{"start":{"line":52,"column":6},"end":{"line":56,"column":7}},"type":"if","locations":[{"start":{"line":52,"column":6},"end":{"line":56,"column":7}},{"start":{"line":54,"column":13},"end":{"line":56,"column":7}}],"line":52},"2":{"loc":{"start":{"line":129,"column":21},"end":{"line":129,"column":45}},"type":"binary-expr","locations":[{"start":{"line":129,"column":21},"end":{"line":129,"column":37}},{"start":{"line":129,"column":41},"end":{"line":129,"column":45}}],"line":129},"3":{"loc":{"start":{"line":150,"column":0},"end":{"line":152,"column":1}},"type":"if","locations":[{"start":{"line":150,"column":0},"end":{"line":152,"column":1}},{"start":{},"end":{}}],"line":150}},"s":{"0":1,"1":1,"2":1,"3":1,"4":1,"5":1,"6":1,"7":1,"8":1,"9":57,"10":1,"11":1,"12":1,"13":1,"14":1,"15":1,"16":1,"17":1,"18":1,"19":1,"20":1,"21":1,"22":1,"23":1,"24":1,"25":6,"26":6,"27":0,"28":0,"29":0,"30":1,"31":1,"32":1,"33":1,"34":1,"35":0,"36":1,"37":1,"38":1,"39":1,"40":1,"41":1,"42":1,"43":1,"44":1,"45":1,"46":1,"47":0,"48":1,"49":1},"f":{"0":6,"1":0},"b":{"0":[6,0],"1":[0,0],"2":[0,0],"3":[0,1]},"_coverageSchema":"1a1c01bbd47fc00a2c39e90264f33305004495a9","hash":"3a95c9fefccbee8a0bc2c4d3bd8974872ac727de"}
,"/Users/mohammadabdullahrihan/Projects/Princeton-crm/PrincetonCRM-Backend/src/helpers.js": {"path":"/Users/mohammadabdullahrihan/Projects/Princeton-crm/PrincetonCRM-Backend/src/helpers.js","statementMap":{"0":{"start":{"line":6,"column":11},"end":{"line":6,"column":24}},"1":{"start":{"line":8,"column":17},"end":{"line":8,"column":39}},"2":{"start":{"line":11,"column":0},"end":{"line":11,"column":35}},"3":{"start":{"line":16,"column":0},"end":{"line":22,"column":2}},"4":{"start":{"line":17,"column":2},"end":{"line":21,"column":3}},"5":{"start":{"line":18,"column":4},"end":{"line":18,"column":64}},"6":{"start":{"line":20,"column":4},"end":{"line":20,"column":16}},"7":{"start":{"line":24,"column":0},"end":{"line":24,"column":80}},"8":{"start":{"line":24,"column":26},"end":{"line":24,"column":79}},"9":{"start":{"line":27,"column":0},"end":{"line":27,"column":53}},"10":{"start":{"line":29,"column":0},"end":{"line":45,"column":2}},"11":{"start":{"line":30,"column":2},"end":{"line":32,"column":3}},"12":{"start":{"line":31,"column":4},"end":{"line":31,"column":21}},"13":{"start":{"line":34,"column":2},"end":{"line":36,"column":3}},"14":{"start":{"line":35,"column":4},"end":{"line":35,"column":18}},"15":{"start":{"line":37,"column":2},"end":{"line":37,"column":42}},"16":{"start":{"line":39,"column":16},"end":{"line":39,"column":18}},"17":{"start":{"line":40,"column":2},"end":{"line":43,"column":3}},"18":{"start":{"line":41,"column":4},"end":{"line":41,"column":45}},"19":{"start":{"line":42,"column":4},"end":{"line":42,"column":51}},"20":{"start":{"line":44,"column":2},"end":{"line":44,"column":15}},"21":{"start":{"line":47,"column":13},"end":{"line":50,"column":1}},"22":{"start":{"line":51,"column":13},"end":{"line":51,"column":99}},"23":{"start":{"line":53,"column":21},"end":{"line":67,"column":1}},"24":{"start":{"line":54,"column":14},"end":{"line":54,"column":16}},"25":{"start":{"line":55,"column":2},"end":{"line":58,"column":3}},"26":{"start":{"line":56,"column":4},"end":{"line":56,"column":55}},"27":{"start":{"line":57,"column":4},"end":{"line":57,"column":15}},"28":{"start":{"line":59,"column":2},"end":{"line":62,"column":3}},"29":{"start":{"line":60,"column":4},"end":{"line":60,"column":46}},"30":{"start":{"line":61,"column":4},"end":{"line":61,"column":14}},"31":{"start":{"line":63,"column":2},"end":{"line":65,"column":3}},"32":{"start":{"line":64,"column":4},"end":{"line":64,"column":29}},"33":{"start":{"line":66,"column":2},"end":{"line":66,"column":15}},"34":{"start":{"line":70,"column":0},"end":{"line":90,"column":2}},"35":{"start":{"line":71,"column":12},"end":{"line":71,"column":53}},"36":{"start":{"line":72,"column":2},"end":{"line":72,"column":31}},"37":{"start":{"line":72,"column":17},"end":{"line":72,"column":31}},"38":{"start":{"line":74,"column":17},"end":{"line":78,"column":3}},"39":{"start":{"line":80,"column":14},"end":{"line":80,"column":16}},"40":{"start":{"line":81,"column":2},"end":{"line":86,"column":3}},"41":{"start":{"line":82,"column":4},"end":{"line":85,"column":5}},"42":{"start":{"line":83,"column":6},"end":{"line":83,"column":66}},"43":{"start":{"line":84,"column":6},"end":{"line":84,"column":19}},"44":{"start":{"line":87,"column":2},"end":{"line":87,"column":29}},"45":{"start":{"line":89,"column":2},"end":{"line":89,"column":22}},"46":{"start":{"line":92,"column":0},"end":{"line":105,"column":2}},"47":{"start":{"line":94,"column":4},"end":{"line":94,"column":55}},"48":{"start":{"line":97,"column":4},"end":{"line":97,"column":60}},"49":{"start":{"line":100,"column":4},"end":{"line":100,"column":60}},"50":{"start":{"line":103,"column":4},"end":{"line":103,"column":58}}},"fnMap":{"0":{"name":"(anonymous_0)","decl":{"start":{"line":16,"column":15},"end":{"line":16,"column":16}},"loc":{"start":{"line":16,"column":25},"end":{"line":22,"column":1}},"line":16},"1":{"name":"(anonymous_1)","decl":{"start":{"line":24,"column":16},"end":{"line":24,"column":17}},"loc":{"start":{"line":24,"column":26},"end":{"line":24,"column":79}},"line":24},"2":{"name":"(anonymous_2)","decl":{"start":{"line":29,"column":20},"end":{"line":29,"column":21}},"loc":{"start":{"line":29,"column":54},"end":{"line":45,"column":1}},"line":29},"3":{"name":"(anonymous_3)","decl":{"start":{"line":53,"column":21},"end":{"line":53,"column":22}},"loc":{"start":{"line":53,"column":30},"end":{"line":67,"column":1}},"line":53},"4":{"name":"(anonymous_4)","decl":{"start":{"line":70,"column":24},"end":{"line":70,"column":25}},"loc":{"start":{"line":70,"column":36},"end":{"line":90,"column":1}},"line":70},"5":{"name":"(anonymous_5)","decl":{"start":{"line":93,"column":7},"end":{"line":93,"column":8}},"loc":{"start":{"line":93,"column":36},"end":{"line":95,"column":3}},"line":93},"6":{"name":"(anonymous_6)","decl":{"start":{"line":96,"column":7},"end":{"line":96,"column":8}},"loc":{"start":{"line":96,"column":36},"end":{"line":98,"column":3}},"line":96},"7":{"name":"(anonymous_7)","decl":{"start":{"line":99,"column":12},"end":{"line":99,"column":13}},"loc":{"start":{"line":99,"column":41},"end":{"line":101,"column":3}},"line":99},"8":{"name":"(anonymous_8)","decl":{"start":{"line":102,"column":10},"end":{"line":102,"column":11}},"loc":{"start":{"line":102,"column":39},"end":{"line":104,"column":3}},"line":102}},"branchMap":{"0":{"loc":{"start":{"line":30,"column":2},"end":{"line":32,"column":3}},"type":"if","locations":[{"start":{"line":30,"column":2},"end":{"line":32,"column":3}},{"start":{},"end":{}}],"line":30},"1":{"loc":{"start":{"line":34,"column":2},"end":{"line":36,"column":3}},"type":"if","locations":[{"start":{"line":34,"column":2},"end":{"line":36,"column":3}},{"start":{},"end":{}}],"line":34},"2":{"loc":{"start":{"line":37,"column":13},"end":{"line":37,"column":41}},"type":"cond-expr","locations":[{"start":{"line":37,"column":28},"end":{"line":37,"column":36}},{"start":{"line":37,"column":39},"end":{"line":37,"column":41}}],"line":37},"3":{"loc":{"start":{"line":55,"column":2},"end":{"line":58,"column":3}},"type":"if","locations":[{"start":{"line":55,"column":2},"end":{"line":58,"column":3}},{"start":{},"end":{}}],"line":55},"4":{"loc":{"start":{"line":59,"column":2},"end":{"line":62,"column":3}},"type":"if","locations":[{"start":{"line":59,"column":2},"end":{"line":62,"column":3}},{"start":{},"end":{}}],"line":59},"5":{"loc":{"start":{"line":63,"column":2},"end":{"line":65,"column":3}},"type":"if","locations":[{"start":{"line":63,"column":2},"end":{"line":65,"column":3}},{"start":{},"end":{}}],"line":63},"6":{"loc":{"start":{"line":71,"column":32},"end":{"line":71,"column":51}},"type":"binary-expr","locations":[{"start":{"line":71,"column":32},"end":{"line":71,"column":46}},{"start":{"line":71,"column":50},"end":{"line":71,"column":51}}],"line":71},"7":{"loc":{"start":{"line":72,"column":2},"end":{"line":72,"column":31}},"type":"if","locations":[{"start":{"line":72,"column":2},"end":{"line":72,"column":31}},{"start":{},"end":{}}],"line":72},"8":{"loc":{"start":{"line":82,"column":4},"end":{"line":85,"column":5}},"type":"if","locations":[{"start":{"line":82,"column":4},"end":{"line":85,"column":5}},{"start":{},"end":{}}],"line":82}},"s":{"0":1,"1":1,"2":1,"3":1,"4":0,"5":0,"6":0,"7":1,"8":0,"9":1,"10":1,"11":0,"12":0,"13":0,"14":0,"15":0,"16":0,"17":0,"18":0,"19":0,"20":0,"21":1,"22":1,"23":1,"24":0,"25":0,"26":0,"27":0,"28":0,"29":0,"30":0,"31":0,"32":0,"33":0,"34":1,"35":0,"36":0,"37":0,"38":0,"39":0,"40":0,"41":0,"42":0,"43":0,"44":0,"45":0,"46":1,"47":0,"48":0,"49":0,"50":0},"f":{"0":0,"1":0,"2":0,"3":0,"4":0,"5":0,"6":0,"7":0,"8":0},"b":{"0":[0,0],"1":[0,0],"2":[0,0],"3":[0,0],"4":[0,0],"5":[0,0],"6":[0,0],"7":[0,0],"8":[0,0]},"_coverageSchema":"1a1c01bbd47fc00a2c39e90264f33305004495a9","hash":"86e0345173fbe0060819b680c9babdc0f9e42da5"}
,"/Users/mohammadabdullahrihan/Projects/Princeton-crm/PrincetonCRM-Backend/src/server.js": {"path":"/Users/mohammadabdullahrihan/Projects/Princeton-crm/PrincetonCRM-Backend/src/server.js","statementMap":{"0":{"start":{"line":1,"column":0},"end":{"line":1,"column":43}},"1":{"start":{"line":2,"column":0},"end":{"line":2,"column":49}},"2":{"start":{"line":4,"column":17},"end":{"line":4,"column":36}},"3":{"start":{"line":7,"column":0},"end":{"line":7,"column":28}},"4":{"start":{"line":10,"column":16},"end":{"line":10,"column":64}},"5":{"start":{"line":11,"column":0},"end":{"line":14,"column":1}},"6":{"start":{"line":12,"column":2},"end":{"line":12,"column":76}},"7":{"start":{"line":13,"column":2},"end":{"line":13,"column":18}},"8":{"start":{"line":17,"column":19},"end":{"line":17,"column":48}},"9":{"start":{"line":18,"column":23},"end":{"line":18,"column":56}},"10":{"start":{"line":21,"column":2},"end":{"line":49,"column":3}},"11":{"start":{"line":22,"column":4},"end":{"line":22,"column":52}},"12":{"start":{"line":23,"column":34},"end":{"line":23,"column":66}},"13":{"start":{"line":26,"column":15},"end":{"line":26,"column":28}},"14":{"start":{"line":27,"column":17},"end":{"line":27,"column":32}},"15":{"start":{"line":28,"column":19},"end":{"line":28,"column":61}},"16":{"start":{"line":29,"column":4},"end":{"line":31,"column":5}},"17":{"start":{"line":30,"column":6},"end":{"line":30,"column":48}},"18":{"start":{"line":33,"column":19},"end":{"line":38,"column":6}},"19":{"start":{"line":40,"column":16},"end":{"line":40,"column":31}},"20":{"start":{"line":41,"column":4},"end":{"line":41,"column":40}},"21":{"start":{"line":43,"column":4},"end":{"line":43,"column":32}},"22":{"start":{"line":44,"column":4},"end":{"line":44,"column":52}},"23":{"start":{"line":45,"column":4},"end":{"line":45,"column":18}},"24":{"start":{"line":47,"column":4},"end":{"line":47,"column":65}},"25":{"start":{"line":48,"column":4},"end":{"line":48,"column":16}},"26":{"start":{"line":53,"column":2},"end":{"line":67,"column":3}},"27":{"start":{"line":54,"column":4},"end":{"line":54,"column":47}},"28":{"start":{"line":55,"column":20},"end":{"line":60,"column":5}},"29":{"start":{"line":62,"column":4},"end":{"line":62,"column":58}},"30":{"start":{"line":63,"column":4},"end":{"line":63,"column":42}},"31":{"start":{"line":65,"column":4},"end":{"line":65,"column":68}},"32":{"start":{"line":66,"column":4},"end":{"line":66,"column":16}},"33":{"start":{"line":71,"column":23},"end":{"line":71,"column":35}},"34":{"start":{"line":72,"column":25},"end":{"line":72,"column":53}},"35":{"start":{"line":73,"column":24},"end":{"line":73,"column":28}},"36":{"start":{"line":75,"column":2},"end":{"line":83,"column":3}},"37":{"start":{"line":76,"column":4},"end":{"line":82,"column":5}},"38":{"start":{"line":77,"column":6},"end":{"line":77,"column":26}},"39":{"start":{"line":78,"column":6},"end":{"line":78,"column":52}},"40":{"start":{"line":80,"column":6},"end":{"line":80,"column":72}},"41":{"start":{"line":81,"column":6},"end":{"line":81,"column":30}},"42":{"start":{"line":85,"column":2},"end":{"line":85,"column":25}},"43":{"start":{"line":89,"column":2},"end":{"line":134,"column":3}},"44":{"start":{"line":91,"column":4},"end":{"line":91,"column":21}},"45":{"start":{"line":94,"column":4},"end":{"line":99,"column":5}},"46":{"start":{"line":95,"column":6},"end":{"line":95,"column":31}},"47":{"start":{"line":97,"column":6},"end":{"line":97,"column":59}},"48":{"start":{"line":98,"column":6},"end":{"line":98,"column":35}},"49":{"start":{"line":102,"column":27},"end":{"line":102,"column":47}},"50":{"start":{"line":103,"column":4},"end":{"line":105,"column":5}},"51":{"start":{"line":104,"column":6},"end":{"line":104,"column":95}},"52":{"start":{"line":108,"column":16},"end":{"line":108,"column":32}},"53":{"start":{"line":109,"column":17},"end":{"line":109,"column":41}},"54":{"start":{"line":111,"column":19},"end":{"line":114,"column":6}},"55":{"start":{"line":112,"column":6},"end":{"line":112,"column":55}},"56":{"start":{"line":113,"column":6},"end":{"line":113,"column":78}},"57":{"start":{"line":117,"column":4},"end":{"line":129,"column":7}},"58":{"start":{"line":118,"column":6},"end":{"line":118,"column":67}},"59":{"start":{"line":119,"column":6},"end":{"line":128,"column":7}},"60":{"start":{"line":120,"column":8},"end":{"line":120,"column":62}},"61":{"start":{"line":120,"column":39},"end":{"line":120,"column":60}},"62":{"start":{"line":121,"column":8},"end":{"line":121,"column":37}},"63":{"start":{"line":122,"column":8},"end":{"line":122,"column":42}},"64":{"start":{"line":123,"column":8},"end":{"line":123,"column":49}},"65":{"start":{"line":124,"column":8},"end":{"line":124,"column":24}},"66":{"start":{"line":126,"column":8},"end":{"line":126,"column":53}},"67":{"start":{"line":127,"column":8},"end":{"line":127,"column":24}},"68":{"start":{"line":132,"column":4},"end":{"line":132,"column":54}},"69":{"start":{"line":133,"column":4},"end":{"line":133,"column":20}},"70":{"start":{"line":138,"column":0},"end":{"line":138,"column":14}},"71":{"start":{"line":141,"column":0},"end":{"line":144,"column":3}},"72":{"start":{"line":142,"column":2},"end":{"line":142,"column":45}},"73":{"start":{"line":143,"column":2},"end":{"line":143,"column":18}},"74":{"start":{"line":147,"column":0},"end":{"line":150,"column":3}},"75":{"start":{"line":148,"column":2},"end":{"line":148,"column":44}},"76":{"start":{"line":149,"column":2},"end":{"line":149,"column":18}}},"fnMap":{"0":{"name":"startInMemoryMongoDB","decl":{"start":{"line":20,"column":15},"end":{"line":20,"column":35}},"loc":{"start":{"line":20,"column":38},"end":{"line":50,"column":1}},"line":20},"1":{"name":"connectToMongoDB","decl":{"start":{"line":52,"column":15},"end":{"line":52,"column":31}},"loc":{"start":{"line":52,"column":34},"end":{"line":68,"column":1}},"line":52},"2":{"name":"verifyModels","decl":{"start":{"line":70,"column":15},"end":{"line":70,"column":27}},"loc":{"start":{"line":70,"column":30},"end":{"line":86,"column":1}},"line":70},"3":{"name":"startServer","decl":{"start":{"line":88,"column":15},"end":{"line":88,"column":26}},"loc":{"start":{"line":88,"column":29},"end":{"line":135,"column":1}},"line":88},"4":{"name":"(anonymous_4)","decl":{"start":{"line":111,"column":36},"end":{"line":111,"column":37}},"loc":{"start":{"line":111,"column":42},"end":{"line":114,"column":5}},"line":111},"5":{"name":"(anonymous_5)","decl":{"start":{"line":117,"column":26},"end":{"line":117,"column":27}},"loc":{"start":{"line":117,"column":38},"end":{"line":129,"column":5}},"line":117},"6":{"name":"(anonymous_6)","decl":{"start":{"line":120,"column":26},"end":{"line":120,"column":27}},"loc":{"start":{"line":120,"column":39},"end":{"line":120,"column":60}},"line":120},"7":{"name":"(anonymous_7)","decl":{"start":{"line":141,"column":33},"end":{"line":141,"column":34}},"loc":{"start":{"line":141,"column":42},"end":{"line":144,"column":1}},"line":141},"8":{"name":"(anonymous_8)","decl":{"start":{"line":147,"column":32},"end":{"line":147,"column":33}},"loc":{"start":{"line":147,"column":41},"end":{"line":150,"column":1}},"line":147}},"branchMap":{"0":{"loc":{"start":{"line":11,"column":0},"end":{"line":14,"column":1}},"type":"if","locations":[{"start":{"line":11,"column":0},"end":{"line":14,"column":1}},{"start":{},"end":{}}],"line":11},"1":{"loc":{"start":{"line":29,"column":4},"end":{"line":31,"column":5}},"type":"if","locations":[{"start":{"line":29,"column":4},"end":{"line":31,"column":5}},{"start":{},"end":{}}],"line":29},"2":{"loc":{"start":{"line":103,"column":4},"end":{"line":105,"column":5}},"type":"if","locations":[{"start":{"line":103,"column":4},"end":{"line":105,"column":5}},{"start":{},"end":{}}],"line":103},"3":{"loc":{"start":{"line":109,"column":17},"end":{"line":109,"column":41}},"type":"binary-expr","locations":[{"start":{"line":109,"column":17},"end":{"line":109,"column":33}},{"start":{"line":109,"column":37},"end":{"line":109,"column":41}}],"line":109},"4":{"loc":{"start":{"line":113,"column":37},"end":{"line":113,"column":74}},"type":"binary-expr","locations":[{"start":{"line":113,"column":37},"end":{"line":113,"column":57}},{"start":{"line":113,"column":61},"end":{"line":113,"column":74}}],"line":113}},"s":{"0":0,"1":0,"2":0,"3":0,"4":0,"5":0,"6":0,"7":0,"8":0,"9":0,"10":0,"11":0,"12":0,"13":0,"14":0,"15":0,"16":0,"17":0,"18":0,"19":0,"20":0,"21":0,"22":0,"23":0,"24":0,"25":0,"26":0,"27":0,"28":0,"29":0,"30":0,"31":0,"32":0,"33":0,"34":0,"35":0,"36":0,"37":0,"38":0,"39":0,"40":0,"41":0,"42":0,"43":0,"44":0,"45":0,"46":0,"47":0,"48":0,"49":0,"50":0,"51":0,"52":0,"53":0,"54":0,"55":0,"56":0,"57":0,"58":0,"59":0,"60":0,"61":0,"62":0,"63":0,"64":0,"65":0,"66":0,"67":0,"68":0,"69":0,"70":0,"71":0,"72":0,"73":0,"74":0,"75":0,"76":0},"f":{"0":0,"1":0,"2":0,"3":0,"4":0,"5":0,"6":0,"7":0,"8":0},"b":{"0":[0,0],"1":[0,0],"2":[0,0],"3":[0,0],"4":[0,0]}}
,"/Users/mohammadabdullahrihan/Projects/Princeton-crm/PrincetonCRM-Backend/src/controllers/appControllers/index.js": {"path":"/Users/mohammadabdullahrihan/Projects/Princeton-crm/PrincetonCRM-Backend/src/controllers/appControllers/index.js","statementMap":{"0":{"start":{"line":1,"column":29},"end":{"line":1,"column":86}},"1":{"start":{"line":2,"column":23},"end":{"line":2,"column":52}},"2":{"start":{"line":4,"column":21},"end":{"line":4,"column":36}},"3":{"start":{"line":5,"column":13},"end":{"line":5,"column":28}},"4":{"start":{"line":7,"column":16},"end":{"line":7,"column":56}},"5":{"start":{"line":8,"column":30},"end":{"line":10,"column":2}},"6":{"start":{"line":9,"column":2},"end":{"line":9,"column":33}},"7":{"start":{"line":12,"column":23},"end":{"line":37,"column":1}},"8":{"start":{"line":13,"column":22},"end":{"line":13,"column":24}},"9":{"start":{"line":14,"column":31},"end":{"line":14,"column":33}},"10":{"start":{"line":16,"column":2},"end":{"line":28,"column":5}},"11":{"start":{"line":17,"column":4},"end":{"line":27,"column":5}},"12":{"start":{"line":18,"column":31},"end":{"line":18,"column":88}},"13":{"start":{"line":20,"column":6},"end":{"line":23,"column":7}},"14":{"start":{"line":21,"column":8},"end":{"line":21,"column":50}},"15":{"start":{"line":22,"column":8},"end":{"line":22,"column":55}},"16":{"start":{"line":25,"column":6},"end":{"line":25,"column":82}},"17":{"start":{"line":30,"column":2},"end":{"line":34,"column":5}},"18":{"start":{"line":31,"column":4},"end":{"line":33,"column":5}},"19":{"start":{"line":32,"column":6},"end":{"line":32,"column":68}},"20":{"start":{"line":36,"column":2},"end":{"line":36,"column":21}},"21":{"start":{"line":39,"column":0},"end":{"line":39,"column":34}}},"fnMap":{"0":{"name":"(anonymous_0)","decl":{"start":{"line":8,"column":52},"end":{"line":8,"column":53}},"loc":{"start":{"line":8,"column":66},"end":{"line":10,"column":1}},"line":8},"1":{"name":"(anonymous_1)","decl":{"start":{"line":12,"column":23},"end":{"line":12,"column":24}},"loc":{"start":{"line":12,"column":29},"end":{"line":37,"column":1}},"line":12},"2":{"name":"(anonymous_2)","decl":{"start":{"line":16,"column":32},"end":{"line":16,"column":33}},"loc":{"start":{"line":16,"column":52},"end":{"line":28,"column":3}},"line":16},"3":{"name":"(anonymous_3)","decl":{"start":{"line":30,"column":21},"end":{"line":30,"column":22}},"loc":{"start":{"line":30,"column":56},"end":{"line":34,"column":3}},"line":30}},"branchMap":{"0":{"loc":{"start":{"line":20,"column":6},"end":{"line":23,"column":7}},"type":"if","locations":[{"start":{"line":20,"column":6},"end":{"line":23,"column":7}},{"start":{},"end":{}}],"line":20},"1":{"loc":{"start":{"line":31,"column":4},"end":{"line":33,"column":5}},"type":"if","locations":[{"start":{"line":31,"column":4},"end":{"line":33,"column":5}},{"start":{},"end":{}}],"line":31}},"s":{"0":1,"1":1,"2":1,"3":1,"4":1,"5":1,"6":13,"7":1,"8":1,"9":1,"10":1,"11":13,"12":13,"13":13,"14":13,"15":13,"16":0,"17":1,"18":49,"19":37,"20":1,"21":1},"f":{"0":13,"1":1,"2":13,"3":49},"b":{"0":[13,0],"1":[37,12]},"_coverageSchema":"1a1c01bbd47fc00a2c39e90264f33305004495a9","hash":"79269626ffc8bdf1ff5200fc13b0a3495063eba4"}
,"/Users/mohammadabdullahrihan/Projects/Princeton-crm/PrincetonCRM-Backend/src/controllers/appControllers/apartmentClientController/index.js": {"path":"/Users/mohammadabdullahrihan/Projects/Princeton-crm/PrincetonCRM-Backend/src/controllers/appControllers/apartmentClientController/index.js","statementMap":{"0":{"start":{"line":1,"column":17},"end":{"line":1,"column":36}},"1":{"start":{"line":2,"column":29},"end":{"line":2,"column":89}},"2":{"start":{"line":5,"column":16},"end":{"line":5,"column":49}},"3":{"start":{"line":6,"column":18},"end":{"line":6,"column":57}},"4":{"start":{"line":8,"column":2},"end":{"line":8,"column":17}},"5":{"start":{"line":11,"column":0},"end":{"line":11,"column":35}}},"fnMap":{"0":{"name":"modelController","decl":{"start":{"line":4,"column":9},"end":{"line":4,"column":24}},"loc":{"start":{"line":4,"column":27},"end":{"line":9,"column":1}},"line":4}},"branchMap":{},"s":{"0":1,"1":1,"2":1,"3":1,"4":1,"5":1},"f":{"0":1},"b":{},"_coverageSchema":"1a1c01bbd47fc00a2c39e90264f33305004495a9","hash":"6aad1410740535682f5985201525400bface8998"}
,"/Users/mohammadabdullahrihan/Projects/Princeton-crm/PrincetonCRM-Backend/src/controllers/appControllers/apartmentOwnerController/index.js": {"path":"/Users/mohammadabdullahrihan/Projects/Princeton-crm/PrincetonCRM-Backend/src/controllers/appControllers/apartmentOwnerController/index.js","statementMap":{"0":{"start":{"line":1,"column":17},"end":{"line":1,"column":36}},"1":{"start":{"line":2,"column":29},"end":{"line":2,"column":89}},"2":{"start":{"line":5,"column":16},"end":{"line":5,"column":48}},"3":{"start":{"line":6,"column":18},"end":{"line":6,"column":56}},"4":{"start":{"line":8,"column":2},"end":{"line":8,"column":17}},"5":{"start":{"line":11,"column":0},"end":{"line":11,"column":35}}},"fnMap":{"0":{"name":"modelController","decl":{"start":{"line":4,"column":9},"end":{"line":4,"column":24}},"loc":{"start":{"line":4,"column":27},"end":{"line":9,"column":1}},"line":4}},"branchMap":{},"s":{"0":1,"1":1,"2":1,"3":1,"4":1,"5":1},"f":{"0":1},"b":{},"_coverageSchema":"1a1c01bbd47fc00a2c39e90264f33305004495a9","hash":"e4aa651761c6419257123950f719d798b0cd4e81"}
,"/Users/mohammadabdullahrihan/Projects/Princeton-crm/PrincetonCRM-Backend/src/controllers/appControllers/clientController/index.js": {"path":"/Users/mohammadabdullahrihan/Projects/Princeton-crm/PrincetonCRM-Backend/src/controllers/appControllers/clientController/index.js","statementMap":{"0":{"start":{"line":1,"column":17},"end":{"line":1,"column":36}},"1":{"start":{"line":2,"column":29},"end":{"line":2,"column":89}},"2":{"start":{"line":4,"column":16},"end":{"line":4,"column":36}},"3":{"start":{"line":7,"column":16},"end":{"line":7,"column":40}},"4":{"start":{"line":8,"column":18},"end":{"line":8,"column":48}},"5":{"start":{"line":10,"column":2},"end":{"line":10,"column":59}},"6":{"start":{"line":10,"column":34},"end":{"line":10,"column":58}},"7":{"start":{"line":11,"column":2},"end":{"line":11,"column":17}},"8":{"start":{"line":14,"column":0},"end":{"line":14,"column":35}}},"fnMap":{"0":{"name":"modelController","decl":{"start":{"line":6,"column":9},"end":{"line":6,"column":24}},"loc":{"start":{"line":6,"column":27},"end":{"line":12,"column":1}},"line":6},"1":{"name":"(anonymous_1)","decl":{"start":{"line":10,"column":20},"end":{"line":10,"column":21}},"loc":{"start":{"line":10,"column":34},"end":{"line":10,"column":58}},"line":10}},"branchMap":{},"s":{"0":1,"1":1,"2":1,"3":1,"4":1,"5":1,"6":0,"7":1,"8":1},"f":{"0":1,"1":0},"b":{},"_coverageSchema":"1a1c01bbd47fc00a2c39e90264f33305004495a9","hash":"c331a797bb68a03ba69b89078e1ee82fe71f6b70"}
,"/Users/mohammadabdullahrihan/Projects/Princeton-crm/PrincetonCRM-Backend/src/controllers/appControllers/clientController/summary.js": {"path":"/Users/mohammadabdullahrihan/Projects/Princeton-crm/PrincetonCRM-Backend/src/controllers/appControllers/clientController/summary.js","statementMap":{"0":{"start":{"line":1,"column":17},"end":{"line":1,"column":36}},"1":{"start":{"line":2,"column":15},"end":{"line":2,"column":32}},"2":{"start":{"line":4,"column":21},"end":{"line":4,"column":46}},"3":{"start":{"line":6,"column":16},"end":{"line":95,"column":1}},"4":{"start":{"line":7,"column":20},"end":{"line":7,"column":27}},"5":{"start":{"line":8,"column":19},"end":{"line":8,"column":28}},"6":{"start":{"line":10,"column":2},"end":{"line":18,"column":3}},"7":{"start":{"line":11,"column":4},"end":{"line":11,"column":23}},"8":{"start":{"line":12,"column":9},"end":{"line":18,"column":3}},"9":{"start":{"line":13,"column":4},"end":{"line":17,"column":7}},"10":{"start":{"line":20,"column":22},"end":{"line":20,"column":30}},"11":{"start":{"line":21,"column":18},"end":{"line":21,"column":58}},"12":{"start":{"line":22,"column":16},"end":{"line":22,"column":54}},"13":{"start":{"line":24,"column":19},"end":{"line":75,"column":3}},"14":{"start":{"line":77,"column":28},"end":{"line":77,"column":59}},"15":{"start":{"line":79,"column":17},"end":{"line":79,"column":37}},"16":{"start":{"line":80,"column":23},"end":{"line":80,"column":80}},"17":{"start":{"line":81,"column":26},"end":{"line":81,"column":79}},"18":{"start":{"line":82,"column":24},"end":{"line":82,"column":83}},"19":{"start":{"line":84,"column":39},"end":{"line":84,"column":98}},"20":{"start":{"line":85,"column":36},"end":{"line":85,"column":97}},"21":{"start":{"line":87,"column":2},"end":{"line":94,"column":5}},"22":{"start":{"line":97,"column":0},"end":{"line":97,"column":25}}},"fnMap":{"0":{"name":"(anonymous_0)","decl":{"start":{"line":6,"column":16},"end":{"line":6,"column":17}},"loc":{"start":{"line":6,"column":43},"end":{"line":95,"column":1}},"line":6}},"branchMap":{"0":{"loc":{"start":{"line":10,"column":2},"end":{"line":18,"column":3}},"type":"if","locations":[{"start":{"line":10,"column":2},"end":{"line":18,"column":3}},{"start":{"line":12,"column":9},"end":{"line":18,"column":3}}],"line":10},"1":{"loc":{"start":{"line":10,"column":6},"end":{"line":10,"column":54}},"type":"binary-expr","locations":[{"start":{"line":10,"column":6},"end":{"line":10,"column":10}},{"start":{"line":10,"column":14},"end":{"line":10,"column":54}}],"line":10},"2":{"loc":{"start":{"line":12,"column":9},"end":{"line":18,"column":3}},"type":"if","locations":[{"start":{"line":12,"column":9},"end":{"line":18,"column":3}},{"start":{},"end":{}}],"line":12},"3":{"loc":{"start":{"line":80,"column":23},"end":{"line":80,"column":80}},"type":"cond-expr","locations":[{"start":{"line":80,"column":48},"end":{"line":80,"column":76}},{"start":{"line":80,"column":79},"end":{"line":80,"column":80}}],"line":80},"4":{"loc":{"start":{"line":81,"column":26},"end":{"line":81,"column":79}},"type":"cond-expr","locations":[{"start":{"line":81,"column":49},"end":{"line":81,"column":75}},{"start":{"line":81,"column":78},"end":{"line":81,"column":79}}],"line":81},"5":{"loc":{"start":{"line":82,"column":24},"end":{"line":82,"column":83}},"type":"cond-expr","locations":[{"start":{"line":82,"column":50},"end":{"line":82,"column":79}},{"start":{"line":82,"column":82},"end":{"line":82,"column":83}}],"line":82},"6":{"loc":{"start":{"line":84,"column":39},"end":{"line":84,"column":98}},"type":"cond-expr","locations":[{"start":{"line":84,"column":58},"end":{"line":84,"column":94}},{"start":{"line":84,"column":97},"end":{"line":84,"column":98}}],"line":84},"7":{"loc":{"start":{"line":85,"column":36},"end":{"line":85,"column":97}},"type":"cond-expr","locations":[{"start":{"line":85,"column":55},"end":{"line":85,"column":93}},{"start":{"line":85,"column":96},"end":{"line":85,"column":97}}],"line":85}},"s":{"0":1,"1":1,"2":1,"3":1,"4":0,"5":0,"6":0,"7":0,"8":0,"9":0,"10":0,"11":0,"12":0,"13":0,"14":0,"15":0,"16":0,"17":0,"18":0,"19":0,"20":0,"21":0,"22":1},"f":{"0":0},"b":{"0":[0,0],"1":[0,0],"2":[0,0],"3":[0,0],"4":[0,0],"5":[0,0],"6":[0,0],"7":[0,0]},"_coverageSchema":"1a1c01bbd47fc00a2c39e90264f33305004495a9","hash":"d95ced5bd23e09326696f3c0a3cbc32ae9cd65d9"}
,"/Users/mohammadabdullahrihan/Projects/Princeton-crm/PrincetonCRM-Backend/src/controllers/appControllers/commercialClientController/index.js": {"path":"/Users/mohammadabdullahrihan/Projects/Princeton-crm/PrincetonCRM-Backend/src/controllers/appControllers/commercialClientController/index.js","statementMap":{"0":{"start":{"line":1,"column":17},"end":{"line":1,"column":36}},"1":{"start":{"line":2,"column":29},"end":{"line":2,"column":89}},"2":{"start":{"line":5,"column":16},"end":{"line":5,"column":50}},"3":{"start":{"line":6,"column":18},"end":{"line":6,"column":58}},"4":{"start":{"line":8,"column":2},"end":{"line":8,"column":17}},"5":{"start":{"line":11,"column":0},"end":{"line":11,"column":35}}},"fnMap":{"0":{"name":"modelController","decl":{"start":{"line":4,"column":9},"end":{"line":4,"column":24}},"loc":{"start":{"line":4,"column":27},"end":{"line":9,"column":1}},"line":4}},"branchMap":{},"s":{"0":1,"1":1,"2":1,"3":1,"4":1,"5":1},"f":{"0":1},"b":{},"_coverageSchema":"1a1c01bbd47fc00a2c39e90264f33305004495a9","hash":"dd1b5ff018be1ae8ffe8e8a5c45dd723a95c5bda"}
,"/Users/mohammadabdullahrihan/Projects/Princeton-crm/PrincetonCRM-Backend/src/controllers/appControllers/genericController/delete.js": {"path":"/Users/mohammadabdullahrihan/Projects/Princeton-crm/PrincetonCRM-Backend/src/controllers/appControllers/genericController/delete.js","statementMap":{"0":{"start":{"line":1,"column":17},"end":{"line":1,"column":36}},"1":{"start":{"line":2,"column":21},"end":{"line":2,"column":96}},"2":{"start":{"line":2,"column":29},"end":{"line":2,"column":96}},"3":{"start":{"line":2,"column":49},"end":{"line":2,"column":96}},"4":{"start":{"line":5,"column":17},"end":{"line":37,"column":1}},"5":{"start":{"line":39,"column":15},"end":{"line":56,"column":2}},"6":{"start":{"line":39,"column":30},"end":{"line":56,"column":2}},"7":{"start":{"line":40,"column":16},"end":{"line":40,"column":41}},"8":{"start":{"line":41,"column":12},"end":{"line":41,"column":47}},"9":{"start":{"line":43,"column":2},"end":{"line":45,"column":3}},"10":{"start":{"line":44,"column":4},"end":{"line":44,"column":74}},"11":{"start":{"line":48,"column":2},"end":{"line":53,"column":3}},"12":{"start":{"line":49,"column":4},"end":{"line":49,"column":21}},"13":{"start":{"line":50,"column":4},"end":{"line":50,"column":19}},"14":{"start":{"line":52,"column":4},"end":{"line":52,"column":42}},"15":{"start":{"line":55,"column":2},"end":{"line":55,"column":70}},"16":{"start":{"line":58,"column":0},"end":{"line":58,"column":38}}},"fnMap":{"0":{"name":"(anonymous_0)","decl":{"start":{"line":2,"column":21},"end":{"line":2,"column":22}},"loc":{"start":{"line":2,"column":29},"end":{"line":2,"column":96}},"line":2},"1":{"name":"(anonymous_1)","decl":{"start":{"line":2,"column":29},"end":{"line":2,"column":30}},"loc":{"start":{"line":2,"column":49},"end":{"line":2,"column":96}},"line":2},"2":{"name":"(anonymous_2)","decl":{"start":{"line":39,"column":15},"end":{"line":39,"column":16}},"loc":{"start":{"line":39,"column":30},"end":{"line":56,"column":2}},"line":39},"3":{"name":"(anonymous_3)","decl":{"start":{"line":39,"column":43},"end":{"line":39,"column":44}},"loc":{"start":{"line":39,"column":63},"end":{"line":56,"column":1}},"line":39}},"branchMap":{"0":{"loc":{"start":{"line":43,"column":2},"end":{"line":45,"column":3}},"type":"if","locations":[{"start":{"line":43,"column":2},"end":{"line":45,"column":3}},{"start":{},"end":{}}],"line":43},"1":{"loc":{"start":{"line":48,"column":2},"end":{"line":53,"column":3}},"type":"if","locations":[{"start":{"line":48,"column":2},"end":{"line":53,"column":3}},{"start":{"line":51,"column":9},"end":{"line":53,"column":3}}],"line":48}},"s":{"0":1,"1":1,"2":0,"3":0,"4":1,"5":1,"6":0,"7":0,"8":0,"9":0,"10":0,"11":0,"12":0,"13":0,"14":0,"15":0,"16":1},"f":{"0":0,"1":0,"2":0,"3":0},"b":{"0":[0,0],"1":[0,0]},"_coverageSchema":"1a1c01bbd47fc00a2c39e90264f33305004495a9","hash":"6c6757a685f48babd36a2c87734b74303db7edd0"}
,"/Users/mohammadabdullahrihan/Projects/Princeton-crm/PrincetonCRM-Backend/src/controllers/appControllers/genericController/index.js": {"path":"/Users/mohammadabdullahrihan/Projects/Princeton-crm/PrincetonCRM-Backend/src/controllers/appControllers/genericController/index.js","statementMap":{"0":{"start":{"line":1,"column":29},"end":{"line":1,"column":89}},"1":{"start":{"line":2,"column":29},"end":{"line":2,"column":48}},"2":{"start":{"line":7,"column":18},"end":{"line":7,"column":48}},"3":{"start":{"line":10,"column":2},"end":{"line":10,"column":26}},"4":{"start":{"line":11,"column":2},"end":{"line":11,"column":30}},"5":{"start":{"line":13,"column":2},"end":{"line":13,"column":17}},"6":{"start":{"line":16,"column":0},"end":{"line":16,"column":35}}},"fnMap":{"0":{"name":"modelController","decl":{"start":{"line":4,"column":9},"end":{"line":4,"column":24}},"loc":{"start":{"line":4,"column":27},"end":{"line":14,"column":1}},"line":4}},"branchMap":{},"s":{"0":1,"1":1,"2":1,"3":1,"4":1,"5":1,"6":1},"f":{"0":1},"b":{},"_coverageSchema":"1a1c01bbd47fc00a2c39e90264f33305004495a9","hash":"4239ee6c00a0a74cf9032a70f31ea8e834e63575"}
,"/Users/mohammadabdullahrihan/Projects/Princeton-crm/PrincetonCRM-Backend/src/controllers/appControllers/invoiceController/create.js": {"path":"/Users/mohammadabdullahrihan/Projects/Princeton-crm/PrincetonCRM-Backend/src/controllers/appControllers/invoiceController/create.js","statementMap":{"0":{"start":{"line":1,"column":17},"end":{"line":1,"column":36}},"1":{"start":{"line":3,"column":14},"end":{"line":3,"column":39}},"2":{"start":{"line":5,"column":22},"end":{"line":5,"column":49}},"3":{"start":{"line":6,"column":33},"end":{"line":6,"column":73}},"4":{"start":{"line":7,"column":15},"end":{"line":7,"column":42}},"5":{"start":{"line":9,"column":15},"end":{"line":56,"column":1}},"6":{"start":{"line":10,"column":2},"end":{"line":55,"column":3}},"7":{"start":{"line":11,"column":15},"end":{"line":11,"column":23}},"8":{"start":{"line":13,"column":29},"end":{"line":13,"column":50}},"9":{"start":{"line":14,"column":4},"end":{"line":21,"column":5}},"10":{"start":{"line":15,"column":26},"end":{"line":15,"column":31}},"11":{"start":{"line":16,"column":6},"end":{"line":20,"column":9}},"12":{"start":{"line":23,"column":40},"end":{"line":23,"column":45}},"13":{"start":{"line":25,"column":4},"end":{"line":25,"column":26}},"14":{"start":{"line":27,"column":24},"end":{"line":27,"column":80}},"15":{"start":{"line":29,"column":4},"end":{"line":29,"column":42}},"16":{"start":{"line":30,"column":4},"end":{"line":30,"column":38}},"17":{"start":{"line":33,"column":19},"end":{"line":33,"column":47}},"18":{"start":{"line":34,"column":19},"end":{"line":34,"column":51}},"19":{"start":{"line":35,"column":25},"end":{"line":41,"column":12}},"20":{"start":{"line":43,"column":4},"end":{"line":45,"column":7}},"21":{"start":{"line":48,"column":4},"end":{"line":52,"column":7}},"22":{"start":{"line":54,"column":4},"end":{"line":54,"column":23}},"23":{"start":{"line":58,"column":0},"end":{"line":58,"column":24}}},"fnMap":{"0":{"name":"(anonymous_0)","decl":{"start":{"line":9,"column":15},"end":{"line":9,"column":16}},"loc":{"start":{"line":9,"column":41},"end":{"line":56,"column":1}},"line":9}},"branchMap":{"0":{"loc":{"start":{"line":14,"column":4},"end":{"line":21,"column":5}},"type":"if","locations":[{"start":{"line":14,"column":4},"end":{"line":21,"column":5}},{"start":{},"end":{}}],"line":14},"1":{"loc":{"start":{"line":23,"column":12},"end":{"line":23,"column":21}},"type":"default-arg","locations":[{"start":{"line":23,"column":20},"end":{"line":23,"column":21}}],"line":23},"2":{"loc":{"start":{"line":23,"column":23},"end":{"line":23,"column":35}},"type":"default-arg","locations":[{"start":{"line":23,"column":34},"end":{"line":23,"column":35}}],"line":23},"3":{"loc":{"start":{"line":27,"column":24},"end":{"line":27,"column":80}},"type":"cond-expr","locations":[{"start":{"line":27,"column":63},"end":{"line":27,"column":69}},{"start":{"line":27,"column":72},"end":{"line":27,"column":80}}],"line":27}},"s":{"0":1,"1":1,"2":1,"3":1,"4":1,"5":1,"6":0,"7":0,"8":0,"9":0,"10":0,"11":0,"12":0,"13":0,"14":0,"15":0,"16":0,"17":0,"18":0,"19":0,"20":0,"21":0,"22":0,"23":1},"f":{"0":0},"b":{"0":[0,0],"1":[0],"2":[0],"3":[0,0]},"_coverageSchema":"1a1c01bbd47fc00a2c39e90264f33305004495a9","hash":"20e2b61a5909ccd6754b9118316a1010cff31c6a"}
,"/Users/mohammadabdullahrihan/Projects/Princeton-crm/PrincetonCRM-Backend/src/controllers/appControllers/invoiceController/index.js": {"path":"/Users/mohammadabdullahrihan/Projects/Princeton-crm/PrincetonCRM-Backend/src/controllers/appControllers/invoiceController/index.js","statementMap":{"0":{"start":{"line":1,"column":29},"end":{"line":1,"column":89}},"1":{"start":{"line":2,"column":16},"end":{"line":2,"column":47}},"2":{"start":{"line":4,"column":17},"end":{"line":4,"column":38}},"3":{"start":{"line":5,"column":15},"end":{"line":5,"column":34}},"4":{"start":{"line":6,"column":16},"end":{"line":6,"column":36}},"5":{"start":{"line":7,"column":15},"end":{"line":7,"column":34}},"6":{"start":{"line":8,"column":15},"end":{"line":8,"column":34}},"7":{"start":{"line":9,"column":22},"end":{"line":9,"column":48}},"8":{"start":{"line":10,"column":13},"end":{"line":10,"column":30}},"9":{"start":{"line":12,"column":0},"end":{"line":12,"column":24}},"10":{"start":{"line":13,"column":0},"end":{"line":13,"column":24}},"11":{"start":{"line":14,"column":0},"end":{"line":14,"column":24}},"12":{"start":{"line":15,"column":0},"end":{"line":15,"column":24}},"13":{"start":{"line":16,"column":0},"end":{"line":16,"column":26}},"14":{"start":{"line":17,"column":0},"end":{"line":17,"column":29}},"15":{"start":{"line":18,"column":0},"end":{"line":18,"column":20}},"16":{"start":{"line":20,"column":0},"end":{"line":20,"column":25}}},"fnMap":{},"branchMap":{},"s":{"0":1,"1":1,"2":1,"3":1,"4":1,"5":1,"6":1,"7":1,"8":1,"9":1,"10":1,"11":1,"12":1,"13":1,"14":1,"15":1,"16":1},"f":{},"b":{},"_coverageSchema":"1a1c01bbd47fc00a2c39e90264f33305004495a9","hash":"8c441b3ad2e74648de8f61b6425949e80a1eab56"}
,"/Users/mohammadabdullahrihan/Projects/Princeton-crm/PrincetonCRM-Backend/src/controllers/appControllers/invoiceController/paginatedList.js": {"path":"/Users/mohammadabdullahrihan/Projects/Princeton-crm/PrincetonCRM-Backend/src/controllers/appControllers/invoiceController/paginatedList.js","statementMap":{"0":{"start":{"line":1,"column":17},"end":{"line":1,"column":36}},"1":{"start":{"line":3,"column":14},"end":{"line":3,"column":39}},"2":{"start":{"line":5,"column":22},"end":{"line":65,"column":1}},"3":{"start":{"line":6,"column":15},"end":{"line":6,"column":34}},"4":{"start":{"line":7,"column":16},"end":{"line":7,"column":47}},"5":{"start":{"line":8,"column":15},"end":{"line":8,"column":35}},"6":{"start":{"line":10,"column":64},"end":{"line":10,"column":73}},"7":{"start":{"line":12,"column":22},"end":{"line":12,"column":73}},"8":{"start":{"line":16,"column":2},"end":{"line":16,"column":55}},"9":{"start":{"line":18,"column":2},"end":{"line":20,"column":3}},"10":{"start":{"line":19,"column":4},"end":{"line":19,"column":75}},"11":{"start":{"line":23,"column":25},"end":{"line":33,"column":11}},"12":{"start":{"line":36,"column":23},"end":{"line":41,"column":4}},"13":{"start":{"line":44,"column":26},"end":{"line":44,"column":75}},"14":{"start":{"line":46,"column":16},"end":{"line":46,"column":40}},"15":{"start":{"line":49,"column":21},"end":{"line":49,"column":43}},"16":{"start":{"line":50,"column":2},"end":{"line":64,"column":3}},"17":{"start":{"line":51,"column":4},"end":{"line":56,"column":7}},"18":{"start":{"line":58,"column":4},"end":{"line":63,"column":7}},"19":{"start":{"line":67,"column":0},"end":{"line":67,"column":31}}},"fnMap":{"0":{"name":"(anonymous_0)","decl":{"start":{"line":5,"column":22},"end":{"line":5,"column":23}},"loc":{"start":{"line":5,"column":42},"end":{"line":65,"column":1}},"line":5}},"branchMap":{"0":{"loc":{"start":{"line":6,"column":15},"end":{"line":6,"column":34}},"type":"binary-expr","locations":[{"start":{"line":6,"column":15},"end":{"line":6,"column":29}},{"start":{"line":6,"column":33},"end":{"line":6,"column":34}}],"line":6},"1":{"loc":{"start":{"line":7,"column":16},"end":{"line":7,"column":47}},"type":"binary-expr","locations":[{"start":{"line":7,"column":16},"end":{"line":7,"column":41}},{"start":{"line":7,"column":45},"end":{"line":7,"column":47}}],"line":7},"2":{"loc":{"start":{"line":10,"column":10},"end":{"line":10,"column":28}},"type":"default-arg","locations":[{"start":{"line":10,"column":19},"end":{"line":10,"column":28}}],"line":10},"3":{"loc":{"start":{"line":10,"column":30},"end":{"line":10,"column":44}},"type":"default-arg","locations":[{"start":{"line":10,"column":42},"end":{"line":10,"column":44}}],"line":10},"4":{"loc":{"start":{"line":12,"column":22},"end":{"line":12,"column":73}},"type":"cond-expr","locations":[{"start":{"line":12,"column":41},"end":{"line":12,"column":68}},{"start":{"line":12,"column":71},"end":{"line":12,"column":73}}],"line":12},"5":{"loc":{"start":{"line":16,"column":11},"end":{"line":16,"column":54}},"type":"cond-expr","locations":[{"start":{"line":16,"column":38},"end":{"line":16,"column":40}},{"start":{"line":16,"column":43},"end":{"line":16,"column":54}}],"line":16},"6":{"loc":{"start":{"line":50,"column":2},"end":{"line":64,"column":3}},"type":"if","locations":[{"start":{"line":50,"column":2},"end":{"line":64,"column":3}},{"start":{"line":57,"column":9},"end":{"line":64,"column":3}}],"line":50}},"s":{"0":1,"1":1,"2":1,"3":0,"4":0,"5":0,"6":0,"7":0,"8":0,"9":0,"10":0,"11":0,"12":0,"13":0,"14":0,"15":0,"16":0,"17":0,"18":0,"19":1},"f":{"0":0},"b":{"0":[0,0],"1":[0,0],"2":[0],"3":[0],"4":[0,0],"5":[0,0],"6":[0,0]},"_coverageSchema":"1a1c01bbd47fc00a2c39e90264f33305004495a9","hash":"270bb6c2774012cd39d6fc9bfa2d2a1980f73acd"}
,"/Users/mohammadabdullahrihan/Projects/Princeton-crm/PrincetonCRM-Backend/src/controllers/appControllers/invoiceController/read.js": {"path":"/Users/mohammadabdullahrihan/Projects/Princeton-crm/PrincetonCRM-Backend/src/controllers/appControllers/invoiceController/read.js","statementMap":{"0":{"start":{"line":1,"column":17},"end":{"line":1,"column":36}},"1":{"start":{"line":3,"column":14},"end":{"line":3,"column":39}},"2":{"start":{"line":5,"column":13},"end":{"line":32,"column":1}},"3":{"start":{"line":6,"column":2},"end":{"line":31,"column":3}},"4":{"start":{"line":8,"column":19},"end":{"line":13,"column":13}},"5":{"start":{"line":15,"column":4},"end":{"line":28,"column":5}},"6":{"start":{"line":16,"column":6},"end":{"line":20,"column":9}},"7":{"start":{"line":23,"column":6},"end":{"line":27,"column":9}},"8":{"start":{"line":30,"column":4},"end":{"line":30,"column":23}},"9":{"start":{"line":34,"column":0},"end":{"line":34,"column":22}}},"fnMap":{"0":{"name":"(anonymous_0)","decl":{"start":{"line":5,"column":13},"end":{"line":5,"column":14}},"loc":{"start":{"line":5,"column":39},"end":{"line":32,"column":1}},"line":5}},"branchMap":{"0":{"loc":{"start":{"line":15,"column":4},"end":{"line":28,"column":5}},"type":"if","locations":[{"start":{"line":15,"column":4},"end":{"line":28,"column":5}},{"start":{"line":21,"column":11},"end":{"line":28,"column":5}}],"line":15}},"s":{"0":1,"1":1,"2":1,"3":0,"4":0,"5":0,"6":0,"7":0,"8":0,"9":1},"f":{"0":0},"b":{"0":[0,0]},"_coverageSchema":"1a1c01bbd47fc00a2c39e90264f33305004495a9","hash":"8276a8af6c5fdd2569b3039243406db35ec3ab8d"}
,"/Users/mohammadabdullahrihan/Projects/Princeton-crm/PrincetonCRM-Backend/src/controllers/appControllers/invoiceController/remove.js": {"path":"/Users/mohammadabdullahrihan/Projects/Princeton-crm/PrincetonCRM-Backend/src/controllers/appControllers/invoiceController/remove.js","statementMap":{"0":{"start":{"line":1,"column":17},"end":{"line":1,"column":36}},"1":{"start":{"line":3,"column":14},"end":{"line":3,"column":39}},"2":{"start":{"line":4,"column":21},"end":{"line":4,"column":46}},"3":{"start":{"line":6,"column":15},"end":{"line":35,"column":1}},"4":{"start":{"line":7,"column":25},"end":{"line":17,"column":10}},"5":{"start":{"line":19,"column":2},"end":{"line":25,"column":3}},"6":{"start":{"line":20,"column":4},"end":{"line":24,"column":7}},"7":{"start":{"line":26,"column":27},"end":{"line":29,"column":3}},"8":{"start":{"line":30,"column":2},"end":{"line":34,"column":5}},"9":{"start":{"line":37,"column":0},"end":{"line":37,"column":24}}},"fnMap":{"0":{"name":"(anonymous_0)","decl":{"start":{"line":6,"column":15},"end":{"line":6,"column":16}},"loc":{"start":{"line":6,"column":35},"end":{"line":35,"column":1}},"line":6}},"branchMap":{"0":{"loc":{"start":{"line":19,"column":2},"end":{"line":25,"column":3}},"type":"if","locations":[{"start":{"line":19,"column":2},"end":{"line":25,"column":3}},{"start":{},"end":{}}],"line":19}},"s":{"0":1,"1":1,"2":1,"3":1,"4":0,"5":0,"6":0,"7":0,"8":0,"9":1},"f":{"0":0},"b":{"0":[0,0]},"_coverageSchema":"1a1c01bbd47fc00a2c39e90264f33305004495a9","hash":"c289af218c4a55f9858f75125f448db37db4c016"}
,"/Users/mohammadabdullahrihan/Projects/Princeton-crm/PrincetonCRM-Backend/src/controllers/appControllers/invoiceController/schemaValidate.js": {"path":"/Users/mohammadabdullahrihan/Projects/Princeton-crm/PrincetonCRM-Backend/src/controllers/appControllers/invoiceController/schemaValidate.js","statementMap":{"0":{"start":{"line":1,"column":12},"end":{"line":1,"column":26}},"1":{"start":{"line":2,"column":15},"end":{"line":17,"column":2}},"2":{"start":{"line":19,"column":0},"end":{"line":19,"column":24}}},"fnMap":{},"branchMap":{},"s":{"0":1,"1":1,"2":1},"f":{},"b":{},"_coverageSchema":"1a1c01bbd47fc00a2c39e90264f33305004495a9","hash":"0af448cc4e31d91b2de566972a6196a0331db5c2"}
,"/Users/mohammadabdullahrihan/Projects/Princeton-crm/PrincetonCRM-Backend/src/controllers/appControllers/invoiceController/sendMail.js": {"path":"/Users/mohammadabdullahrihan/Projects/Princeton-crm/PrincetonCRM-Backend/src/controllers/appControllers/invoiceController/sendMail.js","statementMap":{"0":{"start":{"line":1,"column":11},"end":{"line":1,"column":24}},"1":{"start":{"line":2,"column":13},"end":{"line":2,"column":28}},"2":{"start":{"line":3,"column":11},"end":{"line":3,"column":24}},"3":{"start":{"line":4,"column":17},"end":{"line":4,"column":36}},"4":{"start":{"line":5,"column":19},"end":{"line":5,"column":36}},"5":{"start":{"line":7,"column":15},"end":{"line":7,"column":45}},"6":{"start":{"line":8,"column":25},"end":{"line":8,"column":65}},"7":{"start":{"line":9,"column":24},"end":{"line":9,"column":75}},"8":{"start":{"line":11,"column":14},"end":{"line":11,"column":39}},"9":{"start":{"line":13,"column":13},"end":{"line":112,"column":1}},"10":{"start":{"line":14,"column":17},"end":{"line":14,"column":25}},"11":{"start":{"line":16,"column":18},"end":{"line":16,"column":73}},"12":{"start":{"line":18,"column":2},"end":{"line":24,"column":3}},"13":{"start":{"line":19,"column":4},"end":{"line":23,"column":7}},"14":{"start":{"line":26,"column":2},"end":{"line":32,"column":3}},"15":{"start":{"line":27,"column":4},"end":{"line":31,"column":7}},"16":{"start":{"line":34,"column":2},"end":{"line":40,"column":3}},"17":{"start":{"line":35,"column":4},"end":{"line":39,"column":7}},"18":{"start":{"line":42,"column":19},"end":{"line":42,"column":39}},"19":{"start":{"line":43,"column":20},"end":{"line":43,"column":85}},"20":{"start":{"line":45,"column":2},"end":{"line":51,"column":3}},"21":{"start":{"line":46,"column":4},"end":{"line":50,"column":7}},"22":{"start":{"line":53,"column":17},"end":{"line":53,"column":50}},"23":{"start":{"line":57,"column":25},"end":{"line":57,"column":78}},"24":{"start":{"line":59,"column":2},"end":{"line":111,"column":3}},"25":{"start":{"line":60,"column":4},"end":{"line":60,"column":68}},"26":{"start":{"line":62,"column":4},"end":{"line":104,"column":6}},"27":{"start":{"line":67,"column":8},"end":{"line":102,"column":9}},"28":{"start":{"line":68,"column":28},"end":{"line":68,"column":59}},"29":{"start":{"line":69,"column":25},"end":{"line":69,"column":59}},"30":{"start":{"line":71,"column":28},"end":{"line":81,"column":12}},"31":{"start":{"line":83,"column":10},"end":{"line":89,"column":11}},"32":{"start":{"line":84,"column":12},"end":{"line":88,"column":15}},"33":{"start":{"line":91,"column":10},"end":{"line":95,"column":13}},"34":{"start":{"line":97,"column":10},"end":{"line":101,"column":13}},"35":{"start":{"line":106,"column":4},"end":{"line":110,"column":7}},"36":{"start":{"line":114,"column":0},"end":{"line":114,"column":22}}},"fnMap":{"0":{"name":"(anonymous_0)","decl":{"start":{"line":13,"column":13},"end":{"line":13,"column":14}},"loc":{"start":{"line":13,"column":33},"end":{"line":112,"column":1}},"line":13},"1":{"name":"(anonymous_1)","decl":{"start":{"line":66,"column":6},"end":{"line":66,"column":7}},"loc":{"start":{"line":66,"column":18},"end":{"line":103,"column":7}},"line":66}},"branchMap":{"0":{"loc":{"start":{"line":18,"column":2},"end":{"line":24,"column":3}},"type":"if","locations":[{"start":{"line":18,"column":2},"end":{"line":24,"column":3}},{"start":{},"end":{}}],"line":18},"1":{"loc":{"start":{"line":26,"column":2},"end":{"line":32,"column":3}},"type":"if","locations":[{"start":{"line":26,"column":2},"end":{"line":32,"column":3}},{"start":{},"end":{}}],"line":26},"2":{"loc":{"start":{"line":26,"column":6},"end":{"line":26,"column":46}},"type":"binary-expr","locations":[{"start":{"line":26,"column":6},"end":{"line":26,"column":21}},{"start":{"line":26,"column":25},"end":{"line":26,"column":46}}],"line":26},"3":{"loc":{"start":{"line":34,"column":2},"end":{"line":40,"column":3}},"type":"if","locations":[{"start":{"line":34,"column":2},"end":{"line":40,"column":3}},{"start":{},"end":{}}],"line":34},"4":{"loc":{"start":{"line":43,"column":20},"end":{"line":43,"column":85}},"type":"binary-expr","locations":[{"start":{"line":43,"column":20},"end":{"line":43,"column":45}},{"start":{"line":43,"column":49},"end":{"line":43,"column":85}}],"line":43},"5":{"loc":{"start":{"line":45,"column":2},"end":{"line":51,"column":3}},"type":"if","locations":[{"start":{"line":45,"column":2},"end":{"line":51,"column":3}},{"start":{},"end":{}}],"line":45},"6":{"loc":{"start":{"line":74,"column":71},"end":{"line":74,"column":110}},"type":"binary-expr","locations":[{"start":{"line":74,"column":71},"end":{"line":74,"column":95}},{"start":{"line":74,"column":99},"end":{"line":74,"column":110}}],"line":74},"7":{"loc":{"start":{"line":83,"column":10},"end":{"line":89,"column":11}},"type":"if","locations":[{"start":{"line":83,"column":10},"end":{"line":89,"column":11}},{"start":{},"end":{}}],"line":83},"8":{"loc":{"start":{"line":87,"column":23},"end":{"line":87,"column":70}},"type":"binary-expr","locations":[{"start":{"line":87,"column":23},"end":{"line":87,"column":36}},{"start":{"line":87,"column":40},"end":{"line":87,"column":70}}],"line":87},"9":{"loc":{"start":{"line":100,"column":21},"end":{"line":100,"column":72}},"type":"binary-expr","locations":[{"start":{"line":100,"column":21},"end":{"line":100,"column":38}},{"start":{"line":100,"column":42},"end":{"line":100,"column":72}}],"line":100},"10":{"loc":{"start":{"line":109,"column":15},"end":{"line":109,"column":64}},"type":"binary-expr","locations":[{"start":{"line":109,"column":15},"end":{"line":109,"column":28}},{"start":{"line":109,"column":32},"end":{"line":109,"column":64}}],"line":109}},"s":{"0":1,"1":1,"2":1,"3":1,"4":1,"5":1,"6":1,"7":1,"8":1,"9":1,"10":0,"11":0,"12":0,"13":0,"14":0,"15":0,"16":0,"17":0,"18":0,"19":0,"20":0,"21":0,"22":0,"23":0,"24":0,"25":0,"26":0,"27":0,"28":0,"29":0,"30":0,"31":0,"32":0,"33":0,"34":0,"35":0,"36":1},"f":{"0":0,"1":0},"b":{"0":[0,0],"1":[0,0],"2":[0,0],"3":[0,0],"4":[0,0],"5":[0,0],"6":[0,0],"7":[0,0],"8":[0,0],"9":[0,0],"10":[0,0]},"_coverageSchema":"1a1c01bbd47fc00a2c39e90264f33305004495a9","hash":"4afb6c7b3addd3e67a49985aee00b602a901f4e7"}
,"/Users/mohammadabdullahrihan/Projects/Princeton-crm/PrincetonCRM-Backend/src/controllers/appControllers/invoiceController/summary.js": {"path":"/Users/mohammadabdullahrihan/Projects/Princeton-crm/PrincetonCRM-Backend/src/controllers/appControllers/invoiceController/summary.js","statementMap":{"0":{"start":{"line":1,"column":17},"end":{"line":1,"column":36}},"1":{"start":{"line":2,"column":15},"end":{"line":2,"column":32}},"2":{"start":{"line":4,"column":14},"end":{"line":4,"column":39}},"3":{"start":{"line":6,"column":25},"end":{"line":6,"column":65}},"4":{"start":{"line":8,"column":16},"end":{"line":209,"column":1}},"5":{"start":{"line":9,"column":20},"end":{"line":9,"column":27}},"6":{"start":{"line":11,"column":19},"end":{"line":11,"column":28}},"7":{"start":{"line":13,"column":19},"end":{"line":13,"column":39}},"8":{"start":{"line":15,"column":2},"end":{"line":25,"column":3}},"9":{"start":{"line":16,"column":4},"end":{"line":24,"column":5}},"10":{"start":{"line":17,"column":6},"end":{"line":17,"column":25}},"11":{"start":{"line":19,"column":6},"end":{"line":23,"column":9}},"12":{"start":{"line":27,"column":22},"end":{"line":27,"column":30}},"13":{"start":{"line":28,"column":18},"end":{"line":28,"column":58}},"14":{"start":{"line":29,"column":16},"end":{"line":29,"column":54}},"15":{"start":{"line":31,"column":19},"end":{"line":31,"column":81}},"16":{"start":{"line":33,"column":19},"end":{"line":125,"column":4}},"17":{"start":{"line":127,"column":15},"end":{"line":127,"column":17}},"18":{"start":{"line":129,"column":24},"end":{"line":129,"column":82}},"19":{"start":{"line":130,"column":23},"end":{"line":130,"column":53}},"20":{"start":{"line":131,"column":30},"end":{"line":131,"column":67}},"21":{"start":{"line":132,"column":24},"end":{"line":132,"column":55}},"22":{"start":{"line":134,"column":26},"end":{"line":139,"column":4}},"23":{"start":{"line":135,"column":4},"end":{"line":138,"column":6}},"24":{"start":{"line":141,"column":33},"end":{"line":146,"column":4}},"25":{"start":{"line":142,"column":4},"end":{"line":145,"column":6}},"26":{"start":{"line":148,"column":27},"end":{"line":154,"column":4}},"27":{"start":{"line":149,"column":4},"end":{"line":153,"column":6}},"28":{"start":{"line":156,"column":2},"end":{"line":163,"column":5}},"29":{"start":{"line":157,"column":18},"end":{"line":159,"column":5}},"30":{"start":{"line":158,"column":16},"end":{"line":158,"column":38}},"31":{"start":{"line":160,"column":4},"end":{"line":162,"column":5}},"32":{"start":{"line":161,"column":6},"end":{"line":161,"column":25}},"33":{"start":{"line":165,"column":17},"end":{"line":195,"column":4}},"34":{"start":{"line":197,"column":22},"end":{"line":202,"column":3}},"35":{"start":{"line":204,"column":2},"end":{"line":208,"column":5}},"36":{"start":{"line":211,"column":0},"end":{"line":211,"column":25}}},"fnMap":{"0":{"name":"(anonymous_0)","decl":{"start":{"line":8,"column":16},"end":{"line":8,"column":17}},"loc":{"start":{"line":8,"column":36},"end":{"line":209,"column":1}},"line":8},"1":{"name":"(anonymous_1)","decl":{"start":{"line":134,"column":43},"end":{"line":134,"column":44}},"loc":{"start":{"line":134,"column":53},"end":{"line":139,"column":3}},"line":134},"2":{"name":"(anonymous_2)","decl":{"start":{"line":141,"column":57},"end":{"line":141,"column":58}},"loc":{"start":{"line":141,"column":67},"end":{"line":146,"column":3}},"line":141},"3":{"name":"(anonymous_3)","decl":{"start":{"line":148,"column":45},"end":{"line":148,"column":46}},"loc":{"start":{"line":148,"column":55},"end":{"line":154,"column":3}},"line":148},"4":{"name":"(anonymous_4)","decl":{"start":{"line":156,"column":19},"end":{"line":156,"column":20}},"loc":{"start":{"line":156,"column":31},"end":{"line":163,"column":3}},"line":156},"5":{"name":"(anonymous_5)","decl":{"start":{"line":158,"column":6},"end":{"line":158,"column":7}},"loc":{"start":{"line":158,"column":16},"end":{"line":158,"column":38}},"line":158}},"branchMap":{"0":{"loc":{"start":{"line":15,"column":2},"end":{"line":25,"column":3}},"type":"if","locations":[{"start":{"line":15,"column":2},"end":{"line":25,"column":3}},{"start":{},"end":{}}],"line":15},"1":{"loc":{"start":{"line":16,"column":4},"end":{"line":24,"column":5}},"type":"if","locations":[{"start":{"line":16,"column":4},"end":{"line":24,"column":5}},{"start":{"line":18,"column":11},"end":{"line":24,"column":5}}],"line":16},"2":{"loc":{"start":{"line":129,"column":24},"end":{"line":129,"column":82}},"type":"cond-expr","locations":[{"start":{"line":129,"column":51},"end":{"line":129,"column":78}},{"start":{"line":129,"column":81},"end":{"line":129,"column":82}}],"line":129},"3":{"loc":{"start":{"line":130,"column":23},"end":{"line":130,"column":53}},"type":"binary-expr","locations":[{"start":{"line":130,"column":23},"end":{"line":130,"column":47}},{"start":{"line":130,"column":51},"end":{"line":130,"column":53}}],"line":130},"4":{"loc":{"start":{"line":131,"column":30},"end":{"line":131,"column":67}},"type":"binary-expr","locations":[{"start":{"line":131,"column":30},"end":{"line":131,"column":61}},{"start":{"line":131,"column":65},"end":{"line":131,"column":67}}],"line":131},"5":{"loc":{"start":{"line":132,"column":24},"end":{"line":132,"column":55}},"type":"binary-expr","locations":[{"start":{"line":132,"column":24},"end":{"line":132,"column":49}},{"start":{"line":132,"column":53},"end":{"line":132,"column":55}}],"line":132},"6":{"loc":{"start":{"line":160,"column":4},"end":{"line":162,"column":5}},"type":"if","locations":[{"start":{"line":160,"column":4},"end":{"line":162,"column":5}},{"start":{},"end":{}}],"line":160},"7":{"loc":{"start":{"line":199,"column":17},"end":{"line":199,"column":63}},"type":"cond-expr","locations":[{"start":{"line":199,"column":37},"end":{"line":199,"column":59}},{"start":{"line":199,"column":62},"end":{"line":199,"column":63}}],"line":199}},"s":{"0":1,"1":1,"2":1,"3":1,"4":1,"5":0,"6":0,"7":0,"8":0,"9":0,"10":0,"11":0,"12":0,"13":0,"14":0,"15":0,"16":0,"17":0,"18":0,"19":0,"20":0,"21":0,"22":0,"23":0,"24":0,"25":0,"26":0,"27":0,"28":0,"29":0,"30":0,"31":0,"32":0,"33":0,"34":0,"35":0,"36":1},"f":{"0":0,"1":0,"2":0,"3":0,"4":0,"5":0},"b":{"0":[0,0],"1":[0,0],"2":[0,0],"3":[0,0],"4":[0,0],"5":[0,0],"6":[0,0],"7":[0,0]},"_coverageSchema":"1a1c01bbd47fc00a2c39e90264f33305004495a9","hash":"efaa0c272233c7c36c348d50cd119065ccf3969d"}
,"/Users/mohammadabdullahrihan/Projects/Princeton-crm/PrincetonCRM-Backend/src/controllers/appControllers/invoiceController/update.js": {"path":"/Users/mohammadabdullahrihan/Projects/Princeton-crm/PrincetonCRM-Backend/src/controllers/appControllers/invoiceController/update.js","statementMap":{"0":{"start":{"line":1,"column":17},"end":{"line":1,"column":36}},"1":{"start":{"line":3,"column":14},"end":{"line":3,"column":39}},"2":{"start":{"line":5,"column":15},"end":{"line":5,"column":45}},"3":{"start":{"line":7,"column":22},"end":{"line":7,"column":49}},"4":{"start":{"line":8,"column":15},"end":{"line":8,"column":42}},"5":{"start":{"line":10,"column":15},"end":{"line":59,"column":1}},"6":{"start":{"line":11,"column":2},"end":{"line":58,"column":3}},"7":{"start":{"line":12,"column":15},"end":{"line":12,"column":23}},"8":{"start":{"line":14,"column":29},"end":{"line":14,"column":50}},"9":{"start":{"line":15,"column":4},"end":{"line":22,"column":5}},"10":{"start":{"line":16,"column":26},"end":{"line":16,"column":31}},"11":{"start":{"line":17,"column":6},"end":{"line":21,"column":9}},"12":{"start":{"line":24,"column":28},"end":{"line":27,"column":6}},"13":{"start":{"line":29,"column":23},"end":{"line":29,"column":38}},"14":{"start":{"line":31,"column":40},"end":{"line":31,"column":48}},"15":{"start":{"line":33,"column":4},"end":{"line":33,"column":26}},"16":{"start":{"line":34,"column":4},"end":{"line":34,"column":54}},"17":{"start":{"line":35,"column":4},"end":{"line":37,"column":5}},"18":{"start":{"line":36,"column":6},"end":{"line":36,"column":27}},"19":{"start":{"line":42,"column":6},"end":{"line":42,"column":94}},"20":{"start":{"line":43,"column":4},"end":{"line":43,"column":42}},"21":{"start":{"line":45,"column":19},"end":{"line":47,"column":13}},"22":{"start":{"line":51,"column":4},"end":{"line":55,"column":7}},"23":{"start":{"line":57,"column":4},"end":{"line":57,"column":23}},"24":{"start":{"line":61,"column":0},"end":{"line":61,"column":24}}},"fnMap":{"0":{"name":"(anonymous_0)","decl":{"start":{"line":10,"column":15},"end":{"line":10,"column":16}},"loc":{"start":{"line":10,"column":41},"end":{"line":59,"column":1}},"line":10}},"branchMap":{"0":{"loc":{"start":{"line":15,"column":4},"end":{"line":22,"column":5}},"type":"if","locations":[{"start":{"line":15,"column":4},"end":{"line":22,"column":5}},{"start":{},"end":{}}],"line":15},"1":{"loc":{"start":{"line":31,"column":12},"end":{"line":31,"column":21}},"type":"default-arg","locations":[{"start":{"line":31,"column":20},"end":{"line":31,"column":21}}],"line":31},"2":{"loc":{"start":{"line":31,"column":23},"end":{"line":31,"column":35}},"type":"default-arg","locations":[{"start":{"line":31,"column":34},"end":{"line":31,"column":35}}],"line":31},"3":{"loc":{"start":{"line":35,"column":4},"end":{"line":37,"column":5}},"type":"if","locations":[{"start":{"line":35,"column":4},"end":{"line":37,"column":5}},{"start":{},"end":{}}],"line":35},"4":{"loc":{"start":{"line":42,"column":6},"end":{"line":42,"column":94}},"type":"cond-expr","locations":[{"start":{"line":42,"column":50},"end":{"line":42,"column":56}},{"start":{"line":42,"column":59},"end":{"line":42,"column":94}}],"line":42},"5":{"loc":{"start":{"line":42,"column":59},"end":{"line":42,"column":94}},"type":"cond-expr","locations":[{"start":{"line":42,"column":72},"end":{"line":42,"column":83}},{"start":{"line":42,"column":86},"end":{"line":42,"column":94}}],"line":42}},"s":{"0":1,"1":1,"2":1,"3":1,"4":1,"5":1,"6":0,"7":0,"8":0,"9":0,"10":0,"11":0,"12":0,"13":0,"14":0,"15":0,"16":0,"17":0,"18":0,"19":0,"20":0,"21":0,"22":0,"23":0,"24":1},"f":{"0":0},"b":{"0":[0,0],"1":[0],"2":[0],"3":[0,0],"4":[0,0],"5":[0,0]},"_coverageSchema":"1a1c01bbd47fc00a2c39e90264f33305004495a9","hash":"39e13211cb8605b48fcfd1e8307ada8b75587901"}
,"/Users/mohammadabdullahrihan/Projects/Princeton-crm/PrincetonCRM-Backend/src/controllers/appControllers/landClientController/index.js": {"path":"/Users/mohammadabdullahrihan/Projects/Princeton-crm/PrincetonCRM-Backend/src/controllers/appControllers/landClientController/index.js","statementMap":{"0":{"start":{"line":1,"column":17},"end":{"line":1,"column":36}},"1":{"start":{"line":2,"column":29},"end":{"line":2,"column":89}},"2":{"start":{"line":5,"column":16},"end":{"line":5,"column":44}},"3":{"start":{"line":6,"column":18},"end":{"line":6,"column":52}},"4":{"start":{"line":8,"column":2},"end":{"line":8,"column":17}},"5":{"start":{"line":11,"column":0},"end":{"line":11,"column":35}}},"fnMap":{"0":{"name":"modelController","decl":{"start":{"line":4,"column":9},"end":{"line":4,"column":24}},"loc":{"start":{"line":4,"column":27},"end":{"line":9,"column":1}},"line":4}},"branchMap":{},"s":{"0":1,"1":1,"2":1,"3":1,"4":1,"5":1},"f":{"0":1},"b":{},"_coverageSchema":"1a1c01bbd47fc00a2c39e90264f33305004495a9","hash":"683db850cb0c42897fb240e30cd25ead25367c76"}
,"/Users/mohammadabdullahrihan/Projects/Princeton-crm/PrincetonCRM-Backend/src/controllers/appControllers/paymentController/create.js": {"path":"/Users/mohammadabdullahrihan/Projects/Princeton-crm/PrincetonCRM-Backend/src/controllers/appControllers/paymentController/create.js","statementMap":{"0":{"start":{"line":1,"column":17},"end":{"line":1,"column":36}},"1":{"start":{"line":3,"column":14},"end":{"line":3,"column":39}},"2":{"start":{"line":4,"column":16},"end":{"line":4,"column":41}},"3":{"start":{"line":5,"column":15},"end":{"line":5,"column":45}},"4":{"start":{"line":7,"column":22},"end":{"line":7,"column":49}},"5":{"start":{"line":9,"column":15},"end":{"line":84,"column":1}},"6":{"start":{"line":11,"column":2},"end":{"line":17,"column":3}},"7":{"start":{"line":12,"column":4},"end":{"line":16,"column":7}},"8":{"start":{"line":19,"column":25},"end":{"line":22,"column":4}},"9":{"start":{"line":28,"column":6},"end":{"line":28,"column":20}},"10":{"start":{"line":30,"column":20},"end":{"line":30,"column":97}},"11":{"start":{"line":32,"column":2},"end":{"line":38,"column":3}},"12":{"start":{"line":33,"column":4},"end":{"line":37,"column":7}},"13":{"start":{"line":39,"column":2},"end":{"line":39,"column":40}},"14":{"start":{"line":41,"column":17},"end":{"line":41,"column":45}},"15":{"start":{"line":43,"column":17},"end":{"line":43,"column":49}},"16":{"start":{"line":44,"column":21},"end":{"line":53,"column":10}},"17":{"start":{"line":56,"column":37},"end":{"line":56,"column":43}},"18":{"start":{"line":57,"column":53},"end":{"line":57,"column":67}},"19":{"start":{"line":60,"column":4},"end":{"line":64,"column":18}},"20":{"start":{"line":66,"column":24},"end":{"line":77,"column":10}},"21":{"start":{"line":79,"column":2},"end":{"line":83,"column":5}},"22":{"start":{"line":86,"column":0},"end":{"line":86,"column":24}}},"fnMap":{"0":{"name":"(anonymous_0)","decl":{"start":{"line":9,"column":15},"end":{"line":9,"column":16}},"loc":{"start":{"line":9,"column":35},"end":{"line":84,"column":1}},"line":9}},"branchMap":{"0":{"loc":{"start":{"line":11,"column":2},"end":{"line":17,"column":3}},"type":"if","locations":[{"start":{"line":11,"column":2},"end":{"line":17,"column":3}},{"start":{},"end":{}}],"line":11},"1":{"loc":{"start":{"line":32,"column":2},"end":{"line":38,"column":3}},"type":"if","locations":[{"start":{"line":32,"column":2},"end":{"line":38,"column":3}},{"start":{},"end":{}}],"line":32},"2":{"loc":{"start":{"line":60,"column":4},"end":{"line":64,"column":18}},"type":"cond-expr","locations":[{"start":{"line":61,"column":8},"end":{"line":61,"column":14}},{"start":{"line":62,"column":8},"end":{"line":64,"column":18}}],"line":60},"3":{"loc":{"start":{"line":62,"column":8},"end":{"line":64,"column":18}},"type":"cond-expr","locations":[{"start":{"line":63,"column":10},"end":{"line":63,"column":21}},{"start":{"line":64,"column":10},"end":{"line":64,"column":18}}],"line":62}},"s":{"0":1,"1":1,"2":1,"3":1,"4":1,"5":1,"6":0,"7":0,"8":0,"9":0,"10":0,"11":0,"12":0,"13":0,"14":0,"15":0,"16":0,"17":0,"18":0,"19":0,"20":0,"21":0,"22":1},"f":{"0":0},"b":{"0":[0,0],"1":[0,0],"2":[0,0],"3":[0,0]},"_coverageSchema":"1a1c01bbd47fc00a2c39e90264f33305004495a9","hash":"19f604a76718835b15a8ea9b610c034adb38d39c"}
,"/Users/mohammadabdullahrihan/Projects/Princeton-crm/PrincetonCRM-Backend/src/controllers/appControllers/paymentController/index.js": {"path":"/Users/mohammadabdullahrihan/Projects/Princeton-crm/PrincetonCRM-Backend/src/controllers/appControllers/paymentController/index.js","statementMap":{"0":{"start":{"line":1,"column":29},"end":{"line":1,"column":89}},"1":{"start":{"line":2,"column":16},"end":{"line":2,"column":47}},"2":{"start":{"line":4,"column":15},"end":{"line":4,"column":34}},"3":{"start":{"line":5,"column":16},"end":{"line":5,"column":36}},"4":{"start":{"line":6,"column":15},"end":{"line":6,"column":34}},"5":{"start":{"line":7,"column":15},"end":{"line":7,"column":34}},"6":{"start":{"line":8,"column":17},"end":{"line":8,"column":38}},"7":{"start":{"line":10,"column":0},"end":{"line":10,"column":24}},"8":{"start":{"line":11,"column":0},"end":{"line":11,"column":24}},"9":{"start":{"line":12,"column":0},"end":{"line":12,"column":24}},"10":{"start":{"line":13,"column":0},"end":{"line":13,"column":24}},"11":{"start":{"line":14,"column":0},"end":{"line":14,"column":26}},"12":{"start":{"line":16,"column":0},"end":{"line":16,"column":25}}},"fnMap":{},"branchMap":{},"s":{"0":1,"1":1,"2":1,"3":1,"4":1,"5":1,"6":1,"7":1,"8":1,"9":1,"10":1,"11":1,"12":1},"f":{},"b":{},"_coverageSchema":"1a1c01bbd47fc00a2c39e90264f33305004495a9","hash":"508337b5a59a8c459393865fa29258d2b77969c7"}
,"/Users/mohammadabdullahrihan/Projects/Princeton-crm/PrincetonCRM-Backend/src/controllers/appControllers/paymentController/remove.js": {"path":"/Users/mohammadabdullahrihan/Projects/Princeton-crm/PrincetonCRM-Backend/src/controllers/appControllers/paymentController/remove.js","statementMap":{"0":{"start":{"line":1,"column":17},"end":{"line":1,"column":36}},"1":{"start":{"line":3,"column":14},"end":{"line":3,"column":39}},"2":{"start":{"line":4,"column":16},"end":{"line":4,"column":41}},"3":{"start":{"line":6,"column":15},"end":{"line":66,"column":1}},"4":{"start":{"line":8,"column":26},"end":{"line":11,"column":4}},"5":{"start":{"line":13,"column":2},"end":{"line":19,"column":3}},"6":{"start":{"line":14,"column":4},"end":{"line":18,"column":7}},"7":{"start":{"line":21,"column":53},"end":{"line":21,"column":68}},"8":{"start":{"line":22,"column":69},"end":{"line":22,"column":92}},"9":{"start":{"line":25,"column":16},"end":{"line":27,"column":3}},"10":{"start":{"line":29,"column":17},"end":{"line":35,"column":10}},"11":{"start":{"line":39,"column":4},"end":{"line":43,"column":18}},"12":{"start":{"line":45,"column":24},"end":{"line":59,"column":10}},"13":{"start":{"line":61,"column":2},"end":{"line":65,"column":5}},"14":{"start":{"line":67,"column":0},"end":{"line":67,"column":24}}},"fnMap":{"0":{"name":"(anonymous_0)","decl":{"start":{"line":6,"column":15},"end":{"line":6,"column":16}},"loc":{"start":{"line":6,"column":35},"end":{"line":66,"column":1}},"line":6}},"branchMap":{"0":{"loc":{"start":{"line":13,"column":2},"end":{"line":19,"column":3}},"type":"if","locations":[{"start":{"line":13,"column":2},"end":{"line":19,"column":3}},{"start":{},"end":{}}],"line":13},"1":{"loc":{"start":{"line":39,"column":4},"end":{"line":43,"column":18}},"type":"cond-expr","locations":[{"start":{"line":40,"column":8},"end":{"line":40,"column":14}},{"start":{"line":41,"column":8},"end":{"line":43,"column":18}}],"line":39},"2":{"loc":{"start":{"line":41,"column":8},"end":{"line":43,"column":18}},"type":"cond-expr","locations":[{"start":{"line":42,"column":10},"end":{"line":42,"column":21}},{"start":{"line":43,"column":10},"end":{"line":43,"column":18}}],"line":41}},"s":{"0":1,"1":1,"2":1,"3":1,"4":0,"5":0,"6":0,"7":0,"8":0,"9":0,"10":0,"11":0,"12":0,"13":0,"14":1},"f":{"0":0},"b":{"0":[0,0],"1":[0,0],"2":[0,0]},"_coverageSchema":"1a1c01bbd47fc00a2c39e90264f33305004495a9","hash":"561dd496dbdbf7c4da3c15cab29c8eefdb15d4ad"}
,"/Users/mohammadabdullahrihan/Projects/Princeton-crm/PrincetonCRM-Backend/src/controllers/appControllers/paymentController/sendMail.js": {"path":"/Users/mohammadabdullahrihan/Projects/Princeton-crm/PrincetonCRM-Backend/src/controllers/appControllers/paymentController/sendMail.js","statementMap":{"0":{"start":{"line":1,"column":13},"end":{"line":7,"column":1}},"1":{"start":{"line":2,"column":2},"end":{"line":6,"column":5}},"2":{"start":{"line":9,"column":0},"end":{"line":9,"column":22}}},"fnMap":{"0":{"name":"(anonymous_0)","decl":{"start":{"line":1,"column":13},"end":{"line":1,"column":14}},"loc":{"start":{"line":1,"column":33},"end":{"line":7,"column":1}},"line":1}},"branchMap":{},"s":{"0":1,"1":0,"2":1},"f":{"0":0},"b":{},"_coverageSchema":"1a1c01bbd47fc00a2c39e90264f33305004495a9","hash":"d9e44f64a1519246c16658ef6698a685efa33942"}
,"/Users/mohammadabdullahrihan/Projects/Princeton-crm/PrincetonCRM-Backend/src/controllers/appControllers/paymentController/summary.js": {"path":"/Users/mohammadabdullahrihan/Projects/Princeton-crm/PrincetonCRM-Backend/src/controllers/appControllers/paymentController/summary.js","statementMap":{"0":{"start":{"line":1,"column":17},"end":{"line":1,"column":36}},"1":{"start":{"line":2,"column":15},"end":{"line":2,"column":32}},"2":{"start":{"line":4,"column":14},"end":{"line":4,"column":39}},"3":{"start":{"line":5,"column":25},"end":{"line":5,"column":65}},"4":{"start":{"line":7,"column":16},"end":{"line":67,"column":1}},"5":{"start":{"line":8,"column":20},"end":{"line":8,"column":27}},"6":{"start":{"line":10,"column":19},"end":{"line":10,"column":28}},"7":{"start":{"line":12,"column":19},"end":{"line":12,"column":39}},"8":{"start":{"line":14,"column":2},"end":{"line":24,"column":3}},"9":{"start":{"line":15,"column":4},"end":{"line":23,"column":5}},"10":{"start":{"line":16,"column":6},"end":{"line":16,"column":25}},"11":{"start":{"line":18,"column":6},"end":{"line":22,"column":9}},"12":{"start":{"line":26,"column":22},"end":{"line":26,"column":30}},"13":{"start":{"line":27,"column":18},"end":{"line":27,"column":58}},"14":{"start":{"line":28,"column":16},"end":{"line":28,"column":54}},"15":{"start":{"line":31,"column":17},"end":{"line":60,"column":4}},"16":{"start":{"line":62,"column":2},"end":{"line":66,"column":5}},"17":{"start":{"line":69,"column":0},"end":{"line":69,"column":25}}},"fnMap":{"0":{"name":"(anonymous_0)","decl":{"start":{"line":7,"column":16},"end":{"line":7,"column":17}},"loc":{"start":{"line":7,"column":36},"end":{"line":67,"column":1}},"line":7}},"branchMap":{"0":{"loc":{"start":{"line":14,"column":2},"end":{"line":24,"column":3}},"type":"if","locations":[{"start":{"line":14,"column":2},"end":{"line":24,"column":3}},{"start":{},"end":{}}],"line":14},"1":{"loc":{"start":{"line":15,"column":4},"end":{"line":23,"column":5}},"type":"if","locations":[{"start":{"line":15,"column":4},"end":{"line":23,"column":5}},{"start":{"line":17,"column":11},"end":{"line":23,"column":5}}],"line":15},"2":{"loc":{"start":{"line":64,"column":12},"end":{"line":64,"column":66}},"type":"cond-expr","locations":[{"start":{"line":64,"column":32},"end":{"line":64,"column":41}},{"start":{"line":64,"column":44},"end":{"line":64,"column":66}}],"line":64}},"s":{"0":1,"1":1,"2":1,"3":1,"4":1,"5":0,"6":0,"7":0,"8":0,"9":0,"10":0,"11":0,"12":0,"13":0,"14":0,"15":0,"16":0,"17":1},"f":{"0":0},"b":{"0":[0,0],"1":[0,0],"2":[0,0]},"_coverageSchema":"1a1c01bbd47fc00a2c39e90264f33305004495a9","hash":"f150a19036c15643c6dac710317bde4a31cb1f5a"}
[...]
},"17":{"start":{"line":287,"column":32},"end":{"line":380,"column":1}},"18":{"start":{"line":382,"column":29},"end":{"line":382,"column":78}},"19":{"start":{"line":383,"column":4},"end":{"line":383,"column":60}},"20":{"start":{"line":384,"column":4},"end":{"line":384,"column":86}},"21":{"start":{"line":385,"column":4},"end":{"line":385,"column":21}},"22":{"start":{"line":387,"column":4},"end":{"line":387,"column":73}},"23":{"start":{"line":391,"column":2},"end":{"line":525,"column":3}},"24":{"start":{"line":392,"column":28},"end":{"line":517,"column":1}},"25":{"start":{"line":519,"column":25},"end":{"line":519,"column":61}},"26":{"start":{"line":520,"column":4},"end":{"line":520,"column":52}},"27":{"start":{"line":521,"column":4},"end":{"line":521,"column":60}},"28":{"start":{"line":522,"column":4},"end":{"line":522,"column":21}},"29":{"start":{"line":524,"column":4},"end":{"line":524,"column":69}},"30":{"start":{"line":527,"column":2},"end":{"line":527,"column":87}},"31":{"start":{"line":528,"column":2},"end":{"line":528,"column":65}},"32":{"start":{"line":532,"column":0},"end":{"line":534,"column":1}},"33":{"start":{"line":533,"column":2},"end":{"line":533,"column":24}},"34":{"start":{"line":536,"column":0},"end":{"line":536,"column":41}}},"fnMap":{"0":{"name":"(anonymous_0)","decl":{"start":{"line":7,"column":28},"end":{"line":7,"column":29}},"loc":{"start":{"line":7,"column":34},"end":{"line":529,"column":1}},"line":7}},"branchMap":{"0":{"loc":{"start":{"line":209,"column":4},"end":{"line":240,"column":10}},"type":"cond-expr","locations":[{"start":{"line":210,"column":8},"end":{"line":239,"column":8}},{"start":{"line":240,"column":8},"end":{"line":240,"column":10}}],"line":209},"1":{"loc":{"start":{"line":209,"column":4},"end":{"line":209,"column":70}},"type":"binary-expr","locations":[{"start":{"line":209,"column":4},"end":{"line":209,"column":24}},{"start":{"line":209,"column":28},"end":{"line":209,"column":46}},{"start":{"line":209,"column":50},"end":{"line":209,"column":70}}],"line":209},"2":{"loc":{"start":{"line":244,"column":4},"end":{"line":272,"column":10}},"type":"cond-expr","locations":[{"start":{"line":245,"column":8},"end":{"line":271,"column":8}},{"start":{"line":272,"column":8},"end":{"line":272,"column":10}}],"line":244},"3":{"loc":{"start":{"line":532,"column":0},"end":{"line":534,"column":1}},"type":"if","locations":[{"start":{"line":532,"column":0},"end":{"line":534,"column":1}},{"start":{},"end":{}}],"line":532}},"s":{"0":0,"1":0,"2":0,"3":0,"4":0,"5":0,"6":0,"7":0,"8":0,"9":0,"10":0,"11":0,"12":0,"13":0,"14":0,"15":0,"16":0,"17":0,"18":0,"19":0,"20":0,"21":0,"22":0,"23":0,"24":0,"25":0,"26":0,"27":0,"28":0,"29":0,"30":0,"31":0,"32":0,"33":0,"34":0},"f":{"0":0},"b":{"0":[0,0],"1":[0,0,0],"2":[0,0],"3":[0,0]}}
,"/Users/mohammadabdullahrihan/Projects/Princeton-crm/PrincetonCRM-Backend/src/tests/api/testUtils.js": {"path":"/Users/mohammadabdullahrihan/Projects/Princeton-crm/PrincetonCRM-Backend/src/tests/api/testUtils.js","statementMap":{"0":{"start":{"line":1,"column":16},"end":{"line":1,"column":36}},"1":{"start":{"line":2,"column":12},"end":{"line":2,"column":35}},"2":{"start":{"line":3,"column":17},"end":{"line":3,"column":36}},"3":{"start":{"line":10,"column":26},"end":{"line":51,"column":1}},"4":{"start":{"line":11,"column":2},"end":{"line":50,"column":3}},"5":{"start":{"line":14,"column":4},"end":{"line":20,"column":5}},"6":{"start":{"line":15,"column":6},"end":{"line":15,"column":38}},"7":{"start":{"line":16,"column":6},"end":{"line":16,"column":54}},"8":{"start":{"line":18,"column":6},"end":{"line":18,"column":65}},"9":{"start":{"line":19,"column":6},"end":{"line":19,"column":30}},"10":{"start":{"line":22,"column":18},"end":{"line":22,"column":65}},"11":{"start":{"line":23,"column":4},"end":{"line":26,"column":5}},"12":{"start":{"line":24,"column":6},"end":{"line":24,"column":70}},"13":{"start":{"line":25,"column":6},"end":{"line":25,"column":30}},"14":{"start":{"line":28,"column":26},"end":{"line":28,"column":74}},"15":{"start":{"line":29,"column":4},"end":{"line":32,"column":5}},"16":{"start":{"line":30,"column":6},"end":{"line":30,"column":74}},"17":{"start":{"line":31,"column":6},"end":{"line":31,"column":30}},"18":{"start":{"line":34,"column":18},"end":{"line":44,"column":5}},"19":{"start":{"line":46,"column":4},"end":{"line":46,"column":17}},"20":{"start":{"line":48,"column":4},"end":{"line":48,"column":80}},"21":{"start":{"line":49,"column":4},"end":{"line":49,"column":28}},"22":{"start":{"line":56,"column":23},"end":{"line":62,"column":1}},"23":{"start":{"line":57,"column":16},"end":{"line":57,"column":41}},"24":{"start":{"line":58,"column":2},"end":{"line":61,"column":4}},"25":{"start":{"line":67,"column":23},"end":{"line":83,"column":1}},"26":{"start":{"line":68,"column":2},"end":{"line":82,"column":3}},"27":{"start":{"line":69,"column":18},"end":{"line":69,"column":43}},"28":{"start":{"line":70,"column":21},"end":{"line":75,"column":5}},"29":{"start":{"line":77,"column":21},"end":{"line":77,"column":40}},"30":{"start":{"line":78,"column":4},"end":{"line":78,"column":33}},"31":{"start":{"line":80,"column":4},"end":{"line":80,"column":79}},"32":{"start":{"line":81,"column":4},"end":{"line":81,"column":16}},"33":{"start":{"line":88,"column":21},"end":{"line":140,"column":1}},"34":{"start":{"line":89,"column":18},"end":{"line":89,"column":20}},"35":{"start":{"line":91,"column":2},"end":{"line":137,"column":3}},"36":{"start":{"line":92,"column":4},"end":{"line":136,"column":5}},"37":{"start":{"line":93,"column":27},"end":{"line":93,"column":71}},"38":{"start":{"line":96,"column":6},"end":{"line":100,"column":7}},"39":{"start":{"line":97,"column":8},"end":{"line":99,"column":11}},"40":{"start":{"line":98,"column":10},"end":{"line":98,"column":58}},"41":{"start":{"line":103,"column":6},"end":{"line":105,"column":7}},"42":{"start":{"line":104,"column":8},"end":{"line":104,"column":60}},"43":{"start":{"line":108,"column":6},"end":{"line":112,"column":7}},"44":{"start":{"line":109,"column":8},"end":{"line":111,"column":11}},"45":{"start":{"line":110,"column":10},"end":{"line":110,"column":66}},"46":{"start":{"line":114,"column":23},"end":{"line":114,"column":43}},"47":{"start":{"line":117,"column":31},"end":{"line":119,"column":53}},"48":{"start":{"line":121,"column":6},"end":{"line":127,"column":9}},"49":{"start":{"line":129,"column":6},"end":{"line":135,"column":9}},"50":{"start":{"line":139,"column":2},"end":{"line":139,"column":17}},"51":{"start":{"line":145,"column":30},"end":{"line":181,"column":1}},"52":{"start":{"line":146,"column":20},"end":{"line":146,"column":22}},"53":{"start":{"line":149,"column":2},"end":{"line":154,"column":5}},"54":{"start":{"line":157,"column":2},"end":{"line":162,"column":5}},"55":{"start":{"line":165,"column":2},"end":{"line":170,"column":5}},"56":{"start":{"line":173,"column":2},"end":{"line":178,"column":5}},"57":{"start":{"line":180,"column":2},"end":{"line":180,"column":19}},"58":{"start":{"line":186,"column":27},"end":{"line":235,"column":1}},"59":{"start":{"line":187,"column":22},"end":{"line":227,"column":3}},"60":{"start":{"line":229,"column":2},"end":{"line":234,"column":4}},"61":{"start":{"line":237,"column":0},"end":{"line":244,"column":2}}},"fnMap":{"0":{"name":"(anonymous_0)","decl":{"start":{"line":10,"column":26},"end":{"line":10,"column":27}},"loc":{"start":{"line":10,"column":38},"end":{"line":51,"column":1}},"line":10},"1":{"name":"(anonymous_1)","decl":{"start":{"line":56,"column":23},"end":{"line":56,"column":24}},"loc":{"start":{"line":56,"column":35},"end":{"line":62,"column":1}},"line":56},"2":{"name":"(anonymous_2)","decl":{"start":{"line":67,"column":23},"end":{"line":67,"column":24}},"loc":{"start":{"line":67,"column":55},"end":{"line":83,"column":1}},"line":67},"3":{"name":"(anonymous_3)","decl":{"start":{"line":88,"column":21},"end":{"line":88,"column":22}},"loc":{"start":{"line":88,"column":65},"end":{"line":140,"column":1}},"line":88},"4":{"name":"(anonymous_4)","decl":{"start":{"line":97,"column":49},"end":{"line":97,"column":50}},"loc":{"start":{"line":97,"column":67},"end":{"line":99,"column":9}},"line":97},"5":{"name":"(anonymous_5)","decl":{"start":{"line":109,"column":47},"end":{"line":109,"column":48}},"loc":{"start":{"line":109,"column":65},"end":{"line":111,"column":9}},"line":109},"6":{"name":"(anonymous_6)","decl":{"start":{"line":145,"column":30},"end":{"line":145,"column":31}},"loc":{"start":{"line":145,"column":63},"end":{"line":181,"column":1}},"line":145},"7":{"name":"(anonymous_7)","decl":{"start":{"line":186,"column":27},"end":{"line":186,"column":28}},"loc":{"start":{"line":186,"column":39},"end":{"line":235,"column":1}},"line":186}},"branchMap":{"0":{"loc":{"start":{"line":23,"column":4},"end":{"line":26,"column":5}},"type":"if","locations":[{"start":{"line":23,"column":4},"end":{"line":26,"column":5}},{"start":{},"end":{}}],"line":23},"1":{"loc":{"start":{"line":29,"column":4},"end":{"line":32,"column":5}},"type":"if","locations":[{"start":{"line":29,"column":4},"end":{"line":32,"column":5}},{"start":{},"end":{}}],"line":29},"2":{"loc":{"start":{"line":42,"column":6},"end":{"line":42,"column":61}},"type":"binary-expr","locations":[{"start":{"line":42,"column":6},"end":{"line":42,"column":28}},{"start":{"line":42,"column":32},"end":{"line":42,"column":61}}],"line":42},"3":{"loc":{"start":{"line":67,"column":41},"end":{"line":67,"column":50}},"type":"default-arg","locations":[{"start":{"line":67,"column":48},"end":{"line":67,"column":50}}],"line":67},"4":{"loc":{"start":{"line":73,"column":15},"end":{"line":73,"column":63}},"type":"cond-expr","locations":[{"start":{"line":73,"column":44},"end":{"line":73,"column":56}},{"start":{"line":73,"column":59},"end":{"line":73,"column":63}}],"line":73},"5":{"loc":{"start":{"line":96,"column":6},"end":{"line":100,"column":7}},"type":"if","locations":[{"start":{"line":96,"column":6},"end":{"line":100,"column":7}},{"start":{},"end":{}}],"line":96},"6":{"loc":{"start":{"line":103,"column":6},"end":{"line":105,"column":7}},"type":"if","locations":[{"start":{"line":103,"column":6},"end":{"line":105,"column":7}},{"start":{},"end":{}}],"line":103},"7":{"loc":{"start":{"line":108,"column":6},"end":{"line":112,"column":7}},"type":"if","locations":[{"start":{"line":108,"column":6},"end":{"line":112,"column":7}},{"start":{},"end":{}}],"line":108},"8":{"loc":{"start":{"line":117,"column":31},"end":{"line":119,"column":53}},"type":"cond-expr","locations":[{"start":{"line":118,"column":10},"end":{"line":118,"column":59}},{"start":{"line":119,"column":10},"end":{"line":119,"column":53}}],"line":117},"9":{"loc":{"start":{"line":132,"column":22},"end":{"line":132,"column":41}},"type":"binary-expr","locations":[{"start":{"line":132,"column":22},"end":{"line":132,"column":34}},{"start":{"line":132,"column":38},"end":{"line":132,"column":41}}],"line":132},"10":{"loc":{"start":{"line":145,"column":39},"end":{"line":145,"column":58}},"type":"default-arg","locations":[{"start":{"line":145,"column":54},"end":{"line":145,"column":58}}],"line":145},"11":{"loc":{"start":{"line":152,"column":13},"end":{"line":152,"column":42}},"type":"cond-expr","locations":[{"start":{"line":152,"column":28},"end":{"line":152,"column":30}},{"start":{"line":152,"column":33},"end":{"line":152,"column":42}}],"line":152},"12":{"loc":{"start":{"line":160,"column":13},"end":{"line":160,"column":42}},"type":"cond-expr","locations":[{"start":{"line":160,"column":28},"end":{"line":160,"column":30}},{"start":{"line":160,"column":33},"end":{"line":160,"column":42}}],"line":160},"13":{"loc":{"start":{"line":168,"column":13},"end":{"line":168,"column":42}},"type":"cond-expr","locations":[{"start":{"line":168,"column":28},"end":{"line":168,"column":30}},{"start":{"line":168,"column":33},"end":{"line":168,"column":42}}],"line":168},"14":{"loc":{"start":{"line":176,"column":13},"end":{"line":176,"column":42}},"type":"cond-expr","locations":[{"start":{"line":176,"column":28},"end":{"line":176,"column":30}},{"start":{"line":176,"column":33},"end":{"line":176,"column":42}}],"line":176},"15":{"loc":{"start":{"line":230,"column":4},"end":{"line":233,"column":5}},"type":"binary-expr","locations":[{"start":{"line":230,"column":4},"end":{"line":230,"column":23}},{"start":{"line":230,"column":27},"end":{"line":233,"column":5}}],"line":230}},"s":{"0":1,"1":1,"2":1,"3":1,"4":2,"5":2,"6":2,"7":2,"8":0,"9":0,"10":2,"11":2,"12":2,"13":2,"14":0,"15":0,"16":0,"17":0,"18":0,"19":0,"20":0,"21":0,"22":1,"23":1,"24":1,"25":1,"26":0,"27":0,"28":0,"29":0,"30":0,"31":0,"32":0,"33":1,"34":2,"35":2,"36":6,"37":6,"38":6,"39":6,"40":10,"41":6,"42":3,"43":6,"44":0,"45":0,"46":6,"47":6,"48":6,"49":0,"50":2,"51":1,"52":0,"53":0,"54":0,"55":0,"56":0,"57":0,"58":1,"59":0,"60":0,"61":1},"f":{"0":2,"1":1,"2":0,"3":2,"4":10,"5":0,"6":0,"7":0},"b":{"0":[2,0],"1":[0,0],"2":[0,0],"3":[0],"4":[0,0],"5":[6,0],"6":[3,3],"7":[0,6],"8":[6,0],"9":[0,0],"10":[0],"11":[0,0],"12":[0,0],"13":[0,0],"14":[0,0],"15":[0,0]},"_coverageSchema":"1a1c01bbd47fc00a2c39e90264f33305004495a9","hash":"6a078eed852237232f4771d6397c0494c1828f7b"}
,"/Users/mohammadabdullahrihan/Projects/Princeton-crm/PrincetonCRM-Backend/src/utils/countryList.js": {"path":"/Users/mohammadabdullahrihan/Projects/Princeton-crm/PrincetonCRM-Backend/src/utils/countryList.js","statementMap":{"0":{"start":{"line":1,"column":22},"end":{"line":837,"column":1}}},"fnMap":{},"branchMap":{},"s":{"0":0},"f":{},"b":{}}
,"/Users/mohammadabdullahrihan/Projects/Princeton-crm/PrincetonCRM-Backend/src/utils/currency.js": {"path":"/Users/mohammadabdullahrihan/Projects/Princeton-crm/PrincetonCRM-Backend/src/utils/currency.js","statementMap":{"0":{"start":{"line":1,"column":21},"end":{"line":122,"column":1}},"1":{"start":{"line":124,"column":0},"end":{"line":126,"column":2}},"2":{"start":{"line":125,"column":2},"end":{"line":125,"column":51}}},"fnMap":{"0":{"name":"(anonymous_0)","decl":{"start":{"line":124,"column":24},"end":{"line":124,"column":25}},"loc":{"start":{"line":124,"column":34},"end":{"line":126,"column":1}},"line":124}},"branchMap":{},"s":{"0":0,"1":0,"2":0},"f":{"0":0},"b":{}}
,"/Users/mohammadabdullahrihan/Projects/Princeton-crm/PrincetonCRM-Backend/src/utils/currencyList.js": {"path":"/Users/mohammadabdullahrihan/Projects/Princeton-crm/PrincetonCRM-Backend/src/utils/currencyList.js","statementMap":{"0":{"start":{"line":1,"column":0},"end":{"line":24,"column":2}}},"fnMap":{},"branchMap":{},"s":{"0":0},"f":{},"b":{}}
,"/Users/mohammadabdullahrihan/Projects/Princeton-crm/PrincetonCRM-Backend/src/utils/is-path-inside.js": {"path":"/Users/mohammadabdullahrihan/Projects/Princeton-crm/PrincetonCRM-Backend/src/utils/is-path-inside.js","statementMap":{"0":{"start":{"line":1,"column":13},"end":{"line":1,"column":28}},"1":{"start":{"line":5,"column":0},"end":{"line":14,"column":2}},"2":{"start":{"line":6,"column":19},"end":{"line":6,"column":55}},"3":{"start":{"line":8,"column":2},"end":{"line":13,"column":4}}},"fnMap":{"0":{"name":"(anonymous_0)","decl":{"start":{"line":5,"column":23},"end":{"line":5,"column":24}},"loc":{"start":{"line":5,"column":50},"end":{"line":14,"column":1}},"line":5}},"branchMap":{"0":{"loc":{"start":{"line":9,"column":4},"end":{"line":12,"column":42}},"type":"binary-expr","locations":[{"start":{"line":9,"column":4},"end":{"line":9,"column":12}},{"start":{"line":10,"column":6},"end":{"line":10,"column":23}},{"start":{"line":11,"column":6},"end":{"line":11,"column":43}},{"start":{"line":12,"column":6},"end":{"line":12,"column":42}}],"line":9}},"s":{"0":1,"1":1,"2":0,"3":0},"f":{"0":0},"b":{"0":[0,0,0,0]},"_coverageSchema":"1a1c01bbd47fc00a2c39e90264f33305004495a9","hash":"0d5bb9079c1afd2d1f961cd831924c29b1a5a817"}
,"/Users/mohammadabdullahrihan/Projects/Princeton-crm/PrincetonCRM-Backend/src/utils/loadModels.js": {"path":"/Users/mohammadabdullahrihan/Projects/Princeton-crm/PrincetonCRM-Backend/src/utils/loadModels.js","statementMap":{"0":{"start":{"line":1,"column":17},"end":{"line":1,"column":36}},"1":{"start":{"line":2,"column":13},"end":{"line":2,"column":28}},"2":{"start":{"line":3,"column":21},"end":{"line":3,"column":36}},"3":{"start":{"line":6,"column":2},"end":{"line":6,"column":38}},"4":{"start":{"line":9,"column":21},"end":{"line":9,"column":72}},"5":{"start":{"line":10,"column":2},"end":{"line":10,"column":59}},"6":{"start":{"line":13,"column":2},"end":{"line":23,"column":5}},"7":{"start":{"line":15,"column":4},"end":{"line":15,"column":42}},"8":{"start":{"line":15,"column":35},"end":{"line":15,"column":42}},"9":{"start":{"line":17,"column":4},"end":{"line":22,"column":5}},"10":{"start":{"line":18,"column":6},"end":{"line":18,"column":20}},"11":{"start":{"line":19,"column":6},"end":{"line":19,"column":64}},"12":{"start":{"line":21,"column":6},"end":{"line":21,"column":72}},"13":{"start":{"line":26,"column":2},"end":{"line":26,"column":62}},"14":{"start":{"line":29,"column":2},"end":{"line":36,"column":4}},"15":{"start":{"line":31,"column":6},"end":{"line":33,"column":7}},"16":{"start":{"line":32,"column":8},"end":{"line":32,"column":105}},"17":{"start":{"line":34,"column":6},"end":{"line":34,"column":39}},"18":{"start":{"line":39,"column":0},"end":{"line":39,"column":28}}},"fnMap":{"0":{"name":"loadModels","decl":{"start":{"line":5,"column":9},"end":{"line":5,"column":19}},"loc":{"start":{"line":5,"column":22},"end":{"line":37,"column":1}},"line":5},"1":{"name":"(anonymous_1)","decl":{"start":{"line":13,"column":21},"end":{"line":13,"column":22}},"loc":{"start":{"line":13,"column":31},"end":{"line":23,"column":3}},"line":13},"2":{"name":"(anonymous_2)","decl":{"start":{"line":30,"column":14},"end":{"line":30,"column":15}},"loc":{"start":{"line":30,"column":29},"end":{"line":35,"column":5}},"line":30}},"branchMap":{"0":{"loc":{"start":{"line":15,"column":4},"end":{"line":15,"column":42}},"type":"if","locations":[{"start":{"line":15,"column":4},"end":{"line":15,"column":42}},{"start":{},"end":{}}],"line":15},"1":{"loc":{"start":{"line":31,"column":6},"end":{"line":33,"column":7}},"type":"if","locations":[{"start":{"line":31,"column":6},"end":{"line":33,"column":7}},{"start":{},"end":{}}],"line":31}},"s":{"0":0,"1":0,"2":0,"3":0,"4":0,"5":0,"6":0,"7":0,"8":0,"9":0,"10":0,"11":0,"12":0,"13":0,"14":0,"15":0,"16":0,"17":0,"18":0},"f":{"0":0,"1":0,"2":0},"b":{"0":[0,0],"1":[0,0]}}
,"/Users/mohammadabdullahrihan/Projects/Princeton-crm/PrincetonCRM-Backend/src/utils/registerModels.js": {"path":"/Users/mohammadabdullahrihan/Projects/Princeton-crm/PrincetonCRM-Backend/src/utils/registerModels.js","statementMap":{"0":{"start":{"line":1,"column":13},"end":{"line":1,"column":28}},"1":{"start":{"line":2,"column":11},"end":{"line":2,"column":24}},"2":{"start":{"line":5,"column":2},"end":{"line":5,"column":42}},"3":{"start":{"line":6,"column":21},"end":{"line":6,"column":54}},"4":{"start":{"line":9,"column":2},"end":{"line":18,"column":5}},"5":{"start":{"line":10,"column":4},"end":{"line":17,"column":5}},"6":{"start":{"line":11,"column":6},"end":{"line":16,"column":7}},"7":{"start":{"line":12,"column":8},"end":{"line":12,"column":45}},"8":{"start":{"line":13,"column":8},"end":{"line":13,"column":51}},"9":{"start":{"line":15,"column":8},"end":{"line":15,"column":73}},"10":{"start":{"line":21,"column":0},"end":{"line":21,"column":32}}},"fnMap":{"0":{"name":"registerModels","decl":{"start":{"line":4,"column":9},"end":{"line":4,"column":23}},"loc":{"start":{"line":4,"column":26},"end":{"line":19,"column":1}},"line":4},"1":{"name":"(anonymous_1)","decl":{"start":{"line":9,"column":37},"end":{"line":9,"column":38}},"loc":{"start":{"line":9,"column":45},"end":{"line":18,"column":3}},"line":9}},"branchMap":{"0":{"loc":{"start":{"line":10,"column":4},"end":{"line":17,"column":5}},"type":"if","locations":[{"start":{"line":10,"column":4},"end":{"line":17,"column":5}},{"start":{},"end":{}}],"line":10}},"s":{"0":0,"1":0,"2":0,"3":0,"4":0,"5":0,"6":0,"7":0,"8":0,"9":0,"10":0},"f":{"0":0,"1":0},"b":{"0":[0,0]}}
}
