{"/Users/a/project/Princeton-CRM-Backend/backend/src/app.js": {"path":"/Users/a/project/Princeton-CRM-Backend/backend/src/app.js","statementMap":{"0":{"start":{"line":1,"column":0},"end":{"line":1,"column":33}},"1":{"start":{"line":2,"column":16},"end":{"line":2,"column":34}},"2":{"start":{"line":4,"column":13},"end":{"line":4,"column":28}},"3":{"start":{"line":5,"column":20},"end":{"line":5,"column":42}},"4":{"start":{"line":7,"column":21},"end":{"line":7,"column":45}},"5":{"start":{"line":8,"column":21},"end":{"line":8,"column":36}},"6":{"start":{"line":9,"column":13},"end":{"line":9,"column":28}},"7":{"start":{"line":12,"column":20},"end":{"line":12,"column":52}},"8":{"start":{"line":13,"column":0},"end":{"line":15,"column":1}},"9":{"start":{"line":14,"column":2},"end":{"line":14,"column":34}},"10":{"start":{"line":17,"column":23},"end":{"line":17,"column":62}},"11":{"start":{"line":18,"column":22},"end":{"line":18,"column":60}},"12":{"start":{"line":19,"column":27},"end":{"line":19,"column":76}},"13":{"start":{"line":20,"column":25},"end":{"line":20,"column":72}},"14":{"start":{"line":21,"column":27},"end":{"line":21,"column":76}},"15":{"start":{"line":22,"column":17},"end":{"line":22,"column":56}},"16":{"start":{"line":23,"column":23},"end":{"line":23,"column":68}},"17":{"start":{"line":24,"column":18},"end":{"line":24,"column":68}},"18":{"start":{"line":26,"column":22},"end":{"line":26,"column":57}},"19":{"start":{"line":27,"column":21},"end":{"line":27,"column":57}},"20":{"start":{"line":29,"column":19},"end":{"line":29,"column":48}},"21":{"start":{"line":31,"column":12},"end":{"line":31,"column":21}},"22":{"start":{"line":34,"column":23},"end":{"line":43,"column":1}},"23":{"start":{"line":45,"column":0},"end":{"line":61,"column":2}},"24":{"start":{"line":49,"column":6},"end":{"line":49,"column":47}},"25":{"start":{"line":49,"column":19},"end":{"line":49,"column":47}},"26":{"start":{"line":51,"column":6},"end":{"line":55,"column":7}},"27":{"start":{"line":52,"column":8},"end":{"line":52,"column":29}},"28":{"start":{"line":54,"column":8},"end":{"line":54,"column":29}},"29":{"start":{"line":63,"column":0},"end":{"line":63,"column":24}},"30":{"start":{"line":64,"column":0},"end":{"line":64,"column":41}},"31":{"start":{"line":65,"column":0},"end":{"line":65,"column":63}},"32":{"start":{"line":67,"column":0},"end":{"line":67,"column":23}},"33":{"start":{"line":75,"column":0},"end":{"line":133,"column":3}},"34":{"start":{"line":76,"column":2},"end":{"line":132,"column":5}},"35":{"start":{"line":135,"column":0},"end":{"line":135,"column":32}},"36":{"start":{"line":136,"column":0},"end":{"line":136,"column":41}},"37":{"start":{"line":137,"column":0},"end":{"line":137,"column":59}},"38":{"start":{"line":138,"column":0},"end":{"line":138,"column":58}},"39":{"start":{"line":139,"column":0},"end":{"line":139,"column":64}},"40":{"start":{"line":140,"column":0},"end":{"line":140,"column":54}},"41":{"start":{"line":141,"column":0},"end":{"line":141,"column":41}},"42":{"start":{"line":142,"column":0},"end":{"line":142,"column":37}},"43":{"start":{"line":145,"column":0},"end":{"line":145,"column":32}},"44":{"start":{"line":148,"column":0},"end":{"line":150,"column":1}},"45":{"start":{"line":149,"column":2},"end":{"line":149,"column":43}},"46":{"start":{"line":153,"column":0},"end":{"line":153,"column":40}},"47":{"start":{"line":156,"column":0},"end":{"line":156,"column":21}}},"fnMap":{"0":{"name":"(anonymous_0)","decl":{"start":{"line":47,"column":12},"end":{"line":47,"column":13}},"loc":{"start":{"line":47,"column":40},"end":{"line":56,"column":5}},"line":47},"1":{"name":"(anonymous_1)","decl":{"start":{"line":75,"column":13},"end":{"line":75,"column":14}},"loc":{"start":{"line":75,"column":27},"end":{"line":133,"column":1}},"line":75}},"branchMap":{"0":{"loc":{"start":{"line":49,"column":6},"end":{"line":49,"column":47}},"type":"if","locations":[{"start":{"line":49,"column":6},"end":{"line":49,"column":47}},{"start":{},"end":{}}],"line":49},"1":{"loc":{"start":{"line":51,"column":6},"end":{"line":55,"column":7}},"type":"if","locations":[{"start":{"line":51,"column":6},"end":{"line":55,"column":7}},{"start":{"line":53,"column":13},"end":{"line":55,"column":7}}],"line":51},"2":{"loc":{"start":{"line":128,"column":21},"end":{"line":128,"column":45}},"type":"binary-expr","locations":[{"start":{"line":128,"column":21},"end":{"line":128,"column":37}},{"start":{"line":128,"column":41},"end":{"line":128,"column":45}}],"line":128},"3":{"loc":{"start":{"line":148,"column":0},"end":{"line":150,"column":1}},"type":"if","locations":[{"start":{"line":148,"column":0},"end":{"line":150,"column":1}},{"start":{},"end":{}}],"line":148}},"s":{"0":35,"1":35,"2":35,"3":35,"4":35,"5":35,"6":35,"7":35,"8":35,"9":1610,"10":35,"11":35,"12":35,"13":35,"14":35,"15":35,"16":35,"17":35,"18":35,"19":35,"20":35,"21":35,"22":35,"23":35,"24":445,"25":444,"26":1,"27":1,"28":0,"29":35,"30":35,"31":35,"32":35,"33":35,"34":0,"35":35,"36":35,"37":35,"38":35,"39":35,"40":35,"41":35,"42":35,"43":35,"44":35,"45":0,"46":35,"47":35},"f":{"0":445,"1":0},"b":{"0":[444,1],"1":[1,0],"2":[0,0],"3":[0,35]},"_coverageSchema":"1a1c01bbd47fc00a2c39e90264f33305004495a9","hash":"cf7c02fd114ef0053cda9ebb9d740eea051c35f7"}
,"/Users/a/project/Princeton-CRM-Backend/backend/src/helpers.js": {"path":"/Users/a/project/Princeton-CRM-Backend/backend/src/helpers.js","statementMap":{"0":{"start":{"line":6,"column":11},"end":{"line":6,"column":24}},"1":{"start":{"line":8,"column":17},"end":{"line":8,"column":39}},"2":{"start":{"line":11,"column":0},"end":{"line":11,"column":35}},"3":{"start":{"line":16,"column":0},"end":{"line":22,"column":2}},"4":{"start":{"line":17,"column":2},"end":{"line":21,"column":3}},"5":{"start":{"line":18,"column":4},"end":{"line":18,"column":64}},"6":{"start":{"line":20,"column":4},"end":{"line":20,"column":16}},"7":{"start":{"line":24,"column":0},"end":{"line":24,"column":80}},"8":{"start":{"line":24,"column":26},"end":{"line":24,"column":79}},"9":{"start":{"line":27,"column":0},"end":{"line":27,"column":53}},"10":{"start":{"line":29,"column":0},"end":{"line":45,"column":2}},"11":{"start":{"line":30,"column":2},"end":{"line":32,"column":3}},"12":{"start":{"line":31,"column":4},"end":{"line":31,"column":21}},"13":{"start":{"line":34,"column":2},"end":{"line":36,"column":3}},"14":{"start":{"line":35,"column":4},"end":{"line":35,"column":18}},"15":{"start":{"line":37,"column":2},"end":{"line":37,"column":42}},"16":{"start":{"line":39,"column":16},"end":{"line":39,"column":18}},"17":{"start":{"line":40,"column":2},"end":{"line":43,"column":3}},"18":{"start":{"line":41,"column":4},"end":{"line":41,"column":45}},"19":{"start":{"line":42,"column":4},"end":{"line":42,"column":51}},"20":{"start":{"line":44,"column":2},"end":{"line":44,"column":15}},"21":{"start":{"line":47,"column":0},"end":{"line":60,"column":2}},"22":{"start":{"line":49,"column":4},"end":{"line":49,"column":55}},"23":{"start":{"line":52,"column":4},"end":{"line":52,"column":60}},"24":{"start":{"line":55,"column":4},"end":{"line":55,"column":60}},"25":{"start":{"line":58,"column":4},"end":{"line":58,"column":58}}},"fnMap":{"0":{"name":"(anonymous_0)","decl":{"start":{"line":16,"column":15},"end":{"line":16,"column":16}},"loc":{"start":{"line":16,"column":25},"end":{"line":22,"column":1}},"line":16},"1":{"name":"(anonymous_1)","decl":{"start":{"line":24,"column":16},"end":{"line":24,"column":17}},"loc":{"start":{"line":24,"column":26},"end":{"line":24,"column":79}},"line":24},"2":{"name":"(anonymous_2)","decl":{"start":{"line":29,"column":20},"end":{"line":29,"column":21}},"loc":{"start":{"line":29,"column":54},"end":{"line":45,"column":1}},"line":29},"3":{"name":"(anonymous_3)","decl":{"start":{"line":48,"column":7},"end":{"line":48,"column":8}},"loc":{"start":{"line":48,"column":36},"end":{"line":50,"column":3}},"line":48},"4":{"name":"(anonymous_4)","decl":{"start":{"line":51,"column":7},"end":{"line":51,"column":8}},"loc":{"start":{"line":51,"column":36},"end":{"line":53,"column":3}},"line":51},"5":{"name":"(anonymous_5)","decl":{"start":{"line":54,"column":12},"end":{"line":54,"column":13}},"loc":{"start":{"line":54,"column":41},"end":{"line":56,"column":3}},"line":54},"6":{"name":"(anonymous_6)","decl":{"start":{"line":57,"column":10},"end":{"line":57,"column":11}},"loc":{"start":{"line":57,"column":39},"end":{"line":59,"column":3}},"line":57}},"branchMap":{"0":{"loc":{"start":{"line":30,"column":2},"end":{"line":32,"column":3}},"type":"if","locations":[{"start":{"line":30,"column":2},"end":{"line":32,"column":3}},{"start":{},"end":{}}],"line":30},"1":{"loc":{"start":{"line":34,"column":2},"end":{"line":36,"column":3}},"type":"if","locations":[{"start":{"line":34,"column":2},"end":{"line":36,"column":3}},{"start":{},"end":{}}],"line":34},"2":{"loc":{"start":{"line":37,"column":13},"end":{"line":37,"column":41}},"type":"cond-expr","locations":[{"start":{"line":37,"column":28},"end":{"line":37,"column":36}},{"start":{"line":37,"column":39},"end":{"line":37,"column":41}}],"line":37}},"s":{"0":35,"1":35,"2":35,"3":35,"4":0,"5":0,"6":0,"7":35,"8":0,"9":35,"10":35,"11":0,"12":0,"13":0,"14":0,"15":0,"16":0,"17":0,"18":0,"19":0,"20":0,"21":35,"22":1,"23":0,"24":1,"25":0},"f":{"0":0,"1":0,"2":0,"3":1,"4":0,"5":1,"6":0},"b":{"0":[0,0],"1":[0,0],"2":[0,0]},"_coverageSchema":"1a1c01bbd47fc00a2c39e90264f33305004495a9","hash":"4a84655dba4a065cf9af4c3b669ba4f42dc68c48"}
,"/Users/a/project/Princeton-CRM-Backend/backend/src/server.js": {"path":"/Users/a/project/Princeton-CRM-Backend/backend/src/server.js","statementMap":{"0":{"start":{"line":1,"column":0},"end":{"line":1,"column":43}},"1":{"start":{"line":2,"column":0},"end":{"line":2,"column":49}},"2":{"start":{"line":4,"column":17},"end":{"line":4,"column":36}},"3":{"start":{"line":7,"column":0},"end":{"line":7,"column":28}},"4":{"start":{"line":10,"column":16},"end":{"line":10,"column":64}},"5":{"start":{"line":11,"column":0},"end":{"line":14,"column":1}},"6":{"start":{"line":12,"column":2},"end":{"line":12,"column":76}},"7":{"start":{"line":13,"column":2},"end":{"line":13,"column":18}},"8":{"start":{"line":17,"column":19},"end":{"line":17,"column":48}},"9":{"start":{"line":18,"column":23},"end":{"line":18,"column":56}},"10":{"start":{"line":21,"column":2},"end":{"line":49,"column":3}},"11":{"start":{"line":22,"column":4},"end":{"line":22,"column":52}},"12":{"start":{"line":23,"column":34},"end":{"line":23,"column":66}},"13":{"start":{"line":26,"column":15},"end":{"line":26,"column":28}},"14":{"start":{"line":27,"column":17},"end":{"line":27,"column":32}},"15":{"start":{"line":28,"column":19},"end":{"line":28,"column":61}},"16":{"start":{"line":29,"column":4},"end":{"line":31,"column":5}},"17":{"start":{"line":30,"column":6},"end":{"line":30,"column":48}},"18":{"start":{"line":33,"column":19},"end":{"line":38,"column":6}},"19":{"start":{"line":40,"column":16},"end":{"line":40,"column":31}},"20":{"start":{"line":41,"column":4},"end":{"line":41,"column":40}},"21":{"start":{"line":43,"column":4},"end":{"line":43,"column":32}},"22":{"start":{"line":44,"column":4},"end":{"line":44,"column":52}},"23":{"start":{"line":45,"column":4},"end":{"line":45,"column":18}},"24":{"start":{"line":47,"column":4},"end":{"line":47,"column":65}},"25":{"start":{"line":48,"column":4},"end":{"line":48,"column":16}},"26":{"start":{"line":53,"column":2},"end":{"line":67,"column":3}},"27":{"start":{"line":54,"column":4},"end":{"line":54,"column":47}},"28":{"start":{"line":55,"column":20},"end":{"line":60,"column":5}},"29":{"start":{"line":62,"column":4},"end":{"line":62,"column":58}},"30":{"start":{"line":63,"column":4},"end":{"line":63,"column":42}},"31":{"start":{"line":65,"column":4},"end":{"line":65,"column":68}},"32":{"start":{"line":66,"column":4},"end":{"line":66,"column":16}},"33":{"start":{"line":71,"column":23},"end":{"line":71,"column":35}},"34":{"start":{"line":72,"column":25},"end":{"line":72,"column":53}},"35":{"start":{"line":73,"column":24},"end":{"line":73,"column":28}},"36":{"start":{"line":75,"column":2},"end":{"line":83,"column":3}},"37":{"start":{"line":76,"column":4},"end":{"line":82,"column":5}},"38":{"start":{"line":77,"column":6},"end":{"line":77,"column":26}},"39":{"start":{"line":78,"column":6},"end":{"line":78,"column":52}},"40":{"start":{"line":80,"column":6},"end":{"line":80,"column":72}},"41":{"start":{"line":81,"column":6},"end":{"line":81,"column":30}},"42":{"start":{"line":85,"column":2},"end":{"line":85,"column":25}},"43":{"start":{"line":89,"column":2},"end":{"line":131,"column":3}},"44":{"start":{"line":91,"column":4},"end":{"line":91,"column":21}},"45":{"start":{"line":94,"column":4},"end":{"line":99,"column":5}},"46":{"start":{"line":95,"column":6},"end":{"line":95,"column":31}},"47":{"start":{"line":97,"column":6},"end":{"line":97,"column":59}},"48":{"start":{"line":98,"column":6},"end":{"line":98,"column":35}},"49":{"start":{"line":102,"column":27},"end":{"line":102,"column":47}},"50":{"start":{"line":103,"column":4},"end":{"line":105,"column":5}},"51":{"start":{"line":104,"column":6},"end":{"line":104,"column":95}},"52":{"start":{"line":108,"column":16},"end":{"line":108,"column":32}},"53":{"start":{"line":109,"column":17},"end":{"line":109,"column":41}},"54":{"start":{"line":111,"column":19},"end":{"line":114,"column":6}},"55":{"start":{"line":112,"column":6},"end":{"line":112,"column":55}},"56":{"start":{"line":113,"column":6},"end":{"line":113,"column":78}},"57":{"start":{"line":117,"column":4},"end":{"line":126,"column":7}},"58":{"start":{"line":118,"column":6},"end":{"line":118,"column":67}},"59":{"start":{"line":119,"column":6},"end":{"line":125,"column":9}},"60":{"start":{"line":120,"column":8},"end":{"line":120,"column":37}},"61":{"start":{"line":121,"column":8},"end":{"line":124,"column":11}},"62":{"start":{"line":122,"column":10},"end":{"line":122,"column":51}},"63":{"start":{"line":123,"column":10},"end":{"line":123,"column":26}},"64":{"start":{"line":129,"column":4},"end":{"line":129,"column":54}},"65":{"start":{"line":130,"column":4},"end":{"line":130,"column":20}},"66":{"start":{"line":135,"column":0},"end":{"line":135,"column":14}},"67":{"start":{"line":138,"column":0},"end":{"line":141,"column":3}},"68":{"start":{"line":139,"column":2},"end":{"line":139,"column":45}},"69":{"start":{"line":140,"column":2},"end":{"line":140,"column":18}},"70":{"start":{"line":144,"column":0},"end":{"line":147,"column":3}},"71":{"start":{"line":145,"column":2},"end":{"line":145,"column":44}},"72":{"start":{"line":146,"column":2},"end":{"line":146,"column":18}}},"fnMap":{"0":{"name":"startInMemoryMongoDB","decl":{"start":{"line":20,"column":15},"end":{"line":20,"column":35}},"loc":{"start":{"line":20,"column":38},"end":{"line":50,"column":1}},"line":20},"1":{"name":"connectToMongoDB","decl":{"start":{"line":52,"column":15},"end":{"line":52,"column":31}},"loc":{"start":{"line":52,"column":34},"end":{"line":68,"column":1}},"line":52},"2":{"name":"verifyModels","decl":{"start":{"line":70,"column":15},"end":{"line":70,"column":27}},"loc":{"start":{"line":70,"column":30},"end":{"line":86,"column":1}},"line":70},"3":{"name":"startServer","decl":{"start":{"line":88,"column":15},"end":{"line":88,"column":26}},"loc":{"start":{"line":88,"column":29},"end":{"line":132,"column":1}},"line":88},"4":{"name":"(anonymous_4)","decl":{"start":{"line":111,"column":36},"end":{"line":111,"column":37}},"loc":{"start":{"line":111,"column":42},"end":{"line":114,"column":5}},"line":111},"5":{"name":"(anonymous_5)","decl":{"start":{"line":117,"column":26},"end":{"line":117,"column":27}},"loc":{"start":{"line":117,"column":32},"end":{"line":126,"column":5}},"line":117},"6":{"name":"(anonymous_6)","decl":{"start":{"line":119,"column":19},"end":{"line":119,"column":20}},"loc":{"start":{"line":119,"column":25},"end":{"line":125,"column":7}},"line":119},"7":{"name":"(anonymous_7)","decl":{"start":{"line":121,"column":41},"end":{"line":121,"column":42}},"loc":{"start":{"line":121,"column":47},"end":{"line":124,"column":9}},"line":121},"8":{"name":"(anonymous_8)","decl":{"start":{"line":138,"column":33},"end":{"line":138,"column":34}},"loc":{"start":{"line":138,"column":42},"end":{"line":141,"column":1}},"line":138},"9":{"name":"(anonymous_9)","decl":{"start":{"line":144,"column":32},"end":{"line":144,"column":33}},"loc":{"start":{"line":144,"column":41},"end":{"line":147,"column":1}},"line":144}},"branchMap":{"0":{"loc":{"start":{"line":11,"column":0},"end":{"line":14,"column":1}},"type":"if","locations":[{"start":{"line":11,"column":0},"end":{"line":14,"column":1}},{"start":{},"end":{}}],"line":11},"1":{"loc":{"start":{"line":29,"column":4},"end":{"line":31,"column":5}},"type":"if","locations":[{"start":{"line":29,"column":4},"end":{"line":31,"column":5}},{"start":{},"end":{}}],"line":29},"2":{"loc":{"start":{"line":103,"column":4},"end":{"line":105,"column":5}},"type":"if","locations":[{"start":{"line":103,"column":4},"end":{"line":105,"column":5}},{"start":{},"end":{}}],"line":103},"3":{"loc":{"start":{"line":109,"column":17},"end":{"line":109,"column":41}},"type":"binary-expr","locations":[{"start":{"line":109,"column":17},"end":{"line":109,"column":33}},{"start":{"line":109,"column":37},"end":{"line":109,"column":41}}],"line":109},"4":{"loc":{"start":{"line":113,"column":37},"end":{"line":113,"column":74}},"type":"binary-expr","locations":[{"start":{"line":113,"column":37},"end":{"line":113,"column":57}},{"start":{"line":113,"column":61},"end":{"line":113,"column":74}}],"line":113}},"s":{"0":0,"1":0,"2":0,"3":0,"4":0,"5":0,"6":0,"7":0,"8":0,"9":0,"10":0,"11":0,"12":0,"13":0,"14":0,"15":0,"16":0,"17":0,"18":0,"19":0,"20":0,"21":0,"22":0,"23":0,"24":0,"25":0,"26":0,"27":0,"28":0,"29":0,"30":0,"31":0,"32":0,"33":0,"34":0,"35":0,"36":0,"37":0,"38":0,"39":0,"40":0,"41":0,"42":0,"43":0,"44":0,"45":0,"46":0,"47":0,"48":0,"49":0,"50":0,"51":0,"52":0,"53":0,"54":0,"55":0,"56":0,"57":0,"58":0,"59":0,"60":0,"61":0,"62":0,"63":0,"64":0,"65":0,"66":0,"67":0,"68":0,"69":0,"70":0,"71":0,"72":0},"f":{"0":0,"1":0,"2":0,"3":0,"4":0,"5":0,"6":0,"7":0,"8":0,"9":0},"b":{"0":[0,0],"1":[0,0],"2":[0,0],"3":[0,0],"4":[0,0]}}
,"/Users/a/project/Princeton-CRM-Backend/backend/src/controllers/appControllers/index.js": {"path":"/Users/a/project/Princeton-CRM-Backend/backend/src/controllers/appControllers/index.js","statementMap":{"0":{"start":{"line":1,"column":29},"end":{"line":1,"column":86}},"1":{"start":{"line":2,"column":23},"end":{"line":2,"column":52}},"2":{"start":{"line":4,"column":21},"end":{"line":4,"column":36}},"3":{"start":{"line":5,"column":13},"end":{"line":5,"column":28}},"4":{"start":{"line":7,"column":16},"end":{"line":7,"column":56}},"5":{"start":{"line":8,"column":30},"end":{"line":10,"column":2}},"6":{"start":{"line":9,"column":2},"end":{"line":9,"column":33}},"7":{"start":{"line":12,"column":23},"end":{"line":37,"column":1}},"8":{"start":{"line":13,"column":22},"end":{"line":13,"column":24}},"9":{"start":{"line":14,"column":31},"end":{"line":14,"column":33}},"10":{"start":{"line":16,"column":2},"end":{"line":28,"column":5}},"11":{"start":{"line":17,"column":4},"end":{"line":27,"column":5}},"12":{"start":{"line":18,"column":31},"end":{"line":18,"column":88}},"13":{"start":{"line":20,"column":6},"end":{"line":23,"column":7}},"14":{"start":{"line":21,"column":8},"end":{"line":21,"column":50}},"15":{"start":{"line":22,"column":8},"end":{"line":22,"column":55}},"16":{"start":{"line":25,"column":6},"end":{"line":25,"column":82}},"17":{"start":{"line":30,"column":2},"end":{"line":34,"column":5}},"18":{"start":{"line":31,"column":4},"end":{"line":33,"column":5}},"19":{"start":{"line":32,"column":6},"end":{"line":32,"column":68}},"20":{"start":{"line":36,"column":2},"end":{"line":36,"column":21}},"21":{"start":{"line":39,"column":0},"end":{"line":39,"column":34}}},"fnMap":{"0":{"name":"(anonymous_0)","decl":{"start":{"line":8,"column":52},"end":{"line":8,"column":53}},"loc":{"start":{"line":8,"column":66},"end":{"line":10,"column":1}},"line":8},"1":{"name":"(anonymous_1)","decl":{"start":{"line":12,"column":23},"end":{"line":12,"column":24}},"loc":{"start":{"line":12,"column":29},"end":{"line":37,"column":1}},"line":12},"2":{"name":"(anonymous_2)","decl":{"start":{"line":16,"column":32},"end":{"line":16,"column":33}},"loc":{"start":{"line":16,"column":52},"end":{"line":28,"column":3}},"line":16},"3":{"name":"(anonymous_3)","decl":{"start":{"line":30,"column":21},"end":{"line":30,"column":22}},"loc":{"start":{"line":30,"column":56},"end":{"line":34,"column":3}},"line":30}},"branchMap":{"0":{"loc":{"start":{"line":20,"column":6},"end":{"line":23,"column":7}},"type":"if","locations":[{"start":{"line":20,"column":6},"end":{"line":23,"column":7}},{"start":{},"end":{}}],"line":20},"1":{"loc":{"start":{"line":31,"column":4},"end":{"line":33,"column":5}},"type":"if","locations":[{"start":{"line":31,"column":4},"end":{"line":33,"column":5}},{"start":{},"end":{}}],"line":31}},"s":{"0":35,"1":35,"2":35,"3":35,"4":35,"5":35,"6":420,"7":35,"8":35,"9":35,"10":35,"11":420,"12":420,"13":420,"14":420,"15":420,"16":0,"17":35,"18":1330,"19":945,"20":35,"21":35},"f":{"0":420,"1":35,"2":420,"3":1330},"b":{"0":[420,0],"1":[945,385]},"_coverageSchema":"1a1c01bbd47fc00a2c39e90264f33305004495a9","hash":"c35d5ae0c4b75f49157bf0ca3c19044bee8ffd79"}
,"/Users/a/project/Princeton-CRM-Backend/backend/src/controllers/appControllers/apartmentClientController/index.js": {"path":"/Users/a/project/Princeton-CRM-Backend/backend/src/controllers/appControllers/apartmentClientController/index.js","statementMap":{"0":{"start":{"line":1,"column":17},"end":{"line":1,"column":36}},"1":{"start":{"line":2,"column":29},"end":{"line":2,"column":89}},"2":{"start":{"line":5,"column":16},"end":{"line":5,"column":49}},"3":{"start":{"line":6,"column":18},"end":{"line":6,"column":57}},"4":{"start":{"line":8,"column":2},"end":{"line":8,"column":17}},"5":{"start":{"line":11,"column":0},"end":{"line":11,"column":35}}},"fnMap":{"0":{"name":"modelController","decl":{"start":{"line":4,"column":9},"end":{"line":4,"column":24}},"loc":{"start":{"line":4,"column":27},"end":{"line":9,"column":1}},"line":4}},"branchMap":{},"s":{"0":35,"1":35,"2":35,"3":35,"4":35,"5":35},"f":{"0":35},"b":{},"_coverageSchema":"1a1c01bbd47fc00a2c39e90264f33305004495a9","hash":"50c2a3bbf402f235b5317ae1585a59d25ba21f2b"}
,"/Users/a/project/Princeton-CRM-Backend/backend/src/controllers/appControllers/clientController/index.js": {"path":"/Users/a/project/Princeton-CRM-Backend/backend/src/controllers/appControllers/clientController/index.js","statementMap":{"0":{"start":{"line":1,"column":17},"end":{"line":1,"column":36}},"1":{"start":{"line":2,"column":29},"end":{"line":2,"column":89}},"2":{"start":{"line":4,"column":16},"end":{"line":4,"column":36}},"3":{"start":{"line":7,"column":16},"end":{"line":7,"column":40}},"4":{"start":{"line":8,"column":18},"end":{"line":8,"column":48}},"5":{"start":{"line":10,"column":2},"end":{"line":10,"column":59}},"6":{"start":{"line":10,"column":34},"end":{"line":10,"column":58}},"7":{"start":{"line":11,"column":2},"end":{"line":11,"column":17}},"8":{"start":{"line":14,"column":0},"end":{"line":14,"column":35}}},"fnMap":{"0":{"name":"modelController","decl":{"start":{"line":6,"column":9},"end":{"line":6,"column":24}},"loc":{"start":{"line":6,"column":27},"end":{"line":12,"column":1}},"line":6},"1":{"name":"(anonymous_1)","decl":{"start":{"line":10,"column":20},"end":{"line":10,"column":21}},"loc":{"start":{"line":10,"column":34},"end":{"line":10,"column":58}},"line":10}},"branchMap":{},"s":{"0":35,"1":35,"2":35,"3":35,"4":35,"5":35,"6":1,"7":35,"8":35},"f":{"0":35,"1":1},"b":{},"_coverageSchema":"1a1c01bbd47fc00a2c39e90264f33305004495a9","hash":"a05fa1f5341ac6bd436bf1d997febd3e114b1104"}
,"/Users/a/project/Princeton-CRM-Backend/backend/src/controllers/appControllers/clientController/summary.js": {"path":"/Users/a/project/Princeton-CRM-Backend/backend/src/controllers/appControllers/clientController/summary.js","statementMap":{"0":{"start":{"line":1,"column":17},"end":{"line":1,"column":36}},"1":{"start":{"line":2,"column":15},"end":{"line":2,"column":32}},"2":{"start":{"line":4,"column":21},"end":{"line":4,"column":46}},"3":{"start":{"line":6,"column":16},"end":{"line":95,"column":1}},"4":{"start":{"line":7,"column":20},"end":{"line":7,"column":27}},"5":{"start":{"line":8,"column":19},"end":{"line":8,"column":28}},"6":{"start":{"line":10,"column":2},"end":{"line":18,"column":3}},"7":{"start":{"line":11,"column":4},"end":{"line":11,"column":23}},"8":{"start":{"line":12,"column":9},"end":{"line":18,"column":3}},"9":{"start":{"line":13,"column":4},"end":{"line":17,"column":7}},"10":{"start":{"line":20,"column":22},"end":{"line":20,"column":30}},"11":{"start":{"line":21,"column":18},"end":{"line":21,"column":58}},"12":{"start":{"line":22,"column":16},"end":{"line":22,"column":54}},"13":{"start":{"line":24,"column":19},"end":{"line":75,"column":3}},"14":{"start":{"line":77,"column":28},"end":{"line":77,"column":59}},"15":{"start":{"line":79,"column":17},"end":{"line":79,"column":37}},"16":{"start":{"line":80,"column":23},"end":{"line":80,"column":80}},"17":{"start":{"line":81,"column":26},"end":{"line":81,"column":79}},"18":{"start":{"line":82,"column":24},"end":{"line":82,"column":83}},"19":{"start":{"line":84,"column":39},"end":{"line":84,"column":98}},"20":{"start":{"line":85,"column":36},"end":{"line":85,"column":97}},"21":{"start":{"line":87,"column":2},"end":{"line":94,"column":5}},"22":{"start":{"line":97,"column":0},"end":{"line":97,"column":25}}},"fnMap":{"0":{"name":"(anonymous_0)","decl":{"start":{"line":6,"column":16},"end":{"line":6,"column":17}},"loc":{"start":{"line":6,"column":43},"end":{"line":95,"column":1}},"line":6}},"branchMap":{"0":{"loc":{"start":{"line":10,"column":2},"end":{"line":18,"column":3}},"type":"if","locations":[{"start":{"line":10,"column":2},"end":{"line":18,"column":3}},{"start":{"line":12,"column":9},"end":{"line":18,"column":3}}],"line":10},"1":{"loc":{"start":{"line":10,"column":6},"end":{"line":10,"column":54}},"type":"binary-expr","locations":[{"start":{"line":10,"column":6},"end":{"line":10,"column":10}},{"start":{"line":10,"column":14},"end":{"line":10,"column":54}}],"line":10},"2":{"loc":{"start":{"line":12,"column":9},"end":{"line":18,"column":3}},"type":"if","locations":[{"start":{"line":12,"column":9},"end":{"line":18,"column":3}},{"start":{},"end":{}}],"line":12},"3":{"loc":{"start":{"line":80,"column":23},"end":{"line":80,"column":80}},"type":"cond-expr","locations":[{"start":{"line":80,"column":48},"end":{"line":80,"column":76}},{"start":{"line":80,"column":79},"end":{"line":80,"column":80}}],"line":80},"4":{"loc":{"start":{"line":81,"column":26},"end":{"line":81,"column":79}},"type":"cond-expr","locations":[{"start":{"line":81,"column":49},"end":{"line":81,"column":75}},{"start":{"line":81,"column":78},"end":{"line":81,"column":79}}],"line":81},"5":{"loc":{"start":{"line":82,"column":24},"end":{"line":82,"column":83}},"type":"cond-expr","locations":[{"start":{"line":82,"column":50},"end":{"line":82,"column":79}},{"start":{"line":82,"column":82},"end":{"line":82,"column":83}}],"line":82},"6":{"loc":{"start":{"line":84,"column":39},"end":{"line":84,"column":98}},"type":"cond-expr","locations":[{"start":{"line":84,"column":58},"end":{"line":84,"column":94}},{"start":{"line":84,"column":97},"end":{"line":84,"column":98}}],"line":84},"7":{"loc":{"start":{"line":85,"column":36},"end":{"line":85,"column":97}},"type":"cond-expr","locations":[{"start":{"line":85,"column":55},"end":{"line":85,"column":93}},{"start":{"line":85,"column":96},"end":{"line":85,"column":97}}],"line":85}},"s":{"0":35,"1":35,"2":35,"3":35,"4":1,"5":1,"6":1,"7":0,"8":1,"9":0,"10":1,"11":1,"12":1,"13":1,"14":1,"15":1,"16":1,"17":1,"18":1,"19":1,"20":1,"21":1,"22":35},"f":{"0":1},"b":{"0":[0,1],"1":[1,0],"2":[0,1],"3":[0,1],"4":[0,1],"5":[0,1],"6":[0,1],"7":[0,1]},"_coverageSchema":"1a1c01bbd47fc00a2c39e90264f33305004495a9","hash":"5bbc922430c23531271da316c3dc9cde0957eea7"}
,"/Users/a/project/Princeton-CRM-Backend/backend/src/controllers/appControllers/commercialClientController/index.js": {"path":"/Users/a/project/Princeton-CRM-Backend/backend/src/controllers/appControllers/commercialClientController/index.js","statementMap":{"0":{"start":{"line":1,"column":17},"end":{"line":1,"column":36}},"1":{"start":{"line":2,"column":29},"end":{"line":2,"column":89}},"2":{"start":{"line":5,"column":16},"end":{"line":5,"column":50}},"3":{"start":{"line":6,"column":18},"end":{"line":6,"column":58}},"4":{"start":{"line":8,"column":2},"end":{"line":8,"column":17}},"5":{"start":{"line":11,"column":0},"end":{"line":11,"column":35}}},"fnMap":{"0":{"name":"modelController","decl":{"start":{"line":4,"column":9},"end":{"line":4,"column":24}},"loc":{"start":{"line":4,"column":27},"end":{"line":9,"column":1}},"line":4}},"branchMap":{},"s":{"0":35,"1":35,"2":35,"3":35,"4":35,"5":35},"f":{"0":35},"b":{},"_coverageSchema":"1a1c01bbd47fc00a2c39e90264f33305004495a9","hash":"b450f21b149a24696c3505a47f81233cb2bbada4"}
,"/Users/a/project/Princeton-CRM-Backend/backend/src/controllers/appControllers/genericController/delete.js": {"path":"/Users/a/project/Princeton-CRM-Backend/backend/src/controllers/appControllers/genericController/delete.js","statementMap":{"0":{"start":{"line":1,"column":17},"end":{"line":1,"column":36}},"1":{"start":{"line":2,"column":21},"end":{"line":2,"column":96}},"2":{"start":{"line":2,"column":29},"end":{"line":2,"column":96}},"3":{"start":{"line":2,"column":49},"end":{"line":2,"column":96}},"4":{"start":{"line":5,"column":17},"end":{"line":36,"column":1}},"5":{"start":{"line":38,"column":15},"end":{"line":55,"column":2}},"6":{"start":{"line":38,"column":30},"end":{"line":55,"column":2}},"7":{"start":{"line":39,"column":16},"end":{"line":39,"column":41}},"8":{"start":{"line":40,"column":12},"end":{"line":40,"column":47}},"9":{"start":{"line":42,"column":2},"end":{"line":44,"column":3}},"10":{"start":{"line":43,"column":4},"end":{"line":43,"column":74}},"11":{"start":{"line":47,"column":2},"end":{"line":52,"column":3}},"12":{"start":{"line":48,"column":4},"end":{"line":48,"column":21}},"13":{"start":{"line":49,"column":4},"end":{"line":49,"column":19}},"14":{"start":{"line":51,"column":4},"end":{"line":51,"column":42}},"15":{"start":{"line":54,"column":2},"end":{"line":54,"column":70}},"16":{"start":{"line":57,"column":0},"end":{"line":57,"column":38}}},"fnMap":{"0":{"name":"(anonymous_0)","decl":{"start":{"line":2,"column":21},"end":{"line":2,"column":22}},"loc":{"start":{"line":2,"column":29},"end":{"line":2,"column":96}},"line":2},"1":{"name":"(anonymous_1)","decl":{"start":{"line":2,"column":29},"end":{"line":2,"column":30}},"loc":{"start":{"line":2,"column":49},"end":{"line":2,"column":96}},"line":2},"2":{"name":"(anonymous_2)","decl":{"start":{"line":38,"column":15},"end":{"line":38,"column":16}},"loc":{"start":{"line":38,"column":30},"end":{"line":55,"column":2}},"line":38},"3":{"name":"(anonymous_3)","decl":{"start":{"line":38,"column":43},"end":{"line":38,"column":44}},"loc":{"start":{"line":38,"column":63},"end":{"line":55,"column":1}},"line":38}},"branchMap":{"0":{"loc":{"start":{"line":42,"column":2},"end":{"line":44,"column":3}},"type":"if","locations":[{"start":{"line":42,"column":2},"end":{"line":44,"column":3}},{"start":{},"end":{}}],"line":42},"1":{"loc":{"start":{"line":47,"column":2},"end":{"line":52,"column":3}},"type":"if","locations":[{"start":{"line":47,"column":2},"end":{"line":52,"column":3}},{"start":{"line":50,"column":9},"end":{"line":52,"column":3}}],"line":47}},"s":{"0":35,"1":35,"2":0,"3":0,"4":35,"5":35,"6":0,"7":0,"8":0,"9":0,"10":0,"11":0,"12":0,"13":0,"14":0,"15":0,"16":35},"f":{"0":0,"1":0,"2":0,"3":0},"b":{"0":[0,0],"1":[0,0]},"_coverageSchema":"1a1c01bbd47fc00a2c39e90264f33305004495a9","hash":"66933580433013b75b5f0b1071596728211309f8"}
,"/Users/a/project/Princeton-CRM-Backend/backend/src/controllers/appControllers/genericController/index.js": {"path":"/Users/a/project/Princeton-CRM-Backend/backend/src/controllers/appControllers/genericController/index.js","statementMap":{"0":{"start":{"line":1,"column":29},"end":{"line":1,"column":89}},"1":{"start":{"line":2,"column":29},"end":{"line":2,"column":48}},"2":{"start":{"line":7,"column":18},"end":{"line":7,"column":48}},"3":{"start":{"line":10,"column":2},"end":{"line":10,"column":26}},"4":{"start":{"line":11,"column":2},"end":{"line":11,"column":30}},"5":{"start":{"line":13,"column":2},"end":{"line":13,"column":17}},"6":{"start":{"line":16,"column":0},"end":{"line":16,"column":35}}},"fnMap":{"0":{"name":"modelController","decl":{"start":{"line":4,"column":9},"end":{"line":4,"column":24}},"loc":{"start":{"line":4,"column":27},"end":{"line":14,"column":1}},"line":4}},"branchMap":{},"s":{"0":35,"1":35,"2":35,"3":35,"4":35,"5":35,"6":35},"f":{"0":35},"b":{},"_coverageSchema":"1a1c01bbd47fc00a2c39e90264f33305004495a9","hash":"a96ae439b367f566cb5abda1984c453b4dbe6002"}
,"/Users/a/project/Princeton-CRM-Backend/backend/src/controllers/appControllers/invoiceController/create.js": {"path":"/Users/a/project/Princeton-CRM-Backend/backend/src/controllers/appControllers/invoiceController/create.js","statementMap":{"0":{"start":{"line":1,"column":17},"end":{"line":1,"column":36}},"1":{"start":{"line":3,"column":14},"end":{"line":3,"column":39}},"2":{"start":{"line":5,"column":22},"end":{"line":5,"column":49}},"3":{"start":{"line":6,"column":33},"end":{"line":6,"column":73}},"4":{"start":{"line":7,"column":15},"end":{"line":7,"column":42}},"5":{"start":{"line":9,"column":15},"end":{"line":75,"column":1}},"6":{"start":{"line":10,"column":2},"end":{"line":74,"column":3}},"7":{"start":{"line":11,"column":15},"end":{"line":11,"column":23}},"8":{"start":{"line":13,"column":29},"end":{"line":13,"column":50}},"9":{"start":{"line":14,"column":4},"end":{"line":21,"column":5}},"10":{"start":{"line":15,"column":26},"end":{"line":15,"column":31}},"11":{"start":{"line":16,"column":6},"end":{"line":20,"column":9}},"12":{"start":{"line":23,"column":54},"end":{"line":23,"column":59}},"13":{"start":{"line":26,"column":19},"end":{"line":26,"column":20}},"14":{"start":{"line":27,"column":19},"end":{"line":27,"column":20}},"15":{"start":{"line":28,"column":16},"end":{"line":28,"column":17}},"16":{"start":{"line":31,"column":4},"end":{"line":37,"column":7}},"17":{"start":{"line":32,"column":18},"end":{"line":32,"column":69}},"18":{"start":{"line":34,"column":6},"end":{"line":34,"column":48}},"19":{"start":{"line":36,"column":6},"end":{"line":36,"column":28}},"20":{"start":{"line":38,"column":4},"end":{"line":38,"column":59}},"21":{"start":{"line":39,"column":4},"end":{"line":39,"column":46}},"22":{"start":{"line":41,"column":4},"end":{"line":41,"column":32}},"23":{"start":{"line":42,"column":4},"end":{"line":42,"column":32}},"24":{"start":{"line":43,"column":4},"end":{"line":43,"column":26}},"25":{"start":{"line":44,"column":4},"end":{"line":44,"column":26}},"26":{"start":{"line":46,"column":24},"end":{"line":46,"column":80}},"27":{"start":{"line":48,"column":4},"end":{"line":48,"column":42}},"28":{"start":{"line":49,"column":4},"end":{"line":49,"column":38}},"29":{"start":{"line":52,"column":19},"end":{"line":52,"column":47}},"30":{"start":{"line":53,"column":19},"end":{"line":53,"column":51}},"31":{"start":{"line":54,"column":25},"end":{"line":60,"column":12}},"32":{"start":{"line":62,"column":4},"end":{"line":64,"column":7}},"33":{"start":{"line":67,"column":4},"end":{"line":71,"column":7}},"34":{"start":{"line":73,"column":4},"end":{"line":73,"column":23}},"35":{"start":{"line":77,"column":0},"end":{"line":77,"column":24}}},"fnMap":{"0":{"name":"(anonymous_0)","decl":{"start":{"line":9,"column":15},"end":{"line":9,"column":16}},"loc":{"start":{"line":9,"column":41},"end":{"line":75,"column":1}},"line":9},"1":{"name":"(anonymous_1)","decl":{"start":{"line":31,"column":14},"end":{"line":31,"column":15}},"loc":{"start":{"line":31,"column":24},"end":{"line":37,"column":5}},"line":31}},"branchMap":{"0":{"loc":{"start":{"line":14,"column":4},"end":{"line":21,"column":5}},"type":"if","locations":[{"start":{"line":14,"column":4},"end":{"line":21,"column":5}},{"start":{},"end":{}}],"line":14},"1":{"loc":{"start":{"line":23,"column":12},"end":{"line":23,"column":22}},"type":"default-arg","locations":[{"start":{"line":23,"column":20},"end":{"line":23,"column":22}}],"line":23},"2":{"loc":{"start":{"line":23,"column":24},"end":{"line":23,"column":35}},"type":"default-arg","locations":[{"start":{"line":23,"column":34},"end":{"line":23,"column":35}}],"line":23},"3":{"loc":{"start":{"line":23,"column":37},"end":{"line":23,"column":49}},"type":"default-arg","locations":[{"start":{"line":23,"column":48},"end":{"line":23,"column":49}}],"line":23},"4":{"loc":{"start":{"line":46,"column":24},"end":{"line":46,"column":80}},"type":"cond-expr","locations":[{"start":{"line":46,"column":63},"end":{"line":46,"column":69}},{"start":{"line":46,"column":72},"end":{"line":46,"column":80}}],"line":46}},"s":{"0":35,"1":35,"2":35,"3":35,"4":35,"5":35,"6":1,"7":1,"8":1,"9":1,"10":1,"11":1,"12":0,"13":0,"14":0,"15":0,"16":0,"17":0,"18":0,"19":0,"20":0,"21":0,"22":0,"23":0,"24":0,"25":0,"26":0,"27":0,"28":0,"29":0,"30":0,"31":0,"32":0,"33":0,"34":0,"35":35},"f":{"0":1,"1":0},"b":{"0":[1,0],"1":[0],"2":[0],"3":[0],"4":[0,0]},"_coverageSchema":"1a1c01bbd47fc00a2c39e90264f33305004495a9","hash":"fdbe75aa803ff021661ff8cdb8e15a59b3682553"}
,"/Users/a/project/Princeton-CRM-Backend/backend/src/controllers/appControllers/invoiceController/index.js": {"path":"/Users/a/project/Princeton-CRM-Backend/backend/src/controllers/appControllers/invoiceController/index.js","statementMap":{"0":{"start":{"line":1,"column":29},"end":{"line":1,"column":89}},"1":{"start":{"line":2,"column":16},"end":{"line":2,"column":47}},"2":{"start":{"line":4,"column":17},"end":{"line":4,"column":38}},"3":{"start":{"line":5,"column":15},"end":{"line":5,"column":34}},"4":{"start":{"line":6,"column":16},"end":{"line":6,"column":36}},"5":{"start":{"line":7,"column":15},"end":{"line":7,"column":34}},"6":{"start":{"line":8,"column":15},"end":{"line":8,"column":34}},"7":{"start":{"line":9,"column":22},"end":{"line":9,"column":48}},"8":{"start":{"line":10,"column":13},"end":{"line":10,"column":30}},"9":{"start":{"line":12,"column":0},"end":{"line":12,"column":24}},"10":{"start":{"line":13,"column":0},"end":{"line":13,"column":24}},"11":{"start":{"line":14,"column":0},"end":{"line":14,"column":24}},"12":{"start":{"line":15,"column":0},"end":{"line":15,"column":24}},"13":{"start":{"line":16,"column":0},"end":{"line":16,"column":26}},"14":{"start":{"line":17,"column":0},"end":{"line":17,"column":29}},"15":{"start":{"line":18,"column":0},"end":{"line":18,"column":20}},"16":{"start":{"line":20,"column":0},"end":{"line":20,"column":25}}},"fnMap":{},"branchMap":{},"s":{"0":35,"1":35,"2":35,"3":35,"4":35,"5":35,"6":35,"7":35,"8":35,"9":35,"10":35,"11":35,"12":35,"13":35,"14":35,"15":35,"16":35},"f":{},"b":{},"_coverageSchema":"1a1c01bbd47fc00a2c39e90264f33305004495a9","hash":"4806ed517d82ad4187ef57be5d5fa66d40d7658d"}
,"/Users/a/project/Princeton-CRM-Backend/backend/src/controllers/appControllers/invoiceController/paginatedList.js": {"path":"/Users/a/project/Princeton-CRM-Backend/backend/src/controllers/appControllers/invoiceController/paginatedList.js","statementMap":{"0":{"start":{"line":1,"column":17},"end":{"line":1,"column":36}},"1":{"start":{"line":3,"column":14},"end":{"line":3,"column":39}},"2":{"start":{"line":5,"column":22},"end":{"line":65,"column":1}},"3":{"start":{"line":6,"column":15},"end":{"line":6,"column":34}},"4":{"start":{"line":7,"column":16},"end":{"line":7,"column":47}},"5":{"start":{"line":8,"column":15},"end":{"line":8,"column":35}},"6":{"start":{"line":10,"column":64},"end":{"line":10,"column":73}},"7":{"start":{"line":12,"column":22},"end":{"line":12,"column":73}},"8":{"start":{"line":16,"column":2},"end":{"line":16,"column":55}},"9":{"start":{"line":18,"column":2},"end":{"line":20,"column":3}},"10":{"start":{"line":19,"column":4},"end":{"line":19,"column":75}},"11":{"start":{"line":23,"column":25},"end":{"line":33,"column":11}},"12":{"start":{"line":36,"column":23},"end":{"line":41,"column":4}},"13":{"start":{"line":44,"column":26},"end":{"line":44,"column":75}},"14":{"start":{"line":46,"column":16},"end":{"line":46,"column":40}},"15":{"start":{"line":49,"column":21},"end":{"line":49,"column":43}},"16":{"start":{"line":50,"column":2},"end":{"line":64,"column":3}},"17":{"start":{"line":51,"column":4},"end":{"line":56,"column":7}},"18":{"start":{"line":58,"column":4},"end":{"line":63,"column":7}},"19":{"start":{"line":67,"column":0},"end":{"line":67,"column":31}}},"fnMap":{"0":{"name":"(anonymous_0)","decl":{"start":{"line":5,"column":22},"end":{"line":5,"column":23}},"loc":{"start":{"line":5,"column":42},"end":{"line":65,"column":1}},"line":5}},"branchMap":{"0":{"loc":{"start":{"line":6,"column":15},"end":{"line":6,"column":34}},"type":"binary-expr","locations":[{"start":{"line":6,"column":15},"end":{"line":6,"column":29}},{"start":{"line":6,"column":33},"end":{"line":6,"column":34}}],"line":6},"1":{"loc":{"start":{"line":7,"column":16},"end":{"line":7,"column":47}},"type":"binary-expr","locations":[{"start":{"line":7,"column":16},"end":{"line":7,"column":41}},{"start":{"line":7,"column":45},"end":{"line":7,"column":47}}],"line":7},"2":{"loc":{"start":{"line":10,"column":10},"end":{"line":10,"column":28}},"type":"default-arg","locations":[{"start":{"line":10,"column":19},"end":{"line":10,"column":28}}],"line":10},"3":{"loc":{"start":{"line":10,"column":30},"end":{"line":10,"column":44}},"type":"default-arg","locations":[{"start":{"line":10,"column":42},"end":{"line":10,"column":44}}],"line":10},"4":{"loc":{"start":{"line":12,"column":22},"end":{"line":12,"column":73}},"type":"cond-expr","locations":[{"start":{"line":12,"column":41},"end":{"line":12,"column":68}},{"start":{"line":12,"column":71},"end":{"line":12,"column":73}}],"line":12},"5":{"loc":{"start":{"line":16,"column":11},"end":{"line":16,"column":54}},"type":"cond-expr","locations":[{"start":{"line":16,"column":38},"end":{"line":16,"column":40}},{"start":{"line":16,"column":43},"end":{"line":16,"column":54}}],"line":16},"6":{"loc":{"start":{"line":50,"column":2},"end":{"line":64,"column":3}},"type":"if","locations":[{"start":{"line":50,"column":2},"end":{"line":64,"column":3}},{"start":{"line":57,"column":9},"end":{"line":64,"column":3}}],"line":50}},"s":{"0":35,"1":35,"2":35,"3":1,"4":1,"5":1,"6":1,"7":1,"8":1,"9":1,"10":0,"11":1,"12":1,"13":1,"14":1,"15":1,"16":1,"17":0,"18":1,"19":35},"f":{"0":1},"b":{"0":[1,1],"1":[1,1],"2":[1],"3":[1],"4":[0,1],"5":[1,0],"6":[0,1]},"_coverageSchema":"1a1c01bbd47fc00a2c39e90264f33305004495a9","hash":"08b7f994b49d2e0c7241ddfb0a3de8b82d1904fe"}
,"/Users/a/project/Princeton-CRM-Backend/backend/src/controllers/appControllers/invoiceController/read.js": {"path":"/Users/a/project/Princeton-CRM-Backend/backend/src/controllers/appControllers/invoiceController/read.js","statementMap":{"0":{"start":{"line":1,"column":17},"end":{"line":1,"column":36}},"1":{"start":{"line":3,"column":14},"end":{"line":3,"column":39}},"2":{"start":{"line":5,"column":13},"end":{"line":32,"column":1}},"3":{"start":{"line":6,"column":2},"end":{"line":31,"column":3}},"4":{"start":{"line":8,"column":19},"end":{"line":13,"column":13}},"5":{"start":{"line":15,"column":4},"end":{"line":28,"column":5}},"6":{"start":{"line":16,"column":6},"end":{"line":20,"column":9}},"7":{"start":{"line":23,"column":6},"end":{"line":27,"column":9}},"8":{"start":{"line":30,"column":4},"end":{"line":30,"column":23}},"9":{"start":{"line":34,"column":0},"end":{"line":34,"column":22}}},"fnMap":{"0":{"name":"(anonymous_0)","decl":{"start":{"line":5,"column":13},"end":{"line":5,"column":14}},"loc":{"start":{"line":5,"column":39},"end":{"line":32,"column":1}},"line":5}},"branchMap":{"0":{"loc":{"start":{"line":15,"column":4},"end":{"line":28,"column":5}},"type":"if","locations":[{"start":{"line":15,"column":4},"end":{"line":28,"column":5}},{"start":{"line":21,"column":11},"end":{"line":28,"column":5}}],"line":15}},"s":{"0":35,"1":35,"2":35,"3":0,"4":0,"5":0,"6":0,"7":0,"8":0,"9":35},"f":{"0":0},"b":{"0":[0,0]},"_coverageSchema":"1a1c01bbd47fc00a2c39e90264f33305004495a9","hash":"d9ff49e37661859594d98bca90626fd72f2b938f"}
,"/Users/a/project/Princeton-CRM-Backend/backend/src/controllers/appControllers/invoiceController/remove.js": {"path":"/Users/a/project/Princeton-CRM-Backend/backend/src/controllers/appControllers/invoiceController/remove.js","statementMap":{"0":{"start":{"line":1,"column":17},"end":{"line":1,"column":36}},"1":{"start":{"line":3,"column":14},"end":{"line":3,"column":39}},"2":{"start":{"line":4,"column":21},"end":{"line":4,"column":46}},"3":{"start":{"line":6,"column":15},"end":{"line":35,"column":1}},"4":{"start":{"line":7,"column":25},"end":{"line":17,"column":10}},"5":{"start":{"line":19,"column":2},"end":{"line":25,"column":3}},"6":{"start":{"line":20,"column":4},"end":{"line":24,"column":7}},"7":{"start":{"line":26,"column":27},"end":{"line":29,"column":3}},"8":{"start":{"line":30,"column":2},"end":{"line":34,"column":5}},"9":{"start":{"line":37,"column":0},"end":{"line":37,"column":24}}},"fnMap":{"0":{"name":"(anonymous_0)","decl":{"start":{"line":6,"column":15},"end":{"line":6,"column":16}},"loc":{"start":{"line":6,"column":35},"end":{"line":35,"column":1}},"line":6}},"branchMap":{"0":{"loc":{"start":{"line":19,"column":2},"end":{"line":25,"column":3}},"type":"if","locations":[{"start":{"line":19,"column":2},"end":{"line":25,"column":3}},{"start":{},"end":{}}],"line":19}},"s":{"0":35,"1":35,"2":35,"3":35,"4":0,"5":0,"6":0,"7":0,"8":0,"9":35},"f":{"0":0},"b":{"0":[0,0]},"_coverageSchema":"1a1c01bbd47fc00a2c39e90264f33305004495a9","hash":"94cad14dc30290d6b52e1c727c08801e73d2d50c"}
,"/Users/a/project/Princeton-CRM-Backend/backend/src/controllers/appControllers/invoiceController/schemaValidate.js": {"path":"/Users/a/project/Princeton-CRM-Backend/backend/src/controllers/appControllers/invoiceController/schemaValidate.js","statementMap":{"0":{"start":{"line":1,"column":12},"end":{"line":1,"column":26}},"1":{"start":{"line":2,"column":15},"end":{"line":24,"column":2}},"2":{"start":{"line":26,"column":0},"end":{"line":26,"column":24}}},"fnMap":{},"branchMap":{},"s":{"0":35,"1":35,"2":35},"f":{},"b":{},"_coverageSchema":"1a1c01bbd47fc00a2c39e90264f33305004495a9","hash":"628c5991bf3b0c85e8bccc2f9d2292f057826285"}
,"/Users/a/project/Princeton-CRM-Backend/backend/src/controllers/appControllers/invoiceController/sendMail.js": {"path":"/Users/a/project/Princeton-CRM-Backend/backend/src/controllers/appControllers/invoiceController/sendMail.js","statementMap":{"0":{"start":{"line":1,"column":11},"end":{"line":1,"column":24}},"1":{"start":{"line":3,"column":17},"end":{"line":3,"column":36}},"2":{"start":{"line":5,"column":13},"end":{"line":11,"column":1}},"3":{"start":{"line":6,"column":2},"end":{"line":10,"column":5}},"4":{"start":{"line":13,"column":0},"end":{"line":13,"column":22}}},"fnMap":{"0":{"name":"(anonymous_0)","decl":{"start":{"line":5,"column":13},"end":{"line":5,"column":14}},"loc":{"start":{"line":5,"column":33},"end":{"line":11,"column":1}},"line":5}},"branchMap":{},"s":{"0":35,"1":35,"2":35,"3":0,"4":35},"f":{"0":0},"b":{},"_coverageSchema":"1a1c01bbd47fc00a2c39e90264f33305004495a9","hash":"e16a86c2a8a00acab0d48bee33d6a92b0fb1c955"}
,"/Users/a/project/Princeton-CRM-Backend/backend/src/controllers/appControllers/invoiceController/summary.js": {"path":"/Users/a/project/Princeton-CRM-Backend/backend/src/controllers/appControllers/invoiceController/summary.js","statementMap":{"0":{"start":{"line":1,"column":17},"end":{"line":1,"column":36}},"1":{"start":{"line":2,"column":15},"end":{"line":2,"column":32}},"2":{"start":{"line":4,"column":14},"end":{"line":4,"column":39}},"3":{"start":{"line":6,"column":25},"end":{"line":6,"column":65}},"4":{"start":{"line":8,"column":16},"end":{"line":209,"column":1}},"5":{"start":{"line":9,"column":20},"end":{"line":9,"column":27}},"6":{"start":{"line":11,"column":19},"end":{"line":11,"column":28}},"7":{"start":{"line":13,"column":19},"end":{"line":13,"column":39}},"8":{"start":{"line":15,"column":2},"end":{"line":25,"column":3}},"9":{"start":{"line":16,"column":4},"end":{"line":24,"column":5}},"10":{"start":{"line":17,"column":6},"end":{"line":17,"column":25}},"11":{"start":{"line":19,"column":6},"end":{"line":23,"column":9}},"12":{"start":{"line":27,"column":22},"end":{"line":27,"column":30}},"13":{"start":{"line":28,"column":18},"end":{"line":28,"column":58}},"14":{"start":{"line":29,"column":16},"end":{"line":29,"column":54}},"15":{"start":{"line":31,"column":19},"end":{"line":31,"column":81}},"16":{"start":{"line":33,"column":19},"end":{"line":125,"column":4}},"17":{"start":{"line":127,"column":15},"end":{"line":127,"column":17}},"18":{"start":{"line":129,"column":24},"end":{"line":129,"column":82}},"19":{"start":{"line":130,"column":23},"end":{"line":130,"column":53}},"20":{"start":{"line":131,"column":30},"end":{"line":131,"column":67}},"21":{"start":{"line":132,"column":24},"end":{"line":132,"column":55}},"22":{"start":{"line":134,"column":26},"end":{"line":139,"column":4}},"23":{"start":{"line":135,"column":4},"end":{"line":138,"column":6}},"24":{"start":{"line":141,"column":33},"end":{"line":146,"column":4}},"25":{"start":{"line":142,"column":4},"end":{"line":145,"column":6}},"26":{"start":{"line":148,"column":27},"end":{"line":154,"column":4}},"27":{"start":{"line":149,"column":4},"end":{"line":153,"column":6}},"28":{"start":{"line":156,"column":2},"end":{"line":163,"column":5}},"29":{"start":{"line":157,"column":18},"end":{"line":159,"column":5}},"30":{"start":{"line":158,"column":16},"end":{"line":158,"column":38}},"31":{"start":{"line":160,"column":4},"end":{"line":162,"column":5}},"32":{"start":{"line":161,"column":6},"end":{"line":161,"column":25}},"33":{"start":{"line":165,"column":17},"end":{"line":195,"column":4}},"34":{"start":{"line":197,"column":22},"end":{"line":202,"column":3}},"35":{"start":{"line":204,"column":2},"end":{"line":208,"column":5}},"36":{"start":{"line":211,"column":0},"end":{"line":211,"column":25}}},"fnMap":{"0":{"name":"(anonymous_0)","decl":{"start":{"line":8,"column":16},"end":{"line":8,"column":17}},"loc":{"start":{"line":8,"column":36},"end":{"line":209,"column":1}},"line":8},"1":{"name":"(anonymous_1)","decl":{"start":{"line":134,"column":43},"end":{"line":134,"column":44}},"loc":{"start":{"line":134,"column":53},"end":{"line":139,"column":3}},"line":134},"2":{"name":"(anonymous_2)","decl":{"start":{"line":141,"column":57},"end":{"line":141,"column":58}},"loc":{"start":{"line":141,"column":67},"end":{"line":146,"column":3}},"line":141},"3":{"name":"(anonymous_3)","decl":{"start":{"line":148,"column":45},"end":{"line":148,"column":46}},"loc":{"start":{"line":148,"column":55},"end":{"line":154,"column":3}},"line":148},"4":{"name":"(anonymous_4)","decl":{"start":{"line":156,"column":19},"end":{"line":156,"column":20}},"loc":{"start":{"line":156,"column":31},"end":{"line":163,"column":3}},"line":156},"5":{"name":"(anonymous_5)","decl":{"start":{"line":158,"column":6},"end":{"line":158,"column":7}},"loc":{"start":{"line":158,"column":16},"end":{"line":158,"column":38}},"line":158}},"branchMap":{"0":{"loc":{"start":{"line":15,"column":2},"end":{"line":25,"column":3}},"type":"if","locations":[{"start":{"line":15,"column":2},"end":{"line":25,"column":3}},{"start":{},"end":{}}],"line":15},"1":{"loc":{"start":{"line":16,"column":4},"end":{"line":24,"column":5}},"type":"if","locations":[{"start":{"line":16,"column":4},"end":{"line":24,"column":5}},{"start":{"line":18,"column":11},"end":{"line":24,"column":5}}],"line":16},"2":{"loc":{"start":{"line":129,"column":24},"end":{"line":129,"column":82}},"type":"cond-expr","locations":[{"start":{"line":129,"column":51},"end":{"line":129,"column":78}},{"start":{"line":129,"column":81},"end":{"line":129,"column":82}}],"line":129},"3":{"loc":{"start":{"line":130,"column":23},"end":{"line":130,"column":53}},"type":"binary-expr","locations":[{"start":{"line":130,"column":23},"end":{"line":130,"column":47}},{"start":{"line":130,"column":51},"end":{"line":130,"column":53}}],"line":130},"4":{"loc":{"start":{"line":131,"column":30},"end":{"line":131,"column":67}},"type":"binary-expr","locations":[{"start":{"line":131,"column":30},"end":{"line":131,"column":61}},{"start":{"line":131,"column":65},"end":{"line":131,"column":67}}],"line":131},"5":{"loc":{"start":{"line":132,"column":24},"end":{"line":132,"column":55}},"type":"binary-expr","locations":[{"start":{"line":132,"column":24},"end":{"line":132,"column":49}},{"start":{"line":132,"column":53},"end":{"line":132,"column":55}}],"line":132},"6":{"loc":{"start":{"line":160,"column":4},"end":{"line":162,"column":5}},"type":"if","locations":[{"start":{"line":160,"column":4},"end":{"line":162,"column":5}},{"start":{},"end":{}}],"line":160},"7":{"loc":{"start":{"line":199,"column":17},"end":{"line":199,"column":63}},"type":"cond-expr","locations":[{"start":{"line":199,"column":37},"end":{"line":199,"column":59}},{"start":{"line":199,"column":62},"end":{"line":199,"column":63}}],"line":199}},"s":{"0":35,"1":35,"2":35,"3":35,"4":35,"5":1,"6":1,"7":1,"8":1,"9":0,"10":0,"11":0,"12":1,"13":1,"14":1,"15":1,"16":1,"17":1,"18":1,"19":1,"20":1,"21":1,"22":1,"23":0,"24":1,"25":0,"26":1,"27":0,"28":1,"29":6,"30":0,"31":6,"32":0,"33":1,"34":1,"35":1,"36":35},"f":{"0":1,"1":0,"2":0,"3":0,"4":6,"5":0},"b":{"0":[0,1],"1":[0,0],"2":[1,0],"3":[1,0],"4":[1,0],"5":[1,0],"6":[0,6],"7":[0,1]},"_coverageSchema":"1a1c01bbd47fc00a2c39e90264f33305004495a9","hash":"0ad872912c57d537eca3c02c40beb5d17cac55a0"}
,"/Users/a/project/Princeton-CRM-Backend/backend/src/controllers/appControllers/invoiceController/update.js": {"path":"/Users/a/project/Princeton-CRM-Backend/backend/src/controllers/appControllers/invoiceController/update.js","statementMap":{"0":{"start":{"line":1,"column":17},"end":{"line":1,"column":36}},"1":{"start":{"line":3,"column":14},"end":{"line":3,"column":39}},"2":{"start":{"line":5,"column":15},"end":{"line":5,"column":45}},"3":{"start":{"line":7,"column":22},"end":{"line":7,"column":49}},"4":{"start":{"line":8,"column":15},"end":{"line":8,"column":42}},"5":{"start":{"line":10,"column":15},"end":{"line":87,"column":1}},"6":{"start":{"line":11,"column":2},"end":{"line":86,"column":3}},"7":{"start":{"line":12,"column":15},"end":{"line":12,"column":23}},"8":{"start":{"line":14,"column":29},"end":{"line":14,"column":50}},"9":{"start":{"line":15,"column":4},"end":{"line":22,"column":5}},"10":{"start":{"line":16,"column":26},"end":{"line":16,"column":31}},"11":{"start":{"line":17,"column":6},"end":{"line":21,"column":9}},"12":{"start":{"line":24,"column":28},"end":{"line":27,"column":6}},"13":{"start":{"line":29,"column":23},"end":{"line":29,"column":38}},"14":{"start":{"line":31,"column":54},"end":{"line":31,"column":62}},"15":{"start":{"line":33,"column":4},"end":{"line":39,"column":5}},"16":{"start":{"line":34,"column":6},"end":{"line":38,"column":9}},"17":{"start":{"line":43,"column":19},"end":{"line":43,"column":20}},"18":{"start":{"line":44,"column":19},"end":{"line":44,"column":20}},"19":{"start":{"line":45,"column":16},"end":{"line":45,"column":17}},"20":{"start":{"line":48,"column":4},"end":{"line":54,"column":7}},"21":{"start":{"line":49,"column":18},"end":{"line":49,"column":69}},"22":{"start":{"line":51,"column":6},"end":{"line":51,"column":48}},"23":{"start":{"line":53,"column":6},"end":{"line":53,"column":28}},"24":{"start":{"line":55,"column":4},"end":{"line":55,"column":59}},"25":{"start":{"line":56,"column":4},"end":{"line":56,"column":46}},"26":{"start":{"line":58,"column":4},"end":{"line":58,"column":32}},"27":{"start":{"line":59,"column":4},"end":{"line":59,"column":32}},"28":{"start":{"line":60,"column":4},"end":{"line":60,"column":26}},"29":{"start":{"line":61,"column":4},"end":{"line":61,"column":26}},"30":{"start":{"line":62,"column":4},"end":{"line":62,"column":54}},"31":{"start":{"line":63,"column":4},"end":{"line":65,"column":5}},"32":{"start":{"line":64,"column":6},"end":{"line":64,"column":27}},"33":{"start":{"line":70,"column":6},"end":{"line":70,"column":94}},"34":{"start":{"line":71,"column":4},"end":{"line":71,"column":42}},"35":{"start":{"line":73,"column":19},"end":{"line":75,"column":13}},"36":{"start":{"line":79,"column":4},"end":{"line":83,"column":7}},"37":{"start":{"line":85,"column":4},"end":{"line":85,"column":23}},"38":{"start":{"line":89,"column":0},"end":{"line":89,"column":24}}},"fnMap":{"0":{"name":"(anonymous_0)","decl":{"start":{"line":10,"column":15},"end":{"line":10,"column":16}},"loc":{"start":{"line":10,"column":41},"end":{"line":87,"column":1}},"line":10},"1":{"name":"(anonymous_1)","decl":{"start":{"line":48,"column":14},"end":{"line":48,"column":15}},"loc":{"start":{"line":48,"column":24},"end":{"line":54,"column":5}},"line":48}},"branchMap":{"0":{"loc":{"start":{"line":15,"column":4},"end":{"line":22,"column":5}},"type":"if","locations":[{"start":{"line":15,"column":4},"end":{"line":22,"column":5}},{"start":{},"end":{}}],"line":15},"1":{"loc":{"start":{"line":31,"column":12},"end":{"line":31,"column":22}},"type":"default-arg","locations":[{"start":{"line":31,"column":20},"end":{"line":31,"column":22}}],"line":31},"2":{"loc":{"start":{"line":31,"column":24},"end":{"line":31,"column":35}},"type":"default-arg","locations":[{"start":{"line":31,"column":34},"end":{"line":31,"column":35}}],"line":31},"3":{"loc":{"start":{"line":31,"column":37},"end":{"line":31,"column":49}},"type":"default-arg","locations":[{"start":{"line":31,"column":48},"end":{"line":31,"column":49}}],"line":31},"4":{"loc":{"start":{"line":33,"column":4},"end":{"line":39,"column":5}},"type":"if","locations":[{"start":{"line":33,"column":4},"end":{"line":39,"column":5}},{"start":{},"end":{}}],"line":33},"5":{"loc":{"start":{"line":63,"column":4},"end":{"line":65,"column":5}},"type":"if","locations":[{"start":{"line":63,"column":4},"end":{"line":65,"column":5}},{"start":{},"end":{}}],"line":63},"6":{"loc":{"start":{"line":70,"column":6},"end":{"line":70,"column":94}},"type":"cond-expr","locations":[{"start":{"line":70,"column":50},"end":{"line":70,"column":56}},{"start":{"line":70,"column":59},"end":{"line":70,"column":94}}],"line":70},"7":{"loc":{"start":{"line":70,"column":59},"end":{"line":70,"column":94}},"type":"cond-expr","locations":[{"start":{"line":70,"column":72},"end":{"line":70,"column":83}},{"start":{"line":70,"column":86},"end":{"line":70,"column":94}}],"line":70}},"s":{"0":35,"1":35,"2":35,"3":35,"4":35,"5":35,"6":0,"7":0,"8":0,"9":0,"10":0,"11":0,"12":0,"13":0,"14":0,"15":0,"16":0,"17":0,"18":0,"19":0,"20":0,"21":0,"22":0,"23":0,"24":0,"25":0,"26":0,"27":0,"28":0,"29":0,"30":0,"31":0,"32":0,"33":0,"34":0,"35":0,"36":0,"37":0,"38":35},"f":{"0":0,"1":0},"b":{"0":[0,0],"1":[0],"2":[0],"3":[0],"4":[0,0],"5":[0,0],"6":[0,0],"7":[0,0]},"_coverageSchema":"1a1c01bbd47fc00a2c39e90264f33305004495a9","hash":"8a7b10d98fd61225fd20c1c6115251b9055ca049"}
,"/Users/a/project/Princeton-CRM-Backend/backend/src/controllers/appControllers/landClientController/index.js": {"path":"/Users/a/project/Princeton-CRM-Backend/backend/src/controllers/appControllers/landClientController/index.js","statementMap":{"0":{"start":{"line":1,"column":17},"end":{"line":1,"column":36}},"1":{"start":{"line":2,"column":29},"end":{"line":2,"column":89}},"2":{"start":{"line":5,"column":16},"end":{"line":5,"column":44}},"3":{"start":{"line":6,"column":18},"end":{"line":6,"column":52}},"4":{"start":{"line":8,"column":2},"end":{"line":8,"column":17}},"5":{"start":{"line":11,"column":0},"end":{"line":11,"column":35}}},"fnMap":{"0":{"name":"modelController","decl":{"start":{"line":4,"column":9},"end":{"line":4,"column":24}},"loc":{"start":{"line":4,"column":27},"end":{"line":9,"column":1}},"line":4}},"branchMap":{},"s":{"0":35,"1":35,"2":35,"3":35,"4":35,"5":35},"f":{"0":35},"b":{},"_coverageSchema":"1a1c01bbd47fc00a2c39e90264f33305004495a9","hash":"42ae3f18da22d3c298303e96ad538f3dd9db0bba"}
,"/Users/a/project/Princeton-CRM-Backend/backend/src/controllers/appControllers/paymentController/create.js": {"path":"/Users/a/project/Princeton-CRM-Backend/backend/src/controllers/appControllers/paymentController/create.js","statementMap":{"0":{"start":{"line":1,"column":17},"end":{"line":1,"column":36}},"1":{"start":{"line":3,"column":14},"end":{"line":3,"column":39}},"2":{"start":{"line":4,"column":16},"end":{"line":4,"column":41}},"3":{"start":{"line":5,"column":15},"end":{"line":5,"column":45}},"4":{"start":{"line":7,"column":22},"end":{"line":7,"column":49}},"5":{"start":{"line":9,"column":15},"end":{"line":84,"column":1}},"6":{"start":{"line":11,"column":2},"end":{"line":17,"column":3}},"7":{"start":{"line":12,"column":4},"end":{"line":16,"column":7}},"8":{"start":{"line":19,"column":25},"end":{"line":22,"column":4}},"9":{"start":{"line":28,"column":6},"end":{"line":28,"column":20}},"10":{"start":{"line":30,"column":20},"end":{"line":30,"column":97}},"11":{"start":{"line":32,"column":2},"end":{"line":38,"column":3}},"12":{"start":{"line":33,"column":4},"end":{"line":37,"column":7}},"13":{"start":{"line":39,"column":2},"end":{"line":39,"column":40}},"14":{"start":{"line":41,"column":17},"end":{"line":41,"column":45}},"15":{"start":{"line":43,"column":17},"end":{"line":43,"column":49}},"16":{"start":{"line":44,"column":21},"end":{"line":53,"column":10}},"17":{"start":{"line":56,"column":37},"end":{"line":56,"column":43}},"18":{"start":{"line":57,"column":53},"end":{"line":57,"column":67}},"19":{"start":{"line":60,"column":4},"end":{"line":64,"column":18}},"20":{"start":{"line":66,"column":24},"end":{"line":77,"column":10}},"21":{"start":{"line":79,"column":2},"end":{"line":83,"column":5}},"22":{"start":{"line":86,"column":0},"end":{"line":86,"column":24}}},"fnMap":{"0":{"name":"(anonymous_0)","decl":{"start":{"line":9,"column":15},"end":{"line":9,"column":16}},"loc":{"start":{"line":9,"column":35},"end":{"line":84,"column":1}},"line":9}},"branchMap":{"0":{"loc":{"start":{"line":11,"column":2},"end":{"line":17,"column":3}},"type":"if","locations":[{"start":{"line":11,"column":2},"end":{"line":17,"column":3}},{"start":{},"end":{}}],"line":11},"1":{"loc":{"start":{"line":32,"column":2},"end":{"line":38,"column":3}},"type":"if","locations":[{"start":{"line":32,"column":2},"end":{"line":38,"column":3}},{"start":{},"end":{}}],"line":32},"2":{"loc":{"start":{"line":60,"column":4},"end":{"line":64,"column":18}},"type":"cond-expr","locations":[{"start":{"line":61,"column":8},"end":{"line":61,"column":14}},{"start":{"line":62,"column":8},"end":{"line":64,"column":18}}],"line":60},"3":{"loc":{"start":{"line":62,"column":8},"end":{"line":64,"column":18}},"type":"cond-expr","locations":[{"start":{"line":63,"column":10},"end":{"line":63,"column":21}},{"start":{"line":64,"column":10},"end":{"line":64,"column":18}}],"line":62}},"s":{"0":35,"1":35,"2":35,"3":35,"4":35,"5":35,"6":1,"7":0,"8":1,"9":1,"10":0,"11":0,"12":0,"13":0,"14":0,"15":0,"16":0,"17":0,"18":0,"19":0,"20":0,"21":0,"22":35},"f":{"0":1},"b":{"0":[0,1],"1":[0,0],"2":[0,0],"3":[0,0]},"_coverageSchema":"1a1c01bbd47fc00a2c39e90264f33305004495a9","hash":"ed73f19956f4f8688c14775ca248c9108790d450"}
,"/Users/a/project/Princeton-CRM-Backend/backend/src/controllers/appControllers/paymentController/index.js": {"path":"/Users/a/project/Princeton-CRM-Backend/backend/src/controllers/appControllers/paymentController/index.js","statementMap":{"0":{"start":{"line":1,"column":29},"end":{"line":1,"column":89}},"1":{"start":{"line":2,"column":16},"end":{"line":2,"column":47}},"2":{"start":{"line":4,"column":15},"end":{"line":4,"column":34}},"3":{"start":{"line":5,"column":16},"end":{"line":5,"column":36}},"4":{"start":{"line":6,"column":15},"end":{"line":6,"column":34}},"5":{"start":{"line":7,"column":15},"end":{"line":7,"column":34}},"6":{"start":{"line":8,"column":17},"end":{"line":8,"column":38}},"7":{"start":{"line":10,"column":0},"end":{"line":10,"column":24}},"8":{"start":{"line":11,"column":0},"end":{"line":11,"column":24}},"9":{"start":{"line":12,"column":0},"end":{"line":12,"column":24}},"10":{"start":{"line":13,"column":0},"end":{"line":13,"column":24}},"11":{"start":{"line":14,"column":0},"end":{"line":14,"column":26}},"12":{"start":{"line":16,"column":0},"end":{"line":16,"column":25}}},"fnMap":{},"branchMap":{},"s":{"0":35,"1":35,"2":35,"3":35,"4":35,"5":35,"6":35,"7":35,"8":35,"9":35,"10":35,"11":35,"12":35},"f":{},"b":{},"_coverageSchema":"1a1c01bbd47fc00a2c39e90264f33305004495a9","hash":"0f81b709c59b774864754edd3768eae204be626b"}
,"/Users/a/project/Princeton-CRM-Backend/backend/src/controllers/appControllers/paymentController/remove.js": {"path":"/Users/a/project/Princeton-CRM-Backend/backend/src/controllers/appControllers/paymentController/remove.js","statementMap":{"0":{"start":{"line":1,"column":17},"end":{"line":1,"column":36}},"1":{"start":{"line":3,"column":14},"end":{"line":3,"column":39}},"2":{"start":{"line":4,"column":16},"end":{"line":4,"column":41}},"3":{"start":{"line":6,"column":15},"end":{"line":66,"column":1}},"4":{"start":{"line":8,"column":26},"end":{"line":11,"column":4}},"5":{"start":{"line":13,"column":2},"end":{"line":19,"column":3}},"6":{"start":{"line":14,"column":4},"end":{"line":18,"column":7}},"7":{"start":{"line":21,"column":53},"end":{"line":21,"column":68}},"8":{"start":{"line":22,"column":69},"end":{"line":22,"column":92}},"9":{"start":{"line":25,"column":16},"end":{"line":27,"column":3}},"10":{"start":{"line":29,"column":17},"end":{"line":35,"column":10}},"11":{"start":{"line":39,"column":4},"end":{"line":43,"column":18}},"12":{"start":{"line":45,"column":24},"end":{"line":59,"column":10}},"13":{"start":{"line":61,"column":2},"end":{"line":65,"column":5}},"14":{"start":{"line":67,"column":0},"end":{"line":67,"column":24}}},"fnMap":{"0":{"name":"(anonymous_0)","decl":{"start":{"line":6,"column":15},"end":{"line":6,"column":16}},"loc":{"start":{"line":6,"column":35},"end":{"line":66,"column":1}},"line":6}},"branchMap":{"0":{"loc":{"start":{"line":13,"column":2},"end":{"line":19,"column":3}},"type":"if","locations":[{"start":{"line":13,"column":2},"end":{"line":19,"column":3}},{"start":{},"end":{}}],"line":13},"1":{"loc":{"start":{"line":39,"column":4},"end":{"line":43,"column":18}},"type":"cond-expr","locations":[{"start":{"line":40,"column":8},"end":{"line":40,"column":14}},{"start":{"line":41,"column":8},"end":{"line":43,"column":18}}],"line":39},"2":{"loc":{"start":{"line":41,"column":8},"end":{"line":43,"column":18}},"type":"cond-expr","locations":[{"start":{"line":42,"column":10},"end":{"line":42,"column":21}},{"start":{"line":43,"column":10},"end":{"line":43,"column":18}}],"line":41}},"s":{"0":35,"1":35,"2":35,"3":35,"4":0,"5":0,"6":0,"7":0,"8":0,"9":0,"10":0,"11":0,"12":0,"13":0,"14":35},"f":{"0":0},"b":{"0":[0,0],"1":[0,0],"2":[0,0]},"_coverageSchema":"1a1c01bbd47fc00a2c39e90264f33305004495a9","hash":"f9500005a656857b54dc3ac32a1db740c3ad041b"}
,"/Users/a/project/Princeton-CRM-Backend/backend/src/controllers/appControllers/paymentController/sendMail.js": {"path":"/Users/a/project/Princeton-CRM-Backend/backend/src/controllers/appControllers/paymentController/sendMail.js","statementMap":{"0":{"start":{"line":1,"column":13},"end":{"line":7,"column":1}},"1":{"start":{"line":2,"column":2},"end":{"line":6,"column":5}},"2":{"start":{"line":9,"column":0},"end":{"line":9,"column":22}}},"fnMap":{"0":{"name":"(anonymous_0)","decl":{"start":{"line":1,"column":13},"end":{"line":1,"column":14}},"loc":{"start":{"line":1,"column":33},"end":{"line":7,"column":1}},"line":1}},"branchMap":{},"s":{"0":35,"1":0,"2":35},"f":{"0":0},"b":{},"_coverageSchema":"1a1c01bbd47fc00a2c39e90264f33305004495a9","hash":"91d58ee817f251d3383b0da414191083c72ac6ee"}
,"/Users/a/project/Princeton-CRM-Backend/backend/src/controllers/appControllers/paymentController/summary.js": {"path":"/Users/a/project/Princeton-CRM-Backend/backend/src/controllers/appControllers/paymentController/summary.js","statementMap":{"0":{"start":{"line":1,"column":17},"end":{"line":1,"column":36}},"1":{"start":{"line":2,"column":15},"end":{"line":2,"column":32}},"2":{"start":{"line":4,"column":14},"end":{"line":4,"column":39}},"3":{"start":{"line":5,"column":25},"end":{"line":5,"column":65}},"4":{"start":{"line":7,"column":16},"end":{"line":67,"column":1}},"5":{"start":{"line":8,"column":20},"end":{"line":8,"column":27}},"6":{"start":{"line":10,"column":19},"end":{"line":10,"column":28}},"7":{"start":{"line":12,"column":19},"end":{"line":12,"column":39}},"8":{"start":{"line":14,"column":2},"end":{"line":24,"column":3}},"9":{"start":{"line":15,"column":4},"end":{"line":23,"column":5}},"10":{"start":{"line":16,"column":6},"end":{"line":16,"column":25}},"11":{"start":{"line":18,"column":6},"end":{"line":22,"column":9}},"12":{"start":{"line":26,"column":22},"end":{"line":26,"column":30}},"13":{"start":{"line":27,"column":18},"end":{"line":27,"column":58}},"14":{"start":{"line":28,"column":16},"end":{"line":28,"column":54}},"15":{"start":{"line":31,"column":17},"end":{"line":60,"column":4}},"16":{"start":{"line":62,"column":2},"end":{"line":66,"column":5}},"17":{"start":{"line":69,"column":0},"end":{"line":69,"column":25}}},"fnMap":{"0":{"name":"(anonymous_0)","decl":{"start":{"line":7,"column":16},"end":{"line":7,"column":17}},"loc":{"start":{"line":7,"column":36},"end":{"line":67,"column":1}},"line":7}},"branchMap":{"0":{"loc":{"start":{"line":14,"column":2},"end":{"line":24,"column":3}},"type":"if","locations":[{"start":{"line":14,"column":2},"end":{"line":24,"column":3}},{"start":{},"end":{}}],"line":14},"1":{"loc":{"start":{"line":15,"column":4},"end":{"line":23,"column":5}},"type":"if","locations":[{"start":{"line":15,"column":4},"end":{"line":23,"column":5}},{"start":{"line":17,"column":11},"end":{"line":23,"column":5}}],"line":15},"2":{"loc":{"start":{"line":64,"column":12},"end":{"line":64,"column":66}},"type":"cond-expr","locations":[{"start":{"line":64,"column":32},"end":{"line":64,"column":41}},{"start":{"line":64,"column":44},"end":{"line":64,"column":66}}],"line":64}},"s":{"0":35,"1":35,"2":35,"3":35,"4":35,"5":1,"6":1,"7":1,"8":1,"9":0,"10":0,"11":0,"12":1,"13":1,"14":1,"15":1,"16":1,"17":35},"f":{"0":1},"b":{"0":[0,1],"1":[0,0],"2":[0,1]},"_coverageSchema":"1a1c01bbd47fc00a2c39e90264f33305004495a9","hash":"8fcdddae4320e975cd98079674fb9cf672a128cf"}
,"/Users/a/project/Princeton-CRM-Backend/backend/src/controllers/appControllers/paymentController/update.js": {"path":"/Users/a/project/Princeton-CRM-Backend/backend/src/controllers/appControllers/paymentController/update.js","statementMap":{"0":{"start":{"line":1,"column":17},"end":{"line":1,"column":36}},"1":{"start":{"line":3,"column":14},"end":{"line":3,"column":39}},"2":{"start":{"line":4,"column":16},"end":{"line":4,"column":41}},"3":{"start":{"line":5,"column":15},"end":{"line":5,"column":45}},"4":{"start":{"line":7,"column":22},"end":{"line":7,"column":49}},"5":{"start":{"line":9,"column":15},"end":{"line":84,"column":1}},"6":{"start":{"line":10,"column":2},"end":{"line":16,"column":3}},"7":{"start":{"line":11,"column":4},"end":{"line":15,"column":7}},"8":{"start":{"line":18,"column":26},"end":{"line":21,"column":4}},"9":{"start":{"line":23,"column":37},"end":{"line":23,"column":52}},"10":{"start":{"line":24,"column":69},"end":{"line":24,"column":92}},"11":{"start":{"line":26,"column":36},"end":{"line":26,"column":44}},"12":{"start":{"line":28,"column":24},"end":{"line":28,"column":68}},"13":{"start":{"line":29,"column":20},"end":{"line":29,"column":81}},"14":{"start":{"line":31,"column":2},"end":{"line":38,"column":3}},"15":{"start":{"line":32,"column":4},"end":{"line":37,"column":7}},"16":{"start":{"line":41,"column":4},"end":{"line":45,"column":18}},"17":{"start":{"line":47,"column":22},"end":{"line":47,"column":32}},"18":{"start":{"line":48,"column":18},"end":{"line":56,"column":3}},"19":{"start":{"line":58,"column":17},"end":{"line":64,"column":10}},"20":{"start":{"line":66,"column":24},"end":{"line":77,"column":10}},"21":{"start":{"line":79,"column":2},"end":{"line":83,"column":5}},"22":{"start":{"line":86,"column":0},"end":{"line":86,"column":24}}},"fnMap":{"0":{"name":"(anonymous_0)","decl":{"start":{"line":9,"column":15},"end":{"line":9,"column":16}},"loc":{"start":{"line":9,"column":35},"end":{"line":84,"column":1}},"line":9}},"branchMap":{"0":{"loc":{"start":{"line":10,"column":2},"end":{"line":16,"column":3}},"type":"if","locations":[{"start":{"line":10,"column":2},"end":{"line":16,"column":3}},{"start":{},"end":{}}],"line":10},"1":{"loc":{"start":{"line":31,"column":2},"end":{"line":38,"column":3}},"type":"if","locations":[{"start":{"line":31,"column":2},"end":{"line":38,"column":3}},{"start":{},"end":{}}],"line":31},"2":{"loc":{"start":{"line":41,"column":4},"end":{"line":45,"column":18}},"type":"cond-expr","locations":[{"start":{"line":42,"column":8},"end":{"line":42,"column":14}},{"start":{"line":43,"column":8},"end":{"line":45,"column":18}}],"line":41},"3":{"loc":{"start":{"line":43,"column":8},"end":{"line":45,"column":18}},"type":"cond-expr","locations":[{"start":{"line":44,"column":10},"end":{"line":44,"column":21}},{"start":{"line":45,"column":10},"end":{"line":45,"column":18}}],"line":43}},"s":{"0":35,"1":35,"2":35,"3":35,"4":35,"5":35,"6":0,"7":0,"8":0,"9":0,"10":0,"11":0,"12":0,"13":0,"14":0,"15":0,"16":0,"17":0,"18":0,"19":0,"20":0,"21":0,"22":35},"f":{"0":0},"b":{"0":[0,0],"1":[0,0],"2":[0,0],"3":[0,0]},"_coverageSchema":"1a1c01bbd47fc00a2c39e90264f33305004495a9","hash":"e3d2850567e3a96b6472eb76716a6efa0e167d38"}
,"/Users/a/project/Princeton-CRM-Backend/backend/src/controllers/appControllers/paymentModeController/index.js": {"path":"/Users/a/project/Princeton-CRM-Backend/backend/src/controllers/appControllers/paymentModeController/index.js","statementMap":{"0":{"start":{"line":1,"column":17},"end":{"line":1,"column":36}},"1":{"start":{"line":2,"column":14},"end":{"line":2,"column":43}},"2":{"start":{"line":3,"column":29},"end":{"line":3,"column":89}},"3":{"start":{"line":4,"column":16},"end":{"line":4,"column":51}},"4":{"start":{"line":6,"column":0},"end":{"line":6,"column":25}},"5":{"start":{"line":8,"column":0},"end":{"line":30,"column":2}},"6":{"start":{"line":9,"column":24},"end":{"line":9,"column":32}},"7":{"start":{"line":11,"column":2},"end":{"line":13,"column":3}},"8":{"start":{"line":12,"column":4},"end":{"line":12,"column":53}},"9":{"start":{"line":15,"column":23},"end":{"line":17,"column":4}},"10":{"start":{"line":19,"column":17},"end":{"line":23,"column":11}},"11":{"start":{"line":25,"column":2},"end":{"line":29,"column":5}},"12":{"start":{"line":32,"column":0},"end":{"line":38,"column":2}},"13":{"start":{"line":33,"column":2},"end":{"line":37,"column":5}},"14":{"start":{"line":40,"column":0},"end":{"line":79,"column":2}},"15":{"start":{"line":41,"column":17},"end":{"line":41,"column":27}},"16":{"start":{"line":42,"column":22},"end":{"line":45,"column":11}},"17":{"start":{"line":46,"column":79},"end":{"line":46,"column":87}},"18":{"start":{"line":50,"column":2},"end":{"line":52,"column":3}},"19":{"start":{"line":51,"column":4},"end":{"line":51,"column":91}},"20":{"start":{"line":55,"column":2},"end":{"line":57,"column":3}},"21":{"start":{"line":56,"column":4},"end":{"line":56,"column":71}},"22":{"start":{"line":59,"column":27},"end":{"line":59,"column":57}},"23":{"start":{"line":62,"column":2},"end":{"line":68,"column":3}},"24":{"start":{"line":63,"column":4},"end":{"line":67,"column":7}},"25":{"start":{"line":70,"column":17},"end":{"line":72,"column":4}},"26":{"start":{"line":74,"column":2},"end":{"line":78,"column":5}},"27":{"start":{"line":81,"column":0},"end":{"line":81,"column":25}}},"fnMap":{"0":{"name":"(anonymous_0)","decl":{"start":{"line":8,"column":17},"end":{"line":8,"column":18}},"loc":{"start":{"line":8,"column":37},"end":{"line":30,"column":1}},"line":8},"1":{"name":"(anonymous_1)","decl":{"start":{"line":32,"column":17},"end":{"line":32,"column":18}},"loc":{"start":{"line":32,"column":37},"end":{"line":38,"column":1}},"line":32},"2":{"name":"(anonymous_2)","decl":{"start":{"line":40,"column":17},"end":{"line":40,"column":18}},"loc":{"start":{"line":40,"column":37},"end":{"line":79,"column":1}},"line":40}},"branchMap":{"0":{"loc":{"start":{"line":11,"column":2},"end":{"line":13,"column":3}},"type":"if","locations":[{"start":{"line":11,"column":2},"end":{"line":13,"column":3}},{"start":{},"end":{}}],"line":11},"1":{"loc":{"start":{"line":22,"column":15},"end":{"line":22,"column":46}},"type":"cond-expr","locations":[{"start":{"line":22,"column":34},"end":{"line":22,"column":38}},{"start":{"line":22,"column":41},"end":{"line":22,"column":46}}],"line":22},"2":{"loc":{"start":{"line":46,"column":10},"end":{"line":46,"column":43}},"type":"default-arg","locations":[{"start":{"line":46,"column":22},"end":{"line":46,"column":43}}],"line":46},"3":{"loc":{"start":{"line":46,"column":45},"end":{"line":46,"column":74}},"type":"default-arg","locations":[{"start":{"line":46,"column":55},"end":{"line":46,"column":74}}],"line":46},"4":{"loc":{"start":{"line":50,"column":2},"end":{"line":52,"column":3}},"type":"if","locations":[{"start":{"line":50,"column":2},"end":{"line":52,"column":3}},{"start":{},"end":{}}],"line":50},"5":{"loc":{"start":{"line":50,"column":6},"end":{"line":50,"column":43}},"type":"binary-expr","locations":[{"start":{"line":50,"column":6},"end":{"line":50,"column":16}},{"start":{"line":50,"column":21},"end":{"line":50,"column":29}},{"start":{"line":50,"column":33},"end":{"line":50,"column":42}}],"line":50},"6":{"loc":{"start":{"line":55,"column":2},"end":{"line":57,"column":3}},"type":"if","locations":[{"start":{"line":55,"column":2},"end":{"line":57,"column":3}},{"start":{},"end":{}}],"line":55},"7":{"loc":{"start":{"line":55,"column":6},"end":{"line":55,"column":26}},"type":"binary-expr","locations":[{"start":{"line":55,"column":6},"end":{"line":55,"column":15}},{"start":{"line":55,"column":19},"end":{"line":55,"column":26}}],"line":55},"8":{"loc":{"start":{"line":62,"column":2},"end":{"line":68,"column":3}},"type":"if","locations":[{"start":{"line":62,"column":2},"end":{"line":68,"column":3}},{"start":{},"end":{}}],"line":62},"9":{"loc":{"start":{"line":62,"column":6},"end":{"line":62,"column":55}},"type":"binary-expr","locations":[{"start":{"line":62,"column":7},"end":{"line":62,"column":15}},{"start":{"line":62,"column":19},"end":{"line":62,"column":29}},{"start":{"line":62,"column":34},"end":{"line":62,"column":55}}],"line":62}},"s":{"0":35,"1":35,"2":35,"3":35,"4":35,"5":35,"6":1,"7":1,"8":0,"9":1,"10":1,"11":0,"12":35,"13":0,"14":35,"15":0,"16":0,"17":0,"18":0,"19":0,"20":0,"21":0,"22":0,"23":0,"24":0,"25":0,"26":0,"27":35},"f":{"0":1,"1":0,"2":0},"b":{"0":[0,1],"1":[1,0],"2":[0],"3":[0],"4":[0,0],"5":[0,0,0],"6":[0,0],"7":[0,0],"8":[0,0],"9":[0,0,0]},"_coverageSchema":"1a1c01bbd47fc00a2c39e90264f33305004495a9","hash":"ede821face996485da8fa452f11a191107bf33f4"}
[...]
d":{"line":277,"column":50}},"13":{"start":{"line":278,"column":6},"end":{"line":278,"column":60}},"14":{"start":{"line":279,"column":6},"end":{"line":279,"column":23}},"15":{"start":{"line":281,"column":6},"end":{"line":281,"column":79}},"16":{"start":{"line":286,"column":2},"end":{"line":388,"column":3}},"17":{"start":{"line":287,"column":32},"end":{"line":380,"column":1}},"18":{"start":{"line":382,"column":29},"end":{"line":382,"column":78}},"19":{"start":{"line":383,"column":4},"end":{"line":383,"column":60}},"20":{"start":{"line":384,"column":4},"end":{"line":384,"column":86}},"21":{"start":{"line":385,"column":4},"end":{"line":385,"column":21}},"22":{"start":{"line":387,"column":4},"end":{"line":387,"column":73}},"23":{"start":{"line":391,"column":2},"end":{"line":525,"column":3}},"24":{"start":{"line":392,"column":28},"end":{"line":517,"column":1}},"25":{"start":{"line":519,"column":25},"end":{"line":519,"column":61}},"26":{"start":{"line":520,"column":4},"end":{"line":520,"column":52}},"27":{"start":{"line":521,"column":4},"end":{"line":521,"column":60}},"28":{"start":{"line":522,"column":4},"end":{"line":522,"column":21}},"29":{"start":{"line":524,"column":4},"end":{"line":524,"column":69}},"30":{"start":{"line":527,"column":2},"end":{"line":527,"column":87}},"31":{"start":{"line":528,"column":2},"end":{"line":528,"column":65}},"32":{"start":{"line":532,"column":0},"end":{"line":534,"column":1}},"33":{"start":{"line":533,"column":2},"end":{"line":533,"column":24}},"34":{"start":{"line":536,"column":0},"end":{"line":536,"column":41}}},"fnMap":{"0":{"name":"(anonymous_0)","decl":{"start":{"line":7,"column":28},"end":{"line":7,"column":29}},"loc":{"start":{"line":7,"column":34},"end":{"line":529,"column":1}},"line":7}},"branchMap":{"0":{"loc":{"start":{"line":209,"column":4},"end":{"line":240,"column":10}},"type":"cond-expr","locations":[{"start":{"line":210,"column":8},"end":{"line":239,"column":8}},{"start":{"line":240,"column":8},"end":{"line":240,"column":10}}],"line":209},"1":{"loc":{"start":{"line":209,"column":4},"end":{"line":209,"column":70}},"type":"binary-expr","locations":[{"start":{"line":209,"column":4},"end":{"line":209,"column":24}},{"start":{"line":209,"column":28},"end":{"line":209,"column":46}},{"start":{"line":209,"column":50},"end":{"line":209,"column":70}}],"line":209},"2":{"loc":{"start":{"line":244,"column":4},"end":{"line":272,"column":10}},"type":"cond-expr","locations":[{"start":{"line":245,"column":8},"end":{"line":271,"column":8}},{"start":{"line":272,"column":8},"end":{"line":272,"column":10}}],"line":244},"3":{"loc":{"start":{"line":532,"column":0},"end":{"line":534,"column":1}},"type":"if","locations":[{"start":{"line":532,"column":0},"end":{"line":534,"column":1}},{"start":{},"end":{}}],"line":532}},"s":{"0":0,"1":0,"2":0,"3":0,"4":0,"5":0,"6":0,"7":0,"8":0,"9":0,"10":0,"11":0,"12":0,"13":0,"14":0,"15":0,"16":0,"17":0,"18":0,"19":0,"20":0,"21":0,"22":0,"23":0,"24":0,"25":0,"26":0,"27":0,"28":0,"29":0,"30":0,"31":0,"32":0,"33":0,"34":0},"f":{"0":0},"b":{"0":[0,0],"1":[0,0,0],"2":[0,0],"3":[0,0]}}
,"/Users/a/project/Princeton-CRM-Backend/backend/src/tests/api/testUtils.js": {"path":"/Users/a/project/Princeton-CRM-Backend/backend/src/tests/api/testUtils.js","statementMap":{"0":{"start":{"line":1,"column":16},"end":{"line":1,"column":36}},"1":{"start":{"line":2,"column":12},"end":{"line":2,"column":35}},"2":{"start":{"line":3,"column":17},"end":{"line":3,"column":36}},"3":{"start":{"line":10,"column":26},"end":{"line":51,"column":1}},"4":{"start":{"line":11,"column":2},"end":{"line":50,"column":3}},"5":{"start":{"line":14,"column":4},"end":{"line":20,"column":5}},"6":{"start":{"line":15,"column":6},"end":{"line":15,"column":38}},"7":{"start":{"line":16,"column":6},"end":{"line":16,"column":54}},"8":{"start":{"line":18,"column":6},"end":{"line":18,"column":65}},"9":{"start":{"line":19,"column":6},"end":{"line":19,"column":30}},"10":{"start":{"line":22,"column":18},"end":{"line":22,"column":65}},"11":{"start":{"line":23,"column":4},"end":{"line":26,"column":5}},"12":{"start":{"line":24,"column":6},"end":{"line":24,"column":70}},"13":{"start":{"line":25,"column":6},"end":{"line":25,"column":30}},"14":{"start":{"line":28,"column":26},"end":{"line":28,"column":74}},"15":{"start":{"line":29,"column":4},"end":{"line":32,"column":5}},"16":{"start":{"line":30,"column":6},"end":{"line":30,"column":74}},"17":{"start":{"line":31,"column":6},"end":{"line":31,"column":30}},"18":{"start":{"line":34,"column":18},"end":{"line":44,"column":5}},"19":{"start":{"line":46,"column":4},"end":{"line":46,"column":17}},"20":{"start":{"line":48,"column":4},"end":{"line":48,"column":80}},"21":{"start":{"line":49,"column":4},"end":{"line":49,"column":28}},"22":{"start":{"line":56,"column":23},"end":{"line":62,"column":1}},"23":{"start":{"line":57,"column":16},"end":{"line":57,"column":41}},"24":{"start":{"line":58,"column":2},"end":{"line":61,"column":4}},"25":{"start":{"line":67,"column":23},"end":{"line":83,"column":1}},"26":{"start":{"line":68,"column":2},"end":{"line":82,"column":3}},"27":{"start":{"line":69,"column":18},"end":{"line":69,"column":43}},"28":{"start":{"line":70,"column":21},"end":{"line":75,"column":5}},"29":{"start":{"line":77,"column":21},"end":{"line":77,"column":40}},"30":{"start":{"line":78,"column":4},"end":{"line":78,"column":33}},"31":{"start":{"line":80,"column":4},"end":{"line":80,"column":79}},"32":{"start":{"line":81,"column":4},"end":{"line":81,"column":16}},"33":{"start":{"line":88,"column":21},"end":{"line":140,"column":1}},"34":{"start":{"line":89,"column":18},"end":{"line":89,"column":20}},"35":{"start":{"line":91,"column":2},"end":{"line":137,"column":3}},"36":{"start":{"line":92,"column":4},"end":{"line":136,"column":5}},"37":{"start":{"line":93,"column":27},"end":{"line":93,"column":71}},"38":{"start":{"line":96,"column":6},"end":{"line":100,"column":7}},"39":{"start":{"line":97,"column":8},"end":{"line":99,"column":11}},"40":{"start":{"line":98,"column":10},"end":{"line":98,"column":58}},"41":{"start":{"line":103,"column":6},"end":{"line":105,"column":7}},"42":{"start":{"line":104,"column":8},"end":{"line":104,"column":60}},"43":{"start":{"line":108,"column":6},"end":{"line":112,"column":7}},"44":{"start":{"line":109,"column":8},"end":{"line":111,"column":11}},"45":{"start":{"line":110,"column":10},"end":{"line":110,"column":66}},"46":{"start":{"line":114,"column":23},"end":{"line":114,"column":43}},"47":{"start":{"line":117,"column":31},"end":{"line":119,"column":53}},"48":{"start":{"line":121,"column":6},"end":{"line":127,"column":9}},"49":{"start":{"line":129,"column":6},"end":{"line":135,"column":9}},"50":{"start":{"line":139,"column":2},"end":{"line":139,"column":17}},"51":{"start":{"line":145,"column":30},"end":{"line":181,"column":1}},"52":{"start":{"line":146,"column":20},"end":{"line":146,"column":22}},"53":{"start":{"line":149,"column":2},"end":{"line":154,"column":5}},"54":{"start":{"line":157,"column":2},"end":{"line":162,"column":5}},"55":{"start":{"line":165,"column":2},"end":{"line":170,"column":5}},"56":{"start":{"line":173,"column":2},"end":{"line":178,"column":5}},"57":{"start":{"line":180,"column":2},"end":{"line":180,"column":19}},"58":{"start":{"line":186,"column":27},"end":{"line":235,"column":1}},"59":{"start":{"line":187,"column":22},"end":{"line":227,"column":3}},"60":{"start":{"line":229,"column":2},"end":{"line":234,"column":4}},"61":{"start":{"line":237,"column":0},"end":{"line":244,"column":2}}},"fnMap":{"0":{"name":"(anonymous_0)","decl":{"start":{"line":10,"column":26},"end":{"line":10,"column":27}},"loc":{"start":{"line":10,"column":38},"end":{"line":51,"column":1}},"line":10},"1":{"name":"(anonymous_1)","decl":{"start":{"line":56,"column":23},"end":{"line":56,"column":24}},"loc":{"start":{"line":56,"column":35},"end":{"line":62,"column":1}},"line":56},"2":{"name":"(anonymous_2)","decl":{"start":{"line":67,"column":23},"end":{"line":67,"column":24}},"loc":{"start":{"line":67,"column":55},"end":{"line":83,"column":1}},"line":67},"3":{"name":"(anonymous_3)","decl":{"start":{"line":88,"column":21},"end":{"line":88,"column":22}},"loc":{"start":{"line":88,"column":65},"end":{"line":140,"column":1}},"line":88},"4":{"name":"(anonymous_4)","decl":{"start":{"line":97,"column":49},"end":{"line":97,"column":50}},"loc":{"start":{"line":97,"column":67},"end":{"line":99,"column":9}},"line":97},"5":{"name":"(anonymous_5)","decl":{"start":{"line":109,"column":47},"end":{"line":109,"column":48}},"loc":{"start":{"line":109,"column":65},"end":{"line":111,"column":9}},"line":109},"6":{"name":"(anonymous_6)","decl":{"start":{"line":145,"column":30},"end":{"line":145,"column":31}},"loc":{"start":{"line":145,"column":63},"end":{"line":181,"column":1}},"line":145},"7":{"name":"(anonymous_7)","decl":{"start":{"line":186,"column":27},"end":{"line":186,"column":28}},"loc":{"start":{"line":186,"column":39},"end":{"line":235,"column":1}},"line":186}},"branchMap":{"0":{"loc":{"start":{"line":23,"column":4},"end":{"line":26,"column":5}},"type":"if","locations":[{"start":{"line":23,"column":4},"end":{"line":26,"column":5}},{"start":{},"end":{}}],"line":23},"1":{"loc":{"start":{"line":29,"column":4},"end":{"line":32,"column":5}},"type":"if","locations":[{"start":{"line":29,"column":4},"end":{"line":32,"column":5}},{"start":{},"end":{}}],"line":29},"2":{"loc":{"start":{"line":42,"column":6},"end":{"line":42,"column":61}},"type":"binary-expr","locations":[{"start":{"line":42,"column":6},"end":{"line":42,"column":28}},{"start":{"line":42,"column":32},"end":{"line":42,"column":61}}],"line":42},"3":{"loc":{"start":{"line":67,"column":41},"end":{"line":67,"column":50}},"type":"default-arg","locations":[{"start":{"line":67,"column":48},"end":{"line":67,"column":50}}],"line":67},"4":{"loc":{"start":{"line":73,"column":15},"end":{"line":73,"column":63}},"type":"cond-expr","locations":[{"start":{"line":73,"column":44},"end":{"line":73,"column":56}},{"start":{"line":73,"column":59},"end":{"line":73,"column":63}}],"line":73},"5":{"loc":{"start":{"line":96,"column":6},"end":{"line":100,"column":7}},"type":"if","locations":[{"start":{"line":96,"column":6},"end":{"line":100,"column":7}},{"start":{},"end":{}}],"line":96},"6":{"loc":{"start":{"line":103,"column":6},"end":{"line":105,"column":7}},"type":"if","locations":[{"start":{"line":103,"column":6},"end":{"line":105,"column":7}},{"start":{},"end":{}}],"line":103},"7":{"loc":{"start":{"line":108,"column":6},"end":{"line":112,"column":7}},"type":"if","locations":[{"start":{"line":108,"column":6},"end":{"line":112,"column":7}},{"start":{},"end":{}}],"line":108},"8":{"loc":{"start":{"line":117,"column":31},"end":{"line":119,"column":53}},"type":"cond-expr","locations":[{"start":{"line":118,"column":10},"end":{"line":118,"column":59}},{"start":{"line":119,"column":10},"end":{"line":119,"column":53}}],"line":117},"9":{"loc":{"start":{"line":132,"column":22},"end":{"line":132,"column":41}},"type":"binary-expr","locations":[{"start":{"line":132,"column":22},"end":{"line":132,"column":34}},{"start":{"line":132,"column":38},"end":{"line":132,"column":41}}],"line":132},"10":{"loc":{"start":{"line":145,"column":39},"end":{"line":145,"column":58}},"type":"default-arg","locations":[{"start":{"line":145,"column":54},"end":{"line":145,"column":58}}],"line":145},"11":{"loc":{"start":{"line":152,"column":13},"end":{"line":152,"column":42}},"type":"cond-expr","locations":[{"start":{"line":152,"column":28},"end":{"line":152,"column":30}},{"start":{"line":152,"column":33},"end":{"line":152,"column":42}}],"line":152},"12":{"loc":{"start":{"line":160,"column":13},"end":{"line":160,"column":42}},"type":"cond-expr","locations":[{"start":{"line":160,"column":28},"end":{"line":160,"column":30}},{"start":{"line":160,"column":33},"end":{"line":160,"column":42}}],"line":160},"13":{"loc":{"start":{"line":168,"column":13},"end":{"line":168,"column":42}},"type":"cond-expr","locations":[{"start":{"line":168,"column":28},"end":{"line":168,"column":30}},{"start":{"line":168,"column":33},"end":{"line":168,"column":42}}],"line":168},"14":{"loc":{"start":{"line":176,"column":13},"end":{"line":176,"column":42}},"type":"cond-expr","locations":[{"start":{"line":176,"column":28},"end":{"line":176,"column":30}},{"start":{"line":176,"column":33},"end":{"line":176,"column":42}}],"line":176},"15":{"loc":{"start":{"line":230,"column":4},"end":{"line":233,"column":5}},"type":"binary-expr","locations":[{"start":{"line":230,"column":4},"end":{"line":230,"column":23}},{"start":{"line":230,"column":27},"end":{"line":233,"column":5}}],"line":230}},"s":{"0":32,"1":32,"2":32,"3":32,"4":64,"5":64,"6":64,"7":64,"8":0,"9":0,"10":64,"11":64,"12":64,"13":64,"14":0,"15":0,"16":0,"17":0,"18":0,"19":0,"20":0,"21":0,"22":32,"23":32,"24":32,"25":32,"26":0,"27":0,"28":0,"29":0,"30":0,"31":0,"32":0,"33":32,"34":63,"35":63,"36":184,"37":184,"38":184,"39":183,"40":306,"41":184,"42":93,"43":184,"44":0,"45":0,"46":184,"47":184,"48":184,"49":0,"50":63,"51":32,"52":0,"53":0,"54":0,"55":0,"56":0,"57":0,"58":32,"59":0,"60":0,"61":32},"f":{"0":64,"1":32,"2":0,"3":63,"4":306,"5":0,"6":0,"7":0},"b":{"0":[64,0],"1":[0,0],"2":[0,0],"3":[0],"4":[0,0],"5":[183,1],"6":[93,91],"7":[0,184],"8":[184,0],"9":[0,0],"10":[0],"11":[0,0],"12":[0,0],"13":[0,0],"14":[0,0],"15":[0,0]},"_coverageSchema":"1a1c01bbd47fc00a2c39e90264f33305004495a9","hash":"98be1a72d7ca39e2c257322c307775f408855344"}
,"/Users/a/project/Princeton-CRM-Backend/backend/src/utils/countryList.js": {"path":"/Users/a/project/Princeton-CRM-Backend/backend/src/utils/countryList.js","statementMap":{"0":{"start":{"line":1,"column":22},"end":{"line":837,"column":1}}},"fnMap":{},"branchMap":{},"s":{"0":0},"f":{},"b":{}}
,"/Users/a/project/Princeton-CRM-Backend/backend/src/utils/currency.js": {"path":"/Users/a/project/Princeton-CRM-Backend/backend/src/utils/currency.js","statementMap":{"0":{"start":{"line":1,"column":21},"end":{"line":122,"column":1}},"1":{"start":{"line":124,"column":0},"end":{"line":126,"column":2}},"2":{"start":{"line":125,"column":2},"end":{"line":125,"column":51}}},"fnMap":{"0":{"name":"(anonymous_0)","decl":{"start":{"line":124,"column":24},"end":{"line":124,"column":25}},"loc":{"start":{"line":124,"column":34},"end":{"line":126,"column":1}},"line":124}},"branchMap":{},"s":{"0":0,"1":0,"2":0},"f":{"0":0},"b":{}}
,"/Users/a/project/Princeton-CRM-Backend/backend/src/utils/currencyList.js": {"path":"/Users/a/project/Princeton-CRM-Backend/backend/src/utils/currencyList.js","statementMap":{"0":{"start":{"line":1,"column":0},"end":{"line":24,"column":2}}},"fnMap":{},"branchMap":{},"s":{"0":0},"f":{},"b":{}}
,"/Users/a/project/Princeton-CRM-Backend/backend/src/utils/is-path-inside.js": {"path":"/Users/a/project/Princeton-CRM-Backend/backend/src/utils/is-path-inside.js","statementMap":{"0":{"start":{"line":1,"column":13},"end":{"line":1,"column":28}},"1":{"start":{"line":5,"column":0},"end":{"line":14,"column":2}},"2":{"start":{"line":6,"column":19},"end":{"line":6,"column":55}},"3":{"start":{"line":8,"column":2},"end":{"line":13,"column":4}}},"fnMap":{"0":{"name":"(anonymous_0)","decl":{"start":{"line":5,"column":23},"end":{"line":5,"column":24}},"loc":{"start":{"line":5,"column":50},"end":{"line":14,"column":1}},"line":5}},"branchMap":{"0":{"loc":{"start":{"line":9,"column":4},"end":{"line":12,"column":42}},"type":"binary-expr","locations":[{"start":{"line":9,"column":4},"end":{"line":9,"column":12}},{"start":{"line":10,"column":6},"end":{"line":10,"column":23}},{"start":{"line":11,"column":6},"end":{"line":11,"column":43}},{"start":{"line":12,"column":6},"end":{"line":12,"column":42}}],"line":9}},"s":{"0":35,"1":35,"2":0,"3":0},"f":{"0":0},"b":{"0":[0,0,0,0]},"_coverageSchema":"1a1c01bbd47fc00a2c39e90264f33305004495a9","hash":"6f86426a5ed6fcd0ca1b9f3136e23da7dcd3a267"}
,"/Users/a/project/Princeton-CRM-Backend/backend/src/utils/loadModels.js": {"path":"/Users/a/project/Princeton-CRM-Backend/backend/src/utils/loadModels.js","statementMap":{"0":{"start":{"line":1,"column":17},"end":{"line":1,"column":36}},"1":{"start":{"line":2,"column":13},"end":{"line":2,"column":28}},"2":{"start":{"line":3,"column":21},"end":{"line":3,"column":36}},"3":{"start":{"line":6,"column":2},"end":{"line":6,"column":38}},"4":{"start":{"line":9,"column":21},"end":{"line":9,"column":72}},"5":{"start":{"line":10,"column":2},"end":{"line":10,"column":59}},"6":{"start":{"line":13,"column":2},"end":{"line":23,"column":5}},"7":{"start":{"line":15,"column":4},"end":{"line":15,"column":42}},"8":{"start":{"line":15,"column":35},"end":{"line":15,"column":42}},"9":{"start":{"line":17,"column":4},"end":{"line":22,"column":5}},"10":{"start":{"line":18,"column":6},"end":{"line":18,"column":20}},"11":{"start":{"line":19,"column":6},"end":{"line":19,"column":64}},"12":{"start":{"line":21,"column":6},"end":{"line":21,"column":72}},"13":{"start":{"line":26,"column":2},"end":{"line":26,"column":62}},"14":{"start":{"line":29,"column":2},"end":{"line":36,"column":4}},"15":{"start":{"line":31,"column":6},"end":{"line":33,"column":7}},"16":{"start":{"line":32,"column":8},"end":{"line":32,"column":105}},"17":{"start":{"line":34,"column":6},"end":{"line":34,"column":39}},"18":{"start":{"line":39,"column":0},"end":{"line":39,"column":28}}},"fnMap":{"0":{"name":"loadModels","decl":{"start":{"line":5,"column":9},"end":{"line":5,"column":19}},"loc":{"start":{"line":5,"column":22},"end":{"line":37,"column":1}},"line":5},"1":{"name":"(anonymous_1)","decl":{"start":{"line":13,"column":21},"end":{"line":13,"column":22}},"loc":{"start":{"line":13,"column":31},"end":{"line":23,"column":3}},"line":13},"2":{"name":"(anonymous_2)","decl":{"start":{"line":30,"column":14},"end":{"line":30,"column":15}},"loc":{"start":{"line":30,"column":29},"end":{"line":35,"column":5}},"line":30}},"branchMap":{"0":{"loc":{"start":{"line":15,"column":4},"end":{"line":15,"column":42}},"type":"if","locations":[{"start":{"line":15,"column":4},"end":{"line":15,"column":42}},{"start":{},"end":{}}],"line":15},"1":{"loc":{"start":{"line":31,"column":6},"end":{"line":33,"column":7}},"type":"if","locations":[{"start":{"line":31,"column":6},"end":{"line":33,"column":7}},{"start":{},"end":{}}],"line":31}},"s":{"0":0,"1":0,"2":0,"3":0,"4":0,"5":0,"6":0,"7":0,"8":0,"9":0,"10":0,"11":0,"12":0,"13":0,"14":0,"15":0,"16":0,"17":0,"18":0},"f":{"0":0,"1":0,"2":0},"b":{"0":[0,0],"1":[0,0]}}
,"/Users/a/project/Princeton-CRM-Backend/backend/src/utils/registerModels.js": {"path":"/Users/a/project/Princeton-CRM-Backend/backend/src/utils/registerModels.js","statementMap":{"0":{"start":{"line":1,"column":13},"end":{"line":1,"column":28}},"1":{"start":{"line":2,"column":11},"end":{"line":2,"column":24}},"2":{"start":{"line":5,"column":2},"end":{"line":5,"column":42}},"3":{"start":{"line":6,"column":21},"end":{"line":6,"column":54}},"4":{"start":{"line":9,"column":2},"end":{"line":18,"column":5}},"5":{"start":{"line":10,"column":4},"end":{"line":17,"column":5}},"6":{"start":{"line":11,"column":6},"end":{"line":16,"column":7}},"7":{"start":{"line":12,"column":8},"end":{"line":12,"column":45}},"8":{"start":{"line":13,"column":8},"end":{"line":13,"column":51}},"9":{"start":{"line":15,"column":8},"end":{"line":15,"column":73}},"10":{"start":{"line":21,"column":0},"end":{"line":21,"column":32}}},"fnMap":{"0":{"name":"registerModels","decl":{"start":{"line":4,"column":9},"end":{"line":4,"column":23}},"loc":{"start":{"line":4,"column":26},"end":{"line":19,"column":1}},"line":4},"1":{"name":"(anonymous_1)","decl":{"start":{"line":9,"column":37},"end":{"line":9,"column":38}},"loc":{"start":{"line":9,"column":45},"end":{"line":18,"column":3}},"line":9}},"branchMap":{"0":{"loc":{"start":{"line":10,"column":4},"end":{"line":17,"column":5}},"type":"if","locations":[{"start":{"line":10,"column":4},"end":{"line":17,"column":5}},{"start":{},"end":{}}],"line":10}},"s":{"0":0,"1":0,"2":0,"3":0,"4":0,"5":0,"6":0,"7":0,"8":0,"9":0,"10":0},"f":{"0":0,"1":0},"b":{"0":[0,0]}}
}
