TN:
SF:src/app.js
FN:47,(anonymous_0)
FN:75,(anonymous_1)
FNF:2
FNH:1
FNDA:445,(anonymous_0)
FNDA:0,(anonymous_1)
DA:1,35
DA:2,35
DA:4,35
DA:5,35
DA:7,35
DA:8,35
DA:9,35
DA:12,35
DA:13,35
DA:14,1610
DA:17,35
DA:18,35
DA:19,35
DA:20,35
DA:21,35
DA:22,35
DA:23,35
DA:24,35
DA:26,35
DA:27,35
DA:29,35
DA:31,35
DA:34,35
DA:45,35
DA:49,445
DA:51,1
DA:52,1
DA:54,0
DA:63,35
DA:64,35
DA:65,35
DA:67,35
DA:75,35
DA:76,0
DA:135,35
DA:136,35
DA:137,35
DA:138,35
DA:139,35
DA:140,35
DA:141,35
DA:142,35
DA:145,35
DA:148,35
DA:149,0
DA:153,35
DA:156,35
LF:47
LH:44
BRDA:49,0,0,444
BRDA:49,0,1,1
BRDA:51,1,0,1
BRDA:51,1,1,0
BRDA:128,2,0,0
BRDA:128,2,1,0
BRDA:148,3,0,0
BRDA:148,3,1,35
BRF:8
BRH:4
end_of_record
TN:
SF:src/helpers.js
FN:16,(anonymous_0)
FN:24,(anonymous_1)
FN:29,(anonymous_2)
FN:48,(anonymous_3)
FN:51,(anonymous_4)
FN:54,(anonymous_5)
FN:57,(anonymous_6)
FNF:7
FNH:2
FNDA:0,(anonymous_0)
FNDA:0,(anonymous_1)
FNDA:0,(anonymous_2)
FNDA:1,(anonymous_3)
FNDA:0,(anonymous_4)
FNDA:1,(anonymous_5)
FNDA:0,(anonymous_6)
DA:6,35
DA:8,35
DA:11,35
DA:16,35
DA:17,0
DA:18,0
DA:20,0
DA:24,35
DA:27,35
DA:29,35
DA:30,0
DA:31,0
DA:34,0
DA:35,0
DA:37,0
DA:39,0
DA:40,0
DA:41,0
DA:42,0
DA:44,0
DA:47,35
DA:49,1
DA:52,0
DA:55,1
DA:58,0
LF:25
LH:10
BRDA:30,0,0,0
BRDA:30,0,1,0
BRDA:34,1,0,0
BRDA:34,1,1,0
BRDA:37,2,0,0
BRDA:37,2,1,0
BRF:6
BRH:0
end_of_record
TN:
SF:src/server.js
FN:20,startInMemoryMongoDB
FN:52,connectToMongoDB
FN:70,verifyModels
FN:88,startServer
FN:111,(anonymous_4)
FN:117,(anonymous_5)
FN:119,(anonymous_6)
FN:121,(anonymous_7)
FN:138,(anonymous_8)
FN:144,(anonymous_9)
FNF:10
FNH:0
FNDA:0,startInMemoryMongoDB
FNDA:0,connectToMongoDB
FNDA:0,verifyModels
FNDA:0,startServer
FNDA:0,(anonymous_4)
FNDA:0,(anonymous_5)
FNDA:0,(anonymous_6)
FNDA:0,(anonymous_7)
FNDA:0,(anonymous_8)
FNDA:0,(anonymous_9)
DA:1,0
DA:2,0
DA:4,0
DA:7,0
DA:10,0
DA:11,0
DA:12,0
DA:13,0
DA:17,0
DA:18,0
DA:21,0
DA:22,0
DA:23,0
DA:26,0
DA:27,0
DA:28,0
DA:29,0
DA:30,0
DA:33,0
DA:40,0
DA:41,0
DA:43,0
DA:44,0
DA:45,0
DA:47,0
DA:48,0
DA:53,0
DA:54,0
DA:55,0
DA:62,0
DA:63,0
DA:65,0
DA:66,0
DA:71,0
DA:72,0
DA:73,0
DA:75,0
DA:76,0
DA:77,0
DA:78,0
DA:80,0
DA:81,0
DA:85,0
DA:89,0
DA:91,0
DA:94,0
DA:95,0
DA:97,0
DA:98,0
DA:102,0
DA:103,0
DA:104,0
DA:108,0
DA:109,0
DA:111,0
DA:112,0
DA:113,0
DA:117,0
DA:118,0
DA:119,0
DA:120,0
DA:121,0
DA:122,0
DA:123,0
DA:129,0
DA:130,0
DA:135,0
DA:138,0
DA:139,0
DA:140,0
DA:144,0
DA:145,0
DA:146,0
LF:73
LH:0
BRDA:11,0,0,0
BRDA:11,0,1,0
BRDA:29,1,0,0
BRDA:29,1,1,0
BRDA:103,2,0,0
BRDA:103,2,1,0
BRDA:109,3,0,0
BRDA:109,3,1,0
BRDA:113,4,0,0
BRDA:113,4,1,0
BRF:10
BRH:0
end_of_record
TN:
SF:src/controllers/appControllers/index.js
FN:8,(anonymous_0)
FN:12,(anonymous_1)
FN:16,(anonymous_2)
FN:30,(anonymous_3)
FNF:4
FNH:4
FNDA:420,(anonymous_0)
FNDA:35,(anonymous_1)
FNDA:420,(anonymous_2)
FNDA:1330,(anonymous_3)
DA:1,35
DA:2,35
DA:4,35
DA:5,35
DA:7,35
DA:8,35
DA:9,420
DA:12,35
DA:13,35
DA:14,35
DA:16,35
DA:17,420
DA:18,420
DA:20,420
DA:21,420
DA:22,420
DA:25,0
DA:30,35
DA:31,1330
DA:32,945
DA:36,35
DA:39,35
LF:22
LH:21
BRDA:20,0,0,420
BRDA:20,0,1,0
BRDA:31,1,0,945
BRDA:31,1,1,385
BRF:4
BRH:3
end_of_record
TN:
SF:src/controllers/appControllers/apartmentClientController/index.js
FN:4,modelController
FNF:1
FNH:1
FNDA:35,modelController
DA:1,35
DA:2,35
DA:5,35
DA:6,35
DA:8,35
DA:11,35
LF:6
LH:6
BRF:0
BRH:0
end_of_record
TN:
SF:src/controllers/appControllers/clientController/index.js
FN:6,modelController
FN:10,(anonymous_1)
FNF:2
FNH:2
FNDA:35,modelController
FNDA:1,(anonymous_1)
DA:1,35
DA:2,35
DA:4,35
DA:7,35
DA:8,35
DA:10,35
DA:11,35
DA:14,35
LF:8
LH:8
BRF:0
BRH:0
end_of_record
TN:
SF:src/controllers/appControllers/clientController/summary.js
FN:6,(anonymous_0)
FNF:1
FNH:1
FNDA:1,(anonymous_0)
DA:1,35
DA:2,35
DA:4,35
DA:6,35
DA:7,1
DA:8,1
DA:10,1
DA:11,0
DA:12,1
DA:13,0
DA:20,1
DA:21,1
DA:22,1
DA:24,1
DA:77,1
DA:79,1
DA:80,1
DA:81,1
DA:82,1
DA:84,1
DA:85,1
DA:87,1
DA:97,35
LF:23
LH:21
BRDA:10,0,0,0
BRDA:10,0,1,1
BRDA:10,1,0,1
BRDA:10,1,1,0
BRDA:12,2,0,0
BRDA:12,2,1,1
BRDA:80,3,0,0
BRDA:80,3,1,1
BRDA:81,4,0,0
BRDA:81,4,1,1
BRDA:82,5,0,0
BRDA:82,5,1,1
BRDA:84,6,0,0
BRDA:84,6,1,1
BRDA:85,7,0,0
BRDA:85,7,1,1
BRF:16
BRH:8
end_of_record
TN:
SF:src/controllers/appControllers/commercialClientController/index.js
FN:4,modelController
FNF:1
FNH:1
FNDA:35,modelController
DA:1,35
DA:2,35
DA:5,35
DA:6,35
DA:8,35
DA:11,35
LF:6
LH:6
BRF:0
BRH:0
end_of_record
TN:
SF:src/controllers/appControllers/genericController/delete.js
FN:2,(anonymous_0)
FN:2,(anonymous_1)
FN:38,(anonymous_2)
FN:38,(anonymous_3)
FNF:4
FNH:0
FNDA:0,(anonymous_0)
FNDA:0,(anonymous_1)
FNDA:0,(anonymous_2)
FNDA:0,(anonymous_3)
DA:1,35
DA:2,35
DA:5,35
DA:38,35
DA:39,0
DA:40,0
DA:42,0
DA:43,0
DA:47,0
DA:48,0
DA:49,0
DA:51,0
DA:54,0
DA:57,35
LF:14
LH:5
BRDA:42,0,0,0
BRDA:42,0,1,0
BRDA:47,1,0,0
BRDA:47,1,1,0
BRF:4
BRH:0
end_of_record
TN:
SF:src/controllers/appControllers/genericController/index.js
FN:4,modelController
FNF:1
FNH:1
FNDA:35,modelController
DA:1,35
DA:2,35
DA:7,35
DA:10,35
DA:11,35
DA:13,35
DA:16,35
LF:7
LH:7
BRF:0
BRH:0
end_of_record
TN:
SF:src/controllers/appControllers/invoiceController/create.js
FN:9,(anonymous_0)
FN:31,(anonymous_1)
FNF:2
FNH:1
FNDA:1,(anonymous_0)
FNDA:0,(anonymous_1)
DA:1,35
DA:3,35
DA:5,35
DA:6,35
DA:7,35
DA:9,35
DA:10,1
DA:11,1
DA:13,1
DA:14,1
DA:15,1
DA:16,1
DA:23,0
DA:26,0
DA:27,0
DA:28,0
DA:31,0
DA:32,0
DA:34,0
DA:36,0
DA:38,0
DA:39,0
DA:41,0
DA:42,0
DA:43,0
DA:44,0
DA:46,0
DA:48,0
DA:49,0
DA:52,0
DA:53,0
DA:54,0
DA:62,0
DA:67,0
DA:73,0
DA:77,35
LF:36
LH:13
BRDA:14,0,0,1
BRDA:14,0,1,0
BRDA:23,1,0,0
BRDA:23,2,0,0
BRDA:23,3,0,0
BRDA:46,4,0,0
BRDA:46,4,1,0
BRF:7
BRH:1
end_of_record
TN:
SF:src/controllers/appControllers/invoiceController/index.js
FNF:0
FNH:0
DA:1,35
DA:2,35
DA:4,35
DA:5,35
DA:6,35
DA:7,35
DA:8,35
DA:9,35
DA:10,35
DA:12,35
DA:13,35
DA:14,35
DA:15,35
DA:16,35
DA:17,35
DA:18,35
DA:20,35
LF:17
LH:17
BRF:0
BRH:0
end_of_record
TN:
SF:src/controllers/appControllers/invoiceController/paginatedList.js
FN:5,(anonymous_0)
FNF:1
FNH:1
FNDA:1,(anonymous_0)
DA:1,35
DA:3,35
DA:5,35
DA:6,1
DA:7,1
DA:8,1
DA:10,1
DA:12,1
DA:16,1
DA:18,1
DA:19,0
DA:23,1
DA:36,1
DA:44,1
DA:46,1
DA:49,1
DA:50,1
DA:51,0
DA:58,1
DA:67,35
LF:20
LH:18
BRDA:6,0,0,1
BRDA:6,0,1,1
BRDA:7,1,0,1
BRDA:7,1,1,1
BRDA:10,2,0,1
BRDA:10,3,0,1
BRDA:12,4,0,0
BRDA:12,4,1,1
BRDA:16,5,0,1
BRDA:16,5,1,0
BRDA:50,6,0,0
BRDA:50,6,1,1
BRF:12
BRH:9
end_of_record
TN:
SF:src/controllers/appControllers/invoiceController/read.js
FN:5,(anonymous_0)
FNF:1
FNH:0
FNDA:0,(anonymous_0)
DA:1,35
DA:3,35
DA:5,35
DA:6,0
DA:8,0
DA:15,0
DA:16,0
DA:23,0
DA:30,0
DA:34,35
LF:10
LH:4
BRDA:15,0,0,0
BRDA:15,0,1,0
BRF:2
BRH:0
end_of_record
TN:
SF:src/controllers/appControllers/invoiceController/remove.js
FN:6,(anonymous_0)
FNF:1
FNH:0
FNDA:0,(anonymous_0)
DA:1,35
DA:3,35
DA:4,35
DA:6,35
DA:7,0
DA:19,0
DA:20,0
DA:26,0
DA:30,0
DA:37,35
LF:10
LH:5
BRDA:19,0,0,0
BRDA:19,0,1,0
BRF:2
BRH:0
end_of_record
TN:
SF:src/controllers/appControllers/invoiceController/schemaValidate.js
FNF:0
FNH:0
DA:1,35
DA:2,35
DA:26,35
LF:3
LH:3
BRF:0
BRH:0
end_of_record
TN:
SF:src/controllers/appControllers/invoiceController/sendMail.js
FN:5,(anonymous_0)
FNF:1
FNH:0
FNDA:0,(anonymous_0)
DA:1,35
DA:3,35
DA:5,35
DA:6,0
DA:13,35
LF:5
LH:4
BRF:0
BRH:0
end_of_record
TN:
SF:src/controllers/appControllers/invoiceController/summary.js
FN:8,(anonymous_0)
FN:134,(anonymous_1)
FN:141,(anonymous_2)
FN:148,(anonymous_3)
FN:156,(anonymous_4)
FN:158,(anonymous_5)
FNF:6
FNH:2
FNDA:1,(anonymous_0)
FNDA:0,(anonymous_1)
FNDA:0,(anonymous_2)
FNDA:0,(anonymous_3)
FNDA:6,(anonymous_4)
FNDA:0,(anonymous_5)
DA:1,35
DA:2,35
DA:4,35
DA:6,35
DA:8,35
DA:9,1
DA:11,1
DA:13,1
DA:15,1
DA:16,0
DA:17,0
DA:19,0
DA:27,1
DA:28,1
DA:29,1
DA:31,1
DA:33,1
DA:127,1
DA:129,1
DA:130,1
DA:131,1
DA:132,1
DA:134,1
DA:135,0
DA:141,1
DA:142,0
DA:148,1
DA:149,0
DA:156,1
DA:157,6
DA:158,0
DA:160,6
DA:161,0
DA:165,1
DA:197,1
DA:204,1
DA:211,35
LF:37
LH:29
BRDA:15,0,0,0
BRDA:15,0,1,1
BRDA:16,1,0,0
BRDA:16,1,1,0
BRDA:129,2,0,1
BRDA:129,2,1,0
BRDA:130,3,0,1
BRDA:130,3,1,0
BRDA:131,4,0,1
BRDA:131,4,1,0
BRDA:132,5,0,1
BRDA:132,5,1,0
BRDA:160,6,0,0
BRDA:160,6,1,6
BRDA:199,7,0,0
BRDA:199,7,1,1
BRF:16
BRH:7
end_of_record
TN:
SF:src/controllers/appControllers/invoiceController/update.js
FN:10,(anonymous_0)
FN:48,(anonymous_1)
FNF:2
FNH:0
FNDA:0,(anonymous_0)
FNDA:0,(anonymous_1)
DA:1,35
DA:3,35
DA:5,35
DA:7,35
DA:8,35
DA:10,35
DA:11,0
DA:12,0
DA:14,0
DA:15,0
DA:16,0
DA:17,0
DA:24,0
DA:29,0
DA:31,0
DA:33,0
DA:34,0
DA:43,0
DA:44,0
DA:45,0
DA:48,0
DA:49,0
DA:51,0
DA:53,0
DA:55,0
DA:56,0
DA:58,0
DA:59,0
DA:60,0
DA:61,0
DA:62,0
DA:63,0
DA:64,0
DA:70,0
DA:71,0
DA:73,0
DA:79,0
DA:85,0
DA:89,35
LF:39
LH:7
BRDA:15,0,0,0
BRDA:15,0,1,0
BRDA:31,1,0,0
BRDA:31,2,0,0
BRDA:31,3,0,0
BRDA:33,4,0,0
BRDA:33,4,1,0
BRDA:63,5,0,0
BRDA:63,5,1,0
BRDA:70,6,0,0
BRDA:70,6,1,0
BRDA:70,7,0,0
BRDA:70,7,1,0
BRF:13
BRH:0
end_of_record
TN:
SF:src/controllers/appControllers/landClientController/index.js
FN:4,modelController
FNF:1
FNH:1
FNDA:35,modelController
DA:1,35
DA:2,35
DA:5,35
DA:6,35
DA:8,35
DA:11,35
LF:6
LH:6
BRF:0
BRH:0
end_of_record
TN:
SF:src/controllers/appControllers/paymentController/create.js
FN:9,(anonymous_0)
FNF:1
FNH:1
FNDA:1,(anonymous_0)
DA:1,35
DA:3,35
DA:4,35
DA:5,35
DA:7,35
DA:9,35
DA:11,1
DA:12,0
DA:19,1
DA:28,1
DA:30,0
DA:32,0
DA:33,0
DA:39,0
DA:41,0
DA:43,0
DA:44,0
DA:56,0
DA:57,0
DA:60,0
DA:66,0
DA:79,0
DA:86,35
LF:23
LH:10
BRDA:11,0,0,0
BRDA:11,0,1,1
BRDA:32,1,0,0
BRDA:32,1,1,0
BRDA:60,2,0,0
BRDA:60,2,1,0
BRDA:62,3,0,0
BRDA:62,3,1,0
BRF:8
BRH:1
end_of_record
TN:
SF:src/controllers/appControllers/paymentController/index.js
FNF:0
FNH:0
DA:1,35
DA:2,35
DA:4,35
DA:5,35
DA:6,35
DA:7,35
DA:8,35
DA:10,35
DA:11,35
DA:12,35
DA:13,35
DA:14,35
DA:16,35
LF:13
LH:13
BRF:0
BRH:0
end_of_record
TN:
SF:src/controllers/appControllers/paymentController/remove.js
FN:6,(anonymous_0)
FNF:1
FNH:0
FNDA:0,(anonymous_0)
DA:1,35
DA:3,35
DA:4,35
DA:6,35
DA:8,0
DA:13,0
DA:14,0
DA:21,0
DA:22,0
DA:25,0
DA:29,0
DA:39,0
DA:45,0
DA:61,0
DA:67,35
LF:15
LH:5
BRDA:13,0,0,0
BRDA:13,0,1,0
BRDA:39,1,0,0
BRDA:39,1,1,0
BRDA:41,2,0,0
BRDA:41,2,1,0
BRF:6
BRH:0
end_of_record
TN:
SF:src/controllers/appControllers/paymentController/sendMail.js
FN:1,(anonymous_0)
FNF:1
FNH:0
FNDA:0,(anonymous_0)
DA:1,35
DA:2,0
DA:9,35
LF:3
LH:2
BRF:0
BRH:0
end_of_record
TN:
SF:src/controllers/appControllers/paymentController/summary.js
FN:7,(anonymous_0)
FNF:1
FNH:1
FNDA:1,(anonymous_0)
DA:1,35
DA:2,35
DA:4,35
DA:5,35
DA:7,35
DA:8,1
DA:10,1
DA:12,1
DA:14,1
DA:15,0
DA:16,0
DA:18,0
DA:26,1
DA:27,1
DA:28,1
DA:31,1
DA:62,1
DA:69,35
LF:18
LH:15
BRDA:14,0,0,0
BRDA:14,0,1,1
BRDA:15,1,0,0
BRDA:15,1,1,0
BRDA:64,2,0,0
BRDA:64,2,1,1
BRF:6
BRH:2
end_of_record
TN:
SF:src/controllers/appControllers/paymentController/update.js
FN:9,(anonymous_0)
FNF:1
FNH:0
FNDA:0,(anonymous_0)
DA:1,35
DA:3,35
DA:4,35
DA:5,35
DA:7,35
DA:9,35
DA:10,0
DA:11,0
DA:18,0
DA:23,0
DA:24,0
DA:26,0
DA:28,0
DA:29,0
DA:31,0
DA:32,0
DA:41,0
DA:47,0
DA:48,0
DA:58,0
DA:66,0
DA:79,0
DA:86,35
LF:23
LH:7
BRDA:10,0,0,0
BRDA:10,0,1,0
BRDA:31,1,0,0
BRDA:31,1,1,0
BRDA:41,2,0,0
BRDA:41,2,1,0
BRDA:43,3,0,0
BRDA:43,3,1,0
BRF:8
BRH:0
end_of_record
TN:
SF:src/controllers/appControllers/paymentModeController/index.js
FN:8,(anonymous_0)
FN:32,(anonymous_1)
FN:40,(anonymous_2)
FNF:3
FNH:1
FNDA:1,(anonymous_0)
FNDA:0,(anonymous_1)
FNDA:0,(anonymous_2)
DA:1,35
DA:2,35
DA:3,35
DA:4,35
DA:6,35
DA:8,35
DA:9,1
DA:11,1
DA:12,0
DA:15,1
DA:19,1
DA:25,0
DA:32,35
DA:33,0
DA:40,35
DA:41,0
DA:42,0
DA:46,0
DA:50,0
DA:51,0
DA:55,0
DA:56,0
DA:59,0
DA:62,0
DA:63,0
DA:70,0
DA:74,0
DA:81,35
LF:28
LH:13
BRDA:11,0,0,0
BRDA:11,0,1,1
BRDA:22,1,0,1
BRDA:22,1,1,0
BRDA:46,2,0,0
BRDA:46,3,0,0
BRDA:50,4,0,0
BRDA:50,4,1,0
BRDA:50,5,0,0
BRDA:50,5,1,0
BRDA:50,5,2,0
BRDA:55,6,0,0
BRDA:55,6,1,0
BRDA:55,7,0,0
BRDA:55,7,1,0
BRDA:62,8,0,0
BRDA:62,8,1,0
BRDA:62,9,0,0
BRDA:62,9,1,0
BRDA:62,9,2,0
BRF:20
BRH:2
end_of_record
TN:
SF:src/controllers/appControllers/propertyController/addVisit.js
FN:4,(anonymous_0)
FN:4,(anonymous_1)
FN:6,(anonymous_2)
FNF:3
FNH:1
FNDA:35,(anonymous_0)
FNDA:0,(anonymous_1)
FNDA:0,(anonymous_2)
DA:1,35
DA:2,35
DA:3,35
DA:4,35
DA:6,35
DA:7,0
DA:8,0
DA:9,0
DA:10,0
DA:11,0
DA:17,0
DA:18,0
DA:21,35
LF:13
LH:6
BRDA:10,0,0,0
BRDA:10,0,1,0
BRDA:13,1,0,0
BRDA:13,1,1,0
BRDA:14,2,0,0
BRDA:14,2,1,0
BRF:6
BRH:0
end_of_record
TN:
SF:src/controllers/appControllers/propertyController/create.js
FN:3,(anonymous_0)
FN:3,(anonymous_1)
FN:5,(anonymous_2)
FNF:3
FNH:3
FNDA:35,(anonymous_0)
FNDA:2,(anonymous_1)
FNDA:2,(anonymous_2)
DA:1,35
DA:2,35
DA:3,35
DA:5,35
DA:6,2
DA:18,2
DA:21,2
DA:22,0
DA:29,2
DA:39,2
DA:40,0
DA:47,2
DA:57,2
DA:65,2
DA:79,2
DA:80,2
DA:82,0
DA:83,0
DA:91,35
LF:19
LH:15
BRDA:10,0,0,2
BRDA:21,1,0,0
BRDA:21,1,1,2
BRDA:21,2,0,2
BRDA:21,2,1,2
BRDA:39,3,0,0
BRDA:39,3,1,2
BRDA:48,4,0,2
BRDA:48,4,1,0
BRDA:49,5,0,2
BRDA:49,5,1,2
BRDA:50,6,0,2
BRDA:50,6,1,2
BRDA:51,7,0,2
BRDA:51,7,1,2
BRDA:52,8,0,2
BRDA:52,8,1,0
BRDA:53,9,0,2
BRDA:53,9,1,0
BRDA:54,10,0,2
BRDA:54,10,1,0
BRDA:57,11,0,0
BRDA:57,11,1,2
BRDA:59,12,0,2
BRDA:59,12,1,0
BRDA:61,13,0,0
BRDA:61,13,1,0
BRDA:70,14,0,2
BRDA:70,14,1,2
BRDA:70,14,2,0
BRDA:73,15,0,2
BRDA:73,15,1,2
BRDA:73,15,2,0
BRDA:74,16,0,2
BRDA:74,16,1,2
BRDA:74,16,2,2
BRDA:75,17,0,2
BRDA:75,17,1,2
BRDA:75,17,2,2
BRDA:76,18,0,2
BRDA:76,18,1,2
BRDA:76,18,2,2
BRF:42
BRH:30
end_of_record
TN:
SF:src/controllers/appControllers/propertyController/delete.js
FN:3,(anonymous_0)
FN:3,(anonymous_1)
FN:5,(anonymous_2)
FNF:3
FNH:1
FNDA:35,(anonymous_0)
FNDA:0,(anonymous_1)
FNDA:0,(anonymous_2)
DA:1,35
DA:2,35
DA:3,35
DA:5,35
DA:6,0
DA:7,0
DA:8,0
DA:9,0
DA:10,0
DA:12,0
DA:14,0
DA:17,35
LF:12
LH:5
BRDA:7,0,0,0
BRDA:7,0,1,0
BRDA:8,1,0,0
BRDA:8,1,1,0
BRF:4
BRH:0
end_of_record
TN:
SF:src/controllers/appControllers/propertyController/helpers.js
FN:4,getRangeFromKey
FN:8,(anonymous_1)
FN:10,(anonymous_2)
FNF:3
FNH:0
FNDA:0,getRangeFromKey
FNDA:0,(anonymous_1)
FNDA:0,(anonymous_2)
DA:1,35
DA:2,35
DA:5,0
DA:6,0
DA:7,0
DA:8,0
DA:9,0
DA:10,0
DA:13,35
LF:9
LH:3
BRDA:5,0,0,0
BRDA:5,0,1,0
BRDA:5,1,0,0
BRDA:5,1,1,0
BRDA:5,1,2,0
BRDA:7,2,0,0
BRDA:7,2,1,0
BRDA:8,3,0,0
BRDA:8,3,1,0
BRDA:9,4,0,0
BRDA:9,4,1,0
BRDA:9,5,0,0
BRDA:9,5,1,0
BRDA:10,6,0,0
BRDA:10,6,1,0
BRF:15
BRH:0
end_of_record
TN:
SF:src/controllers/appControllers/propertyController/index.js
FNF:0
FNH:0
DA:1,35
DA:2,35
DA:3,35
DA:4,35
DA:5,35
DA:6,35
DA:7,35
DA:8,35
DA:10,35
LF:9
LH:9
BRF:0
BRH:0
end_of_record
TN:
SF:src/controllers/appControllers/propertyController/list.js
FN:5,(anonymous_0)
FN:5,(anonymous_1)
FN:7,(anonymous_2)
FN:50,(anonymous_3)
FN:50,(anonymous_4)
FN:59,(anonymous_5)
FN:65,(anonymous_6)
FNF:7
FNH:3
FNDA:35,(anonymous_0)
FNDA:2,(anonymous_1)
FNDA:2,(anonymous_2)
FNDA:0,(anonymous_3)
FNDA:0,(anonymous_4)
FNDA:0,(anonymous_5)
FNDA:0,(anonymous_6)
DA:1,35
DA:2,35
DA:3,35
DA:4,35
DA:5,35
DA:7,35
DA:8,2
DA:21,2
DA:23,2
DA:24,2
DA:25,2
DA:26,2
DA:27,2
DA:30,2
DA:31,0
DA:32,0
DA:33,0
DA:34,0
DA:35,0
DA:40,2
DA:41,0
DA:42,0
DA:46,2
DA:47,0
DA:50,0
DA:51,0
DA:52,0
DA:55,2
DA:56,2
DA:58,2
DA:59,0
DA:65,0
DA:68,2
DA:70,0
DA:71,0
DA:79,35
LF:36
LH:21
BRDA:16,0,0,2
BRDA:17,1,0,2
BRDA:18,2,0,2
BRDA:19,3,0,2
BRDA:24,4,0,0
BRDA:24,4,1,2
BRDA:25,5,0,0
BRDA:25,5,1,2
BRDA:26,6,0,0
BRDA:26,6,1,2
BRDA:26,7,0,2
BRDA:26,7,1,2
BRDA:27,8,0,0
BRDA:27,8,1,2
BRDA:30,9,0,0
BRDA:30,9,1,2
BRDA:32,10,0,0
BRDA:32,10,1,0
BRDA:34,11,0,0
BRDA:34,11,1,0
BRDA:35,12,0,0
BRDA:35,12,1,0
BRDA:40,13,0,0
BRDA:40,13,1,2
BRDA:46,14,0,0
BRDA:46,14,1,2
BRDA:51,15,0,0
BRDA:51,15,1,0
BRDA:56,16,0,2
BRDA:56,16,1,0
BRF:30
BRH:14
end_of_record
TN:
SF:src/controllers/appControllers/propertyController/listVisits.js
FN:3,(anonymous_0)
FN:3,(anonymous_1)
FN:5,(anonymous_2)
FNF:3
FNH:1
FNDA:35,(anonymous_0)
FNDA:0,(anonymous_1)
FNDA:0,(anonymous_2)
DA:1,35
DA:2,35
DA:3,35
DA:5,35
DA:6,0
DA:7,0
DA:8,0
DA:11,35
LF:8
LH:5
BRF:0
BRH:0
end_of_record
TN:
SF:src/controllers/appControllers/propertyController/read.js
FN:3,(anonymous_0)
FN:3,(anonymous_1)
FN:5,(anonymous_2)
FNF:3
FNH:1
FNDA:35,(anonymous_0)
FNDA:0,(anonymous_1)
FNDA:0,(anonymous_2)
DA:1,35
DA:2,35
DA:3,35
DA:5,35
DA:6,0
DA:7,0
DA:8,0
DA:11,35
LF:8
LH:5
BRDA:7,0,0,0
BRDA:7,0,1,0
BRF:2
BRH:0
end_of_record
TN:
SF:src/controllers/appControllers/propertyController/summary.js
FN:5,(anonymous_0)
FN:5,(anonymous_1)
FN:7,(anonymous_2)
FN:20,(anonymous_3)
FN:79,(anonymous_4)
FN:93,(anonymous_5)
FN:107,(anonymous_6)
FNF:7
FNH:3
FNDA:35,(anonymous_0)
FNDA:2,(anonymous_1)
FNDA:2,(anonymous_2)
FNDA:0,(anonymous_3)
FNDA:0,(anonymous_4)
FNDA:0,(anonymous_5)
FNDA:0,(anonymous_6)
DA:1,35
DA:2,35
DA:3,35
DA:4,35
DA:5,35
DA:7,35
DA:8,2
DA:9,2
DA:11,2
DA:12,2
DA:13,2
DA:16,2
DA:17,2
DA:18,0
DA:19,0
DA:20,0
DA:21,0
DA:23,0
DA:28,2
DA:35,2
DA:36,2
DA:79,0
DA:93,2
DA:94,2
DA:96,0
DA:100,2
DA:101,2
DA:102,2
DA:107,0
DA:109,0
DA:112,2
DA:121,0
DA:122,0
DA:130,35
LF:34
LH:23
BRDA:12,0,0,0
BRDA:12,0,1,2
BRDA:13,1,0,0
BRDA:13,1,1,2
BRDA:17,2,0,0
BRDA:17,2,1,2
BRDA:17,3,0,2
BRDA:17,3,1,0
BRDA:20,4,0,0
BRDA:20,4,1,0
BRDA:21,5,0,0
BRDA:21,5,1,0
BRDA:72,6,0,0
BRDA:72,6,1,2
BRDA:79,7,0,0
BRDA:79,7,1,0
BRDA:80,8,0,0
BRDA:80,8,1,0
BRDA:94,9,0,2
BRDA:94,9,1,0
BRDA:114,10,0,2
BRDA:114,10,1,0
BRDA:115,11,0,2
BRDA:115,11,1,0
BRDA:116,12,0,2
BRDA:116,12,1,2
BRDA:117,13,0,2
BRDA:117,13,1,2
BRF:28
BRH:12
end_of_record
TN:
SF:src/controllers/appControllers/propertyController/update.js
FN:3,(anonymous_0)
FN:3,(anonymous_1)
FN:5,(anonymous_2)
FNF:3
FNH:1
FNDA:35,(anonymous_0)
FNDA:0,(anonymous_1)
FNDA:0,(anonymous_2)
DA:1,35
DA:2,35
DA:3,35
DA:5,35
DA:6,0
DA:7,0
DA:8,0
DA:10,0
DA:11,0
DA:12,0
DA:13,0
DA:15,0
DA:16,0
DA:17,0
DA:18,0
DA:19,0
DA:20,0
DA:23,35
LF:18
LH:5
BRDA:8,0,0,0
BRDA:8,0,1,0
BRDA:10,1,0,0
BRDA:10,1,1,0
BRDA:11,2,0,0
BRDA:11,2,1,0
BRDA:12,3,0,0
BRDA:12,3,1,0
BRDA:13,4,0,0
BRDA:13,4,1,0
BRDA:15,5,0,0
BRDA:15,5,1,0
BRDA:16,6,0,0
BRDA:16,6,1,0
BRDA:17,7,0,0
BRDA:17,7,1,0
BRF:16
BRH:0
end_of_record
TN:
SF:src/controllers/appControllers/quoteController/convertQuoteToInvoice.js
FN:1,(anonymous_0)
FNF:1
FNH:0
FNDA:0,(anonymous_0)
DA:1,35
DA:2,0
DA:9,35
LF:3
LH:2
BRF:0
BRH:0
end_of_record
TN:
SF:src/controllers/appControllers/quoteController/create.js
FN:9,(anonymous_0)
FN:19,(anonymous_1)
FNF:2
FNH:1
FNDA:1,(anonymous_0)
FNDA:0,(anonymous_1)
DA:1,35
DA:3,35
DA:5,35
DA:6,35
DA:7,35
DA:9,35
DA:10,1
DA:13,1
DA:14,1
DA:15,1
DA:19,1
DA:20,0
DA:22,0
DA:24,0
DA:26,1
DA:27,1
DA:29,1
DA:31,1
DA:32,1
DA:33,1
DA:34,1
DA:35,1
DA:38,1
DA:39,0
DA:40,0
DA:49,0
DA:54,0
DA:60,35
LF:28
LH:21
BRDA:10,0,0,1
BRDA:10,1,0,1
BRDA:10,2,0,1
BRF:3
BRH:3
end_of_record
TN:
SF:src/controllers/appControllers/quoteController/index.js
FNF:0
FNH:0
DA:1,35
DA:2,35
DA:4,35
DA:5,35
DA:6,35
DA:7,35
DA:8,35
DA:9,35
DA:10,35
DA:12,35
DA:13,35
DA:15,35
DA:16,35
DA:17,35
DA:18,35
DA:19,35
DA:21,35
LF:17
LH:17
BRF:0
BRH:0
end_of_record
TN:
SF:src/controllers/appControllers/quoteController/paginatedList.js
FN:5,(anonymous_0)
FNF:1
FNH:1
FNDA:1,(anonymous_0)
DA:1,35
DA:3,35
DA:5,35
DA:6,1
DA:7,1
DA:8,1
DA:11,1
DA:13,1
DA:17,1
DA:19,1
DA:20,0
DA:24,1
DA:37,1
DA:45,1
DA:47,1
DA:50,1
DA:51,1
DA:52,0
DA:59,1
DA:68,35
LF:20
LH:18
BRDA:6,0,0,1
BRDA:6,0,1,1
BRDA:7,1,0,1
BRDA:7,1,1,1
BRDA:11,2,0,1
BRDA:11,3,0,1
BRDA:13,4,0,0
BRDA:13,4,1,1
BRDA:17,5,0,1
BRDA:17,5,1,0
BRDA:51,6,0,0
BRDA:51,6,1,1
BRF:12
BRH:9
end_of_record
TN:
SF:src/controllers/appControllers/quoteController/read.js
FN:5,(anonymous_0)
FNF:1
FNH:0
FNDA:0,(anonymous_0)
DA:1,35
DA:3,35
DA:5,35
DA:7,0
DA:14,0
DA:15,0
DA:22,0
DA:30,35
LF:8
LH:4
BRDA:14,0,0,0
BRDA:14,0,1,0
BRF:2
BRH:0
end_of_record
TN:
SF:src/controllers/appControllers/quoteController/sendMail.js
FN:1,(anonymous_0)
FNF:1
FNH:0
FNDA:0,(anonymous_0)
DA:1,35
DA:2,0
DA:9,35
LF:3
LH:2
BRF:0
BRH:0
end_of_record
TN:
SF:src/controllers/appControllers/quoteController/summary.js
FN:7,(anonymous_0)
FN:86,(anonymous_1)
FN:87,(anonymous_2)
FN:98,(anonymous_3)
FNF:4
FNH:4
FNDA:1,(anonymous_0)
FNDA:6,(anonymous_1)
FNDA:15,(anonymous_2)
FNDA:6,(anonymous_3)
DA:1,35
DA:2,35
DA:4,35
DA:5,35
DA:7,35
DA:8,1
DA:10,1
DA:12,1
DA:14,1
DA:15,0
DA:16,0
DA:18,0
DA:26,1
DA:27,1
DA:28,1
DA:30,1
DA:32,1
DA:86,1
DA:87,15
DA:88,6
DA:89,6
DA:98,6
DA:100,1
DA:106,1
DA:112,35
LF:25
LH:22
BRDA:14,0,0,0
BRDA:14,0,1,1
BRDA:15,1,0,0
BRDA:15,1,1,0
BRDA:88,2,0,6
BRDA:88,2,1,0
BRF:6
BRH:2
end_of_record
TN:
SF:src/controllers/appControllers/quoteController/update.js
FN:9,(anonymous_0)
FN:26,(anonymous_1)
FNF:2
FNH:0
FNDA:0,(anonymous_0)
FNDA:0,(anonymous_1)
DA:1,35
DA:3,35
DA:5,35
DA:7,35
DA:9,35
DA:10,0
DA:12,0
DA:13,0
DA:20,0
DA:21,0
DA:22,0
DA:26,0
DA:27,0
DA:29,0
DA:31,0
DA:33,0
DA:34,0
DA:36,0
DA:38,0
DA:39,0
DA:40,0
DA:41,0
DA:42,0
DA:44,0
DA:45,0
DA:49,0
DA:55,0
DA:61,35
LF:28
LH:6
BRDA:10,0,0,0
BRDA:10,1,0,0
BRDA:10,2,0,0
BRDA:12,3,0,0
BRDA:12,3,1,0
BRDA:44,4,0,0
BRDA:44,4,1,0
BRF:7
BRH:0
end_of_record
TN:
SF:src/controllers/appControllers/shopClientController/index.js
FN:4,modelController
FNF:1
FNH:1
FNDA:35,modelController
DA:1,35
DA:2,35
DA:5,35
DA:6,35
DA:8,35
DA:11,35
LF:6
LH:6
BRF:0
BRH:0
end_of_record
TN:
SF:src/controllers/appControllers/taxesController/index.js
FN:8,(anonymous_0)
FN:32,(anonymous_1)
FN:40,(anonymous_2)
FNF:3
FNH:1
FNDA:1,(anonymous_0)
FNDA:0,(anonymous_1)
FNDA:0,(anonymous_2)
DA:1,35
DA:2,35
DA:3,35
DA:4,35
DA:6,35
DA:8,35
DA:9,1
DA:11,1
DA:12,0
DA:15,1
DA:19,1
DA:25,0
DA:32,35
DA:33,0
DA:40,35
DA:41,0
DA:42,0
DA:46,0
DA:50,0
DA:51,0
DA:55,0
DA:56,0
DA:59,0
DA:62,0
DA:63,0
DA:70,0
DA:74,0
DA:81,35
LF:28
LH:13
BRDA:11,0,0,0
BRDA:11,0,1,1
BRDA:22,1,0,1
BRDA:22,1,1,0
BRDA:46,2,0,0
BRDA:46,3,0,0
BRDA:50,4,0,0
BRDA:50,4,1,0
BRDA:50,5,0,0
BRDA:50,5,1,0
BRDA:50,5,2,0
BRDA:55,6,0,0
BRDA:55,6,1,0
BRDA:55,7,0,0
BRDA:55,7,1,0
BRDA:62,8,0,0
BRDA:62,8,1,0
BRDA:62,9,0,0
BRDA:62,9,1,0
BRDA:62,9,2,0
BRF:20
BRH:2
end_of_record
TN:
SF:src/controllers/coreControllers/aiController.js
FN:1,(anonymous_0)
FN:68,(anonymous_1)
FN:85,(anonymous_2)
FN:89,(anonymous_3)
FN:90,(anonymous_4)
FN:93,(anonymous_5)
FN:97,(anonymous_6)
FN:98,(anonymous_7)
FN:158,(anonymous_8)
FN:242,(anonymous_9)
FN:246,(anonymous_10)
FN:247,(anonymous_11)
FN:250,(anonymous_12)
FN:254,(anonymous_13)
FN:255,(anonymous_14)
FN:315,(anonymous_15)
FN:400,(anonymous_16)
FN:405,(anonymous_17)
FN:409,(anonymous_18)
FN:462,(anonymous_19)
FN:479,(anonymous_20)
FN:486,(anonymous_21)
FNF:22
FNH:0
FNDA:0,(anonymous_0)
FNDA:0,(anonymous_1)
FNDA:0,(anonymous_2)
FNDA:0,(anonymous_3)
FNDA:0,(anonymous_4)
FNDA:0,(anonymous_5)
FNDA:0,(anonymous_6)
FNDA:0,(anonymous_7)
FNDA:0,(anonymous_8)
FNDA:0,(anonymous_9)
FNDA:0,(anonymous_10)
FNDA:0,(anonymous_11)
FNDA:0,(anonymous_12)
FNDA:0,(anonymous_13)
FNDA:0,(anonymous_14)
FNDA:0,(anonymous_15)
FNDA:0,(anonymous_16)
FNDA:0,(anonymous_17)
FNDA:0,(anonymous_18)
FNDA:0,(anonymous_19)
FNDA:0,(anonymous_20)
FNDA:0,(anonymous_21)
DA:1,35
DA:2,0
DA:3,0
DA:4,0
DA:12,0
DA:13,0
DA:14,0
DA:22,0
DA:23,0
DA:25,0
DA:27,0
DA:28,0
DA:29,0
DA:30,0
DA:37,0
DA:39,0
DA:41,0
DA:47,0
DA:49,0
DA:50,0
DA:58,0
DA:60,0
DA:67,35
DA:68,35
DA:69,0
DA:70,0
DA:71,0
DA:73,0
DA:74,0
DA:75,0
DA:76,0
DA:77,0
DA:79,0
DA:80,0
DA:81,0
DA:82,0
DA:84,0
DA:85,0
DA:86,0
DA:87,0
DA:89,0
DA:90,0
DA:91,0
DA:93,0
DA:94,0
DA:95,0
DA:97,0
DA:98,0
DA:99,0
DA:100,0
DA:101,0
DA:102,0
DA:103,0
DA:104,0
DA:105,0
DA:106,0
DA:107,0
DA:108,0
DA:109,0
DA:111,0
DA:112,0
DA:113,0
DA:114,0
DA:115,0
DA:116,0
DA:117,0
DA:118,0
DA:120,0
DA:121,0
DA:122,0
DA:123,0
DA:124,0
DA:125,0
DA:126,0
DA:128,0
DA:129,0
DA:130,0
DA:131,0
DA:132,0
DA:133,0
DA:134,0
DA:136,0
DA:137,0
DA:138,0
DA:139,0
DA:140,0
DA:141,0
DA:143,0
DA:144,0
DA:145,0
DA:147,0
DA:148,0
DA:149,0
DA:150,0
DA:152,0
DA:155,0
DA:156,0
DA:157,0
DA:158,0
DA:159,0
DA:160,0
DA:161,0
DA:162,0
DA:163,0
DA:165,0
DA:166,0
DA:167,0
DA:168,0
DA:169,0
DA:171,0
DA:172,0
DA:173,0
DA:174,0
DA:175,0
DA:176,0
DA:177,0
DA:179,0
DA:180,0
DA:181,0
DA:182,0
DA:183,0
DA:210,0
DA:211,0
DA:212,0
DA:213,0
DA:215,0
DA:216,0
DA:217,0
DA:218,0
DA:220,0
DA:221,0
DA:222,0
DA:223,0
DA:224,0
DA:225,0
DA:226,0
DA:227,0
DA:228,0
DA:231,0
DA:234,0
DA:235,0
DA:237,0
DA:238,0
DA:239,0
DA:240,0
DA:242,0
DA:243,0
DA:244,0
DA:246,0
DA:247,0
DA:248,0
DA:250,0
DA:251,0
DA:252,0
DA:254,0
DA:255,0
DA:256,0
DA:257,0
DA:258,0
DA:259,0
DA:260,0
DA:261,0
DA:262,0
DA:263,0
DA:264,0
DA:265,0
DA:266,0
DA:268,0
DA:269,0
DA:270,0
DA:271,0
DA:272,0
DA:273,0
DA:274,0
DA:275,0
DA:277,0
DA:278,0
DA:279,0
DA:280,0
DA:281,0
DA:282,0
DA:283,0
DA:285,0
DA:286,0
DA:287,0
DA:288,0
DA:289,0
DA:290,0
DA:291,0
DA:293,0
DA:294,0
DA:295,0
DA:296,0
DA:297,0
DA:298,0
DA:300,0
DA:301,0
DA:302,0
DA:304,0
DA:305,0
DA:306,0
DA:307,0
DA:309,0
DA:312,0
DA:313,0
DA:314,0
DA:315,0
DA:316,0
DA:317,0
DA:318,0
DA:319,0
DA:320,0
DA:322,0
DA:323,0
DA:324,0
DA:325,0
DA:326,0
DA:328,0
DA:329,0
DA:330,0
DA:331,0
DA:332,0
DA:333,0
DA:334,0
DA:336,0
DA:337,0
DA:338,0
DA:339,0
DA:340,0
DA:367,0
DA:368,0
DA:369,0
DA:370,0
DA:372,0
DA:373,0
DA:374,0
DA:375,0
DA:377,0
DA:378,0
DA:379,0
DA:380,0
DA:381,0
DA:382,0
DA:383,0
DA:384,0
DA:385,0
DA:388,0
DA:391,0
DA:392,0
DA:394,0
DA:395,0
DA:396,0
DA:397,0
DA:398,0
DA:400,0
DA:401,0
DA:402,0
DA:405,0
DA:406,0
DA:407,0
DA:408,0
DA:409,0
DA:410,0
DA:412,0
DA:415,0
DA:416,0
DA:417,0
DA:418,0
DA:419,0
DA:420,0
DA:421,0
DA:422,0
DA:424,0
DA:425,0
DA:426,0
DA:427,0
DA:428,0
DA:439,0
DA:440,0
DA:441,0
DA:442,0
DA:443,0
DA:444,0
DA:445,0
DA:446,0
DA:447,0
DA:448,0
DA:462,0
DA:463,0
DA:466,0
DA:467,0
DA:468,0
DA:469,0
DA:470,0
DA:471,0
DA:472,0
DA:473,0
DA:475,0
DA:476,0
DA:477,0
DA:478,0
DA:479,0
DA:480,0
DA:481,0
DA:483,0
DA:484,0
DA:486,0
DA:487,0
DA:488,0
DA:489,0
DA:490,0
DA:491,0
DA:492,0
DA:494,0
DA:495,0
DA:496,0
DA:497,0
DA:498,0
DA:499,0
DA:500,0
DA:501,0
DA:502,0
DA:503,0
DA:508,0
DA:511,0
DA:512,0
DA:513,0
DA:514,0
DA:515,0
DA:516,0
DA:517,0
DA:518,0
DA:527,0
DA:528,0
DA:529,0
DA:541,0
DA:543,0
DA:546,0
LF:338
LH:3
BRDA:3,0,0,0
BRDA:3,0,1,0
BRDA:12,1,0,0
BRDA:12,1,1,0
BRDA:13,2,0,0
BRDA:13,2,1,0
BRDA:13,3,0,0
BRDA:13,3,1,0
BRDA:22,4,0,0
BRDA:22,4,1,0
BRDA:22,4,2,0
BRDA:27,5,0,0
BRDA:27,5,1,0
BRDA:29,6,0,0
BRDA:29,6,1,0
BRDA:29,7,0,0
BRDA:29,7,1,0
BRDA:29,7,2,0
BRDA:31,8,0,0
BRDA:31,8,1,0
BRDA:49,9,0,0
BRDA:49,9,1,0
BRDA:53,10,0,0
BRDA:53,10,1,0
BRDA:54,11,0,0
BRDA:54,11,1,0
BRDA:58,12,0,0
BRDA:58,12,1,0
BRDA:69,13,0,0
BRDA:69,13,1,0
BRDA:70,14,0,0
BRDA:70,14,1,0
BRDA:70,15,0,0
BRDA:70,15,1,0
BRDA:74,16,0,0
BRDA:74,16,1,0
BRDA:75,17,0,0
BRDA:75,17,1,0
BRDA:75,17,2,0
BRDA:76,18,0,0
BRDA:76,18,1,0
BRDA:81,19,0,0
BRDA:81,19,1,0
BRDA:86,20,0,0
BRDA:86,20,1,0
BRDA:94,21,0,0
BRDA:94,21,1,0
BRDA:95,22,0,0
BRDA:95,22,1,0
BRDA:101,23,0,0
BRDA:101,23,1,0
BRDA:102,24,0,0
BRDA:102,24,1,0
BRDA:103,25,0,0
BRDA:103,25,1,0
BRDA:104,26,0,0
BRDA:104,26,1,0
BRDA:105,27,0,0
BRDA:105,27,1,0
BRDA:106,28,0,0
BRDA:106,28,1,0
BRDA:107,29,0,0
BRDA:107,29,1,0
BRDA:108,30,0,0
BRDA:108,30,1,0
BRDA:111,31,0,0
BRDA:111,31,1,0
BRDA:112,32,0,0
BRDA:112,32,1,0
BRDA:113,33,0,0
BRDA:113,33,1,0
BRDA:114,34,0,0
BRDA:114,34,1,0
BRDA:115,35,0,0
BRDA:115,35,1,0
BRDA:116,36,0,0
BRDA:116,36,1,0
BRDA:117,37,0,0
BRDA:117,37,1,0
BRDA:120,38,0,0
BRDA:120,38,1,0
BRDA:121,39,0,0
BRDA:121,39,1,0
BRDA:122,40,0,0
BRDA:122,40,1,0
BRDA:123,41,0,0
BRDA:123,41,1,0
BRDA:124,42,0,0
BRDA:124,42,1,0
BRDA:125,43,0,0
BRDA:125,43,1,0
BRDA:128,44,0,0
BRDA:128,44,1,0
BRDA:128,45,0,0
BRDA:128,45,1,0
BRDA:129,46,0,0
BRDA:129,46,1,0
BRDA:130,47,0,0
BRDA:130,47,1,0
BRDA:131,48,0,0
BRDA:131,48,1,0
BRDA:132,49,0,0
BRDA:132,49,1,0
BRDA:133,50,0,0
BRDA:133,50,1,0
BRDA:136,51,0,0
BRDA:136,51,1,0
BRDA:136,52,0,0
BRDA:136,52,1,0
BRDA:137,53,0,0
BRDA:137,53,1,0
BRDA:138,54,0,0
BRDA:138,54,1,0
BRDA:139,55,0,0
BRDA:139,55,1,0
BRDA:140,56,0,0
BRDA:140,56,1,0
BRDA:143,57,0,0
BRDA:143,57,1,0
BRDA:144,58,0,0
BRDA:144,58,1,0
BRDA:147,59,0,0
BRDA:147,59,1,0
BRDA:147,60,0,0
BRDA:147,60,1,0
BRDA:148,61,0,0
BRDA:148,61,1,0
BRDA:149,62,0,0
BRDA:149,62,1,0
BRDA:159,63,0,0
BRDA:159,63,1,0
BRDA:161,64,0,0
BRDA:161,64,1,0
BRDA:162,65,0,0
BRDA:162,65,1,0
BRDA:169,66,0,0
BRDA:169,66,1,0
BRDA:169,67,0,0
BRDA:169,67,1,0
BRDA:172,68,0,0
BRDA:172,68,1,0
BRDA:173,69,0,0
BRDA:173,69,1,0
BRDA:174,70,0,0
BRDA:174,70,1,0
BRDA:175,71,0,0
BRDA:175,71,1,0
BRDA:175,72,0,0
BRDA:175,72,1,0
BRDA:187,73,0,0
BRDA:187,73,1,0
BRDA:187,74,0,0
BRDA:187,74,1,0
BRDA:215,75,0,0
BRDA:215,75,1,0
BRDA:216,76,0,0
BRDA:216,76,1,0
BRDA:217,77,0,0
BRDA:217,77,1,0
BRDA:225,78,0,0
BRDA:225,78,1,0
BRDA:234,79,0,0
BRDA:234,79,1,0
BRDA:237,80,0,0
BRDA:237,80,1,0
BRDA:238,81,0,0
BRDA:238,81,1,0
BRDA:239,82,0,0
BRDA:239,82,1,0
BRDA:239,83,0,0
BRDA:239,83,1,0
BRDA:243,84,0,0
BRDA:243,84,1,0
BRDA:251,85,0,0
BRDA:251,85,1,0
BRDA:252,86,0,0
BRDA:252,86,1,0
BRDA:258,87,0,0
BRDA:258,87,1,0
BRDA:259,88,0,0
BRDA:259,88,1,0
BRDA:260,89,0,0
BRDA:260,89,1,0
BRDA:261,90,0,0
BRDA:261,90,1,0
BRDA:262,91,0,0
BRDA:262,91,1,0
BRDA:263,92,0,0
BRDA:263,92,1,0
BRDA:264,93,0,0
BRDA:264,93,1,0
BRDA:265,94,0,0
BRDA:265,94,1,0
BRDA:268,95,0,0
BRDA:268,95,1,0
BRDA:269,96,0,0
BRDA:269,96,1,0
BRDA:270,97,0,0
BRDA:270,97,1,0
BRDA:271,98,0,0
BRDA:271,98,1,0
BRDA:272,99,0,0
BRDA:272,99,1,0
BRDA:273,100,0,0
BRDA:273,100,1,0
BRDA:274,101,0,0
BRDA:274,101,1,0
BRDA:277,102,0,0
BRDA:277,102,1,0
BRDA:278,103,0,0
BRDA:278,103,1,0
BRDA:279,104,0,0
BRDA:279,104,1,0
BRDA:280,105,0,0
BRDA:280,105,1,0
BRDA:281,106,0,0
BRDA:281,106,1,0
BRDA:282,107,0,0
BRDA:282,107,1,0
BRDA:285,108,0,0
BRDA:285,108,1,0
BRDA:285,109,0,0
BRDA:285,109,1,0
BRDA:286,110,0,0
BRDA:286,110,1,0
BRDA:287,111,0,0
BRDA:287,111,1,0
BRDA:288,112,0,0
BRDA:288,112,1,0
BRDA:289,113,0,0
BRDA:289,113,1,0
BRDA:290,114,0,0
BRDA:290,114,1,0
BRDA:293,115,0,0
BRDA:293,115,1,0
BRDA:293,116,0,0
BRDA:293,116,1,0
BRDA:294,117,0,0
BRDA:294,117,1,0
BRDA:295,118,0,0
BRDA:295,118,1,0
BRDA:296,119,0,0
BRDA:296,119,1,0
BRDA:297,120,0,0
BRDA:297,120,1,0
BRDA:300,121,0,0
BRDA:300,121,1,0
BRDA:301,122,0,0
BRDA:301,122,1,0
BRDA:304,123,0,0
BRDA:304,123,1,0
BRDA:304,124,0,0
BRDA:304,124,1,0
BRDA:305,125,0,0
BRDA:305,125,1,0
BRDA:306,126,0,0
BRDA:306,126,1,0
BRDA:316,127,0,0
BRDA:316,127,1,0
BRDA:318,128,0,0
BRDA:318,128,1,0
BRDA:319,129,0,0
BRDA:319,129,1,0
BRDA:326,130,0,0
BRDA:326,130,1,0
BRDA:326,131,0,0
BRDA:326,131,1,0
BRDA:329,132,0,0
BRDA:329,132,1,0
BRDA:330,133,0,0
BRDA:330,133,1,0
BRDA:331,134,0,0
BRDA:331,134,1,0
BRDA:332,135,0,0
BRDA:332,135,1,0
BRDA:332,136,0,0
BRDA:332,136,1,0
BRDA:344,137,0,0
BRDA:344,137,1,0
BRDA:344,138,0,0
BRDA:344,138,1,0
BRDA:372,139,0,0
BRDA:372,139,1,0
BRDA:373,140,0,0
BRDA:373,140,1,0
BRDA:374,141,0,0
BRDA:374,141,1,0
BRDA:382,142,0,0
BRDA:382,142,1,0
BRDA:391,143,0,0
BRDA:391,143,1,0
BRDA:394,144,0,0
BRDA:394,144,1,0
BRDA:394,145,0,0
BRDA:394,145,1,0
BRDA:395,146,0,0
BRDA:395,146,1,0
BRDA:395,146,2,0
BRDA:396,147,0,0
BRDA:396,147,1,0
BRDA:396,147,2,0
BRDA:397,148,0,0
BRDA:397,148,1,0
BRDA:397,148,2,0
BRDA:401,149,0,0
BRDA:401,149,1,0
BRDA:402,150,0,0
BRDA:402,150,1,0
BRDA:407,151,0,0
BRDA:407,151,1,0
BRDA:417,152,0,0
BRDA:417,152,1,0
BRDA:418,153,0,0
BRDA:418,153,1,0
BRDA:418,154,0,0
BRDA:418,154,1,0
BRDA:418,155,0,0
BRDA:418,155,1,0
BRDA:419,156,0,0
BRDA:419,156,1,0
BRDA:420,157,0,0
BRDA:420,157,1,0
BRDA:420,158,0,0
BRDA:420,158,1,0
BRDA:420,159,0,0
BRDA:420,159,1,0
BRDA:421,160,0,0
BRDA:421,160,1,0
BRDA:422,161,0,0
BRDA:422,161,1,0
BRDA:422,162,0,0
BRDA:422,162,1,0
BRDA:422,163,0,0
BRDA:422,163,1,0
BRDA:422,164,0,0
BRDA:422,164,1,0
BRDA:424,165,0,0
BRDA:424,165,1,0
BRDA:426,166,0,0
BRDA:426,166,1,0
BRDA:457,167,0,0
BRDA:457,167,1,0
BRDA:466,168,0,0
BRDA:466,168,1,0
BRDA:470,169,0,0
BRDA:470,169,1,0
BRDA:470,170,0,0
BRDA:470,170,1,0
BRDA:471,171,0,0
BRDA:471,171,1,0
BRDA:471,172,0,0
BRDA:471,172,1,0
BRDA:475,173,0,0
BRDA:475,173,1,0
BRDA:476,174,0,0
BRDA:476,174,1,0
BRDA:477,175,0,0
BRDA:477,175,1,0
BRDA:478,176,0,0
BRDA:478,176,1,0
BRDA:480,177,0,0
BRDA:480,177,1,0
BRDA:481,178,0,0
BRDA:481,178,1,0
BRDA:488,179,0,0
BRDA:488,179,1,0
BRDA:489,180,0,0
BRDA:489,180,1,0
BRDA:490,181,0,0
BRDA:490,181,1,0
BRDA:490,182,0,0
BRDA:490,182,1,0
BRDA:490,183,0,0
BRDA:490,183,1,0
BRDA:491,184,0,0
BRDA:491,184,1,0
BRDA:491,185,0,0
BRDA:491,185,1,0
BRDA:491,186,0,0
BRDA:491,186,1,0
BRDA:491,187,0,0
BRDA:491,187,1,0
BRDA:502,188,0,0
BRDA:502,188,1,0
BRDA:503,189,0,0
BRDA:503,189,1,0
BRDA:511,190,0,0
BRDA:511,190,1,0
BRDA:511,191,0,0
BRDA:511,191,1,0
BRDA:511,191,2,0
BRDA:515,192,0,0
BRDA:515,192,1,0
BRDA:515,193,0,0
BRDA:515,193,1,0
BRDA:516,194,0,0
BRDA:516,194,1,0
BRDA:516,194,2,0
BRDA:523,195,0,0
BRDA:523,195,1,0
BRDA:523,195,2,0
BRF:401
BRH:0
end_of_record
TN:
SF:src/controllers/coreControllers/employeeController.js
FN:6,(anonymous_0)
FN:49,(anonymous_1)
FN:85,(anonymous_2)
FN:132,(anonymous_3)
FN:179,(anonymous_4)
FN:216,(anonymous_5)
FN:241,(anonymous_6)
FNF:7
FNH:4
FNDA:1,(anonymous_0)
FNDA:3,(anonymous_1)
FNDA:0,(anonymous_2)
FNDA:0,(anonymous_3)
FNDA:0,(anonymous_4)
FNDA:1,(anonymous_5)
FNDA:1,(anonymous_6)
DA:1,35
DA:2,35
DA:4,35
DA:7,1
DA:9,1
DA:10,0
DA:16,1
DA:17,1
DA:18,1
DA:20,1
DA:27,1
DA:29,1
DA:40,0
DA:41,0
DA:50,3
DA:52,3
DA:53,0
DA:59,3
DA:64,0
DA:65,0
DA:71,0
DA:76,3
DA:77,3
DA:86,0
DA:88,0
DA:89,0
DA:95,0
DA:97,0
DA:98,0
DA:104,0
DA:110,0
DA:111,0
DA:117,0
DA:123,0
DA:124,0
DA:133,0
DA:135,0
DA:136,0
DA:142,0
DA:144,0
DA:145,0
DA:151,0
DA:157,0
DA:158,0
DA:164,0
DA:170,0
DA:171,0
DA:180,0
DA:182,0
DA:183,0
DA:189,0
DA:195,0
DA:196,0
DA:202,0
DA:207,0
DA:208,0
DA:217,1
DA:219,1
DA:220,0
DA:226,1
DA:227,1
DA:228,1
DA:230,1
DA:235,1
DA:241,1
DA:242,1
DA:245,1
DA:255,0
DA:256,0
DA:264,35
LF:70
LH:27
BRDA:9,0,0,0
BRDA:9,0,1,1
BRDA:9,1,0,1
BRDA:9,1,1,1
BRDA:16,2,0,1
BRDA:16,2,1,1
BRDA:17,3,0,1
BRDA:17,3,1,1
BRDA:52,4,0,0
BRDA:52,4,1,3
BRDA:52,5,0,3
BRDA:52,5,1,3
BRDA:64,6,0,0
BRDA:64,6,1,0
BRDA:88,7,0,0
BRDA:88,7,1,0
BRDA:97,8,0,0
BRDA:97,8,1,0
BRDA:97,9,0,0
BRDA:97,9,1,0
BRDA:110,10,0,0
BRDA:110,10,1,0
BRDA:135,11,0,0
BRDA:135,11,1,0
BRDA:135,12,0,0
BRDA:135,12,1,0
BRDA:144,13,0,0
BRDA:144,13,1,0
BRDA:157,14,0,0
BRDA:157,14,1,0
BRDA:167,15,0,0
BRDA:167,15,1,0
BRDA:182,16,0,0
BRDA:182,16,1,0
BRDA:195,17,0,0
BRDA:195,17,1,0
BRDA:219,18,0,0
BRDA:219,18,1,1
BRDA:219,19,0,1
BRDA:219,19,1,1
BRF:40
BRH:13
end_of_record
TN:
SF:src/controllers/coreControllers/notificationController.js
FN:5,(anonymous_0)
FN:54,(anonymous_1)
FN:77,(anonymous_2)
FN:109,(anonymous_3)
FN:133,(anonymous_4)
FN:165,(anonymous_5)
FNF:6
FNH:0
FNDA:0,(anonymous_0)
FNDA:0,(anonymous_1)
FNDA:0,(anonymous_2)
FNDA:0,(anonymous_3)
FNDA:0,(anonymous_4)
FNDA:0,(anonymous_5)
DA:1,35
DA:3,35
DA:6,0
DA:7,0
DA:8,0
DA:9,0
DA:10,0
DA:12,0
DA:22,0
DA:27,0
DA:33,0
DA:45,0
DA:46,0
DA:55,0
DA:56,0
DA:57,0
DA:63,0
DA:68,0
DA:69,0
DA:78,0
DA:79,0
DA:80,0
DA:82,0
DA:88,0
DA:89,0
DA:95,0
DA:100,0
DA:101,0
DA:110,0
DA:111,0
DA:113,0
DA:118,0
DA:124,0
DA:125,0
DA:134,0
DA:135,0
DA:136,0
DA:138,0
DA:144,0
DA:145,0
DA:151,0
DA:156,0
DA:157,0
DA:166,0
DA:167,0
DA:169,0
DA:179,0
DA:184,0
DA:185,0
DA:193,35
LF:50
LH:3
BRDA:8,0,0,0
BRDA:8,0,1,0
BRDA:9,1,0,0
BRDA:9,1,1,0
BRDA:88,2,0,0
BRDA:88,2,1,0
BRDA:144,3,0,0
BRDA:144,3,1,0
BRDA:170,4,0,0
BRDA:170,4,1,0
BRDA:171,5,0,0
BRDA:171,5,1,0
BRDA:176,6,0,0
BRDA:176,6,1,0
BRF:14
BRH:0
end_of_record
TN:
SF:src/controllers/coreControllers/setup.js
FN:9,(anonymous_0)
FN:74,(anonymous_1)
FNF:2
FNH:0
FNDA:0,(anonymous_0)
FNDA:0,(anonymous_1)
DA:1,0
DA:2,0
DA:3,0
DA:4,0
DA:5,0
DA:7,0
DA:9,0
DA:10,0
DA:11,0
DA:12,0
DA:14,0
DA:15,0
DA:17,0
DA:19,0
DA:21,0
DA:29,0
DA:30,0
DA:31,0
DA:40,0
DA:42,0
DA:44,0
DA:49,0
DA:51,0
DA:57,0
DA:59,0
DA:61,0
DA:63,0
DA:64,0
DA:66,0
DA:74,0
DA:75,0
DA:76,0
DA:79,0
DA:82,0
DA:84,0
DA:86,0
DA:94,0
DA:101,0
LF:38
LH:0
BRDA:19,0,0,0
BRDA:30,1,0,0
BRDA:30,1,1,0
BRDA:71,2,0,0
BRDA:71,2,1,0
BRDA:76,3,0,0
BRDA:76,3,1,0
BRF:7
BRH:0
end_of_record
TN:
SF:src/controllers/coreControllers/adminAuth/index.js
FNF:0
FNH:0
DA:1,35
DA:2,35
LF:2
LH:2
BRF:0
BRH:0
end_of_record
TN:
SF:src/controllers/coreControllers/adminAuth/register.js
FN:5,(anonymous_0)
FNF:1
FNH:0
FNDA:0,(anonymous_0)
DA:1,0
DA:2,0
DA:3,0
DA:5,0
DA:6,0
DA:7,0
DA:8,0
DA:10,0
DA:13,0
DA:14,0
DA:22,0
DA:23,0
DA:24,0
DA:32,0
DA:42,0
DA:43,0
DA:46,0
DA:54,0
DA:63,0
DA:77,0
DA:79,0
DA:80,0
DA:87,0
DA:96,0
LF:24
LH:0
BRDA:13,0,0,0
BRDA:13,0,1,0
BRDA:13,1,0,0
BRDA:13,1,1,0
BRDA:13,1,2,0
BRDA:23,2,0,0
BRDA:23,2,1,0
BRDA:35,3,0,0
BRDA:35,3,1,0
BRDA:79,4,0,0
BRDA:79,4,1,0
BRF:11
BRH:0
end_of_record
TN:
SF:src/controllers/coreControllers/adminController/index.js
FNF:0
FNH:0
DA:1,35
DA:2,35
LF:2
LH:2
BRF:0
BRH:0
end_of_record
TN:
SF:src/controllers/coreControllers/settingController/index.js
FNF:0
FNH:0
DA:1,35
DA:2,35
DA:4,35
DA:5,35
DA:6,35
DA:7,35
DA:8,35
DA:10,35
DA:24,35
LF:9
LH:9
BRF:0
BRH:0
end_of_record
TN:
SF:src/controllers/coreControllers/settingController/listAll.js
FN:4,(anonymous_0)
FNF:1
FNH:1
FNDA:4,(anonymous_0)
DA:1,35
DA:2,35
DA:4,35
DA:5,4
DA:8,4
DA:13,4
DA:14,0
DA:20,4
DA:28,35
LF:9
LH:8
BRDA:5,0,0,4
BRDA:5,0,1,4
BRDA:13,1,0,0
BRDA:13,1,1,4
BRF:4
BRH:3
end_of_record
TN:
SF:src/controllers/coreControllers/settingController/listBySettingKey.js
FN:5,(anonymous_0)
FNF:1
FNH:1
FNDA:1,(anonymous_0)
DA:1,35
DA:3,35
DA:5,35
DA:8,1
DA:10,1
DA:12,1
DA:13,1
DA:23,0
DA:24,0
DA:27,0
DA:32,0
DA:33,0
DA:39,0
DA:50,35
LF:14
LH:8
BRDA:8,0,0,0
BRDA:8,0,1,1
BRDA:12,1,0,1
BRDA:12,1,1,0
BRDA:32,2,0,0
BRDA:32,2,1,0
BRF:6
BRH:2
end_of_record
TN:
SF:src/controllers/coreControllers/settingController/readBySettingKey.js
FN:5,(anonymous_0)
FNF:1
FNH:0
FNDA:0,(anonymous_0)
DA:1,35
DA:3,35
DA:5,35
DA:7,0
DA:9,0
DA:10,0
DA:17,0
DA:22,0
DA:23,0
DA:30,0
DA:38,35
LF:11
LH:4
BRDA:7,0,0,0
BRDA:7,0,1,0
BRDA:9,1,0,0
BRDA:9,1,1,0
BRDA:22,2,0,0
BRDA:22,2,1,0
BRF:6
BRH:0
end_of_record
TN:
SF:src/controllers/coreControllers/settingController/updateBySettingKey.js
FN:5,(anonymous_0)
FNF:1
FNH:0
FNDA:0,(anonymous_0)
DA:1,35
DA:3,35
DA:5,35
DA:6,0
DA:8,0
DA:9,0
DA:15,0
DA:17,0
DA:18,0
DA:24,0
DA:34,0
DA:35,0
DA:41,0
DA:49,35
LF:14
LH:4
BRDA:6,0,0,0
BRDA:6,0,1,0
BRDA:8,1,0,0
BRDA:8,1,1,0
BRDA:17,2,0,0
BRDA:17,2,1,0
BRDA:34,3,0,0
BRDA:34,3,1,0
BRF:8
BRH:0
end_of_record
TN:
SF:src/controllers/coreControllers/settingController/updateManySetting.js
FN:5,(anonymous_0)
FNF:1
FNH:0
FNDA:0,(anonymous_0)
DA:1,35
DA:3,35
DA:5,35
DA:7,0
DA:8,0
DA:9,0
DA:11,0
DA:12,0
DA:13,0
DA:14,0
DA:17,0
DA:19,0
DA:27,0
DA:28,0
DA:34,0
DA:35,0
DA:41,0
DA:43,0
DA:44,0
DA:50,0
DA:58,35
LF:21
LH:4
BRDA:12,0,0,0
BRDA:12,0,1,0
BRDA:12,1,0,0
BRDA:12,1,1,0
BRDA:27,2,0,0
BRDA:27,2,1,0
BRDA:34,3,0,0
BRDA:34,3,1,0
BRDA:43,4,0,0
BRDA:43,4,1,0
BRDA:43,5,0,0
BRDA:43,5,1,0
BRF:12
BRH:0
end_of_record
TN:
SF:src/controllers/middlewaresControllers/createAuthMiddleware/authUser.js
FN:4,(anonymous_0)
FNF:1
FNH:1
FNDA:12,(anonymous_0)
DA:1,35
DA:2,35
DA:4,35
DA:5,12
DA:7,12
DA:8,2
DA:14,10
DA:15,10
DA:23,10
DA:40,10
DA:57,35
LF:11
LH:11
BRDA:7,0,0,2
BRDA:7,0,1,10
BRDA:14,1,0,10
BRDA:14,1,1,0
BRDA:20,2,0,0
BRDA:20,2,1,10
BRDA:50,3,0,0
BRDA:50,3,1,10
BRF:8
BRH:5
end_of_record
TN:
SF:src/controllers/middlewaresControllers/createAuthMiddleware/checkAndCorrectURL.js
FN:1,checkAndCorrectURL
FNF:1
FNH:0
FNDA:0,checkAndCorrectURL
DA:3,0
DA:6,0
DA:9,0
DA:11,0
DA:12,0
DA:15,35
LF:6
LH:1
BRDA:11,0,0,0
BRDA:11,0,1,0
BRF:2
BRH:0
end_of_record
TN:
SF:src/controllers/middlewaresControllers/createAuthMiddleware/forgetPassword.js
FN:12,(anonymous_0)
FNF:1
FNH:0
FNDA:0,(anonymous_0)
DA:1,35
DA:3,35
DA:5,35
DA:6,35
DA:7,35
DA:8,35
DA:10,35
DA:12,35
DA:13,0
DA:14,0
DA:15,0
DA:18,0
DA:24,0
DA:25,0
DA:26,0
DA:35,0
DA:36,0
DA:39,0
DA:40,0
DA:46,0
DA:47,0
DA:55,0
DA:56,0
DA:57,0
DA:59,0
DA:61,0
DA:63,0
DA:72,0
DA:79,35
LF:29
LH:9
BRDA:25,0,0,0
BRDA:25,0,1,0
BRDA:39,1,0,0
BRDA:39,1,1,0
BRF:4
BRH:0
end_of_record
TN:
SF:src/controllers/middlewaresControllers/createAuthMiddleware/index.js
FN:8,(anonymous_0)
FN:11,(anonymous_1)
FN:16,(anonymous_2)
FN:21,(anonymous_3)
FN:26,(anonymous_4)
FN:31,(anonymous_5)
FN:36,(anonymous_6)
FNF:7
FNH:4
FNDA:35,(anonymous_0)
FNDA:472,(anonymous_1)
FNDA:16,(anonymous_2)
FNDA:0,(anonymous_3)
FNDA:0,(anonymous_4)
FNDA:0,(anonymous_5)
FNDA:1,(anonymous_6)
DA:1,35
DA:2,35
DA:3,35
DA:4,35
DA:5,35
DA:6,35
DA:8,35
DA:9,35
DA:11,35
DA:12,472
DA:16,35
DA:17,16
DA:21,35
DA:22,0
DA:26,35
DA:27,0
DA:31,35
DA:32,0
DA:36,35
DA:37,1
DA:40,35
DA:43,35
LF:22
LH:19
BRF:0
BRH:0
end_of_record
TN:
SF:src/controllers/middlewaresControllers/createAuthMiddleware/isValidAuthToken.js
FN:5,(anonymous_0)
FNF:1
FNH:1
FNDA:472,(anonymous_0)
DA:1,35
DA:3,35
DA:5,35
DA:6,472
DA:7,472
DA:8,472
DA:11,472
DA:12,472
DA:15,472
DA:16,465
DA:17,465
DA:18,465
DA:19,465
DA:20,465
DA:21,465
DA:22,465
DA:25,0
DA:27,0
DA:36,0
DA:37,0
DA:38,0
DA:42,7
DA:44,2
DA:45,0
DA:46,0
DA:47,0
DA:48,0
DA:49,0
DA:50,0
DA:51,0
DA:54,0
DA:63,0
DA:64,0
DA:65,0
DA:68,0
DA:70,0
DA:79,0
DA:80,0
DA:81,0
DA:85,2
DA:94,5
DA:95,5
DA:97,1
DA:105,4
DA:106,0
DA:113,4
DA:114,4
DA:116,4
DA:118,4
DA:119,0
DA:126,4
DA:129,4
DA:130,0
DA:138,4
DA:139,0
DA:146,4
DA:147,4
DA:148,4
DA:151,0
DA:152,0
DA:159,0
DA:171,35
LF:62
LH:34
BRDA:5,0,0,472
BRDA:12,1,0,472
BRDA:12,1,1,470
BRDA:15,2,0,465
BRDA:15,2,1,7
BRDA:15,3,0,472
BRDA:15,3,1,472
BRDA:19,4,0,465
BRDA:19,4,1,0
BRDA:42,5,0,2
BRDA:42,5,1,5
BRDA:44,6,0,0
BRDA:44,6,1,2
BRDA:48,7,0,0
BRDA:48,7,1,0
BRDA:105,8,0,0
BRDA:105,8,1,4
BRDA:118,9,0,0
BRDA:118,9,1,4
BRDA:129,10,0,0
BRDA:129,10,1,4
BRDA:129,11,0,4
BRDA:129,11,1,4
BRDA:138,12,0,0
BRDA:138,12,1,4
BRDA:151,13,0,0
BRDA:151,13,1,0
BRF:27
BRH:17
end_of_record
TN:
SF:src/controllers/middlewaresControllers/createAuthMiddleware/login.js
FN:7,(anonymous_0)
FNF:1
FNH:1
FNDA:16,(anonymous_0)
DA:1,35
DA:3,35
DA:5,35
DA:7,35
DA:8,16
DA:9,16
DA:10,16
DA:13,16
DA:20,16
DA:21,16
DA:22,1
DA:31,15
DA:34,15
DA:35,3
DA:41,12
DA:43,12
DA:44,0
DA:51,12
DA:52,0
DA:60,12
DA:68,35
LF:21
LH:19
BRDA:21,0,0,1
BRDA:21,0,1,15
BRDA:34,1,0,3
BRDA:34,1,1,12
BRDA:43,2,0,0
BRDA:43,2,1,12
BRDA:51,3,0,0
BRDA:51,3,1,12
BRF:8
BRH:6
end_of_record
TN:
SF:src/controllers/middlewaresControllers/createAuthMiddleware/logout.js
FN:3,(anonymous_0)
FNF:1
FNH:1
FNDA:1,(anonymous_0)
DA:1,35
DA:3,35
DA:4,1
DA:8,1
DA:9,1
DA:11,1
DA:12,1
DA:20,0
DA:28,1
DA:35,35
LF:10
LH:9
BRDA:9,0,0,1
BRDA:9,0,1,1
BRDA:11,1,0,1
BRDA:11,1,1,0
BRF:4
BRH:3
end_of_record
TN:
SF:src/controllers/middlewaresControllers/createAuthMiddleware/register.js
FN:5,(anonymous_0)
FNF:1
FNH:0
FNDA:0,(anonymous_0)
DA:1,35
DA:2,35
DA:3,35
DA:5,35
DA:6,0
DA:7,0
DA:8,0
DA:10,0
DA:13,0
DA:14,0
DA:22,0
DA:23,0
DA:24,0
DA:32,0
DA:42,0
DA:43,0
DA:44,0
DA:47,0
DA:56,0
DA:65,0
DA:79,0
DA:81,0
DA:82,0
DA:89,0
DA:98,35
LF:25
LH:5
BRDA:13,0,0,0
BRDA:13,0,1,0
BRDA:13,1,0,0
BRDA:13,1,1,0
BRDA:13,1,2,0
BRDA:23,2,0,0
BRDA:23,2,1,0
BRDA:35,3,0,0
BRDA:35,3,1,0
BRDA:81,4,0,0
BRDA:81,4,1,0
BRF:11
BRH:0
end_of_record
TN:
SF:src/controllers/middlewaresControllers/createAuthMiddleware/resetPassword.js
FN:8,(anonymous_0)
FNF:1
FNH:0
FNDA:0,(anonymous_0)
DA:1,35
DA:2,35
DA:3,35
DA:4,35
DA:6,35
DA:8,35
DA:9,0
DA:10,0
DA:11,0
DA:13,0
DA:14,0
DA:16,0
DA:17,0
DA:23,0
DA:24,0
DA:30,0
DA:31,0
DA:32,0
DA:39,0
DA:45,0
DA:46,0
DA:47,0
DA:56,0
DA:57,0
DA:58,0
DA:60,0
DA:68,0
DA:83,0
DA:97,0
DA:113,35
LF:30
LH:7
BRDA:16,0,0,0
BRDA:16,0,1,0
BRDA:23,1,0,0
BRDA:23,1,1,0
BRDA:23,2,0,0
BRDA:23,2,1,0
BRDA:31,3,0,0
BRDA:31,3,1,0
BRDA:31,4,0,0
BRDA:31,4,1,0
BRDA:31,4,2,0
BRDA:46,5,0,0
BRDA:46,5,1,0
BRDA:83,6,0,0
BRDA:83,6,1,0
BRDA:84,7,0,0
BRDA:84,7,1,0
BRDA:84,7,2,0
BRDA:107,8,0,0
BRDA:107,8,1,0
BRF:20
BRH:0
end_of_record
TN:
SF:src/controllers/middlewaresControllers/createAuthMiddleware/sendMail.js
FN:7,(anonymous_0)
FNF:1
FNH:0
FNDA:0,(anonymous_0)
DA:1,35
DA:2,35
DA:5,35
DA:7,35
DA:14,0
DA:16,0
DA:23,0
DA:26,35
LF:8
LH:5
BRDA:12,0,0,0
BRF:1
BRH:0
end_of_record
TN:
SF:src/controllers/middlewaresControllers/createCRUDController/create.js
FN:3,(anonymous_0)
FNF:1
FNH:1
FNDA:32,(anonymous_0)
DA:1,35
DA:3,35
DA:4,32
DA:6,32
DA:8,32
DA:13,1
DA:14,1
DA:15,1
DA:17,1
DA:18,1
DA:19,1
DA:20,1
DA:21,1
DA:24,1
DA:26,1
DA:27,1
DA:28,1
DA:29,1
DA:30,1
DA:32,0
DA:33,0
DA:34,0
DA:35,0
DA:36,0
DA:38,0
DA:39,0
DA:40,0
DA:41,0
DA:42,0
DA:44,0
DA:45,0
DA:46,0
DA:47,0
DA:48,0
DA:50,0
DA:51,0
DA:52,0
DA:53,0
DA:54,0
DA:56,0
DA:57,0
DA:58,0
DA:59,0
DA:60,0
DA:62,0
DA:63,0
DA:64,0
DA:65,0
DA:68,1
DA:84,0
DA:88,1
DA:94,31
DA:98,35
LF:53
LH:23
BRDA:17,0,0,1
BRDA:17,0,1,0
BRDA:24,1,0,1
BRDA:24,1,1,0
BRDA:24,1,2,0
BRDA:24,1,3,0
BRDA:24,1,4,0
BRDA:24,1,5,0
BRDA:24,1,6,0
BRDA:27,2,0,1
BRDA:27,2,1,0
BRDA:27,2,2,0
BRDA:33,3,0,0
BRDA:33,3,1,0
BRDA:33,3,2,0
BRDA:39,4,0,0
BRDA:39,4,1,0
BRDA:45,5,0,0
BRDA:45,5,1,0
BRDA:51,6,0,0
BRDA:51,6,1,0
BRDA:57,7,0,0
BRDA:57,7,1,0
BRDA:57,7,2,0
BRF:24
BRH:3
end_of_record
TN:
SF:src/controllers/middlewaresControllers/createCRUDController/filter.js
FN:1,(anonymous_0)
FNF:1
FNH:1
FNDA:36,(anonymous_0)
DA:1,35
DA:2,36
DA:3,36
DA:4,36
DA:10,0
DA:16,0
DA:17,0
DA:24,0
DA:31,0
DA:35,35
LF:10
LH:5
BRDA:3,0,0,36
BRDA:3,0,1,0
BRDA:3,1,0,36
BRDA:3,1,1,0
BRDA:16,2,0,0
BRDA:16,2,1,0
BRF:6
BRH:2
end_of_record
TN:
SF:src/controllers/middlewaresControllers/createCRUDController/index.js
FN:16,(anonymous_0)
FN:21,(anonymous_1)
FN:25,(anonymous_2)
FN:29,(anonymous_3)
FN:33,(anonymous_4)
FN:37,(anonymous_5)
FN:38,(anonymous_6)
FN:39,(anonymous_7)
FN:40,(anonymous_8)
FN:41,(anonymous_9)
FN:48,(anonymous_10)
FN:78,(anonymous_11)
FN:85,(anonymous_12)
FN:92,(anonymous_13)
FN:99,(anonymous_14)
FN:106,(anonymous_15)
FN:113,(anonymous_16)
FN:120,(anonymous_17)
FN:127,(anonymous_18)
FN:134,(anonymous_19)
FN:147,(anonymous_20)
FN:151,(anonymous_21)
FN:155,(anonymous_22)
FN:159,(anonymous_23)
FN:163,(anonymous_24)
FN:164,(anonymous_25)
FN:165,(anonymous_26)
FN:166,(anonymous_27)
FN:167,(anonymous_28)
FNF:29
FNH:8
FNDA:1365,(anonymous_0)
FNDA:0,(anonymous_1)
FNDA:0,(anonymous_2)
FNDA:0,(anonymous_3)
FNDA:0,(anonymous_4)
FNDA:0,(anonymous_5)
FNDA:0,(anonymous_6)
FNDA:0,(anonymous_7)
FNDA:0,(anonymous_8)
FNDA:0,(anonymous_9)
FNDA:0,(anonymous_10)
FNDA:32,(anonymous_11)
FNDA:1,(anonymous_12)
FNDA:0,(anonymous_13)
FNDA:0,(anonymous_14)
FNDA:34,(anonymous_15)
FNDA:36,(anonymous_16)
FNDA:36,(anonymous_17)
FNDA:36,(anonymous_18)
FNDA:32,(anonymous_19)
FNDA:0,(anonymous_20)
FNDA:0,(anonymous_21)
FNDA:0,(anonymous_22)
FNDA:0,(anonymous_23)
FNDA:0,(anonymous_24)
FNDA:0,(anonymous_25)
FNDA:0,(anonymous_26)
FNDA:0,(anonymous_27)
FNDA:0,(anonymous_28)
DA:1,35
DA:2,35
DA:4,35
DA:6,35
DA:7,35
DA:8,35
DA:9,35
DA:10,35
DA:11,35
DA:12,35
DA:13,35
DA:14,35
DA:16,35
DA:17,1365
DA:18,1365
DA:19,0
DA:20,0
DA:22,0
DA:26,0
DA:30,0
DA:34,0
DA:37,0
DA:38,0
DA:39,0
DA:40,0
DA:41,0
DA:45,1365
DA:48,1365
DA:49,0
DA:51,0
DA:52,0
DA:57,0
DA:58,0
DA:63,0
DA:64,0
DA:70,0
DA:77,1365
DA:79,32
DA:80,32
DA:82,0
DA:86,1
DA:87,1
DA:89,0
DA:93,0
DA:94,0
DA:96,0
DA:100,0
DA:101,0
DA:103,0
DA:107,34
DA:108,34
DA:110,0
DA:114,36
DA:115,36
DA:117,0
DA:121,36
DA:122,36
DA:124,0
DA:128,36
DA:129,36
DA:131,0
DA:135,32
DA:136,32
DA:138,0
DA:142,1365
DA:144,0
DA:146,0
DA:148,0
DA:152,0
DA:156,0
DA:160,0
DA:163,0
DA:164,0
DA:165,0
DA:166,0
DA:167,0
DA:172,35
LF:77
LH:34
BRDA:18,0,0,0
BRDA:18,0,1,1365
BRDA:51,1,0,0
BRDA:51,1,1,0
BRDA:57,2,0,0
BRDA:57,2,1,0
BRDA:63,3,0,0
BRDA:63,3,1,0
BRF:8
BRH:1
end_of_record
TN:
SF:src/controllers/middlewaresControllers/createCRUDController/listAll.js
FN:1,(anonymous_0)
FNF:1
FNH:1
FNDA:36,(anonymous_0)
DA:1,35
DA:2,36
DA:3,36
DA:4,36
DA:9,36
DA:10,36
DA:17,0
DA:26,36
DA:27,0
DA:33,36
DA:40,0
DA:44,35
LF:12
LH:9
BRDA:3,0,0,36
BRDA:3,0,1,36
BRDA:4,1,0,36
BRDA:4,1,1,36
BRDA:9,2,0,36
BRDA:9,2,1,0
BRDA:26,3,0,0
BRDA:26,3,1,36
BRF:8
BRH:6
end_of_record
TN:
SF:src/controllers/middlewaresControllers/createCRUDController/paginatedList.js
FN:1,(anonymous_0)
FNF:1
FNH:1
FNDA:34,(anonymous_0)
DA:1,35
DA:2,34
DA:3,34
DA:4,34
DA:5,34
DA:7,34
DA:9,34
DA:13,34
DA:15,34
DA:16,0
DA:20,34
DA:33,34
DA:40,34
DA:43,34
DA:46,34
DA:47,34
DA:48,0
DA:55,34
DA:63,0
DA:67,35
LF:20
LH:17
BRDA:3,0,0,34
BRDA:3,0,1,34
BRDA:4,1,0,34
BRDA:4,1,1,34
BRDA:7,2,0,34
BRDA:7,3,0,34
BRDA:9,4,0,0
BRDA:9,4,1,34
BRDA:13,5,0,34
BRDA:13,5,1,0
BRDA:47,6,0,0
BRDA:47,6,1,34
BRF:12
BRH:9
end_of_record
TN:
SF:src/controllers/middlewaresControllers/createCRUDController/read.js
FN:1,(anonymous_0)
FNF:1
FNH:1
FNDA:1,(anonymous_0)
DA:1,35
DA:2,1
DA:4,1
DA:9,0
DA:10,0
DA:17,0
DA:24,1
DA:28,35
LF:8
LH:5
BRDA:9,0,0,0
BRDA:9,0,1,0
BRF:2
BRH:0
end_of_record
TN:
SF:src/controllers/middlewaresControllers/createCRUDController/remove.js
FN:3,(anonymous_0)
FNF:1
FNH:0
FNDA:0,(anonymous_0)
DA:1,35
DA:3,35
DA:4,0
DA:6,0
DA:7,0
DA:8,0
DA:16,0
DA:20,0
DA:30,0
DA:31,0
DA:38,0
DA:39,0
DA:40,0
DA:42,0
DA:43,0
DA:44,0
DA:45,0
DA:48,0
DA:50,0
DA:51,0
DA:52,0
DA:53,0
DA:55,0
DA:56,0
DA:57,0
DA:58,0
DA:60,0
DA:61,0
DA:62,0
DA:63,0
DA:65,0
DA:66,0
DA:67,0
DA:68,0
DA:70,0
DA:71,0
DA:72,0
DA:73,0
DA:75,0
DA:76,0
DA:77,0
DA:78,0
DA:80,0
DA:81,0
DA:82,0
DA:85,0
DA:100,0
DA:103,0
DA:110,0
DA:114,35
LF:50
LH:3
BRDA:7,0,0,0
BRDA:7,0,1,0
BRDA:30,1,0,0
BRDA:30,1,1,0
BRDA:42,2,0,0
BRDA:42,2,1,0
BRDA:48,3,0,0
BRDA:48,3,1,0
BRDA:48,3,2,0
BRDA:48,3,3,0
BRDA:48,3,4,0
BRDA:48,3,5,0
BRDA:48,3,6,0
BRDA:51,4,0,0
BRDA:51,4,1,0
BRDA:51,4,2,0
BRDA:56,5,0,0
BRDA:56,5,1,0
BRDA:56,5,2,0
BRDA:61,6,0,0
BRDA:61,6,1,0
BRDA:66,7,0,0
BRDA:66,7,1,0
BRDA:71,8,0,0
BRDA:71,8,1,0
BRDA:76,9,0,0
BRDA:76,9,1,0
BRDA:76,9,2,0
BRF:28
BRH:0
end_of_record
TN:
SF:src/controllers/middlewaresControllers/createCRUDController/search.js
FN:1,(anonymous_0)
FNF:1
FNH:1
FNDA:36,(anonymous_0)
DA:1,35
DA:2,36
DA:14,36
DA:16,36
DA:18,36
DA:19,36
DA:23,36
DA:31,36
DA:32,0
DA:38,36
DA:48,0
DA:52,35
LF:12
LH:10
BRDA:14,0,0,0
BRDA:14,0,1,36
BRDA:31,1,0,0
BRDA:31,1,1,36
BRF:4
BRH:2
end_of_record
TN:
SF:src/controllers/middlewaresControllers/createCRUDController/summary.js
FN:1,(anonymous_0)
FNF:1
FNH:1
FNDA:32,(anonymous_0)
DA:1,35
DA:2,32
DA:4,32
DA:8,32
DA:15,0
DA:17,0
DA:18,0
DA:24,0
DA:31,32
DA:35,35
LF:10
LH:6
BRDA:17,0,0,0
BRDA:17,0,1,0
BRF:2
BRH:0
end_of_record
TN:
SF:src/controllers/middlewaresControllers/createCRUDController/update.js
FN:3,(anonymous_0)
FNF:1
FNH:0
FNDA:0,(anonymous_0)
DA:1,35
DA:3,35
DA:4,0
DA:6,0
DA:7,0
DA:18,0
DA:19,0
DA:26,0
DA:27,0
DA:28,0
DA:30,0
DA:31,0
DA:32,0
DA:33,0
DA:34,0
DA:37,0
DA:39,0
DA:40,0
DA:41,0
DA:42,0
DA:43,0
DA:45,0
DA:46,0
DA:47,0
DA:48,0
DA:49,0
DA:51,0
DA:52,0
DA:53,0
DA:54,0
DA:55,0
DA:57,0
DA:58,0
DA:59,0
DA:60,0
DA:61,0
DA:63,0
DA:64,0
DA:65,0
DA:66,0
DA:67,0
DA:69,0
DA:70,0
DA:71,0
DA:72,0
DA:73,0
DA:75,0
DA:76,0
DA:77,0
DA:78,0
DA:81,0
DA:97,0
DA:100,0
DA:107,0
DA:111,35
LF:55
LH:3
BRDA:18,0,0,0
BRDA:18,0,1,0
BRDA:30,1,0,0
BRDA:30,1,1,0
BRDA:37,2,0,0
BRDA:37,2,1,0
BRDA:37,2,2,0
BRDA:37,2,3,0
BRDA:37,2,4,0
BRDA:37,2,5,0
BRDA:37,2,6,0
BRDA:40,3,0,0
BRDA:40,3,1,0
BRDA:40,3,2,0
BRDA:46,4,0,0
BRDA:46,4,1,0
BRDA:46,4,2,0
BRDA:52,5,0,0
BRDA:52,5,1,0
BRDA:58,6,0,0
BRDA:58,6,1,0
BRDA:64,7,0,0
BRDA:64,7,1,0
BRDA:70,8,0,0
BRDA:70,8,1,0
BRDA:70,8,2,0
BRF:26
BRH:0
end_of_record
TN:
SF:src/controllers/middlewaresControllers/createUserController/index.js
FN:7,(anonymous_0)
FN:10,(anonymous_1)
FN:11,(anonymous_2)
FN:12,(anonymous_3)
FN:14,(anonymous_4)
FNF:5
FNH:1
FNDA:35,(anonymous_0)
FNDA:0,(anonymous_1)
FNDA:0,(anonymous_2)
FNDA:0,(anonymous_3)
FNDA:0,(anonymous_4)
DA:1,35
DA:2,35
DA:4,35
DA:5,35
DA:7,35
DA:8,35
DA:10,35
DA:11,35
DA:12,35
DA:14,35
DA:16,35
DA:19,35
LF:12
LH:12
BRF:0
BRH:0
end_of_record
TN:
SF:src/controllers/middlewaresControllers/createUserController/read.js
FN:3,(anonymous_0)
FNF:1
FNH:0
FNDA:0,(anonymous_0)
DA:1,35
DA:3,35
DA:4,0
DA:7,0
DA:12,0
DA:13,0
DA:20,0
DA:30,0
DA:38,35
LF:9
LH:3
BRDA:12,0,0,0
BRDA:12,0,1,0
BRF:2
BRH:0
end_of_record
TN:
SF:src/controllers/middlewaresControllers/createUserController/updatePassword.js
FN:5,(anonymous_0)
FNF:1
FNH:0
FNDA:0,(anonymous_0)
DA:1,35
DA:2,35
DA:3,35
DA:5,35
DA:6,0
DA:8,0
DA:9,0
DA:11,0
DA:13,0
DA:14,0
DA:22,0
DA:24,0
DA:26,0
DA:31,0
DA:41,0
DA:42,0
DA:49,0
DA:56,35
LF:18
LH:5
BRDA:13,0,0,0
BRDA:13,0,1,0
BRDA:41,1,0,0
BRDA:41,1,1,0
BRF:4
BRH:0
end_of_record
TN:
SF:src/controllers/middlewaresControllers/createUserController/updateProfile.js
FN:5,(anonymous_0)
FNF:1
FNH:0
FNDA:0,(anonymous_0)
DA:1,35
DA:2,35
DA:3,35
DA:5,35
DA:6,0
DA:7,0
DA:9,0
DA:10,0
DA:13,0
DA:14,0
DA:15,0
DA:18,0
DA:20,0
DA:21,0
DA:22,0
DA:28,0
DA:30,0
DA:32,0
DA:33,0
DA:34,0
DA:40,0
DA:43,0
DA:44,0
DA:46,0
DA:56,0
DA:57,0
DA:58,0
DA:64,0
DA:66,0
DA:67,0
DA:75,0
DA:77,0
DA:78,0
DA:79,0
DA:80,0
DA:81,0
DA:82,0
DA:83,0
DA:84,0
DA:85,0
DA:86,0
DA:89,0
DA:97,0
DA:98,0
DA:105,0
DA:123,35
LF:46
LH:5
BRDA:13,0,0,0
BRDA:13,0,1,0
BRDA:13,1,0,0
BRDA:13,1,1,0
BRDA:20,2,0,0
BRDA:20,2,1,0
BRDA:32,3,0,0
BRDA:32,3,1,0
BRDA:56,4,0,0
BRDA:56,4,1,0
BRDA:77,5,0,0
BRDA:77,5,1,0
BRDA:78,6,0,0
BRDA:78,6,1,0
BRDA:79,7,0,0
BRDA:79,7,1,0
BRDA:80,8,0,0
BRDA:80,8,1,0
BRDA:81,9,0,0
BRDA:81,9,1,0
BRDA:82,10,0,0
BRDA:82,10,1,0
BRDA:83,11,0,0
BRDA:83,11,1,0
BRDA:84,12,0,0
BRDA:84,12,1,0
BRDA:85,13,0,0
BRDA:85,13,1,0
BRDA:86,14,0,0
BRDA:86,14,1,0
BRDA:97,15,0,0
BRDA:97,15,1,0
BRF:32
BRH:0
end_of_record
TN:
SF:src/controllers/middlewaresControllers/createUserController/updateProfilePassword.js
FN:6,(anonymous_0)
FNF:1
FNH:0
FNDA:0,(anonymous_0)
DA:1,35
DA:2,35
DA:4,35
DA:6,35
DA:7,0
DA:9,0
DA:10,0
DA:11,0
DA:13,0
DA:14,0
DA:16,0
DA:17,0
DA:21,0
DA:22,0
DA:26,0
DA:28,0
DA:30,0
DA:36,0
DA:44,0
DA:45,0
DA:52,0
DA:59,35
LF:22
LH:5
BRDA:13,0,0,0
BRDA:13,0,1,0
BRDA:13,1,0,0
BRDA:13,1,1,0
BRDA:16,2,0,0
BRDA:16,2,1,0
BRDA:21,3,0,0
BRDA:21,3,1,0
BRDA:44,4,0,0
BRDA:44,4,1,0
BRF:10
BRH:0
end_of_record
TN:
SF:src/controllers/pdfController/index.js
FN:15,(anonymous_0)
FN:76,(anonymous_1)
FNF:2
FNH:0
FNDA:0,(anonymous_0)
FNDA:0,(anonymous_1)
DA:1,35
DA:2,35
DA:3,35
DA:4,35
DA:5,35
DA:6,35
DA:7,35
DA:8,35
DA:10,35
DA:12,35
DA:13,35
DA:15,35
DA:21,0
DA:22,0
DA:25,0
DA:26,0
DA:31,0
DA:34,0
DA:35,0
DA:36,0
DA:45,0
DA:47,0
DA:57,0
DA:59,0
DA:61,0
DA:70,0
DA:77,0
DA:78,0
DA:82,0
LF:29
LH:12
BRDA:17,0,0,0
BRDA:25,1,0,0
BRDA:25,1,1,0
BRDA:31,2,0,0
BRDA:31,2,1,0
BRDA:77,3,0,0
BRDA:77,3,1,0
BRDA:78,4,0,0
BRDA:78,4,1,0
BRF:9
BRH:0
end_of_record
TN:
SF:src/emailTemplate/SendEmailTemplate.js
FN:1,(anonymous_0)
FN:22,(anonymous_1)
FN:43,(anonymous_2)
FN:64,(anonymous_3)
FNF:4
FNH:0
FNDA:0,(anonymous_0)
FNDA:0,(anonymous_1)
FNDA:0,(anonymous_2)
FNDA:0,(anonymous_3)
DA:1,0
DA:2,0
DA:22,0
DA:23,0
DA:43,0
DA:44,0
DA:64,0
DA:69,0
LF:8
LH:0
BRDA:1,0,0,0
BRDA:1,1,0,0
BRDA:1,2,0,0
BRDA:22,3,0,0
BRDA:22,4,0,0
BRDA:22,5,0,0
BRDA:43,6,0,0
BRDA:43,7,0,0
BRDA:43,8,0,0
BRDA:65,9,0,0
BRDA:66,10,0,0
BRDA:67,11,0,0
BRF:12
BRH:0
end_of_record
TN:
SF:src/emailTemplate/emailVerfication.js
FN:1,(anonymous_0)
FNF:1
FNH:0
FNDA:0,(anonymous_0)
DA:1,35
DA:7,0
LF:2
LH:1
BRDA:2,0,0,0
BRDA:3,1,0,0
BRDA:4,2,0,0
BRDA:5,3,0,0
BRF:4
BRH:0
end_of_record
TN:
SF:src/handlers/errorHandlers.js
FN:9,(anonymous_0)
FN:10,(anonymous_1)
FN:11,(anonymous_2)
FN:63,(anonymous_3)
FN:74,(anonymous_4)
FN:94,(anonymous_5)
FNF:6
FNH:5
FNDA:13440,(anonymous_0)
FNDA:254,(anonymous_1)
FNDA:4,(anonymous_2)
FNDA:186,(anonymous_3)
FNDA:0,(anonymous_4)
FNDA:254,(anonymous_5)
DA:9,35
DA:10,13440
DA:11,254
DA:12,4
DA:13,3
DA:20,1
DA:21,0
DA:28,1
DA:29,0
DA:36,1
DA:37,0
DA:46,1
DA:63,35
DA:64,186
DA:65,186
DA:66,186
DA:74,35
DA:75,0
DA:76,0
DA:82,0
DA:94,35
DA:95,254
LF:22
LH:16
BRDA:12,0,0,3
BRDA:12,0,1,1
BRDA:20,1,0,0
BRDA:20,1,1,1
BRDA:28,2,0,0
BRDA:28,2,1,1
BRDA:36,3,0,0
BRDA:36,3,1,1
BRDA:36,4,0,1
BRDA:36,4,1,1
BRDA:49,5,0,1
BRDA:49,5,1,0
BRDA:51,6,0,0
BRDA:51,6,1,1
BRDA:75,7,0,0
BRDA:75,7,1,0
BRF:16
BRH:9
end_of_record
TN:
SF:src/handlers/downloadHandler/downloadPdf.js
FN:4,(anonymous_0)
FN:27,(anonymous_1)
FN:28,(anonymous_2)
FNF:3
FNH:0
FNDA:0,(anonymous_0)
FNDA:0,(anonymous_1)
FNDA:0,(anonymous_2)
DA:1,35
DA:2,35
DA:4,35
DA:5,0
DA:6,0
DA:7,0
DA:8,0
DA:9,0
DA:14,0
DA:15,0
DA:20,0
DA:21,0
DA:22,0
DA:23,0
DA:28,0
DA:29,0
DA:30,0
DA:40,0
DA:48,0
DA:49,0
DA:55,0
DA:57,0
DA:65,0
LF:23
LH:3
BRDA:7,0,0,0
BRDA:7,0,1,0
BRDA:14,1,0,0
BRDA:14,1,1,0
BRDA:29,2,0,0
BRDA:29,2,1,0
BRDA:48,3,0,0
BRDA:48,3,1,0
BRDA:55,4,0,0
BRDA:55,4,1,0
BRF:10
BRH:0
end_of_record
TN:
SF:src/helpers/notificationHelper.js
FN:6,(anonymous_0)
FN:36,(anonymous_1)
FN:38,(anonymous_2)
FN:54,(anonymous_3)
FN:69,(anonymous_4)
FN:84,(anonymous_5)
FN:98,(anonymous_6)
FN:113,(anonymous_7)
FN:128,(anonymous_8)
FN:143,(anonymous_9)
FNF:10
FNH:1
FNDA:1,(anonymous_0)
FNDA:0,(anonymous_1)
FNDA:0,(anonymous_2)
FNDA:0,(anonymous_3)
FNDA:0,(anonymous_4)
FNDA:0,(anonymous_5)
FNDA:0,(anonymous_6)
FNDA:0,(anonymous_7)
FNDA:0,(anonymous_8)
FNDA:0,(anonymous_9)
DA:1,35
DA:6,35
DA:15,1
DA:16,1
DA:26,1
DA:28,0
DA:29,0
DA:36,35
DA:37,0
DA:38,0
DA:43,0
DA:44,0
DA:46,0
DA:47,0
DA:54,35
DA:55,0
DA:69,35
DA:70,0
DA:84,35
DA:85,0
DA:98,35
DA:99,0
DA:113,35
DA:114,0
DA:128,35
DA:129,0
DA:143,35
DA:144,0
DA:153,35
LF:29
LH:14
BRDA:8,0,0,0
BRDA:11,1,0,0
BRDA:12,2,0,0
BRDA:13,3,0,0
BRDA:143,4,0,0
BRDA:143,5,0,0
BRF:6
BRH:0
end_of_record
TN:
SF:src/locale/languages.js
FNF:0
FNH:0
DA:1,0
LF:1
LH:0
BRF:0
BRH:0
end_of_record
TN:
SF:src/locale/useLanguage.js
FN:3,(anonymous_0)
FN:15,(anonymous_1)
FN:27,(anonymous_2)
FN:34,(anonymous_3)
FN:36,(anonymous_4)
FNF:5
FNH:0
FNDA:0,(anonymous_0)
FNDA:0,(anonymous_1)
FNDA:0,(anonymous_2)
FNDA:0,(anonymous_3)
FNDA:0,(anonymous_4)
DA:1,35
DA:3,35
DA:4,0
DA:5,0
DA:10,0
DA:12,0
DA:14,0
DA:15,0
DA:18,0
DA:20,0
DA:23,0
DA:27,35
DA:28,0
DA:30,0
DA:31,0
DA:34,35
DA:35,0
DA:36,0
DA:37,0
DA:38,0
DA:40,0
DA:43,35
LF:22
LH:5
BRDA:10,0,0,0
BRDA:10,0,1,0
BRF:2
BRH:0
end_of_record
TN:
SF:src/locale/translation/en_us.js
FNF:0
FNH:0
DA:1,0
LF:1
LH:0
BRF:0
BRH:0
end_of_record
TN:
SF:src/middlewares/serverData.js
FN:2,(anonymous_0)
FN:8,(anonymous_1)
FNF:2
FNH:0
FNDA:0,(anonymous_0)
FNDA:0,(anonymous_1)
DA:1,35
DA:2,35
DA:3,0
DA:4,0
DA:5,0
DA:8,35
DA:9,0
DA:10,0
DA:11,0
LF:9
LH:3
BRF:0
BRH:0
end_of_record
TN:
SF:src/middlewares/inventory/generateUniqueNumber.js
FN:1,generateUniqueNumber
FNF:1
FNH:0
FNDA:0,generateUniqueNumber
DA:2,0
DA:3,0
DA:4,0
DA:5,0
DA:6,0
DA:7,0
DA:8,0
DA:11,0
LF:8
LH:0
BRDA:1,0,0,0
BRF:1
BRH:0
end_of_record
TN:
SF:src/middlewares/inventory/index.js
FNF:0
FNH:0
DA:1,0
DA:3,0
LF:2
LH:0
BRF:0
BRH:0
end_of_record
TN:
SF:src/middlewares/settings/increaseBySettingKey.js
FN:5,(anonymous_0)
FNF:1
FNH:0
FNDA:0,(anonymous_0)
DA:1,35
DA:3,35
DA:5,35
DA:6,0
DA:7,0
DA:8,0
DA:11,0
DA:23,0
DA:24,0
DA:27,0
DA:30,0
DA:34,35
LF:12
LH:4
BRDA:7,0,0,0
BRDA:7,0,1,0
BRDA:23,1,0,0
BRDA:23,1,1,0
BRF:4
BRH:0
end_of_record
TN:
SF:src/middlewares/settings/index.js
FNF:0
FNH:0
DA:1,35
DA:2,35
DA:3,35
DA:4,35
DA:5,35
DA:6,35
DA:8,35
LF:7
LH:7
BRF:0
BRH:0
end_of_record
TN:
SF:src/middlewares/settings/listAllSettings.js
FN:5,(anonymous_0)
FNF:1
FNH:1
FNDA:3,(anonymous_0)
DA:1,35
DA:3,35
DA:5,35
DA:6,3
DA:8,3
DA:12,3
DA:13,0
DA:15,3
DA:18,0
DA:22,35
LF:10
LH:8
BRDA:12,0,0,0
BRDA:12,0,1,3
BRF:2
BRH:1
end_of_record
TN:
SF:src/middlewares/settings/listBySettingKey.js
FN:6,(anonymous_0)
FN:14,(anonymous_1)
FNF:2
FNH:0
FNDA:0,(anonymous_0)
FNDA:0,(anonymous_1)
DA:1,35
DA:3,35
DA:4,35
DA:6,35
DA:7,0
DA:8,0
DA:10,0
DA:11,0
DA:14,0
DA:15,0
DA:19,0
DA:22,0
DA:23,0
DA:27,0
DA:29,0
DA:30,0
DA:34,35
LF:17
LH:5
BRDA:6,0,0,0
BRDA:10,1,0,0
BRDA:10,1,1,0
BRDA:22,2,0,0
BRDA:22,2,1,0
BRDA:22,3,0,0
BRDA:22,3,1,0
BRF:7
BRH:0
end_of_record
TN:
SF:src/middlewares/settings/loadSettings.js
FN:3,(anonymous_0)
FN:6,(anonymous_1)
FNF:2
FNH:1
FNDA:3,(anonymous_0)
FNDA:0,(anonymous_1)
DA:1,35
DA:3,35
DA:4,3
DA:5,3
DA:6,3
DA:7,0
DA:9,3
DA:12,35
LF:8
LH:7
BRF:0
BRH:0
end_of_record
TN:
SF:src/middlewares/settings/readBySettingKey.js
FN:5,(anonymous_0)
FNF:1
FNH:0
FNDA:0,(anonymous_0)
DA:1,35
DA:3,35
DA:5,35
DA:6,0
DA:9,0
DA:10,0
DA:13,0
DA:15,0
DA:16,0
DA:19,0
DA:22,0
DA:26,35
LF:12
LH:4
BRDA:9,0,0,0
BRDA:9,0,1,0
BRDA:15,1,0,0
BRDA:15,1,1,0
BRF:4
BRH:0
end_of_record
TN:
SF:src/middlewares/settings/updateBySettingKey.js
FN:5,(anonymous_0)
FNF:1
FNH:0
FNDA:0,(anonymous_0)
DA:1,35
DA:3,35
DA:5,35
DA:6,0
DA:7,0
DA:8,0
DA:11,0
DA:22,0
DA:23,0
DA:26,0
DA:29,0
DA:33,35
LF:12
LH:4
BRDA:7,0,0,0
BRDA:7,0,1,0
BRDA:7,1,0,0
BRDA:7,1,1,0
BRDA:22,2,0,0
BRDA:22,2,1,0
BRF:6
BRH:0
end_of_record
TN:
SF:src/middlewares/uploadMiddleware/DoSingleStorage.js
FN:24,(anonymous_0)
FN:30,(anonymous_1)
FNF:2
FNH:0
FNDA:0,(anonymous_0)
FNDA:0,(anonymous_1)
DA:1,0
DA:2,0
DA:4,0
DA:5,0
DA:6,0
DA:8,0
DA:10,0
DA:11,0
DA:12,0
DA:13,0
DA:15,0
DA:24,0
DA:30,0
DA:31,0
DA:32,0
DA:33,0
DA:35,0
DA:37,0
DA:38,0
DA:40,0
DA:43,0
DA:44,0
DA:46,0
DA:48,0
DA:49,0
DA:50,0
DA:52,0
DA:55,0
DA:57,0
DA:59,0
DA:65,0
DA:66,0
DA:68,0
DA:70,0
DA:79,0
DA:80,0
DA:83,0
DA:94,0
LF:38
LH:0
BRDA:26,0,0,0
BRDA:27,1,0,0
BRDA:28,2,0,0
BRDA:31,3,0,0
BRDA:31,3,1,0
BRDA:31,4,0,0
BRDA:31,4,1,0
BRDA:31,4,2,0
BRDA:38,5,0,0
BRDA:38,5,1,0
BRDA:49,6,0,0
BRDA:49,6,1,0
BRDA:68,7,0,0
BRDA:68,7,1,0
BRF:14
BRH:0
end_of_record
TN:
SF:src/middlewares/uploadMiddleware/LocalSingleStorage.js
FN:7,(anonymous_0)
FN:14,(anonymous_1)
FN:17,(anonymous_2)
FNF:3
FNH:0
FNDA:0,(anonymous_0)
FNDA:0,(anonymous_1)
FNDA:0,(anonymous_2)
DA:1,35
DA:2,35
DA:3,35
DA:5,35
DA:7,35
DA:13,0
DA:15,0
DA:18,0
DA:20,0
DA:21,0
DA:23,0
DA:24,0
DA:25,0
DA:27,0
DA:30,0
DA:32,0
DA:34,0
DA:43,0
DA:45,0
DA:47,0
DA:52,0
DA:54,0
DA:55,0
DA:58,35
LF:24
LH:6
BRDA:9,0,0,0
BRDA:10,1,0,0
BRDA:11,2,0,0
BRDA:24,3,0,0
BRDA:24,3,1,0
BRF:5
BRH:0
end_of_record
TN:
SF:src/middlewares/uploadMiddleware/index.js
FNF:0
FNH:0
DA:1,35
DA:2,35
DA:4,35
LF:3
LH:3
BRF:0
BRH:0
end_of_record
TN:
SF:src/middlewares/uploadMiddleware/singleStorageUpload.js
FN:7,(anonymous_0)
FN:14,(anonymous_1)
FN:17,(anonymous_2)
FNF:3
FNH:1
FNDA:70,(anonymous_0)
FNDA:0,(anonymous_1)
FNDA:0,(anonymous_2)
DA:1,35
DA:2,35
DA:3,35
DA:5,35
DA:7,35
DA:13,70
DA:15,0
DA:18,0
DA:20,0
DA:21,0
DA:23,0
DA:24,0
DA:25,0
DA:27,0
DA:30,0
DA:32,0
DA:34,0
DA:43,0
DA:45,0
DA:47,0
DA:52,70
DA:54,70
DA:55,70
DA:58,35
LF:24
LH:10
BRDA:9,0,0,0
BRDA:10,1,0,70
BRDA:11,2,0,0
BRDA:24,3,0,0
BRDA:24,3,1,0
BRF:5
BRH:1
end_of_record
TN:
SF:src/middlewares/uploadMiddleware/utils/LocalfileFilter.js
FN:2,(anonymous_0)
FN:3,(anonymous_1)
FNF:2
FNH:1
FNDA:70,(anonymous_0)
FNDA:0,(anonymous_1)
DA:2,35
DA:3,70
DA:5,0
DA:25,0
DA:26,0
DA:28,0
DA:30,0
DA:31,0
DA:32,0
DA:34,0
DA:35,0
DA:36,0
DA:38,0
DA:39,0
DA:40,0
DA:42,0
DA:43,0
DA:44,0
DA:46,0
DA:47,0
DA:55,0
DA:57,0
DA:58,0
DA:64,0
DA:66,0
DA:67,0
DA:72,0
DA:76,0
DA:77,0
DA:79,0
DA:84,35
LF:31
LH:3
BRDA:2,0,0,0
BRDA:25,1,0,0
BRDA:25,1,1,0
BRDA:30,2,0,0
BRDA:30,2,1,0
BRDA:31,3,0,0
BRDA:31,3,1,0
BRDA:34,4,0,0
BRDA:34,4,1,0
BRDA:35,5,0,0
BRDA:35,5,1,0
BRDA:38,6,0,0
BRDA:38,6,1,0
BRDA:39,7,0,0
BRDA:39,7,1,0
BRDA:42,8,0,0
BRDA:42,8,1,0
BRDA:43,9,0,0
BRDA:43,9,1,0
BRDA:46,10,0,0
BRDA:46,10,1,0
BRDA:47,11,0,0
BRDA:47,11,1,0
BRDA:48,12,0,0
BRDA:48,12,1,0
BRDA:48,12,2,0
BRDA:48,12,3,0
BRDA:57,13,0,0
BRDA:57,13,1,0
BRDA:58,14,0,0
BRDA:58,14,1,0
BRDA:59,15,0,0
BRDA:59,15,1,0
BRDA:66,16,0,0
BRDA:66,16,1,0
BRDA:67,17,0,0
BRDA:67,17,1,0
BRDA:68,18,0,0
BRDA:68,18,1,0
BRDA:68,18,2,0
BRDA:76,19,0,0
BRDA:76,19,1,0
BRF:42
BRH:0
end_of_record
TN:
SF:src/middlewares/uploadMiddleware/utils/fileFilterMiddleware.js
FN:1,(anonymous_0)
FNF:1
FNH:0
FNDA:0,(anonymous_0)
DA:1,0
DA:3,0
DA:23,0
DA:24,0
DA:26,0
DA:28,0
DA:29,0
DA:30,0
DA:32,0
DA:33,0
DA:34,0
DA:36,0
DA:37,0
DA:38,0
DA:40,0
DA:41,0
DA:42,0
DA:44,0
DA:45,0
DA:53,0
DA:55,0
DA:56,0
DA:60,0
DA:62,0
DA:63,0
DA:68,0
DA:72,0
DA:73,0
DA:75,0
DA:80,0
LF:30
LH:0
BRDA:1,0,0,0
BRDA:23,1,0,0
BRDA:23,1,1,0
BRDA:28,2,0,0
BRDA:28,2,1,0
BRDA:29,3,0,0
BRDA:29,3,1,0
BRDA:32,4,0,0
BRDA:32,4,1,0
BRDA:33,5,0,0
BRDA:33,5,1,0
BRDA:36,6,0,0
BRDA:36,6,1,0
BRDA:37,7,0,0
BRDA:37,7,1,0
BRDA:40,8,0,0
BRDA:40,8,1,0
BRDA:41,9,0,0
BRDA:41,9,1,0
BRDA:44,10,0,0
BRDA:44,10,1,0
BRDA:45,11,0,0
BRDA:45,11,1,0
BRDA:46,12,0,0
BRDA:46,12,1,0
BRDA:46,12,2,0
BRDA:46,12,3,0
BRDA:55,13,0,0
BRDA:55,13,1,0
BRDA:56,14,0,0
BRDA:56,14,1,0
BRDA:57,15,0,0
BRDA:57,15,1,0
BRDA:62,16,0,0
BRDA:62,16,1,0
BRDA:63,17,0,0
BRDA:63,17,1,0
BRDA:64,18,0,0
BRDA:64,18,1,0
BRDA:64,18,2,0
BRDA:72,19,0,0
BRDA:72,19,1,0
BRF:42
BRH:0
end_of_record
TN:
SF:src/models/CategoryConfig.js
FNF:0
FNH:0
DA:1,36
DA:3,36
DA:13,36
DA:24,36
DA:30,36
LF:5
LH:5
BRF:0
BRH:0
end_of_record
TN:
SF:src/models/appModels/Apartment.js
FNF:0
FNH:0
DA:1,36
DA:3,36
DA:74,36
DA:75,36
DA:76,36
DA:77,36
DA:78,36
DA:80,36
LF:8
LH:8
BRF:0
BRH:0
end_of_record
TN:
SF:src/models/appModels/ApartmentBuyer.js
FNF:0
FNH:0
DA:1,36
DA:3,36
DA:63,36
DA:64,36
DA:65,36
DA:66,36
DA:67,36
DA:69,36
LF:8
LH:8
BRF:0
BRH:0
end_of_record
TN:
SF:src/models/appModels/ApartmentClient.js
FNF:0
FNH:0
DA:1,36
DA:3,36
DA:64,36
DA:67,36
DA:68,36
DA:69,36
DA:70,36
DA:71,36
DA:72,36
DA:73,36
DA:75,36
LF:11
LH:11
BRF:0
BRH:0
end_of_record
TN:
SF:src/models/appModels/ApartmentVIP.js
FNF:0
FNH:0
DA:1,36
DA:3,36
DA:68,36
DA:69,36
DA:70,36
DA:71,36
DA:72,36
DA:74,36
LF:8
LH:8
BRF:0
BRH:0
end_of_record
TN:
SF:src/models/appModels/ApartmentVisit.js
FNF:0
FNH:0
DA:1,36
DA:3,36
DA:60,36
DA:61,36
DA:62,36
DA:63,36
DA:64,36
DA:66,36
LF:8
LH:8
BRF:0
BRH:0
end_of_record
TN:
SF:src/models/appModels/Client.js
FNF:0
FNH:0
DA:1,36
DA:3,36
DA:33,36
DA:36,36
DA:37,36
DA:38,36
DA:39,36
DA:40,36
DA:41,36
DA:42,36
DA:44,36
LF:11
LH:11
BRF:0
BRH:0
end_of_record
TN:
SF:src/models/appModels/ClientUniversal.js
FNF:0
FNH:0
DA:1,36
DA:3,36
DA:58,36
DA:59,36
DA:60,36
DA:61,36
DA:62,36
DA:64,36
LF:8
LH:8
BRF:0
BRH:0
end_of_record
TN:
SF:src/models/appModels/Commercial.js
FNF:0
FNH:0
DA:1,36
DA:3,36
DA:76,36
DA:77,36
DA:78,36
DA:79,36
DA:80,36
DA:82,36
LF:8
LH:8
BRF:0
BRH:0
end_of_record
TN:
SF:src/models/appModels/CommercialBuyer.js
FNF:0
FNH:0
DA:1,36
DA:3,36
DA:64,36
DA:65,36
DA:66,36
DA:67,36
DA:68,36
DA:70,36
LF:8
LH:8
BRF:0
BRH:0
end_of_record
TN:
SF:src/models/appModels/CommercialClient.js
FNF:0
FNH:0
DA:1,36
DA:3,36
DA:56,36
DA:59,36
DA:60,36
DA:61,36
DA:62,36
DA:63,36
DA:64,36
DA:65,36
DA:67,36
LF:11
LH:11
BRF:0
BRH:0
end_of_record
TN:
SF:src/models/appModels/CommercialVIP.js
FNF:0
FNH:0
DA:1,36
DA:3,36
DA:68,36
DA:69,36
DA:70,36
DA:71,36
DA:72,36
DA:74,36
LF:8
LH:8
BRF:0
BRH:0
end_of_record
TN:
SF:src/models/appModels/CommercialVisit.js
FNF:0
FNH:0
DA:1,36
DA:3,36
DA:60,36
DA:61,36
DA:62,36
DA:63,36
DA:64,36
DA:66,36
LF:8
LH:8
BRF:0
BRH:0
end_of_record
TN:
SF:src/models/appModels/Customer.js
FNF:0
FNH:0
DA:1,36
DA:3,36
DA:49,36
DA:50,36
DA:51,36
DA:52,36
DA:53,36
DA:55,36
LF:8
LH:8
BRF:0
BRH:0
end_of_record
TN:
SF:src/models/appModels/Employee.js
FNF:0
FNH:0
DA:1,36
DA:3,36
DA:49,36
DA:50,36
DA:51,36
DA:52,36
DA:53,36
DA:55,36
LF:8
LH:8
BRF:0
BRH:0
end_of_record
TN:
SF:src/models/appModels/Investor.js
FNF:0
FNH:0
DA:1,36
DA:3,36
DA:63,36
DA:64,36
DA:65,36
DA:66,36
DA:67,36
DA:69,36
LF:8
LH:8
BRF:0
BRH:0
end_of_record
TN:
SF:src/models/appModels/InvestorVIP.js
FNF:0
FNH:0
DA:1,36
DA:3,36
DA:64,36
DA:65,36
DA:66,36
DA:67,36
DA:68,36
DA:70,36
LF:8
LH:8
BRF:0
BRH:0
end_of_record
TN:
SF:src/models/appModels/Invoice.js
FNF:0
FNH:0
DA:1,36
DA:3,36
DA:179,36
DA:180,36
DA:181,36
DA:182,36
DA:183,36
DA:184,36
DA:185,36
DA:186,36
DA:187,36
DA:188,36
DA:190,36
DA:191,36
LF:14
LH:14
BRF:0
BRH:0
end_of_record
TN:
SF:src/models/appModels/JointVenture.js
FNF:0
FNH:0
DA:1,36
DA:3,36
DA:69,36
DA:70,36
DA:71,36
DA:72,36
DA:73,36
DA:75,36
LF:8
LH:8
BRF:0
BRH:0
end_of_record
TN:
SF:src/models/appModels/Land.js
FNF:0
FNH:0
DA:1,36
DA:3,36
DA:66,36
DA:67,36
DA:68,36
DA:69,36
DA:70,36
DA:72,36
LF:8
LH:8
BRF:0
BRH:0
end_of_record
TN:
SF:src/models/appModels/LandBuyer.js
FNF:0
FNH:0
DA:1,36
DA:3,36
DA:59,36
DA:60,36
DA:61,36
DA:62,36
DA:63,36
DA:65,36
LF:8
LH:8
BRF:0
BRH:0
end_of_record
TN:
SF:src/models/appModels/LandClient.js
FNF:0
FNH:0
DA:1,36
DA:3,36
DA:64,36
DA:67,36
DA:68,36
DA:69,36
DA:70,36
DA:71,36
DA:72,36
DA:73,36
DA:75,36
LF:11
LH:11
BRF:0
BRH:0
end_of_record
TN:
SF:src/models/appModels/LandVIP.js
FNF:0
FNH:0
DA:1,36
DA:3,36
DA:60,36
DA:61,36
DA:62,36
DA:63,36
DA:64,36
DA:66,36
LF:8
LH:8
BRF:0
BRH:0
end_of_record
TN:
SF:src/models/appModels/LandVisit.js
FNF:0
FNH:0
DA:1,36
DA:3,36
DA:60,36
DA:61,36
DA:62,36
DA:63,36
DA:64,36
DA:66,36
LF:8
LH:8
BRF:0
BRH:0
end_of_record
TN:
SF:src/models/appModels/Lead.js
FNF:0
FNH:0
DA:1,36
DA:3,36
DA:49,36
DA:50,36
DA:51,36
DA:52,36
DA:53,36
DA:55,36
LF:8
LH:8
BRF:0
BRH:0
end_of_record
TN:
SF:src/models/appModels/Payment.js
FNF:0
FNH:0
DA:1,36
DA:3,36
DA:61,36
DA:62,36
LF:4
LH:4
BRF:0
BRH:0
end_of_record
TN:
SF:src/models/appModels/PaymentMode.js
FNF:0
FNH:0
DA:1,36
DA:3,36
DA:34,36
LF:3
LH:3
BRF:0
BRH:0
end_of_record
TN:
SF:src/models/appModels/Project.js
FNF:0
FNH:0
DA:1,36
DA:3,36
DA:49,36
DA:50,36
DA:51,36
DA:52,36
DA:53,36
DA:55,36
LF:8
LH:8
BRF:0
BRH:0
end_of_record
TN:
SF:src/models/appModels/Property.js
FNF:0
FNH:0
DA:1,36
DA:3,36
DA:49,36
DA:50,36
DA:51,36
DA:52,36
DA:53,36
DA:54,36
DA:55,36
DA:57,36
LF:10
LH:10
BRF:0
BRH:0
end_of_record
TN:
SF:src/models/appModels/Quote.js
FNF:0
FNH:0
DA:1,36
DA:3,36
DA:140,36
DA:141,36
LF:4
LH:4
BRF:0
BRH:0
end_of_record
TN:
SF:src/models/appModels/Shop.js
FNF:0
FNH:0
DA:1,36
DA:3,36
DA:76,36
DA:77,36
DA:78,36
DA:79,36
DA:80,36
DA:82,36
LF:8
LH:8
BRF:0
BRH:0
end_of_record
TN:
SF:src/models/appModels/ShopBuyer.js
FNF:0
FNH:0
DA:1,36
DA:3,36
DA:64,36
DA:65,36
DA:66,36
DA:67,36
DA:68,36
DA:70,36
LF:8
LH:8
BRF:0
BRH:0
end_of_record
TN:
SF:src/models/appModels/ShopClient.js
FNF:0
FNH:0
DA:1,36
DA:3,36
DA:56,36
DA:59,36
DA:60,36
DA:61,36
DA:62,36
DA:63,36
DA:64,36
DA:65,36
DA:67,36
LF:11
LH:11
BRF:0
BRH:0
end_of_record
TN:
SF:src/models/appModels/ShopVIP.js
FNF:0
FNH:0
DA:1,36
DA:3,36
DA:68,36
DA:69,36
DA:70,36
DA:71,36
DA:72,36
DA:74,36
LF:8
LH:8
BRF:0
BRH:0
end_of_record
TN:
SF:src/models/appModels/ShopVisit.js
FNF:0
FNH:0
DA:1,36
DA:3,36
DA:60,36
DA:61,36
DA:62,36
DA:63,36
DA:64,36
DA:66,36
LF:8
LH:8
BRF:0
BRH:0
end_of_record
TN:
SF:src/models/appModels/Supplier.js
FNF:0
FNH:0
DA:1,36
DA:3,36
DA:49,36
DA:50,36
DA:51,36
DA:52,36
DA:53,36
DA:55,36
LF:8
LH:8
BRF:0
BRH:0
end_of_record
TN:
SF:src/models/appModels/Task.js
FNF:0
FNH:0
DA:1,36
DA:3,36
DA:49,36
DA:50,36
DA:51,36
DA:52,36
DA:53,36
DA:55,36
LF:8
LH:8
BRF:0
BRH:0
end_of_record
TN:
SF:src/models/appModels/Taxes.js
FNF:0
FNH:0
DA:1,36
DA:3,36
DA:31,36
LF:3
LH:3
BRF:0
BRH:0
end_of_record
TN:
SF:src/models/appModels/Visit.js
FNF:0
FNH:0
DA:1,36
DA:3,36
DA:58,36
DA:59,36
DA:60,36
DA:61,36
DA:62,36
DA:63,36
DA:64,36
DA:66,36
LF:10
LH:10
BRF:0
BRH:0
end_of_record
TN:
SF:src/models/coreModels/Admin.js
FNF:0
FNH:0
DA:1,36
DA:2,36
DA:4,36
DA:37,36
LF:4
LH:4
BRF:0
BRH:0
end_of_record
TN:
SF:src/models/coreModels/AdminPassword.js
FN:38,(anonymous_0)
FN:43,(anonymous_1)
FNF:2
FNH:2
FNDA:321,(anonymous_0)
FNDA:2,(anonymous_1)
DA:1,36
DA:2,36
DA:4,36
DA:6,36
DA:38,36
DA:39,321
DA:43,36
DA:44,2
DA:47,36
LF:9
LH:9
BRF:0
BRH:0
end_of_record
TN:
SF:src/models/coreModels/Notification.js
FNF:0
FNH:0
DA:1,36
DA:3,36
DA:49,36
DA:50,36
DA:52,36
LF:5
LH:5
BRF:0
BRH:0
end_of_record
TN:
SF:src/models/coreModels/Setting.js
FNF:0
FNH:0
DA:1,36
DA:3,36
DA:40,36
LF:3
LH:3
BRF:0
BRH:0
end_of_record
TN:
SF:src/models/coreModels/Upload.js
FNF:0
FNH:0
DA:1,36
DA:3,36
DA:73,36
LF:3
LH:3
BRF:0
BRH:0
end_of_record
TN:
SF:src/models/coreModels/User.js
FNF:0
FNH:0
DA:1,36
DA:2,36
DA:4,36
DA:46,36
LF:4
LH:4
BRF:0
BRH:0
end_of_record
TN:
SF:src/models/utils/index.js
FN:8,(anonymous_0)
FN:49,(anonymous_1)
FNF:2
FNH:2
FNDA:1656,(anonymous_0)
FNDA:1656,(anonymous_1)
DA:1,36
DA:2,36
DA:4,36
DA:6,36
DA:8,36
DA:9,1656
DA:10,1656
DA:14,1656
DA:17,36
DA:18,36
DA:19,36
DA:20,36
DA:22,36
DA:23,1368
DA:24,1368
DA:28,1368
DA:29,1368
DA:30,1368
DA:34,1368
DA:36,1368
DA:37,1368
DA:38,1368
DA:39,1368
DA:41,1368
DA:46,1368
DA:49,36
DA:50,1656
DA:51,1656
DA:55,1656
DA:59,36
LF:30
LH:30
BRF:0
BRH:0
end_of_record
TN:
SF:src/routes/appRoutes/appApi.js
FN:8,(anonymous_0)
FN:28,(anonymous_1)
FNF:2
FNH:2
FNDA:1330,(anonymous_0)
FNDA:1330,(anonymous_1)
DA:1,35
DA:2,35
DA:3,35
DA:5,35
DA:6,35
DA:8,35
DA:9,1330
DA:10,1330
DA:11,1330
DA:12,1330
DA:13,1330
DA:14,1330
DA:15,1330
DA:16,1330
DA:17,1330
DA:19,1330
DA:20,105
DA:23,1330
DA:24,35
DA:28,35
DA:29,1330
DA:30,1330
DA:34,35
DA:36,35
LF:24
LH:24
BRDA:19,0,0,105
BRDA:19,0,1,1225
BRDA:19,1,0,1330
BRDA:19,1,1,1295
BRDA:19,1,2,1260
BRDA:23,2,0,35
BRDA:23,2,1,1295
BRF:7
BRH:7
end_of_record
TN:
SF:src/routes/appRoutes/propertyRoute.js
FN:13,(anonymous_0)
FNF:1
FNH:0
FNDA:0,(anonymous_0)
DA:1,35
DA:2,35
DA:4,35
DA:5,35
DA:8,35
DA:9,35
DA:10,35
DA:13,0
DA:14,0
DA:18,35
DA:19,35
DA:20,35
DA:21,35
DA:22,35
DA:23,35
DA:30,35
DA:31,35
DA:33,35
LF:18
LH:16
BRDA:26,0,0,0
BRDA:26,0,1,35
BRF:2
BRH:1
end_of_record
TN:
SF:src/routes/coreRoutes/aiRoutes.js
FNF:0
FNH:0
DA:1,35
DA:2,35
DA:3,35
DA:5,35
DA:7,35
DA:8,35
DA:10,35
LF:7
LH:7
BRF:0
BRH:0
end_of_record
TN:
SF:src/routes/coreRoutes/coreApi.js
FNF:0
FNH:0
DA:1,35
DA:3,35
DA:5,35
DA:7,35
DA:8,35
DA:10,35
DA:14,35
DA:16,35
DA:20,35
DA:21,35
DA:30,35
DA:31,35
DA:32,35
DA:34,35
DA:35,35
DA:36,35
DA:37,35
DA:38,35
DA:41,35
DA:42,35
DA:45,35
DA:53,35
DA:54,35
LF:23
LH:23
BRF:0
BRH:0
end_of_record
TN:
SF:src/routes/coreRoutes/coreAuth.js
FN:16,(anonymous_0)
FNF:1
FNH:0
FNDA:0,(anonymous_0)
DA:1,35
DA:3,35
DA:5,35
DA:6,35
DA:8,35
DA:9,35
DA:11,35
DA:12,35
DA:14,35
DA:16,35
DA:17,0
DA:26,35
LF:12
LH:11
BRF:0
BRH:0
end_of_record
TN:
SF:src/routes/coreRoutes/coreDownloadRouter.js
FN:6,(anonymous_0)
FNF:1
FNH:0
FNDA:0,(anonymous_0)
DA:1,35
DA:2,35
DA:4,35
DA:6,35
DA:7,0
DA:8,0
DA:9,0
DA:10,0
DA:12,0
DA:21,35
LF:10
LH:5
BRF:0
BRH:0
end_of_record
TN:
SF:src/routes/coreRoutes/corePublicRouter.js
FN:7,(anonymous_0)
FN:31,(anonymous_1)
FNF:2
FNH:0
FNDA:0,(anonymous_0)
FNDA:0,(anonymous_1)
DA:1,35
DA:2,35
DA:4,35
DA:5,35
DA:7,35
DA:8,0
DA:9,0
DA:12,0
DA:13,0
DA:14,0
DA:17,0
DA:20,0
DA:21,0
DA:24,0
DA:25,0
DA:31,0
DA:32,0
DA:33,0
DA:41,0
DA:50,35
LF:20
LH:6
BRDA:24,0,0,0
BRDA:24,0,1,0
BRDA:32,1,0,0
BRDA:32,1,1,0
BRF:4
BRH:0
end_of_record
TN:
SF:src/routes/coreRoutes/employeeRoutes.js
FNF:0
FNH:0
DA:1,35
DA:2,35
DA:4,35
DA:5,35
DA:6,35
DA:9,35
DA:12,35
DA:15,35
DA:18,35
DA:21,35
DA:24,35
DA:27,35
DA:29,35
LF:13
LH:13
BRF:0
BRH:0
end_of_record
TN:
SF:src/routes/coreRoutes/notificationRoutes.js
FNF:0
FNH:0
DA:1,35
DA:2,35
DA:3,35
DA:6,35
DA:9,35
DA:12,35
DA:15,35
DA:18,35
DA:21,35
DA:23,35
LF:10
LH:10
BRF:0
BRH:0
end_of_record
TN:
SF:src/settings/index.js
FNF:0
FNH:0
DA:1,35
DA:2,35
DA:3,35
DA:5,35
LF:4
LH:4
BRF:0
BRH:0
end_of_record
TN:
SF:src/settings/useAppSettings.js
FN:1,(anonymous_0)
FNF:1
FNH:0
FNDA:0,(anonymous_0)
DA:1,35
DA:2,0
DA:3,0
DA:4,0
DA:5,0
DA:8,35
LF:6
LH:2
BRF:0
BRH:0
end_of_record
TN:
SF:src/settings/useDate.js
FN:1,(anonymous_0)
FNF:1
FNH:0
FNDA:0,(anonymous_0)
DA:1,35
DA:2,0
DA:4,0
DA:6,0
DA:11,35
LF:5
LH:2
BRF:0
BRH:0
end_of_record
TN:
SF:src/settings/useMoney.js
FN:3,(anonymous_0)
FN:13,currencyFormat
FN:30,moneyFormatter
FN:36,amountFormatter
FNF:4
FNH:0
FNDA:0,(anonymous_0)
FNDA:0,currencyFormat
FNDA:0,moneyFormatter
FNDA:0,amountFormatter
DA:1,35
DA:3,35
DA:11,0
DA:14,0
DA:31,0
DA:37,0
DA:40,0
DA:52,35
LF:8
LH:3
BRDA:14,0,0,0
BRDA:14,0,1,0
BRDA:14,1,0,0
BRDA:14,1,1,0
BRDA:30,2,0,0
BRDA:31,3,0,0
BRDA:31,3,1,0
BRDA:36,4,0,0
BRF:8
BRH:0
end_of_record
TN:
SF:src/tests/api/generateTests.js
FN:8,(anonymous_0)
FN:80,(anonymous_1)
FN:139,(anonymous_2)
FN:177,(anonymous_3)
FN:181,(anonymous_4)
FNF:5
FNH:0
FNDA:0,(anonymous_0)
FNDA:0,(anonymous_1)
FNDA:0,(anonymous_2)
FNDA:0,(anonymous_3)
FNDA:0,(anonymous_4)
DA:1,0
DA:2,0
DA:3,0
DA:8,0
DA:9,0
DA:11,0
DA:74,0
DA:80,0
DA:81,0
DA:82,0
DA:84,0
DA:133,0
DA:139,0
DA:140,0
DA:142,0
DA:171,0
DA:177,0
DA:178,0
DA:180,0
DA:181,0
DA:182,0
DA:185,0
DA:187,0
DA:190,0
DA:191,0
DA:192,0
DA:193,0
DA:194,0
DA:195,0
DA:197,0
DA:202,0
DA:203,0
DA:204,0
DA:205,0
DA:206,0
DA:208,0
DA:212,0
DA:213,0
DA:214,0
DA:215,0
DA:216,0
DA:218,0
DA:221,0
DA:222,0
DA:226,0
DA:227,0
DA:230,0
LF:47
LH:0
BRDA:226,0,0,0
BRDA:226,0,1,0
BRF:2
BRH:0
end_of_record
TN:
SF:src/tests/api/simpleGenerator.js
FN:7,(anonymous_0)
FNF:1
FNH:0
FNDA:0,(anonymous_0)
DA:1,0
DA:2,0
DA:7,0
DA:8,0
DA:11,0
DA:44,0
DA:46,0
DA:49,0
DA:50,0
DA:51,0
DA:52,0
DA:54,0
DA:277,0
DA:278,0
DA:279,0
DA:281,0
DA:286,0
DA:287,0
DA:382,0
DA:383,0
DA:384,0
DA:385,0
DA:387,0
DA:391,0
DA:392,0
DA:519,0
DA:520,0
DA:521,0
DA:522,0
DA:524,0
DA:527,0
DA:528,0
DA:532,0
DA:533,0
DA:536,0
LF:35
LH:0
BRDA:209,0,0,0
BRDA:209,0,1,0
BRDA:209,1,0,0
BRDA:209,1,1,0
BRDA:209,1,2,0
BRDA:244,2,0,0
BRDA:244,2,1,0
BRDA:532,3,0,0
BRDA:532,3,1,0
BRF:9
BRH:0
end_of_record
TN:
SF:src/tests/api/testUtils.js
FN:10,(anonymous_0)
FN:56,(anonymous_1)
FN:67,(anonymous_2)
FN:88,(anonymous_3)
FN:97,(anonymous_4)
FN:109,(anonymous_5)
FN:145,(anonymous_6)
FN:186,(anonymous_7)
FNF:8
FNH:4
FNDA:64,(anonymous_0)
FNDA:32,(anonymous_1)
FNDA:0,(anonymous_2)
FNDA:63,(anonymous_3)
FNDA:306,(anonymous_4)
FNDA:0,(anonymous_5)
FNDA:0,(anonymous_6)
FNDA:0,(anonymous_7)
DA:1,32
DA:2,32
DA:3,32
DA:10,32
DA:11,64
DA:14,64
DA:15,64
DA:16,64
DA:18,0
DA:19,0
DA:22,64
DA:23,64
DA:24,64
DA:25,64
DA:28,0
DA:29,0
DA:30,0
DA:31,0
DA:34,0
DA:46,0
DA:48,0
DA:49,0
DA:56,32
DA:57,32
DA:58,32
DA:67,32
DA:68,0
DA:69,0
DA:70,0
DA:77,0
DA:78,0
DA:80,0
DA:81,0
DA:88,32
DA:89,63
DA:91,63
DA:92,184
DA:93,184
DA:96,184
DA:97,183
DA:98,306
DA:103,184
DA:104,93
DA:108,184
DA:109,0
DA:110,0
DA:114,184
DA:117,184
DA:121,184
DA:129,0
DA:139,63
DA:145,32
DA:146,0
DA:149,0
DA:157,0
DA:165,0
DA:173,0
DA:180,0
DA:186,32
DA:187,0
DA:229,0
DA:237,32
LF:62
LH:34
BRDA:23,0,0,64
BRDA:23,0,1,0
BRDA:29,1,0,0
BRDA:29,1,1,0
BRDA:42,2,0,0
BRDA:42,2,1,0
BRDA:67,3,0,0
BRDA:73,4,0,0
BRDA:73,4,1,0
BRDA:96,5,0,183
BRDA:96,5,1,1
BRDA:103,6,0,93
BRDA:103,6,1,91
BRDA:108,7,0,0
BRDA:108,7,1,184
BRDA:117,8,0,184
BRDA:117,8,1,0
BRDA:132,9,0,0
BRDA:132,9,1,0
BRDA:145,10,0,0
BRDA:152,11,0,0
BRDA:152,11,1,0
BRDA:160,12,0,0
BRDA:160,12,1,0
BRDA:168,13,0,0
BRDA:168,13,1,0
BRDA:176,14,0,0
BRDA:176,14,1,0
BRDA:230,15,0,0
BRDA:230,15,1,0
BRF:30
BRH:7
end_of_record
TN:
SF:src/utils/countryList.js
FNF:0
FNH:0
DA:1,0
LF:1
LH:0
BRF:0
BRH:0
end_of_record
TN:
SF:src/utils/currency.js
FN:124,(anonymous_0)
FNF:1
FNH:0
FNDA:0,(anonymous_0)
DA:1,0
DA:124,0
DA:125,0
LF:3
LH:0
BRF:0
BRH:0
end_of_record
TN:
SF:src/utils/currencyList.js
FNF:0
FNH:0
DA:1,0
LF:1
LH:0
BRF:0
BRH:0
end_of_record
TN:
SF:src/utils/is-path-inside.js
FN:5,(anonymous_0)
FNF:1
FNH:0
FNDA:0,(anonymous_0)
DA:1,35
DA:5,35
DA:6,0
DA:8,0
LF:4
LH:2
BRDA:9,0,0,0
BRDA:9,0,1,0
BRDA:9,0,2,0
BRDA:9,0,3,0
BRF:4
BRH:0
end_of_record
TN:
SF:src/utils/loadModels.js
FN:5,loadModels
FN:13,(anonymous_1)
FN:30,(anonymous_2)
FNF:3
FNH:0
FNDA:0,loadModels
FNDA:0,(anonymous_1)
FNDA:0,(anonymous_2)
DA:1,0
DA:2,0
DA:3,0
DA:6,0
DA:9,0
DA:10,0
DA:13,0
DA:15,0
DA:17,0
DA:18,0
DA:19,0
DA:21,0
DA:26,0
DA:29,0
DA:31,0
DA:32,0
DA:34,0
DA:39,0
LF:18
LH:0
BRDA:15,0,0,0
BRDA:15,0,1,0
BRDA:31,1,0,0
BRDA:31,1,1,0
BRF:4
BRH:0
end_of_record
TN:
SF:src/utils/registerModels.js
FN:4,registerModels
FN:9,(anonymous_1)
FNF:2
FNH:0
FNDA:0,registerModels
FNDA:0,(anonymous_1)
DA:1,0
DA:2,0
DA:5,0
DA:6,0
DA:9,0
DA:10,0
DA:11,0
DA:12,0
DA:13,0
DA:15,0
DA:21,0
LF:11
LH:0
BRDA:10,0,0,0
BRDA:10,0,1,0
BRF:2
BRH:0
end_of_record
