TN:
SF:src/app.js
FN:49,(anonymous_0)
FNF:1
FNH:0
FNDA:0,(anonymous_0)
DA:1,35
DA:2,35
DA:4,35
DA:5,35
DA:7,35
DA:8,35
DA:9,35
DA:12,35
DA:13,35
DA:14,1400
DA:17,35
DA:18,35
DA:19,35
DA:20,35
DA:21,35
DA:23,35
DA:24,35
DA:26,35
DA:28,35
DA:30,35
DA:37,35
DA:38,35
DA:39,35
DA:41,35
DA:49,35
DA:50,0
DA:109,35
DA:110,35
DA:111,35
DA:112,35
DA:113,35
DA:116,35
DA:119,35
DA:120,0
DA:124,35
DA:127,35
LF:36
LH:34
BRDA:102,0,0,0
BRDA:102,0,1,0
BRDA:119,1,0,0
BRDA:119,1,1,35
BRF:4
BRH:1
end_of_record
TN:
SF:src/helpers.js
FN:16,(anonymous_0)
FN:24,(anonymous_1)
FN:29,(anonymous_2)
FN:48,(anonymous_3)
FN:51,(anonymous_4)
FN:54,(anonymous_5)
FN:57,(anonymous_6)
FNF:7
FNH:2
FNDA:0,(anonymous_0)
FNDA:0,(anonymous_1)
FNDA:0,(anonymous_2)
FNDA:1,(anonymous_3)
FNDA:0,(anonymous_4)
FNDA:1,(anonymous_5)
FNDA:0,(anonymous_6)
DA:6,35
DA:8,35
DA:11,35
DA:16,35
DA:17,0
DA:18,0
DA:20,0
DA:24,35
DA:27,35
DA:29,35
DA:30,0
DA:31,0
DA:34,0
DA:35,0
DA:37,0
DA:39,0
DA:40,0
DA:41,0
DA:42,0
DA:44,0
DA:47,35
DA:49,1
DA:52,0
DA:55,1
DA:58,0
LF:25
LH:10
BRDA:30,0,0,0
BRDA:30,0,1,0
BRDA:34,1,0,0
BRDA:34,1,1,0
BRDA:37,2,0,0
BRDA:37,2,1,0
BRF:6
BRH:0
end_of_record
TN:
SF:src/server.js
FN:17,connectWithFallback
FN:45,(anonymous_1)
FN:61,(anonymous_2)
FNF:3
FNH:0
FNDA:0,connectWithFallback
FNDA:0,(anonymous_1)
FNDA:0,(anonymous_2)
DA:1,0
DA:2,0
DA:3,0
DA:4,0
DA:7,0
DA:8,0
DA:9,0
DA:10,0
DA:14,0
DA:15,0
DA:18,0
DA:19,0
DA:20,0
DA:22,0
DA:25,0
DA:27,0
DA:28,0
DA:29,0
DA:30,0
DA:31,0
DA:32,0
DA:33,0
DA:35,0
DA:36,0
DA:39,0
DA:44,0
DA:45,0
DA:46,0
DA:49,0
DA:52,0
DA:54,0
DA:55,0
DA:59,0
DA:60,0
DA:61,0
DA:62,0
LF:36
LH:0
BRDA:8,0,0,0
BRDA:8,0,1,0
BRDA:27,1,0,0
BRDA:27,1,1,0
BRDA:60,2,0,0
BRDA:60,2,1,0
BRF:6
BRH:0
end_of_record
TN:
SF:src/controllers/appControllers/index.js
FN:8,(anonymous_0)
FN:12,(anonymous_1)
FN:16,(anonymous_2)
FN:30,(anonymous_3)
FNF:4
FNH:4
FNDA:385,(anonymous_0)
FNDA:35,(anonymous_1)
FNDA:385,(anonymous_2)
FNDA:1190,(anonymous_3)
DA:1,35
DA:2,35
DA:4,35
DA:5,35
DA:7,35
DA:8,35
DA:9,385
DA:12,35
DA:13,35
DA:14,35
DA:16,35
DA:17,385
DA:18,385
DA:20,385
DA:21,385
DA:22,385
DA:25,0
DA:30,35
DA:31,1190
DA:32,805
DA:36,35
DA:39,35
LF:22
LH:21
BRDA:20,0,0,385
BRDA:20,0,1,0
BRDA:31,1,0,805
BRDA:31,1,1,385
BRF:4
BRH:3
end_of_record
TN:
SF:src/controllers/appControllers/apartmentClientController/index.js
FN:4,modelController
FNF:1
FNH:1
FNDA:35,modelController
DA:1,35
DA:2,35
DA:5,35
DA:6,35
DA:8,35
DA:11,35
LF:6
LH:6
BRF:0
BRH:0
end_of_record
TN:
SF:src/controllers/appControllers/clientController/index.js
FN:6,modelController
FN:10,(anonymous_1)
FNF:2
FNH:2
FNDA:35,modelController
FNDA:1,(anonymous_1)
DA:1,35
DA:2,35
DA:4,35
DA:7,35
DA:8,35
DA:10,35
DA:11,35
DA:14,35
LF:8
LH:8
BRF:0
BRH:0
end_of_record
TN:
SF:src/controllers/appControllers/clientController/summary.js
FN:6,(anonymous_0)
FNF:1
FNH:1
FNDA:1,(anonymous_0)
DA:1,35
DA:2,35
DA:4,35
DA:6,35
DA:7,1
DA:8,1
DA:10,1
DA:11,0
DA:12,1
DA:13,0
DA:20,1
DA:21,1
DA:22,1
DA:24,1
DA:77,1
DA:79,1
DA:80,1
DA:81,1
DA:82,1
DA:84,1
DA:85,1
DA:87,1
DA:97,35
LF:23
LH:21
BRDA:10,0,0,0
BRDA:10,0,1,1
BRDA:10,1,0,1
BRDA:10,1,1,0
BRDA:12,2,0,0
BRDA:12,2,1,1
BRDA:80,3,0,0
BRDA:80,3,1,1
BRDA:81,4,0,0
BRDA:81,4,1,1
BRDA:82,5,0,0
BRDA:82,5,1,1
BRDA:84,6,0,0
BRDA:84,6,1,1
BRDA:85,7,0,0
BRDA:85,7,1,1
BRF:16
BRH:8
end_of_record
TN:
SF:src/controllers/appControllers/commercialClientController/index.js
FN:4,modelController
FNF:1
FNH:1
FNDA:35,modelController
DA:1,35
DA:2,35
DA:5,35
DA:6,35
DA:8,35
DA:11,35
LF:6
LH:6
BRF:0
BRH:0
end_of_record
TN:
SF:src/controllers/appControllers/invoiceController/create.js
FN:9,(anonymous_0)
FN:31,(anonymous_1)
FNF:2
FNH:1
FNDA:1,(anonymous_0)
FNDA:0,(anonymous_1)
DA:1,35
DA:3,35
DA:5,35
DA:6,35
DA:7,35
DA:9,35
DA:10,1
DA:11,1
DA:13,1
DA:14,1
DA:15,1
DA:16,1
DA:23,0
DA:26,0
DA:27,0
DA:28,0
DA:31,0
DA:32,0
DA:34,0
DA:36,0
DA:38,0
DA:39,0
DA:41,0
DA:42,0
DA:43,0
DA:44,0
DA:46,0
DA:48,0
DA:49,0
DA:52,0
DA:53,0
DA:54,0
DA:62,0
DA:67,0
DA:73,0
DA:77,35
LF:36
LH:13
BRDA:14,0,0,1
BRDA:14,0,1,0
BRDA:23,1,0,0
BRDA:23,2,0,0
BRDA:23,3,0,0
BRDA:46,4,0,0
BRDA:46,4,1,0
BRF:7
BRH:1
end_of_record
TN:
SF:src/controllers/appControllers/invoiceController/index.js
FNF:0
FNH:0
DA:1,35
DA:2,35
DA:4,35
DA:5,35
DA:6,35
DA:7,35
DA:8,35
DA:9,35
DA:10,35
DA:12,35
DA:13,35
DA:14,35
DA:15,35
DA:16,35
DA:17,35
DA:18,35
DA:20,35
LF:17
LH:17
BRF:0
BRH:0
end_of_record
TN:
SF:src/controllers/appControllers/invoiceController/paginatedList.js
FN:5,(anonymous_0)
FNF:1
FNH:1
FNDA:1,(anonymous_0)
DA:1,35
DA:3,35
DA:5,35
DA:6,1
DA:7,1
DA:8,1
DA:10,1
DA:12,1
DA:16,1
DA:18,1
DA:19,0
DA:23,1
DA:36,1
DA:44,1
DA:46,1
DA:49,1
DA:50,1
DA:51,0
DA:58,1
DA:67,35
LF:20
LH:18
BRDA:6,0,0,1
BRDA:6,0,1,1
BRDA:7,1,0,1
BRDA:7,1,1,1
BRDA:10,2,0,1
BRDA:10,3,0,1
BRDA:12,4,0,0
BRDA:12,4,1,1
BRDA:16,5,0,1
BRDA:16,5,1,0
BRDA:50,6,0,0
BRDA:50,6,1,1
BRF:12
BRH:9
end_of_record
TN:
SF:src/controllers/appControllers/invoiceController/read.js
FN:5,(anonymous_0)
FNF:1
FNH:0
FNDA:0,(anonymous_0)
DA:1,35
DA:3,35
DA:5,35
DA:6,0
DA:8,0
DA:15,0
DA:16,0
DA:23,0
DA:30,0
DA:34,35
LF:10
LH:4
BRDA:15,0,0,0
BRDA:15,0,1,0
BRF:2
BRH:0
end_of_record
TN:
SF:src/controllers/appControllers/invoiceController/remove.js
FN:6,(anonymous_0)
FNF:1
FNH:0
FNDA:0,(anonymous_0)
DA:1,35
DA:3,35
DA:4,35
DA:6,35
DA:7,0
DA:19,0
DA:20,0
DA:26,0
DA:30,0
DA:37,35
LF:10
LH:5
BRDA:19,0,0,0
BRDA:19,0,1,0
BRF:2
BRH:0
end_of_record
TN:
SF:src/controllers/appControllers/invoiceController/schemaValidate.js
FNF:0
FNH:0
DA:1,35
DA:2,35
DA:26,35
LF:3
LH:3
BRF:0
BRH:0
end_of_record
TN:
SF:src/controllers/appControllers/invoiceController/sendMail.js
FN:5,(anonymous_0)
FNF:1
FNH:0
FNDA:0,(anonymous_0)
DA:1,35
DA:3,35
DA:5,35
DA:6,0
DA:13,35
LF:5
LH:4
BRF:0
BRH:0
end_of_record
TN:
SF:src/controllers/appControllers/invoiceController/summary.js
FN:8,(anonymous_0)
FN:134,(anonymous_1)
FN:141,(anonymous_2)
FN:148,(anonymous_3)
FN:156,(anonymous_4)
FN:158,(anonymous_5)
FNF:6
FNH:2
FNDA:1,(anonymous_0)
FNDA:0,(anonymous_1)
FNDA:0,(anonymous_2)
FNDA:0,(anonymous_3)
FNDA:6,(anonymous_4)
FNDA:0,(anonymous_5)
DA:1,35
DA:2,35
DA:4,35
DA:6,35
DA:8,35
DA:9,1
DA:11,1
DA:13,1
DA:15,1
DA:16,0
DA:17,0
DA:19,0
DA:27,1
DA:28,1
DA:29,1
DA:31,1
DA:33,1
DA:127,1
DA:129,1
DA:130,1
DA:131,1
DA:132,1
DA:134,1
DA:135,0
DA:141,1
DA:142,0
DA:148,1
DA:149,0
DA:156,1
DA:157,6
DA:158,0
DA:160,6
DA:161,0
DA:165,1
DA:197,1
DA:204,1
DA:211,35
LF:37
LH:29
BRDA:15,0,0,0
BRDA:15,0,1,1
BRDA:16,1,0,0
BRDA:16,1,1,0
BRDA:129,2,0,1
BRDA:129,2,1,0
BRDA:130,3,0,1
BRDA:130,3,1,0
BRDA:131,4,0,1
BRDA:131,4,1,0
BRDA:132,5,0,1
BRDA:132,5,1,0
BRDA:160,6,0,0
BRDA:160,6,1,6
BRDA:199,7,0,0
BRDA:199,7,1,1
BRF:16
BRH:7
end_of_record
TN:
SF:src/controllers/appControllers/invoiceController/update.js
FN:10,(anonymous_0)
FN:48,(anonymous_1)
FNF:2
FNH:0
FNDA:0,(anonymous_0)
FNDA:0,(anonymous_1)
DA:1,35
DA:3,35
DA:5,35
DA:7,35
DA:8,35
DA:10,35
DA:11,0
DA:12,0
DA:14,0
DA:15,0
DA:16,0
DA:17,0
DA:24,0
DA:29,0
DA:31,0
DA:33,0
DA:34,0
DA:43,0
DA:44,0
DA:45,0
DA:48,0
DA:49,0
DA:51,0
DA:53,0
DA:55,0
DA:56,0
DA:58,0
DA:59,0
DA:60,0
DA:61,0
DA:62,0
DA:63,0
DA:64,0
DA:70,0
DA:71,0
DA:73,0
DA:79,0
DA:85,0
DA:89,35
LF:39
LH:7
BRDA:15,0,0,0
BRDA:15,0,1,0
BRDA:31,1,0,0
BRDA:31,2,0,0
BRDA:31,3,0,0
BRDA:33,4,0,0
BRDA:33,4,1,0
BRDA:63,5,0,0
BRDA:63,5,1,0
BRDA:70,6,0,0
BRDA:70,6,1,0
BRDA:70,7,0,0
BRDA:70,7,1,0
BRF:13
BRH:0
end_of_record
TN:
SF:src/controllers/appControllers/landClientController/index.js
FN:4,modelController
FNF:1
FNH:1
FNDA:35,modelController
DA:1,35
DA:2,35
DA:5,35
DA:6,35
DA:8,35
DA:11,35
LF:6
LH:6
BRF:0
BRH:0
end_of_record
TN:
SF:src/controllers/appControllers/paymentController/create.js
FN:9,(anonymous_0)
FNF:1
FNH:1
FNDA:1,(anonymous_0)
DA:1,35
DA:3,35
DA:4,35
DA:5,35
DA:7,35
DA:9,35
DA:11,1
DA:12,0
DA:19,1
DA:28,1
DA:30,0
DA:32,0
DA:33,0
DA:39,0
DA:41,0
DA:43,0
DA:44,0
DA:56,0
DA:57,0
DA:60,0
DA:66,0
DA:79,0
DA:86,35
LF:23
LH:10
BRDA:11,0,0,0
BRDA:11,0,1,1
BRDA:32,1,0,0
BRDA:32,1,1,0
BRDA:60,2,0,0
BRDA:60,2,1,0
BRDA:62,3,0,0
BRDA:62,3,1,0
BRF:8
BRH:1
end_of_record
TN:
SF:src/controllers/appControllers/paymentController/index.js
FNF:0
FNH:0
DA:1,35
DA:2,35
DA:4,35
DA:5,35
DA:6,35
DA:7,35
DA:8,35
DA:10,35
DA:11,35
DA:12,35
DA:13,35
DA:14,35
DA:16,35
LF:13
LH:13
BRF:0
BRH:0
end_of_record
TN:
SF:src/controllers/appControllers/paymentController/remove.js
FN:6,(anonymous_0)
FNF:1
FNH:0
FNDA:0,(anonymous_0)
DA:1,35
DA:3,35
DA:4,35
DA:6,35
DA:8,0
DA:13,0
DA:14,0
DA:21,0
DA:22,0
DA:25,0
DA:29,0
DA:39,0
DA:45,0
DA:61,0
DA:67,35
LF:15
LH:5
BRDA:13,0,0,0
BRDA:13,0,1,0
BRDA:39,1,0,0
BRDA:39,1,1,0
BRDA:41,2,0,0
BRDA:41,2,1,0
BRF:6
BRH:0
end_of_record
TN:
SF:src/controllers/appControllers/paymentController/sendMail.js
FN:1,(anonymous_0)
FNF:1
FNH:0
FNDA:0,(anonymous_0)
DA:1,35
DA:2,0
DA:9,35
LF:3
LH:2
BRF:0
BRH:0
end_of_record
TN:
SF:src/controllers/appControllers/paymentController/summary.js
FN:7,(anonymous_0)
FNF:1
FNH:1
FNDA:1,(anonymous_0)
DA:1,35
DA:2,35
DA:4,35
DA:5,35
DA:7,35
DA:8,1
DA:10,1
DA:12,1
DA:14,1
DA:15,0
DA:16,0
DA:18,0
DA:26,1
DA:27,1
DA:28,1
DA:31,1
DA:62,1
DA:69,35
LF:18
LH:15
BRDA:14,0,0,0
BRDA:14,0,1,1
BRDA:15,1,0,0
BRDA:15,1,1,0
BRDA:64,2,0,0
BRDA:64,2,1,1
BRF:6
BRH:2
end_of_record
TN:
SF:src/controllers/appControllers/paymentController/update.js
FN:9,(anonymous_0)
FNF:1
FNH:0
FNDA:0,(anonymous_0)
DA:1,35
DA:3,35
DA:4,35
DA:5,35
DA:7,35
DA:9,35
DA:10,0
DA:11,0
DA:18,0
DA:23,0
DA:24,0
DA:26,0
DA:28,0
DA:29,0
DA:31,0
DA:32,0
DA:41,0
DA:47,0
DA:48,0
DA:58,0
DA:66,0
DA:79,0
DA:86,35
LF:23
LH:7
BRDA:10,0,0,0
BRDA:10,0,1,0
BRDA:31,1,0,0
BRDA:31,1,1,0
BRDA:41,2,0,0
BRDA:41,2,1,0
BRDA:43,3,0,0
BRDA:43,3,1,0
BRF:8
BRH:0
end_of_record
TN:
SF:src/controllers/appControllers/paymentModeController/index.js
FN:8,(anonymous_0)
FN:32,(anonymous_1)
FN:40,(anonymous_2)
FNF:3
FNH:1
FNDA:1,(anonymous_0)
FNDA:0,(anonymous_1)
FNDA:0,(anonymous_2)
DA:1,35
DA:2,35
DA:3,35
DA:4,35
DA:6,35
DA:8,35
DA:9,1
DA:11,1
DA:12,0
DA:15,1
DA:19,1
DA:25,0
DA:32,35
DA:33,0
DA:40,35
DA:41,0
DA:42,0
DA:46,0
DA:50,0
DA:51,0
DA:55,0
DA:56,0
DA:59,0
DA:62,0
DA:63,0
DA:70,0
DA:74,0
DA:81,35
LF:28
LH:13
BRDA:11,0,0,0
BRDA:11,0,1,1
BRDA:22,1,0,1
BRDA:22,1,1,0
BRDA:46,2,0,0
BRDA:46,3,0,0
BRDA:50,4,0,0
BRDA:50,4,1,0
BRDA:50,5,0,0
BRDA:50,5,1,0
BRDA:50,5,2,0
BRDA:55,6,0,0
BRDA:55,6,1,0
BRDA:55,7,0,0
BRDA:55,7,1,0
BRDA:62,8,0,0
BRDA:62,8,1,0
BRDA:62,9,0,0
BRDA:62,9,1,0
BRDA:62,9,2,0
BRF:20
BRH:2
end_of_record
TN:
SF:src/controllers/appControllers/propertyController/addVisit.js
FN:4,(anonymous_0)
FN:4,(anonymous_1)
FN:6,(anonymous_2)
FNF:3
FNH:1
FNDA:35,(anonymous_0)
FNDA:0,(anonymous_1)
FNDA:0,(anonymous_2)
DA:1,35
DA:2,35
DA:3,35
DA:4,35
DA:6,35
DA:7,0
DA:8,0
DA:9,0
DA:10,0
DA:11,0
DA:17,0
DA:18,0
DA:21,35
LF:13
LH:6
BRDA:10,0,0,0
BRDA:10,0,1,0
BRDA:13,1,0,0
BRDA:13,1,1,0
BRDA:14,2,0,0
BRDA:14,2,1,0
BRF:6
BRH:0
end_of_record
TN:
SF:src/controllers/appControllers/propertyController/create.js
FN:3,(anonymous_0)
FN:3,(anonymous_1)
FN:5,(anonymous_2)
FNF:3
FNH:3
FNDA:35,(anonymous_0)
FNDA:2,(anonymous_1)
FNDA:2,(anonymous_2)
DA:1,35
DA:2,35
DA:3,35
DA:5,35
DA:6,2
DA:18,2
DA:21,2
DA:22,0
DA:29,2
DA:39,2
DA:40,0
DA:47,2
DA:57,2
DA:65,2
DA:79,2
DA:80,2
DA:82,0
DA:83,0
DA:91,35
LF:19
LH:15
BRDA:10,0,0,2
BRDA:21,1,0,0
BRDA:21,1,1,2
BRDA:21,2,0,2
BRDA:21,2,1,2
BRDA:39,3,0,0
BRDA:39,3,1,2
BRDA:48,4,0,2
BRDA:48,4,1,0
BRDA:49,5,0,2
BRDA:49,5,1,2
BRDA:50,6,0,2
BRDA:50,6,1,2
BRDA:51,7,0,2
BRDA:51,7,1,2
BRDA:52,8,0,2
BRDA:52,8,1,0
BRDA:53,9,0,2
BRDA:53,9,1,0
BRDA:54,10,0,2
BRDA:54,10,1,0
BRDA:57,11,0,0
BRDA:57,11,1,2
BRDA:59,12,0,2
BRDA:59,12,1,0
BRDA:61,13,0,0
BRDA:61,13,1,0
BRDA:70,14,0,2
BRDA:70,14,1,2
BRDA:70,14,2,0
BRDA:73,15,0,2
BRDA:73,15,1,2
BRDA:73,15,2,0
BRDA:74,16,0,2
BRDA:74,16,1,2
BRDA:74,16,2,2
BRDA:75,17,0,2
BRDA:75,17,1,2
BRDA:75,17,2,2
BRDA:76,18,0,2
BRDA:76,18,1,2
BRDA:76,18,2,2
BRF:42
BRH:30
end_of_record
TN:
SF:src/controllers/appControllers/propertyController/delete.js
FN:3,(anonymous_0)
FN:3,(anonymous_1)
FN:5,(anonymous_2)
FNF:3
FNH:1
FNDA:35,(anonymous_0)
FNDA:0,(anonymous_1)
FNDA:0,(anonymous_2)
DA:1,35
DA:2,35
DA:3,35
DA:5,35
DA:6,0
DA:7,0
DA:8,0
DA:9,0
DA:10,0
DA:12,0
DA:14,0
DA:17,35
LF:12
LH:5
BRDA:7,0,0,0
BRDA:7,0,1,0
BRDA:8,1,0,0
BRDA:8,1,1,0
BRF:4
BRH:0
end_of_record
TN:
SF:src/controllers/appControllers/propertyController/helpers.js
FN:4,getRangeFromKey
FN:8,(anonymous_1)
FN:10,(anonymous_2)
FNF:3
FNH:0
FNDA:0,getRangeFromKey
FNDA:0,(anonymous_1)
FNDA:0,(anonymous_2)
DA:1,35
DA:2,35
DA:5,0
DA:6,0
DA:7,0
DA:8,0
DA:9,0
DA:10,0
DA:13,35
LF:9
LH:3
BRDA:5,0,0,0
BRDA:5,0,1,0
BRDA:5,1,0,0
BRDA:5,1,1,0
BRDA:5,1,2,0
BRDA:7,2,0,0
BRDA:7,2,1,0
BRDA:8,3,0,0
BRDA:8,3,1,0
BRDA:9,4,0,0
BRDA:9,4,1,0
BRDA:9,5,0,0
BRDA:9,5,1,0
BRDA:10,6,0,0
BRDA:10,6,1,0
BRF:15
BRH:0
end_of_record
TN:
SF:src/controllers/appControllers/propertyController/index.js
FNF:0
FNH:0
DA:1,35
DA:2,35
DA:3,35
DA:4,35
DA:5,35
DA:6,35
DA:7,35
DA:8,35
DA:10,35
LF:9
LH:9
BRF:0
BRH:0
end_of_record
TN:
SF:src/controllers/appControllers/propertyController/list.js
FN:5,(anonymous_0)
FN:5,(anonymous_1)
FN:7,(anonymous_2)
FN:50,(anonymous_3)
FN:50,(anonymous_4)
FN:59,(anonymous_5)
FN:65,(anonymous_6)
FNF:7
FNH:3
FNDA:35,(anonymous_0)
FNDA:2,(anonymous_1)
FNDA:2,(anonymous_2)
FNDA:0,(anonymous_3)
FNDA:0,(anonymous_4)
FNDA:0,(anonymous_5)
FNDA:0,(anonymous_6)
DA:1,35
DA:2,35
DA:3,35
DA:4,35
DA:5,35
DA:7,35
DA:8,2
DA:21,2
DA:23,2
DA:24,2
DA:25,2
DA:26,2
DA:27,2
DA:30,2
DA:31,0
DA:32,0
DA:33,0
DA:34,0
DA:35,0
DA:40,2
DA:41,0
DA:42,0
DA:46,2
DA:47,0
DA:50,0
DA:51,0
DA:52,0
DA:55,2
DA:56,2
DA:58,2
DA:59,0
DA:65,0
DA:68,2
DA:70,0
DA:71,0
DA:79,35
LF:36
LH:21
BRDA:16,0,0,2
BRDA:17,1,0,2
BRDA:18,2,0,2
BRDA:19,3,0,2
BRDA:24,4,0,0
BRDA:24,4,1,2
BRDA:25,5,0,0
BRDA:25,5,1,2
BRDA:26,6,0,0
BRDA:26,6,1,2
BRDA:26,7,0,2
BRDA:26,7,1,2
BRDA:27,8,0,0
BRDA:27,8,1,2
BRDA:30,9,0,0
BRDA:30,9,1,2
BRDA:32,10,0,0
BRDA:32,10,1,0
BRDA:34,11,0,0
BRDA:34,11,1,0
BRDA:35,12,0,0
BRDA:35,12,1,0
BRDA:40,13,0,0
BRDA:40,13,1,2
BRDA:46,14,0,0
BRDA:46,14,1,2
BRDA:51,15,0,0
BRDA:51,15,1,0
BRDA:56,16,0,2
BRDA:56,16,1,0
BRF:30
BRH:14
end_of_record
TN:
SF:src/controllers/appControllers/propertyController/listVisits.js
FN:3,(anonymous_0)
FN:3,(anonymous_1)
FN:5,(anonymous_2)
FNF:3
FNH:1
FNDA:35,(anonymous_0)
FNDA:0,(anonymous_1)
FNDA:0,(anonymous_2)
DA:1,35
DA:2,35
DA:3,35
DA:5,35
DA:6,0
DA:7,0
DA:8,0
DA:11,35
LF:8
LH:5
BRF:0
BRH:0
end_of_record
TN:
SF:src/controllers/appControllers/propertyController/read.js
FN:3,(anonymous_0)
FN:3,(anonymous_1)
FN:5,(anonymous_2)
FNF:3
FNH:1
FNDA:35,(anonymous_0)
FNDA:0,(anonymous_1)
FNDA:0,(anonymous_2)
DA:1,35
DA:2,35
DA:3,35
DA:5,35
DA:6,0
DA:7,0
DA:8,0
DA:11,35
LF:8
LH:5
BRDA:7,0,0,0
BRDA:7,0,1,0
BRF:2
BRH:0
end_of_record
TN:
SF:src/controllers/appControllers/propertyController/summary.js
FN:5,(anonymous_0)
FN:5,(anonymous_1)
FN:7,(anonymous_2)
FN:20,(anonymous_3)
FN:79,(anonymous_4)
FN:93,(anonymous_5)
FN:107,(anonymous_6)
FNF:7
FNH:3
FNDA:35,(anonymous_0)
FNDA:2,(anonymous_1)
FNDA:2,(anonymous_2)
FNDA:0,(anonymous_3)
FNDA:0,(anonymous_4)
FNDA:0,(anonymous_5)
FNDA:0,(anonymous_6)
DA:1,35
DA:2,35
DA:3,35
DA:4,35
DA:5,35
DA:7,35
DA:8,2
DA:9,2
DA:11,2
DA:12,2
DA:13,2
DA:16,2
DA:17,2
DA:18,0
DA:19,0
DA:20,0
DA:21,0
DA:23,0
DA:28,2
DA:35,2
DA:36,2
DA:79,0
DA:93,2
DA:94,2
DA:96,0
DA:100,2
DA:101,2
DA:102,2
DA:107,0
DA:109,0
DA:112,2
DA:121,0
DA:122,0
DA:130,35
LF:34
LH:23
BRDA:12,0,0,0
BRDA:12,0,1,2
BRDA:13,1,0,0
BRDA:13,1,1,2
BRDA:17,2,0,0
BRDA:17,2,1,2
BRDA:17,3,0,2
BRDA:17,3,1,0
BRDA:20,4,0,0
BRDA:20,4,1,0
BRDA:21,5,0,0
BRDA:21,5,1,0
BRDA:72,6,0,0
BRDA:72,6,1,2
BRDA:79,7,0,0
BRDA:79,7,1,0
BRDA:80,8,0,0
BRDA:80,8,1,0
BRDA:94,9,0,2
BRDA:94,9,1,0
BRDA:114,10,0,2
BRDA:114,10,1,0
BRDA:115,11,0,2
BRDA:115,11,1,0
BRDA:116,12,0,2
BRDA:116,12,1,2
BRDA:117,13,0,2
BRDA:117,13,1,2
BRF:28
BRH:12
end_of_record
TN:
SF:src/controllers/appControllers/propertyController/update.js
FN:3,(anonymous_0)
FN:3,(anonymous_1)
FN:5,(anonymous_2)
FNF:3
FNH:1
FNDA:35,(anonymous_0)
FNDA:0,(anonymous_1)
FNDA:0,(anonymous_2)
DA:1,35
DA:2,35
DA:3,35
DA:5,35
DA:6,0
DA:7,0
DA:8,0
DA:10,0
DA:11,0
DA:12,0
DA:13,0
DA:15,0
DA:16,0
DA:17,0
DA:18,0
DA:19,0
DA:20,0
DA:23,35
LF:18
LH:5
BRDA:8,0,0,0
BRDA:8,0,1,0
BRDA:10,1,0,0
BRDA:10,1,1,0
BRDA:11,2,0,0
BRDA:11,2,1,0
BRDA:12,3,0,0
BRDA:12,3,1,0
BRDA:13,4,0,0
BRDA:13,4,1,0
BRDA:15,5,0,0
BRDA:15,5,1,0
BRDA:16,6,0,0
BRDA:16,6,1,0
BRDA:17,7,0,0
BRDA:17,7,1,0
BRF:16
BRH:0
end_of_record
TN:
SF:src/controllers/appControllers/quoteController/convertQuoteToInvoice.js
FN:1,(anonymous_0)
FNF:1
FNH:0
FNDA:0,(anonymous_0)
DA:1,35
DA:2,0
DA:9,35
LF:3
LH:2
BRF:0
BRH:0
end_of_record
TN:
SF:src/controllers/appControllers/quoteController/create.js
FN:9,(anonymous_0)
FN:19,(anonymous_1)
FNF:2
FNH:1
FNDA:1,(anonymous_0)
FNDA:0,(anonymous_1)
DA:1,35
DA:3,35
DA:5,35
DA:6,35
DA:7,35
DA:9,35
DA:10,1
DA:13,1
DA:14,1
DA:15,1
DA:19,1
DA:20,0
DA:22,0
DA:24,0
DA:26,1
DA:27,1
DA:29,1
DA:31,1
DA:32,1
DA:33,1
DA:34,1
DA:35,1
DA:38,1
DA:39,0
DA:40,0
DA:49,0
DA:54,0
DA:60,35
LF:28
LH:21
BRDA:10,0,0,1
BRDA:10,1,0,1
BRDA:10,2,0,1
BRF:3
BRH:3
end_of_record
TN:
SF:src/controllers/appControllers/quoteController/index.js
FNF:0
FNH:0
DA:1,35
DA:2,35
DA:4,35
DA:5,35
DA:6,35
DA:7,35
DA:8,35
DA:9,35
DA:10,35
DA:12,35
DA:13,35
DA:15,35
DA:16,35
DA:17,35
DA:18,35
DA:19,35
DA:21,35
LF:17
LH:17
BRF:0
BRH:0
end_of_record
TN:
SF:src/controllers/appControllers/quoteController/paginatedList.js
FN:5,(anonymous_0)
FNF:1
FNH:1
FNDA:1,(anonymous_0)
DA:1,35
DA:3,35
DA:5,35
DA:6,1
DA:7,1
DA:8,1
DA:11,1
DA:13,1
DA:17,1
DA:19,1
DA:20,0
DA:24,1
DA:37,1
DA:45,1
DA:47,1
DA:50,1
DA:51,1
DA:52,0
DA:59,1
DA:68,35
LF:20
LH:18
BRDA:6,0,0,1
BRDA:6,0,1,1
BRDA:7,1,0,1
BRDA:7,1,1,1
BRDA:11,2,0,1
BRDA:11,3,0,1
BRDA:13,4,0,0
BRDA:13,4,1,1
BRDA:17,5,0,1
BRDA:17,5,1,0
BRDA:51,6,0,0
BRDA:51,6,1,1
BRF:12
BRH:9
end_of_record
TN:
SF:src/controllers/appControllers/quoteController/read.js
FN:5,(anonymous_0)
FNF:1
FNH:0
FNDA:0,(anonymous_0)
DA:1,35
DA:3,35
DA:5,35
DA:7,0
DA:14,0
DA:15,0
DA:22,0
DA:30,35
LF:8
LH:4
BRDA:14,0,0,0
BRDA:14,0,1,0
BRF:2
BRH:0
end_of_record
TN:
SF:src/controllers/appControllers/quoteController/sendMail.js
FN:1,(anonymous_0)
FNF:1
FNH:0
FNDA:0,(anonymous_0)
DA:1,35
DA:2,0
DA:9,35
LF:3
LH:2
BRF:0
BRH:0
end_of_record
TN:
SF:src/controllers/appControllers/quoteController/summary.js
FN:7,(anonymous_0)
FN:86,(anonymous_1)
FN:87,(anonymous_2)
FN:98,(anonymous_3)
FNF:4
FNH:4
FNDA:1,(anonymous_0)
FNDA:6,(anonymous_1)
FNDA:15,(anonymous_2)
FNDA:6,(anonymous_3)
DA:1,35
DA:2,35
DA:4,35
DA:5,35
DA:7,35
DA:8,1
DA:10,1
DA:12,1
DA:14,1
DA:15,0
DA:16,0
DA:18,0
DA:26,1
DA:27,1
DA:28,1
DA:30,1
DA:32,1
DA:86,1
DA:87,15
DA:88,6
DA:89,6
DA:98,6
DA:100,1
DA:106,1
DA:112,35
LF:25
LH:22
BRDA:14,0,0,0
BRDA:14,0,1,1
BRDA:15,1,0,0
BRDA:15,1,1,0
BRDA:88,2,0,6
BRDA:88,2,1,0
BRF:6
BRH:2
end_of_record
TN:
SF:src/controllers/appControllers/quoteController/update.js
FN:9,(anonymous_0)
FN:26,(anonymous_1)
FNF:2
FNH:0
FNDA:0,(anonymous_0)
FNDA:0,(anonymous_1)
DA:1,35
DA:3,35
DA:5,35
DA:7,35
DA:9,35
DA:10,0
DA:12,0
DA:13,0
DA:20,0
DA:21,0
DA:22,0
DA:26,0
DA:27,0
DA:29,0
DA:31,0
DA:33,0
DA:34,0
DA:36,0
DA:38,0
DA:39,0
DA:40,0
DA:41,0
DA:42,0
DA:44,0
DA:45,0
DA:49,0
DA:55,0
DA:61,35
LF:28
LH:6
BRDA:10,0,0,0
BRDA:10,1,0,0
BRDA:10,2,0,0
BRDA:12,3,0,0
BRDA:12,3,1,0
BRDA:44,4,0,0
BRDA:44,4,1,0
BRF:7
BRH:0
end_of_record
TN:
SF:src/controllers/appControllers/shopClientController/index.js
FN:4,modelController
FNF:1
FNH:1
FNDA:35,modelController
DA:1,35
DA:2,35
DA:5,35
DA:6,35
DA:8,35
DA:11,35
LF:6
LH:6
BRF:0
BRH:0
end_of_record
TN:
SF:src/controllers/appControllers/taxesController/index.js
FN:8,(anonymous_0)
FN:32,(anonymous_1)
FN:40,(anonymous_2)
FNF:3
FNH:1
FNDA:1,(anonymous_0)
FNDA:0,(anonymous_1)
FNDA:0,(anonymous_2)
DA:1,35
DA:2,35
DA:3,35
DA:4,35
DA:6,35
DA:8,35
DA:9,1
DA:11,1
DA:12,0
DA:15,1
DA:19,1
DA:25,0
DA:32,35
DA:33,0
DA:40,35
DA:41,0
DA:42,0
DA:46,0
DA:50,0
DA:51,0
DA:55,0
DA:56,0
DA:59,0
DA:62,0
DA:63,0
DA:70,0
DA:74,0
DA:81,35
LF:28
LH:13
BRDA:11,0,0,0
BRDA:11,0,1,1
BRDA:22,1,0,1
BRDA:22,1,1,0
BRDA:46,2,0,0
BRDA:46,3,0,0
BRDA:50,4,0,0
BRDA:50,4,1,0
BRDA:50,5,0,0
BRDA:50,5,1,0
BRDA:50,5,2,0
BRDA:55,6,0,0
BRDA:55,6,1,0
BRDA:55,7,0,0
BRDA:55,7,1,0
BRDA:62,8,0,0
BRDA:62,8,1,0
BRDA:62,9,0,0
BRDA:62,9,1,0
BRDA:62,9,2,0
BRF:20
BRH:2
end_of_record
TN:
SF:src/controllers/coreControllers/setup.js
FN:9,(anonymous_0)
FN:74,(anonymous_1)
FNF:2
FNH:0
FNDA:0,(anonymous_0)
FNDA:0,(anonymous_1)
DA:1,0
DA:2,0
DA:3,0
DA:4,0
DA:5,0
DA:7,0
DA:9,0
DA:10,0
DA:11,0
DA:12,0
DA:14,0
DA:15,0
DA:17,0
DA:19,0
DA:21,0
DA:29,0
DA:30,0
DA:31,0
DA:40,0
DA:42,0
DA:44,0
DA:49,0
DA:51,0
DA:57,0
DA:59,0
DA:61,0
DA:63,0
DA:64,0
DA:66,0
DA:74,0
DA:75,0
DA:76,0
DA:79,0
DA:82,0
DA:84,0
DA:86,0
DA:94,0
DA:101,0
LF:38
LH:0
BRDA:19,0,0,0
BRDA:30,1,0,0
BRDA:30,1,1,0
BRDA:71,2,0,0
BRDA:71,2,1,0
BRDA:76,3,0,0
BRDA:76,3,1,0
BRF:7
BRH:0
end_of_record
TN:
SF:src/controllers/coreControllers/adminAuth/index.js
FNF:0
FNH:0
DA:1,35
DA:2,35
LF:2
LH:2
BRF:0
BRH:0
end_of_record
TN:
SF:src/controllers/coreControllers/adminController/index.js
FNF:0
FNH:0
DA:1,35
DA:2,35
LF:2
LH:2
BRF:0
BRH:0
end_of_record
TN:
SF:src/controllers/coreControllers/settingController/index.js
FNF:0
FNH:0
DA:1,35
DA:2,35
DA:4,35
DA:5,35
DA:6,35
DA:7,35
DA:8,35
DA:10,35
DA:24,35
LF:9
LH:9
BRF:0
BRH:0
end_of_record
TN:
SF:src/controllers/coreControllers/settingController/listAll.js
FN:4,(anonymous_0)
FNF:1
FNH:1
FNDA:4,(anonymous_0)
DA:1,35
DA:2,35
DA:4,35
DA:5,4
DA:8,4
DA:13,4
DA:14,0
DA:20,4
DA:28,35
LF:9
LH:8
BRDA:5,0,0,4
BRDA:5,0,1,4
BRDA:13,1,0,0
BRDA:13,1,1,4
BRF:4
BRH:3
end_of_record
TN:
SF:src/controllers/coreControllers/settingController/listBySettingKey.js
FN:5,(anonymous_0)
FNF:1
FNH:1
FNDA:1,(anonymous_0)
DA:1,35
DA:3,35
DA:5,35
DA:8,1
DA:10,1
DA:12,1
DA:13,1
DA:23,0
DA:24,0
DA:27,0
DA:32,0
DA:33,0
DA:39,0
DA:50,35
LF:14
LH:8
BRDA:8,0,0,0
BRDA:8,0,1,1
BRDA:12,1,0,1
BRDA:12,1,1,0
BRDA:32,2,0,0
BRDA:32,2,1,0
BRF:6
BRH:2
end_of_record
TN:
SF:src/controllers/coreControllers/settingController/readBySettingKey.js
FN:5,(anonymous_0)
FNF:1
FNH:0
FNDA:0,(anonymous_0)
DA:1,35
DA:3,35
DA:5,35
DA:7,0
DA:9,0
DA:10,0
DA:17,0
DA:22,0
DA:23,0
DA:30,0
DA:38,35
LF:11
LH:4
BRDA:7,0,0,0
BRDA:7,0,1,0
BRDA:9,1,0,0
BRDA:9,1,1,0
BRDA:22,2,0,0
BRDA:22,2,1,0
BRF:6
BRH:0
end_of_record
TN:
SF:src/controllers/coreControllers/settingController/updateBySettingKey.js
FN:5,(anonymous_0)
FNF:1
FNH:0
FNDA:0,(anonymous_0)
DA:1,35
DA:3,35
DA:5,35
DA:6,0
DA:8,0
DA:9,0
DA:15,0
DA:17,0
DA:18,0
DA:24,0
DA:34,0
DA:35,0
DA:41,0
DA:49,35
LF:14
LH:4
BRDA:6,0,0,0
BRDA:6,0,1,0
BRDA:8,1,0,0
BRDA:8,1,1,0
BRDA:17,2,0,0
BRDA:17,2,1,0
BRDA:34,3,0,0
BRDA:34,3,1,0
BRF:8
BRH:0
end_of_record
TN:
SF:src/controllers/coreControllers/settingController/updateManySetting.js
FN:5,(anonymous_0)
FNF:1
FNH:0
FNDA:0,(anonymous_0)
DA:1,35
DA:3,35
DA:5,35
DA:7,0
DA:8,0
DA:9,0
DA:11,0
DA:12,0
DA:13,0
DA:14,0
DA:17,0
DA:19,0
DA:27,0
DA:28,0
DA:34,0
DA:35,0
DA:41,0
DA:43,0
DA:44,0
DA:50,0
DA:58,35
LF:21
LH:4
BRDA:12,0,0,0
BRDA:12,0,1,0
BRDA:12,1,0,0
BRDA:12,1,1,0
BRDA:27,2,0,0
BRDA:27,2,1,0
BRDA:34,3,0,0
BRDA:34,3,1,0
BRDA:43,4,0,0
BRDA:43,4,1,0
BRDA:43,5,0,0
BRDA:43,5,1,0
BRF:12
BRH:0
end_of_record
TN:
SF:src/controllers/middlewaresControllers/createAuthMiddleware/authUser.js
FN:4,(anonymous_0)
FNF:1
FNH:1
FNDA:12,(anonymous_0)
DA:1,35
DA:2,35
DA:4,35
DA:5,12
DA:7,12
DA:8,2
DA:14,10
DA:15,10
DA:23,10
DA:40,10
DA:57,35
LF:11
LH:11
BRDA:7,0,0,2
BRDA:7,0,1,10
BRDA:14,1,0,10
BRDA:14,1,1,0
BRDA:20,2,0,0
BRDA:20,2,1,10
BRDA:50,3,0,0
BRDA:50,3,1,10
BRF:8
BRH:5
end_of_record
TN:
SF:src/controllers/middlewaresControllers/createAuthMiddleware/checkAndCorrectURL.js
FN:1,checkAndCorrectURL
FNF:1
FNH:0
FNDA:0,checkAndCorrectURL
DA:3,0
DA:6,0
DA:9,0
DA:11,0
DA:12,0
DA:15,35
LF:6
LH:1
BRDA:11,0,0,0
BRDA:11,0,1,0
BRF:2
BRH:0
end_of_record
TN:
SF:src/controllers/middlewaresControllers/createAuthMiddleware/forgetPassword.js
FN:12,(anonymous_0)
FNF:1
FNH:0
FNDA:0,(anonymous_0)
DA:1,35
DA:3,35
DA:5,35
DA:6,35
DA:7,35
DA:8,35
DA:10,35
DA:12,35
DA:13,0
DA:14,0
DA:15,0
DA:18,0
DA:24,0
DA:25,0
DA:26,0
DA:35,0
DA:36,0
DA:39,0
DA:40,0
DA:46,0
DA:47,0
DA:55,0
DA:56,0
DA:57,0
DA:59,0
DA:61,0
DA:63,0
DA:72,0
DA:79,35
LF:29
LH:9
BRDA:25,0,0,0
BRDA:25,0,1,0
BRDA:39,1,0,0
BRDA:39,1,1,0
BRF:4
BRH:0
end_of_record
TN:
SF:src/controllers/middlewaresControllers/createAuthMiddleware/index.js
FN:7,(anonymous_0)
FN:10,(anonymous_1)
FN:15,(anonymous_2)
FN:20,(anonymous_3)
FN:25,(anonymous_4)
FN:30,(anonymous_5)
FNF:6
FNH:4
FNDA:35,(anonymous_0)
FNDA:426,(anonymous_1)
FNDA:16,(anonymous_2)
FNDA:0,(anonymous_3)
FNDA:0,(anonymous_4)
FNDA:1,(anonymous_5)
DA:1,35
DA:2,35
DA:3,35
DA:4,35
DA:5,35
DA:7,35
DA:8,35
DA:10,35
DA:11,426
DA:15,35
DA:16,16
DA:20,35
DA:21,0
DA:25,35
DA:26,0
DA:30,35
DA:31,1
DA:34,35
DA:37,35
LF:19
LH:17
BRF:0
BRH:0
end_of_record
TN:
SF:src/controllers/middlewaresControllers/createAuthMiddleware/isValidAuthToken.js
FN:5,(anonymous_0)
FNF:1
FNH:1
FNDA:426,(anonymous_0)
DA:1,35
DA:3,35
DA:5,35
DA:6,426
DA:7,426
DA:8,426
DA:11,426
DA:12,426
DA:15,426
DA:16,419
DA:17,419
DA:18,419
DA:19,419
DA:20,419
DA:21,419
DA:22,419
DA:25,0
DA:27,0
DA:36,0
DA:37,0
DA:38,0
DA:42,7
DA:44,2
DA:45,0
DA:46,0
DA:47,0
DA:48,0
DA:49,0
DA:50,0
DA:51,0
DA:54,0
DA:63,0
DA:64,0
DA:65,0
DA:68,0
DA:70,0
DA:79,0
DA:80,0
DA:81,0
DA:85,2
DA:94,5
DA:95,5
DA:97,1
DA:105,4
DA:106,0
DA:113,4
DA:114,4
DA:116,4
DA:118,4
DA:119,0
DA:126,4
DA:129,4
DA:130,0
DA:138,4
DA:139,0
DA:146,4
DA:147,4
DA:148,4
DA:151,0
DA:152,0
DA:159,0
DA:171,35
LF:62
LH:34
BRDA:5,0,0,426
BRDA:12,1,0,426
BRDA:12,1,1,424
BRDA:15,2,0,419
BRDA:15,2,1,7
BRDA:15,3,0,426
BRDA:15,3,1,426
BRDA:19,4,0,419
BRDA:19,4,1,0
BRDA:42,5,0,2
BRDA:42,5,1,5
BRDA:44,6,0,0
BRDA:44,6,1,2
BRDA:48,7,0,0
BRDA:48,7,1,0
BRDA:105,8,0,0
BRDA:105,8,1,4
BRDA:118,9,0,0
BRDA:118,9,1,4
BRDA:129,10,0,0
BRDA:129,10,1,4
BRDA:129,11,0,4
BRDA:129,11,1,4
BRDA:138,12,0,0
BRDA:138,12,1,4
BRDA:151,13,0,0
BRDA:151,13,1,0
BRF:27
BRH:17
end_of_record
TN:
SF:src/controllers/middlewaresControllers/createAuthMiddleware/login.js
FN:7,(anonymous_0)
FNF:1
FNH:1
FNDA:16,(anonymous_0)
DA:1,35
DA:3,35
DA:5,35
DA:7,35
DA:8,16
DA:9,16
DA:10,16
DA:13,16
DA:20,16
DA:21,16
DA:22,1
DA:31,15
DA:34,15
DA:35,3
DA:41,12
DA:43,12
DA:44,0
DA:51,12
DA:52,0
DA:60,12
DA:68,35
LF:21
LH:19
BRDA:21,0,0,1
BRDA:21,0,1,15
BRDA:34,1,0,3
BRDA:34,1,1,12
BRDA:43,2,0,0
BRDA:43,2,1,12
BRDA:51,3,0,0
BRDA:51,3,1,12
BRF:8
BRH:6
end_of_record
TN:
SF:src/controllers/middlewaresControllers/createAuthMiddleware/logout.js
FN:3,(anonymous_0)
FNF:1
FNH:1
FNDA:1,(anonymous_0)
DA:1,35
DA:3,35
DA:4,1
DA:8,1
DA:9,1
DA:11,1
DA:12,1
DA:20,0
DA:28,1
DA:35,35
LF:10
LH:9
BRDA:9,0,0,1
BRDA:9,0,1,1
BRDA:11,1,0,1
BRDA:11,1,1,0
BRF:4
BRH:3
end_of_record
TN:
SF:src/controllers/middlewaresControllers/createAuthMiddleware/resetPassword.js
FN:8,(anonymous_0)
FNF:1
FNH:0
FNDA:0,(anonymous_0)
DA:1,35
DA:2,35
DA:3,35
DA:4,35
DA:6,35
DA:8,35
DA:9,0
DA:10,0
DA:11,0
DA:13,0
DA:14,0
DA:16,0
DA:17,0
DA:23,0
DA:24,0
DA:30,0
DA:31,0
DA:32,0
DA:39,0
DA:45,0
DA:46,0
DA:47,0
DA:56,0
DA:57,0
DA:58,0
DA:60,0
DA:68,0
DA:83,0
DA:97,0
DA:113,35
LF:30
LH:7
BRDA:16,0,0,0
BRDA:16,0,1,0
BRDA:23,1,0,0
BRDA:23,1,1,0
BRDA:23,2,0,0
BRDA:23,2,1,0
BRDA:31,3,0,0
BRDA:31,3,1,0
BRDA:31,4,0,0
BRDA:31,4,1,0
BRDA:31,4,2,0
BRDA:46,5,0,0
BRDA:46,5,1,0
BRDA:83,6,0,0
BRDA:83,6,1,0
BRDA:84,7,0,0
BRDA:84,7,1,0
BRDA:84,7,2,0
BRDA:107,8,0,0
BRDA:107,8,1,0
BRF:20
BRH:0
end_of_record
TN:
SF:src/controllers/middlewaresControllers/createAuthMiddleware/sendMail.js
FN:5,(anonymous_0)
FNF:1
FNH:0
FNDA:0,(anonymous_0)
DA:1,35
DA:3,35
DA:5,35
DA:14,0
DA:16,0
DA:23,0
DA:26,35
LF:7
LH:4
BRDA:10,0,0,0
BRDA:11,1,0,0
BRF:2
BRH:0
end_of_record
TN:
SF:src/controllers/middlewaresControllers/createCRUDController/create.js
FN:1,(anonymous_0)
FNF:1
FNH:1
FNDA:28,(anonymous_0)
DA:1,35
DA:2,28
DA:4,28
DA:5,28
DA:10,5
DA:16,23
DA:20,35
LF:7
LH:7
BRF:0
BRH:0
end_of_record
TN:
SF:src/controllers/middlewaresControllers/createCRUDController/filter.js
FN:1,(anonymous_0)
FNF:1
FNH:1
FNDA:33,(anonymous_0)
DA:1,35
DA:2,33
DA:3,33
DA:4,33
DA:10,0
DA:16,0
DA:17,0
DA:24,0
DA:31,0
DA:35,35
LF:10
LH:5
BRDA:3,0,0,33
BRDA:3,0,1,0
BRDA:3,1,0,33
BRDA:3,1,1,0
BRDA:16,2,0,0
BRDA:16,2,1,0
BRF:6
BRH:2
end_of_record
TN:
SF:src/controllers/middlewaresControllers/createCRUDController/index.js
FN:16,(anonymous_0)
FN:21,(anonymous_1)
FN:25,(anonymous_2)
FN:29,(anonymous_3)
FN:33,(anonymous_4)
FN:37,(anonymous_5)
FN:38,(anonymous_6)
FN:39,(anonymous_7)
FN:40,(anonymous_8)
FN:41,(anonymous_9)
FN:48,(anonymous_10)
FN:78,(anonymous_11)
FN:85,(anonymous_12)
FN:92,(anonymous_13)
FN:99,(anonymous_14)
FN:106,(anonymous_15)
FN:113,(anonymous_16)
FN:120,(anonymous_17)
FN:127,(anonymous_18)
FN:134,(anonymous_19)
FN:147,(anonymous_20)
FN:151,(anonymous_21)
FN:155,(anonymous_22)
FN:159,(anonymous_23)
FN:163,(anonymous_24)
FN:164,(anonymous_25)
FN:165,(anonymous_26)
FN:166,(anonymous_27)
FN:167,(anonymous_28)
FNF:29
FNH:8
FNDA:1190,(anonymous_0)
FNDA:0,(anonymous_1)
FNDA:0,(anonymous_2)
FNDA:0,(anonymous_3)
FNDA:0,(anonymous_4)
FNDA:0,(anonymous_5)
FNDA:0,(anonymous_6)
FNDA:0,(anonymous_7)
FNDA:0,(anonymous_8)
FNDA:0,(anonymous_9)
FNDA:0,(anonymous_10)
FNDA:28,(anonymous_11)
FNDA:1,(anonymous_12)
FNDA:0,(anonymous_13)
FNDA:0,(anonymous_14)
FNDA:31,(anonymous_15)
FNDA:33,(anonymous_16)
FNDA:33,(anonymous_17)
FNDA:33,(anonymous_18)
FNDA:29,(anonymous_19)
FNDA:0,(anonymous_20)
FNDA:0,(anonymous_21)
FNDA:0,(anonymous_22)
FNDA:0,(anonymous_23)
FNDA:0,(anonymous_24)
FNDA:0,(anonymous_25)
FNDA:0,(anonymous_26)
FNDA:0,(anonymous_27)
FNDA:0,(anonymous_28)
DA:1,35
DA:2,35
DA:4,35
DA:6,35
DA:7,35
DA:8,35
DA:9,35
DA:10,35
DA:11,35
DA:12,35
DA:13,35
DA:14,35
DA:16,35
DA:17,1190
DA:18,1190
DA:19,0
DA:20,0
DA:22,0
DA:26,0
DA:30,0
DA:34,0
DA:37,0
DA:38,0
DA:39,0
DA:40,0
DA:41,0
DA:45,1190
DA:48,1190
DA:49,0
DA:51,0
DA:52,0
DA:57,0
DA:58,0
DA:63,0
DA:64,0
DA:70,0
DA:77,1190
DA:79,28
DA:80,28
DA:82,0
DA:86,1
DA:87,1
DA:89,0
DA:93,0
DA:94,0
DA:96,0
DA:100,0
DA:101,0
DA:103,0
DA:107,31
DA:108,31
DA:110,0
DA:114,33
DA:115,33
DA:117,0
DA:121,33
DA:122,33
DA:124,0
DA:128,33
DA:129,33
DA:131,0
DA:135,29
DA:136,29
DA:138,0
DA:142,1190
DA:144,0
DA:146,0
DA:148,0
DA:152,0
DA:156,0
DA:160,0
DA:163,0
DA:164,0
DA:165,0
DA:166,0
DA:167,0
DA:172,35
LF:77
LH:34
BRDA:18,0,0,0
BRDA:18,0,1,1190
BRDA:51,1,0,0
BRDA:51,1,1,0
BRDA:57,2,0,0
BRDA:57,2,1,0
BRDA:63,3,0,0
BRDA:63,3,1,0
BRF:8
BRH:1
end_of_record
TN:
SF:src/controllers/middlewaresControllers/createCRUDController/listAll.js
FN:1,(anonymous_0)
FNF:1
FNH:1
FNDA:33,(anonymous_0)
DA:1,35
DA:2,33
DA:3,33
DA:4,33
DA:9,33
DA:10,33
DA:17,0
DA:26,33
DA:27,0
DA:33,33
DA:40,0
DA:44,35
LF:12
LH:9
BRDA:3,0,0,33
BRDA:3,0,1,33
BRDA:4,1,0,33
BRDA:4,1,1,33
BRDA:9,2,0,33
BRDA:9,2,1,0
BRDA:26,3,0,0
BRDA:26,3,1,33
BRF:8
BRH:6
end_of_record
TN:
SF:src/controllers/middlewaresControllers/createCRUDController/paginatedList.js
FN:1,(anonymous_0)
FNF:1
FNH:1
FNDA:31,(anonymous_0)
DA:1,35
DA:2,31
DA:3,31
DA:4,31
DA:5,31
DA:7,31
DA:9,31
DA:13,31
DA:15,31
DA:16,0
DA:20,31
DA:33,31
DA:40,31
DA:43,31
DA:46,31
DA:47,31
DA:48,0
DA:55,31
DA:63,0
DA:67,35
LF:20
LH:17
BRDA:3,0,0,31
BRDA:3,0,1,31
BRDA:4,1,0,31
BRDA:4,1,1,31
BRDA:7,2,0,31
BRDA:7,3,0,31
BRDA:9,4,0,0
BRDA:9,4,1,31
BRDA:13,5,0,31
BRDA:13,5,1,0
BRDA:47,6,0,0
BRDA:47,6,1,31
BRF:12
BRH:9
end_of_record
TN:
SF:src/controllers/middlewaresControllers/createCRUDController/read.js
FN:1,(anonymous_0)
FNF:1
FNH:1
FNDA:1,(anonymous_0)
DA:1,35
DA:2,1
DA:4,1
DA:9,0
DA:10,0
DA:17,0
DA:24,1
DA:28,35
LF:8
LH:5
BRDA:9,0,0,0
BRDA:9,0,1,0
BRF:2
BRH:0
end_of_record
TN:
SF:src/controllers/middlewaresControllers/createCRUDController/remove.js
FN:1,(anonymous_0)
FNF:1
FNH:0
FNDA:0,(anonymous_0)
DA:1,35
DA:2,0
DA:4,0
DA:8,0
DA:18,0
DA:19,0
DA:25,0
DA:32,0
DA:36,35
LF:9
LH:2
BRDA:18,0,0,0
BRDA:18,0,1,0
BRF:2
BRH:0
end_of_record
TN:
SF:src/controllers/middlewaresControllers/createCRUDController/search.js
FN:1,(anonymous_0)
FNF:1
FNH:1
FNDA:33,(anonymous_0)
DA:1,35
DA:2,33
DA:14,33
DA:16,33
DA:18,33
DA:19,33
DA:23,33
DA:31,33
DA:32,0
DA:38,33
DA:48,0
DA:52,35
LF:12
LH:10
BRDA:14,0,0,0
BRDA:14,0,1,33
BRDA:31,1,0,0
BRDA:31,1,1,33
BRF:4
BRH:2
end_of_record
TN:
SF:src/controllers/middlewaresControllers/createCRUDController/summary.js
FN:1,(anonymous_0)
FNF:1
FNH:1
FNDA:29,(anonymous_0)
DA:1,35
DA:2,29
DA:4,29
DA:8,29
DA:15,0
DA:17,0
DA:18,0
DA:24,0
DA:31,29
DA:35,35
LF:10
LH:6
BRDA:17,0,0,0
BRDA:17,0,1,0
BRF:2
BRH:0
end_of_record
TN:
SF:src/controllers/middlewaresControllers/createCRUDController/update.js
FN:1,(anonymous_0)
FNF:1
FNH:0
FNDA:0,(anonymous_0)
DA:1,35
DA:2,0
DA:4,0
DA:5,0
DA:16,0
DA:17,0
DA:23,0
DA:30,0
DA:34,35
LF:9
LH:2
BRDA:16,0,0,0
BRDA:16,0,1,0
BRF:2
BRH:0
end_of_record
TN:
SF:src/controllers/middlewaresControllers/createUserController/index.js
FN:7,(anonymous_0)
FN:10,(anonymous_1)
FN:11,(anonymous_2)
FN:12,(anonymous_3)
FN:14,(anonymous_4)
FNF:5
FNH:1
FNDA:35,(anonymous_0)
FNDA:0,(anonymous_1)
FNDA:0,(anonymous_2)
FNDA:0,(anonymous_3)
FNDA:0,(anonymous_4)
DA:1,35
DA:2,35
DA:4,35
DA:5,35
DA:7,35
DA:8,35
DA:10,35
DA:11,35
DA:12,35
DA:14,35
DA:16,35
DA:19,35
LF:12
LH:12
BRF:0
BRH:0
end_of_record
TN:
SF:src/controllers/middlewaresControllers/createUserController/read.js
FN:3,(anonymous_0)
FNF:1
FNH:0
FNDA:0,(anonymous_0)
DA:1,35
DA:3,35
DA:4,0
DA:7,0
DA:12,0
DA:13,0
DA:20,0
DA:30,0
DA:38,35
LF:9
LH:3
BRDA:12,0,0,0
BRDA:12,0,1,0
BRF:2
BRH:0
end_of_record
TN:
SF:src/controllers/middlewaresControllers/createUserController/updatePassword.js
FN:5,(anonymous_0)
FNF:1
FNH:0
FNDA:0,(anonymous_0)
DA:1,35
DA:2,35
DA:3,35
DA:5,35
DA:6,0
DA:8,0
DA:9,0
DA:11,0
DA:13,0
DA:14,0
DA:22,0
DA:24,0
DA:26,0
DA:31,0
DA:41,0
DA:42,0
DA:49,0
DA:56,35
LF:18
LH:5
BRDA:13,0,0,0
BRDA:13,0,1,0
BRDA:41,1,0,0
BRDA:41,1,1,0
BRF:4
BRH:0
end_of_record
TN:
SF:src/controllers/middlewaresControllers/createUserController/updateProfile.js
FN:3,(anonymous_0)
FNF:1
FNH:0
FNDA:0,(anonymous_0)
DA:1,35
DA:3,35
DA:4,0
DA:6,0
DA:7,0
DA:11,0
DA:24,0
DA:32,0
DA:33,0
DA:39,0
DA:54,35
LF:11
LH:3
BRDA:11,0,0,0
BRDA:11,0,1,0
BRDA:32,1,0,0
BRDA:32,1,1,0
BRF:4
BRH:0
end_of_record
TN:
SF:src/controllers/middlewaresControllers/createUserController/updateProfilePassword.js
FN:6,(anonymous_0)
FNF:1
FNH:0
FNDA:0,(anonymous_0)
DA:1,35
DA:2,35
DA:4,35
DA:6,35
DA:7,0
DA:9,0
DA:10,0
DA:11,0
DA:13,0
DA:14,0
DA:16,0
DA:17,0
DA:21,0
DA:22,0
DA:26,0
DA:28,0
DA:30,0
DA:36,0
DA:44,0
DA:45,0
DA:52,0
DA:59,35
LF:22
LH:5
BRDA:13,0,0,0
BRDA:13,0,1,0
BRDA:13,1,0,0
BRDA:13,1,1,0
BRDA:16,2,0,0
BRDA:16,2,1,0
BRDA:21,3,0,0
BRDA:21,3,1,0
BRDA:44,4,0,0
BRDA:44,4,1,0
BRF:10
BRH:0
end_of_record
TN:
SF:src/controllers/pdfController/index.js
FN:15,(anonymous_0)
FN:76,(anonymous_1)
FNF:2
FNH:0
FNDA:0,(anonymous_0)
FNDA:0,(anonymous_1)
DA:1,35
DA:2,35
DA:3,35
DA:4,35
DA:5,35
DA:6,35
DA:7,35
DA:8,35
DA:10,35
DA:12,35
DA:13,35
DA:15,35
DA:21,0
DA:22,0
DA:25,0
DA:26,0
DA:31,0
DA:34,0
DA:35,0
DA:36,0
DA:45,0
DA:47,0
DA:57,0
DA:59,0
DA:61,0
DA:70,0
DA:77,0
DA:78,0
DA:82,0
LF:29
LH:12
BRDA:17,0,0,0
BRDA:25,1,0,0
BRDA:25,1,1,0
BRDA:31,2,0,0
BRDA:31,2,1,0
BRDA:77,3,0,0
BRDA:77,3,1,0
BRDA:78,4,0,0
BRDA:78,4,1,0
BRF:9
BRH:0
end_of_record
TN:
SF:src/emailTemplate/SendEmailTemplate.js
FN:1,(anonymous_0)
FN:22,(anonymous_1)
FN:43,(anonymous_2)
FN:64,(anonymous_3)
FNF:4
FNH:0
FNDA:0,(anonymous_0)
FNDA:0,(anonymous_1)
FNDA:0,(anonymous_2)
FNDA:0,(anonymous_3)
DA:1,0
DA:2,0
DA:22,0
DA:23,0
DA:43,0
DA:44,0
DA:64,0
DA:69,0
LF:8
LH:0
BRDA:1,0,0,0
BRDA:1,1,0,0
BRDA:1,2,0,0
BRDA:22,3,0,0
BRDA:22,4,0,0
BRDA:22,5,0,0
BRDA:43,6,0,0
BRDA:43,7,0,0
BRDA:43,8,0,0
BRDA:65,9,0,0
BRDA:66,10,0,0
BRDA:67,11,0,0
BRF:12
BRH:0
end_of_record
TN:
SF:src/emailTemplate/emailVerfication.js
FN:1,(anonymous_0)
FNF:1
FNH:0
FNDA:0,(anonymous_0)
DA:1,35
DA:7,0
LF:2
LH:1
BRDA:2,0,0,0
BRDA:3,1,0,0
BRDA:4,2,0,0
BRDA:5,3,0,0
BRF:4
BRH:0
end_of_record
TN:
SF:src/handlers/errorHandlers.js
FN:9,(anonymous_0)
FN:10,(anonymous_1)
FN:11,(anonymous_2)
FN:63,(anonymous_3)
FN:74,(anonymous_4)
FN:94,(anonymous_5)
FNF:6
FNH:5
FNDA:11865,(anonymous_0)
FNDA:230,(anonymous_1)
FNDA:4,(anonymous_2)
FNDA:186,(anonymous_3)
FNDA:0,(anonymous_4)
FNDA:243,(anonymous_5)
DA:9,35
DA:10,11865
DA:11,230
DA:12,4
DA:13,3
DA:20,1
DA:21,0
DA:28,1
DA:29,0
DA:36,1
DA:37,0
DA:46,1
DA:63,35
DA:64,186
DA:65,186
DA:66,186
DA:74,35
DA:75,0
DA:76,0
DA:82,0
DA:94,35
DA:95,243
LF:22
LH:16
BRDA:12,0,0,3
BRDA:12,0,1,1
BRDA:20,1,0,0
BRDA:20,1,1,1
BRDA:28,2,0,0
BRDA:28,2,1,1
BRDA:36,3,0,0
BRDA:36,3,1,1
BRDA:36,4,0,1
BRDA:36,4,1,1
BRDA:49,5,0,1
BRDA:49,5,1,0
BRDA:51,6,0,0
BRDA:51,6,1,1
BRDA:75,7,0,0
BRDA:75,7,1,0
BRF:16
BRH:9
end_of_record
TN:
SF:src/handlers/downloadHandler/downloadPdf.js
FN:4,(anonymous_0)
FN:27,(anonymous_1)
FN:28,(anonymous_2)
FNF:3
FNH:0
FNDA:0,(anonymous_0)
FNDA:0,(anonymous_1)
FNDA:0,(anonymous_2)
DA:1,35
DA:2,35
DA:4,35
DA:5,0
DA:6,0
DA:7,0
DA:8,0
DA:9,0
DA:14,0
DA:15,0
DA:20,0
DA:21,0
DA:22,0
DA:23,0
DA:28,0
DA:29,0
DA:30,0
DA:40,0
DA:48,0
DA:49,0
DA:55,0
DA:57,0
DA:65,0
LF:23
LH:3
BRDA:7,0,0,0
BRDA:7,0,1,0
BRDA:14,1,0,0
BRDA:14,1,1,0
BRDA:29,2,0,0
BRDA:29,2,1,0
BRDA:48,3,0,0
BRDA:48,3,1,0
BRDA:55,4,0,0
BRDA:55,4,1,0
BRF:10
BRH:0
end_of_record
TN:
SF:src/locale/languages.js
FNF:0
FNH:0
DA:1,0
LF:1
LH:0
BRF:0
BRH:0
end_of_record
TN:
SF:src/locale/useLanguage.js
FN:3,(anonymous_0)
FN:15,(anonymous_1)
FN:27,(anonymous_2)
FN:34,(anonymous_3)
FN:36,(anonymous_4)
FNF:5
FNH:0
FNDA:0,(anonymous_0)
FNDA:0,(anonymous_1)
FNDA:0,(anonymous_2)
FNDA:0,(anonymous_3)
FNDA:0,(anonymous_4)
DA:1,35
DA:3,35
DA:4,0
DA:5,0
DA:10,0
DA:12,0
DA:14,0
DA:15,0
DA:18,0
DA:20,0
DA:23,0
DA:27,35
DA:28,0
DA:30,0
DA:31,0
DA:34,35
DA:35,0
DA:36,0
DA:37,0
DA:38,0
DA:40,0
DA:43,35
LF:22
LH:5
BRDA:10,0,0,0
BRDA:10,0,1,0
BRF:2
BRH:0
end_of_record
TN:
SF:src/locale/translation/en_us.js
FNF:0
FNH:0
DA:1,0
LF:1
LH:0
BRF:0
BRH:0
end_of_record
TN:
SF:src/middlewares/serverData.js
FN:2,(anonymous_0)
FN:8,(anonymous_1)
FNF:2
FNH:0
FNDA:0,(anonymous_0)
FNDA:0,(anonymous_1)
DA:1,35
DA:2,35
DA:3,0
DA:4,0
DA:5,0
DA:8,35
DA:9,0
DA:10,0
DA:11,0
LF:9
LH:3
BRF:0
BRH:0
end_of_record
TN:
SF:src/middlewares/inventory/generateUniqueNumber.js
FN:1,generateUniqueNumber
FNF:1
FNH:0
FNDA:0,generateUniqueNumber
DA:2,0
DA:3,0
DA:4,0
DA:5,0
DA:6,0
DA:7,0
DA:8,0
DA:11,0
LF:8
LH:0
BRDA:1,0,0,0
BRF:1
BRH:0
end_of_record
TN:
SF:src/middlewares/inventory/index.js
FNF:0
FNH:0
DA:1,0
DA:3,0
LF:2
LH:0
BRF:0
BRH:0
end_of_record
TN:
SF:src/middlewares/settings/increaseBySettingKey.js
FN:5,(anonymous_0)
FNF:1
FNH:0
FNDA:0,(anonymous_0)
DA:1,35
DA:3,35
DA:5,35
DA:6,0
DA:7,0
DA:8,0
DA:11,0
DA:23,0
DA:24,0
DA:27,0
DA:30,0
DA:34,35
LF:12
LH:4
BRDA:7,0,0,0
BRDA:7,0,1,0
BRDA:23,1,0,0
BRDA:23,1,1,0
BRF:4
BRH:0
end_of_record
TN:
SF:src/middlewares/settings/index.js
FNF:0
FNH:0
DA:1,35
DA:2,35
DA:3,35
DA:4,35
DA:5,35
DA:6,35
DA:8,35
LF:7
LH:7
BRF:0
BRH:0
end_of_record
TN:
SF:src/middlewares/settings/listAllSettings.js
FN:5,(anonymous_0)
FNF:1
FNH:1
FNDA:3,(anonymous_0)
DA:1,35
DA:3,35
DA:5,35
DA:6,3
DA:8,3
DA:12,3
DA:13,0
DA:15,3
DA:18,0
DA:22,35
LF:10
LH:8
BRDA:12,0,0,0
BRDA:12,0,1,3
BRF:2
BRH:1
end_of_record
TN:
SF:src/middlewares/settings/listBySettingKey.js
FN:5,(anonymous_0)
FNF:1
FNH:0
FNDA:0,(anonymous_0)
DA:1,35
DA:3,35
DA:5,35
DA:6,0
DA:9,0
DA:11,0
DA:12,0
DA:15,0
DA:16,0
DA:18,0
DA:21,0
DA:22,0
DA:24,0
DA:27,0
DA:31,35
LF:15
LH:4
BRDA:5,0,0,0
BRDA:11,1,0,0
BRDA:11,1,1,0
BRDA:21,2,0,0
BRDA:21,2,1,0
BRF:5
BRH:0
end_of_record
TN:
SF:src/middlewares/settings/loadSettings.js
FN:3,(anonymous_0)
FN:6,(anonymous_1)
FNF:2
FNH:1
FNDA:3,(anonymous_0)
FNDA:0,(anonymous_1)
DA:1,35
DA:3,35
DA:4,3
DA:5,3
DA:6,3
DA:7,0
DA:9,3
DA:12,35
LF:8
LH:7
BRF:0
BRH:0
end_of_record
TN:
SF:src/middlewares/settings/readBySettingKey.js
FN:5,(anonymous_0)
FNF:1
FNH:0
FNDA:0,(anonymous_0)
DA:1,35
DA:3,35
DA:5,35
DA:6,0
DA:9,0
DA:10,0
DA:13,0
DA:15,0
DA:16,0
DA:19,0
DA:22,0
DA:26,35
LF:12
LH:4
BRDA:9,0,0,0
BRDA:9,0,1,0
BRDA:15,1,0,0
BRDA:15,1,1,0
BRF:4
BRH:0
end_of_record
TN:
SF:src/middlewares/settings/updateBySettingKey.js
FN:5,(anonymous_0)
FNF:1
FNH:0
FNDA:0,(anonymous_0)
DA:1,35
DA:3,35
DA:5,35
DA:6,0
DA:7,0
DA:8,0
DA:11,0
DA:22,0
DA:23,0
DA:26,0
DA:29,0
DA:33,35
LF:12
LH:4
BRDA:7,0,0,0
BRDA:7,0,1,0
BRDA:7,1,0,0
BRDA:7,1,1,0
BRDA:22,2,0,0
BRDA:22,2,1,0
BRF:6
BRH:0
end_of_record
TN:
SF:src/middlewares/uploadMiddleware/DoSingleStorage.js
FN:24,(anonymous_0)
FN:30,(anonymous_1)
FNF:2
FNH:0
FNDA:0,(anonymous_0)
FNDA:0,(anonymous_1)
DA:1,0
DA:2,0
DA:4,0
DA:5,0
DA:6,0
DA:8,0
DA:10,0
DA:11,0
DA:12,0
DA:13,0
DA:15,0
DA:24,0
DA:30,0
DA:31,0
DA:32,0
DA:33,0
DA:35,0
DA:37,0
DA:38,0
DA:40,0
DA:43,0
DA:44,0
DA:46,0
DA:48,0
DA:49,0
DA:50,0
DA:52,0
DA:55,0
DA:57,0
DA:59,0
DA:65,0
DA:66,0
DA:68,0
DA:70,0
DA:79,0
DA:80,0
DA:83,0
DA:94,0
LF:38
LH:0
BRDA:26,0,0,0
BRDA:27,1,0,0
BRDA:28,2,0,0
BRDA:31,3,0,0
BRDA:31,3,1,0
BRDA:31,4,0,0
BRDA:31,4,1,0
BRDA:31,4,2,0
BRDA:38,5,0,0
BRDA:38,5,1,0
BRDA:49,6,0,0
BRDA:49,6,1,0
BRDA:68,7,0,0
BRDA:68,7,1,0
BRF:14
BRH:0
end_of_record
TN:
SF:src/middlewares/uploadMiddleware/LocalSingleStorage.js
FN:7,(anonymous_0)
FN:14,(anonymous_1)
FN:17,(anonymous_2)
FNF:3
FNH:0
FNDA:0,(anonymous_0)
FNDA:0,(anonymous_1)
FNDA:0,(anonymous_2)
DA:1,35
DA:2,35
DA:3,35
DA:5,35
DA:7,35
DA:13,0
DA:15,0
DA:18,0
DA:20,0
DA:21,0
DA:23,0
DA:24,0
DA:25,0
DA:27,0
DA:30,0
DA:32,0
DA:34,0
DA:43,0
DA:45,0
DA:47,0
DA:52,0
DA:54,0
DA:55,0
DA:58,35
LF:24
LH:6
BRDA:9,0,0,0
BRDA:10,1,0,0
BRDA:11,2,0,0
BRDA:24,3,0,0
BRDA:24,3,1,0
BRF:5
BRH:0
end_of_record
TN:
SF:src/middlewares/uploadMiddleware/index.js
FNF:0
FNH:0
DA:1,35
DA:2,35
DA:4,35
LF:3
LH:3
BRF:0
BRH:0
end_of_record
TN:
SF:src/middlewares/uploadMiddleware/singleStorageUpload.js
FN:7,(anonymous_0)
FN:14,(anonymous_1)
FN:17,(anonymous_2)
FNF:3
FNH:1
FNDA:70,(anonymous_0)
FNDA:0,(anonymous_1)
FNDA:0,(anonymous_2)
DA:1,35
DA:2,35
DA:3,35
DA:5,35
DA:7,35
DA:13,70
DA:15,0
DA:18,0
DA:20,0
DA:21,0
DA:23,0
DA:24,0
DA:25,0
DA:27,0
DA:30,0
DA:32,0
DA:34,0
DA:43,0
DA:45,0
DA:47,0
DA:52,70
DA:54,70
DA:55,70
DA:58,35
LF:24
LH:10
BRDA:9,0,0,0
BRDA:10,1,0,70
BRDA:11,2,0,0
BRDA:24,3,0,0
BRDA:24,3,1,0
BRF:5
BRH:1
end_of_record
TN:
SF:src/middlewares/uploadMiddleware/utils/LocalfileFilter.js
FN:2,(anonymous_0)
FN:3,(anonymous_1)
FNF:2
FNH:1
FNDA:70,(anonymous_0)
FNDA:0,(anonymous_1)
DA:2,35
DA:3,70
DA:5,0
DA:25,0
DA:26,0
DA:28,0
DA:30,0
DA:31,0
DA:32,0
DA:34,0
DA:35,0
DA:36,0
DA:38,0
DA:39,0
DA:40,0
DA:42,0
DA:43,0
DA:44,0
DA:46,0
DA:47,0
DA:55,0
DA:57,0
DA:58,0
DA:64,0
DA:66,0
DA:67,0
DA:72,0
DA:76,0
DA:77,0
DA:79,0
DA:84,35
LF:31
LH:3
BRDA:2,0,0,0
BRDA:25,1,0,0
BRDA:25,1,1,0
BRDA:30,2,0,0
BRDA:30,2,1,0
BRDA:31,3,0,0
BRDA:31,3,1,0
BRDA:34,4,0,0
BRDA:34,4,1,0
BRDA:35,5,0,0
BRDA:35,5,1,0
BRDA:38,6,0,0
BRDA:38,6,1,0
BRDA:39,7,0,0
BRDA:39,7,1,0
BRDA:42,8,0,0
BRDA:42,8,1,0
BRDA:43,9,0,0
BRDA:43,9,1,0
BRDA:46,10,0,0
BRDA:46,10,1,0
BRDA:47,11,0,0
BRDA:47,11,1,0
BRDA:48,12,0,0
BRDA:48,12,1,0
BRDA:48,12,2,0
BRDA:48,12,3,0
BRDA:57,13,0,0
BRDA:57,13,1,0
BRDA:58,14,0,0
BRDA:58,14,1,0
BRDA:59,15,0,0
BRDA:59,15,1,0
BRDA:66,16,0,0
BRDA:66,16,1,0
BRDA:67,17,0,0
BRDA:67,17,1,0
BRDA:68,18,0,0
BRDA:68,18,1,0
BRDA:68,18,2,0
BRDA:76,19,0,0
BRDA:76,19,1,0
BRF:42
BRH:0
end_of_record
TN:
SF:src/middlewares/uploadMiddleware/utils/fileFilterMiddleware.js
FN:1,(anonymous_0)
FNF:1
FNH:0
FNDA:0,(anonymous_0)
DA:1,0
DA:3,0
DA:23,0
DA:24,0
DA:26,0
DA:28,0
DA:29,0
DA:30,0
DA:32,0
DA:33,0
DA:34,0
DA:36,0
DA:37,0
DA:38,0
DA:40,0
DA:41,0
DA:42,0
DA:44,0
DA:45,0
DA:53,0
DA:55,0
DA:56,0
DA:60,0
DA:62,0
DA:63,0
DA:68,0
DA:72,0
DA:73,0
DA:75,0
DA:80,0
LF:30
LH:0
BRDA:1,0,0,0
BRDA:23,1,0,0
BRDA:23,1,1,0
BRDA:28,2,0,0
BRDA:28,2,1,0
BRDA:29,3,0,0
BRDA:29,3,1,0
BRDA:32,4,0,0
BRDA:32,4,1,0
BRDA:33,5,0,0
BRDA:33,5,1,0
BRDA:36,6,0,0
BRDA:36,6,1,0
BRDA:37,7,0,0
BRDA:37,7,1,0
BRDA:40,8,0,0
BRDA:40,8,1,0
BRDA:41,9,0,0
BRDA:41,9,1,0
BRDA:44,10,0,0
BRDA:44,10,1,0
BRDA:45,11,0,0
BRDA:45,11,1,0
BRDA:46,12,0,0
BRDA:46,12,1,0
BRDA:46,12,2,0
BRDA:46,12,3,0
BRDA:55,13,0,0
BRDA:55,13,1,0
BRDA:56,14,0,0
BRDA:56,14,1,0
BRDA:57,15,0,0
BRDA:57,15,1,0
BRDA:62,16,0,0
BRDA:62,16,1,0
BRDA:63,17,0,0
BRDA:63,17,1,0
BRDA:64,18,0,0
BRDA:64,18,1,0
BRDA:64,18,2,0
BRDA:72,19,0,0
BRDA:72,19,1,0
BRF:42
BRH:0
end_of_record
TN:
SF:src/models/CategoryConfig.js
FNF:0
FNH:0
DA:1,36
DA:3,36
DA:13,36
DA:24,36
DA:30,36
LF:5
LH:5
BRF:0
BRH:0
end_of_record
TN:
SF:src/models/appModels/Apartment.js
FNF:0
FNH:0
DA:1,36
DA:3,36
DA:49,36
DA:50,36
DA:51,36
DA:52,36
DA:53,36
DA:55,36
LF:8
LH:8
BRF:0
BRH:0
end_of_record
TN:
SF:src/models/appModels/ApartmentBuyer.js
FNF:0
FNH:0
DA:1,36
DA:3,36
DA:49,36
DA:50,36
DA:51,36
DA:52,36
DA:53,36
DA:55,36
LF:8
LH:8
BRF:0
BRH:0
end_of_record
TN:
SF:src/models/appModels/ApartmentClient.js
FNF:0
FNH:0
DA:1,36
DA:3,36
DA:33,36
DA:36,36
DA:37,36
DA:38,36
DA:39,36
DA:40,36
DA:41,36
DA:42,36
DA:44,36
LF:11
LH:11
BRF:0
BRH:0
end_of_record
TN:
SF:src/models/appModels/ApartmentVIP.js
FNF:0
FNH:0
DA:1,36
DA:3,36
DA:49,36
DA:50,36
DA:51,36
DA:52,36
DA:53,36
DA:55,36
LF:8
LH:8
BRF:0
BRH:0
end_of_record
TN:
SF:src/models/appModels/Client.js
FNF:0
FNH:0
DA:1,36
DA:3,36
DA:33,36
DA:36,36
DA:37,36
DA:38,36
DA:39,36
DA:40,36
DA:41,36
DA:42,36
DA:44,36
LF:11
LH:11
BRF:0
BRH:0
end_of_record
TN:
SF:src/models/appModels/ClientUniversal.js
FNF:0
FNH:0
DA:1,36
DA:3,36
DA:49,36
DA:50,36
DA:51,36
DA:52,36
DA:53,36
DA:55,36
LF:8
LH:8
BRF:0
BRH:0
end_of_record
TN:
SF:src/models/appModels/Commercial.js
FNF:0
FNH:0
DA:1,36
DA:3,36
DA:49,36
DA:50,36
DA:51,36
DA:52,36
DA:53,36
DA:55,36
LF:8
LH:8
BRF:0
BRH:0
end_of_record
TN:
SF:src/models/appModels/CommercialBuyer.js
FNF:0
FNH:0
DA:1,36
DA:3,36
DA:49,36
DA:50,36
DA:51,36
DA:52,36
DA:53,36
DA:55,36
LF:8
LH:8
BRF:0
BRH:0
end_of_record
TN:
SF:src/models/appModels/CommercialClient.js
FNF:0
FNH:0
DA:1,36
DA:3,36
DA:33,36
DA:36,36
DA:37,36
DA:38,36
DA:39,36
DA:40,36
DA:41,36
DA:42,36
DA:44,36
LF:11
LH:11
BRF:0
BRH:0
end_of_record
TN:
SF:src/models/appModels/CommercialVIP.js
FNF:0
FNH:0
DA:1,36
DA:3,36
DA:49,36
DA:50,36
DA:51,36
DA:52,36
DA:53,36
DA:55,36
LF:8
LH:8
BRF:0
BRH:0
end_of_record
TN:
SF:src/models/appModels/Customer.js
FNF:0
FNH:0
DA:1,36
DA:3,36
DA:49,36
DA:50,36
DA:51,36
DA:52,36
DA:53,36
DA:55,36
LF:8
LH:8
BRF:0
BRH:0
end_of_record
TN:
SF:src/models/appModels/Employee.js
FNF:0
FNH:0
DA:1,36
DA:3,36
DA:49,36
DA:50,36
DA:51,36
DA:52,36
DA:53,36
DA:55,36
LF:8
LH:8
BRF:0
BRH:0
end_of_record
TN:
SF:src/models/appModels/Investor.js
FNF:0
FNH:0
DA:1,36
DA:3,36
DA:49,36
DA:50,36
DA:51,36
DA:52,36
DA:53,36
DA:55,36
LF:8
LH:8
BRF:0
BRH:0
end_of_record
TN:
SF:src/models/appModels/InvestorVIP.js
FNF:0
FNH:0
DA:1,36
DA:3,36
DA:49,36
DA:50,36
DA:51,36
DA:52,36
DA:53,36
DA:55,36
LF:8
LH:8
BRF:0
BRH:0
end_of_record
TN:
SF:src/models/appModels/Invoice.js
FNF:0
FNH:0
DA:1,36
DA:3,36
DA:179,36
DA:180,36
DA:181,36
DA:182,36
DA:183,36
DA:184,36
DA:185,36
DA:186,36
DA:187,36
DA:188,36
DA:190,36
DA:191,36
LF:14
LH:14
BRF:0
BRH:0
end_of_record
TN:
SF:src/models/appModels/JointVenture.js
FNF:0
FNH:0
DA:1,36
DA:3,36
DA:49,36
DA:50,36
DA:51,36
DA:52,36
DA:53,36
DA:55,36
LF:8
LH:8
BRF:0
BRH:0
end_of_record
TN:
SF:src/models/appModels/Land.js
FNF:0
FNH:0
DA:1,36
DA:3,36
DA:49,36
DA:50,36
DA:51,36
DA:52,36
DA:53,36
DA:55,36
LF:8
LH:8
BRF:0
BRH:0
end_of_record
TN:
SF:src/models/appModels/LandBuyer.js
FNF:0
FNH:0
DA:1,36
DA:3,36
DA:49,36
DA:50,36
DA:51,36
DA:52,36
DA:53,36
DA:55,36
LF:8
LH:8
BRF:0
BRH:0
end_of_record
TN:
SF:src/models/appModels/LandClient.js
FNF:0
FNH:0
DA:1,36
DA:3,36
DA:33,36
DA:36,36
DA:37,36
DA:38,36
DA:39,36
DA:40,36
DA:41,36
DA:42,36
DA:44,36
LF:11
LH:11
BRF:0
BRH:0
end_of_record
TN:
SF:src/models/appModels/LandVIP.js
FNF:0
FNH:0
DA:1,36
DA:3,36
DA:49,36
DA:50,36
DA:51,36
DA:52,36
DA:53,36
DA:55,36
LF:8
LH:8
BRF:0
BRH:0
end_of_record
TN:
SF:src/models/appModels/Lead.js
FNF:0
FNH:0
DA:1,36
DA:3,36
DA:49,36
DA:50,36
DA:51,36
DA:52,36
DA:53,36
DA:55,36
LF:8
LH:8
BRF:0
BRH:0
end_of_record
TN:
SF:src/models/appModels/Payment.js
FNF:0
FNH:0
DA:1,36
DA:3,36
DA:61,36
DA:62,36
LF:4
LH:4
BRF:0
BRH:0
end_of_record
TN:
SF:src/models/appModels/PaymentMode.js
FNF:0
FNH:0
DA:1,36
DA:3,36
DA:34,36
LF:3
LH:3
BRF:0
BRH:0
end_of_record
TN:
SF:src/models/appModels/Project.js
FNF:0
FNH:0
DA:1,36
DA:3,36
DA:49,36
DA:50,36
DA:51,36
DA:52,36
DA:53,36
DA:55,36
LF:8
LH:8
BRF:0
BRH:0
end_of_record
TN:
SF:src/models/appModels/Property.js
FNF:0
FNH:0
DA:1,36
DA:3,36
DA:49,36
DA:50,36
DA:51,36
DA:52,36
DA:53,36
DA:54,36
DA:55,36
DA:57,36
LF:10
LH:10
BRF:0
BRH:0
end_of_record
TN:
SF:src/models/appModels/Quote.js
FNF:0
FNH:0
DA:1,36
DA:3,36
DA:140,36
DA:141,36
LF:4
LH:4
BRF:0
BRH:0
end_of_record
TN:
SF:src/models/appModels/Shop.js
FNF:0
FNH:0
DA:1,36
DA:3,36
DA:49,36
DA:50,36
DA:51,36
DA:52,36
DA:53,36
DA:55,36
LF:8
LH:8
BRF:0
BRH:0
end_of_record
TN:
SF:src/models/appModels/ShopBuyer.js
FNF:0
FNH:0
DA:1,36
DA:3,36
DA:49,36
DA:50,36
DA:51,36
DA:52,36
DA:53,36
DA:55,36
LF:8
LH:8
BRF:0
BRH:0
end_of_record
TN:
SF:src/models/appModels/ShopClient.js
FNF:0
FNH:0
DA:1,36
DA:3,36
DA:33,36
DA:36,36
DA:37,36
DA:38,36
DA:39,36
DA:40,36
DA:41,36
DA:42,36
DA:44,36
LF:11
LH:11
BRF:0
BRH:0
end_of_record
TN:
SF:src/models/appModels/ShopVIP.js
FNF:0
FNH:0
DA:1,36
DA:3,36
DA:49,36
DA:50,36
DA:51,36
DA:52,36
DA:53,36
DA:55,36
LF:8
LH:8
BRF:0
BRH:0
end_of_record
TN:
SF:src/models/appModels/Supplier.js
FNF:0
FNH:0
DA:1,36
DA:3,36
DA:49,36
DA:50,36
DA:51,36
DA:52,36
DA:53,36
DA:55,36
LF:8
LH:8
BRF:0
BRH:0
end_of_record
TN:
SF:src/models/appModels/Task.js
FNF:0
FNH:0
DA:1,36
DA:3,36
DA:49,36
DA:50,36
DA:51,36
DA:52,36
DA:53,36
DA:55,36
LF:8
LH:8
BRF:0
BRH:0
end_of_record
TN:
SF:src/models/appModels/Taxes.js
FNF:0
FNH:0
DA:1,36
DA:3,36
DA:31,36
LF:3
LH:3
BRF:0
BRH:0
end_of_record
TN:
SF:src/models/appModels/Visit.js
FNF:0
FNH:0
DA:1,36
DA:3,36
DA:51,36
DA:52,36
DA:53,36
DA:54,36
DA:55,36
DA:56,36
DA:57,36
DA:59,36
LF:10
LH:10
BRF:0
BRH:0
end_of_record
TN:
SF:src/models/coreModels/Admin.js
FNF:0
FNH:0
DA:1,36
DA:2,36
DA:4,36
DA:37,36
LF:4
LH:4
BRF:0
BRH:0
end_of_record
TN:
SF:src/models/coreModels/AdminPassword.js
FN:38,(anonymous_0)
FN:43,(anonymous_1)
FNF:2
FNH:2
FNDA:297,(anonymous_0)
FNDA:2,(anonymous_1)
DA:1,36
DA:2,36
DA:4,36
DA:6,36
DA:38,36
DA:39,297
DA:43,36
DA:44,2
DA:47,36
LF:9
LH:9
BRF:0
BRH:0
end_of_record
TN:
SF:src/models/coreModels/Setting.js
FNF:0
FNH:0
DA:1,36
DA:3,36
DA:40,36
LF:3
LH:3
BRF:0
BRH:0
end_of_record
TN:
SF:src/models/coreModels/Upload.js
FNF:0
FNH:0
DA:1,36
DA:3,36
DA:73,36
LF:3
LH:3
BRF:0
BRH:0
end_of_record
TN:
SF:src/models/utils/index.js
FN:8,(anonymous_0)
FN:49,(anonymous_1)
FNF:2
FNH:2
FNDA:1440,(anonymous_0)
FNDA:1440,(anonymous_1)
DA:1,36
DA:2,36
DA:4,36
DA:6,36
DA:8,36
DA:9,1440
DA:10,1440
DA:14,1440
DA:17,36
DA:18,36
DA:19,36
DA:20,36
DA:22,36
DA:23,1224
DA:24,1224
DA:28,1224
DA:29,1224
DA:30,1224
DA:34,1224
DA:36,1224
DA:37,1224
DA:38,1224
DA:39,1224
DA:41,1224
DA:46,1224
DA:49,36
DA:50,1440
DA:51,1440
DA:55,1440
DA:59,36
LF:30
LH:30
BRF:0
BRH:0
end_of_record
TN:
SF:src/routes/appRoutes/appApi.js
FN:8,(anonymous_0)
FN:28,(anonymous_1)
FNF:2
FNH:2
FNDA:1190,(anonymous_0)
FNDA:1190,(anonymous_1)
DA:1,35
DA:2,35
DA:3,35
DA:5,35
DA:6,35
DA:8,35
DA:9,1190
DA:10,1190
DA:11,1190
DA:12,1190
DA:13,1190
DA:14,1190
DA:15,1190
DA:16,1190
DA:17,1190
DA:19,1190
DA:20,105
DA:23,1190
DA:24,35
DA:28,35
DA:29,1190
DA:30,1190
DA:34,35
DA:36,35
LF:24
LH:24
BRDA:19,0,0,105
BRDA:19,0,1,1085
BRDA:19,1,0,1190
BRDA:19,1,1,1155
BRDA:19,1,2,1120
BRDA:23,2,0,35
BRDA:23,2,1,1155
BRF:7
BRH:7
end_of_record
TN:
SF:src/routes/appRoutes/propertyRoute.js
FN:13,(anonymous_0)
FNF:1
FNH:0
FNDA:0,(anonymous_0)
DA:1,35
DA:2,35
DA:4,35
DA:5,35
DA:8,35
DA:9,35
DA:10,35
DA:13,0
DA:14,0
DA:18,35
DA:19,35
DA:20,35
DA:21,35
DA:22,35
DA:23,35
DA:30,35
DA:31,35
DA:33,35
LF:18
LH:16
BRDA:26,0,0,0
BRDA:26,0,1,35
BRF:2
BRH:1
end_of_record
TN:
SF:src/routes/coreRoutes/coreApi.js
FNF:0
FNH:0
DA:1,35
DA:3,35
DA:5,35
DA:7,35
DA:8,35
DA:10,35
DA:14,35
DA:16,35
DA:20,35
DA:21,35
DA:30,35
DA:31,35
DA:32,35
DA:34,35
DA:35,35
DA:36,35
DA:37,35
DA:38,35
DA:41,35
DA:42,35
DA:45,35
DA:53,35
DA:54,35
LF:23
LH:23
BRF:0
BRH:0
end_of_record
TN:
SF:src/routes/coreRoutes/coreAuth.js
FN:15,(anonymous_0)
FNF:1
FNH:0
FNDA:0,(anonymous_0)
DA:1,35
DA:3,35
DA:5,35
DA:6,35
DA:8,35
DA:10,35
DA:11,35
DA:13,35
DA:15,35
DA:16,0
DA:25,35
LF:11
LH:10
BRF:0
BRH:0
end_of_record
TN:
SF:src/routes/coreRoutes/coreDownloadRouter.js
FN:6,(anonymous_0)
FNF:1
FNH:0
FNDA:0,(anonymous_0)
DA:1,35
DA:2,35
DA:4,35
DA:6,35
DA:7,0
DA:8,0
DA:9,0
DA:10,0
DA:12,0
DA:21,35
LF:10
LH:5
BRF:0
BRH:0
end_of_record
TN:
SF:src/routes/coreRoutes/corePublicRouter.js
FN:7,(anonymous_0)
FN:31,(anonymous_1)
FNF:2
FNH:0
FNDA:0,(anonymous_0)
FNDA:0,(anonymous_1)
DA:1,35
DA:2,35
DA:4,35
DA:5,35
DA:7,35
DA:8,0
DA:9,0
DA:12,0
DA:13,0
DA:14,0
DA:17,0
DA:20,0
DA:21,0
DA:24,0
DA:25,0
DA:31,0
DA:32,0
DA:33,0
DA:41,0
DA:50,35
LF:20
LH:6
BRDA:24,0,0,0
BRDA:24,0,1,0
BRDA:32,1,0,0
BRDA:32,1,1,0
BRF:4
BRH:0
end_of_record
TN:
SF:src/settings/index.js
FNF:0
FNH:0
DA:1,35
DA:2,35
DA:3,35
DA:5,35
LF:4
LH:4
BRF:0
BRH:0
end_of_record
TN:
SF:src/settings/useAppSettings.js
FN:1,(anonymous_0)
FNF:1
FNH:0
FNDA:0,(anonymous_0)
DA:1,35
DA:2,0
DA:3,0
DA:4,0
DA:5,0
DA:8,35
LF:6
LH:2
BRF:0
BRH:0
end_of_record
TN:
SF:src/settings/useDate.js
FN:1,(anonymous_0)
FNF:1
FNH:0
FNDA:0,(anonymous_0)
DA:1,35
DA:2,0
DA:4,0
DA:6,0
DA:11,35
LF:5
LH:2
BRF:0
BRH:0
end_of_record
TN:
SF:src/settings/useMoney.js
FN:3,(anonymous_0)
FN:13,currencyFormat
FN:30,moneyFormatter
FN:36,amountFormatter
FNF:4
FNH:0
FNDA:0,(anonymous_0)
FNDA:0,currencyFormat
FNDA:0,moneyFormatter
FNDA:0,amountFormatter
DA:1,35
DA:3,35
DA:11,0
DA:14,0
DA:31,0
DA:37,0
DA:40,0
DA:52,35
LF:8
LH:3
BRDA:14,0,0,0
BRDA:14,0,1,0
BRDA:14,1,0,0
BRDA:14,1,1,0
BRDA:30,2,0,0
BRDA:31,3,0,0
BRDA:31,3,1,0
BRDA:36,4,0,0
BRF:8
BRH:0
end_of_record
TN:
SF:src/tests/api/generateTests.js
FN:8,(anonymous_0)
FN:80,(anonymous_1)
FN:139,(anonymous_2)
FN:177,(anonymous_3)
FN:181,(anonymous_4)
FNF:5
FNH:0
FNDA:0,(anonymous_0)
FNDA:0,(anonymous_1)
FNDA:0,(anonymous_2)
FNDA:0,(anonymous_3)
FNDA:0,(anonymous_4)
DA:1,0
DA:2,0
DA:3,0
DA:8,0
DA:9,0
DA:11,0
DA:74,0
DA:80,0
DA:81,0
DA:82,0
DA:84,0
DA:133,0
DA:139,0
DA:140,0
DA:142,0
DA:171,0
DA:177,0
DA:178,0
DA:180,0
DA:181,0
DA:182,0
DA:185,0
DA:187,0
DA:190,0
DA:191,0
DA:192,0
DA:193,0
DA:194,0
DA:195,0
DA:197,0
DA:202,0
DA:203,0
DA:204,0
DA:205,0
DA:206,0
DA:208,0
DA:212,0
DA:213,0
DA:214,0
DA:215,0
DA:216,0
DA:218,0
DA:221,0
DA:222,0
DA:226,0
DA:227,0
DA:230,0
LF:47
LH:0
BRDA:226,0,0,0
BRDA:226,0,1,0
BRF:2
BRH:0
end_of_record
TN:
SF:src/tests/api/simpleGenerator.js
FN:7,(anonymous_0)
FNF:1
FNH:0
FNDA:0,(anonymous_0)
DA:1,0
DA:2,0
DA:7,0
DA:8,0
DA:11,0
DA:44,0
DA:46,0
DA:49,0
DA:50,0
DA:51,0
DA:52,0
DA:54,0
DA:277,0
DA:278,0
DA:279,0
DA:281,0
DA:286,0
DA:287,0
DA:382,0
DA:383,0
DA:384,0
DA:385,0
DA:387,0
DA:391,0
DA:392,0
DA:519,0
DA:520,0
DA:521,0
DA:522,0
DA:524,0
DA:527,0
DA:528,0
DA:532,0
DA:533,0
DA:536,0
LF:35
LH:0
BRDA:209,0,0,0
BRDA:209,0,1,0
BRDA:209,1,0,0
BRDA:209,1,1,0
BRDA:209,1,2,0
BRDA:244,2,0,0
BRDA:244,2,1,0
BRDA:532,3,0,0
BRDA:532,3,1,0
BRF:9
BRH:0
end_of_record
TN:
SF:src/tests/api/testUtils.js
FN:10,(anonymous_0)
FN:56,(anonymous_1)
FN:67,(anonymous_2)
FN:88,(anonymous_3)
FN:97,(anonymous_4)
FN:109,(anonymous_5)
FN:145,(anonymous_6)
FN:186,(anonymous_7)
FNF:8
FNH:4
FNDA:64,(anonymous_0)
FNDA:32,(anonymous_1)
FNDA:0,(anonymous_2)
FNDA:63,(anonymous_3)
FNDA:306,(anonymous_4)
FNDA:0,(anonymous_5)
FNDA:0,(anonymous_6)
FNDA:0,(anonymous_7)
DA:1,32
DA:2,32
DA:3,32
DA:10,32
DA:11,64
DA:14,64
DA:15,64
DA:16,64
DA:18,0
DA:19,0
DA:22,64
DA:23,64
DA:24,64
DA:25,64
DA:28,0
DA:29,0
DA:30,0
DA:31,0
DA:34,0
DA:46,0
DA:48,0
DA:49,0
DA:56,32
DA:57,32
DA:58,32
DA:67,32
DA:68,0
DA:69,0
DA:70,0
DA:77,0
DA:78,0
DA:80,0
DA:81,0
DA:88,32
DA:89,63
DA:91,63
DA:92,184
DA:93,184
DA:96,184
DA:97,183
DA:98,306
DA:103,184
DA:104,93
DA:108,184
DA:109,0
DA:110,0
DA:114,184
DA:117,184
DA:121,184
DA:129,0
DA:139,63
DA:145,32
DA:146,0
DA:149,0
DA:157,0
DA:165,0
DA:173,0
DA:180,0
DA:186,32
DA:187,0
DA:229,0
DA:237,32
LF:62
LH:34
BRDA:23,0,0,64
BRDA:23,0,1,0
BRDA:29,1,0,0
BRDA:29,1,1,0
BRDA:42,2,0,0
BRDA:42,2,1,0
BRDA:67,3,0,0
BRDA:73,4,0,0
BRDA:73,4,1,0
BRDA:96,5,0,183
BRDA:96,5,1,1
BRDA:103,6,0,93
BRDA:103,6,1,91
BRDA:108,7,0,0
BRDA:108,7,1,184
BRDA:117,8,0,184
BRDA:117,8,1,0
BRDA:132,9,0,0
BRDA:132,9,1,0
BRDA:145,10,0,0
BRDA:152,11,0,0
BRDA:152,11,1,0
BRDA:160,12,0,0
BRDA:160,12,1,0
BRDA:168,13,0,0
BRDA:168,13,1,0
BRDA:176,14,0,0
BRDA:176,14,1,0
BRDA:230,15,0,0
BRDA:230,15,1,0
BRF:30
BRH:7
end_of_record
TN:
SF:src/utils/countryList.js
FNF:0
FNH:0
DA:1,0
LF:1
LH:0
BRF:0
BRH:0
end_of_record
TN:
SF:src/utils/currency.js
FN:124,(anonymous_0)
FNF:1
FNH:0
FNDA:0,(anonymous_0)
DA:1,0
DA:124,0
DA:125,0
LF:3
LH:0
BRF:0
BRH:0
end_of_record
TN:
SF:src/utils/currencyList.js
FNF:0
FNH:0
DA:1,0
LF:1
LH:0
BRF:0
BRH:0
end_of_record
TN:
SF:src/utils/is-path-inside.js
FN:5,(anonymous_0)
FNF:1
FNH:0
FNDA:0,(anonymous_0)
DA:1,35
DA:5,35
DA:6,0
DA:8,0
LF:4
LH:2
BRDA:9,0,0,0
BRDA:9,0,1,0
BRDA:9,0,2,0
BRDA:9,0,3,0
BRF:4
BRH:0
end_of_record
